Working directory is /home/mouda/Work/Thesis/figures_src/Simulatorsrc/runSimulation/runHN/runHN_FR.95_CR.48_N195_Finsed/KM_DC
running on host mini133
Start time is 一 9月 16 11:36:29 CST 2013
Directory is /home/mouda/Work/Thesis/figures_src/Simulatorsrc/runSimulation/runHN/runHN_FR.95_CR.48_N195_Finsed/KM_DC
Iniial retrytimes114
indEntropy10.0471 all entropy:1959.18
Compression Ratio 0.477365 indEntropy 10.0471
....................................................................................................best 168   Information Ratio:0.95088
SA end up correctly
Add Times=436
Discard Times=463
HR Times=0
2013-09-16_11-37_Best4b2Struc2ndN195_m5_cor-0.0.txt
ULSAkmeans4b2_Cluster_N195_BW180.0PW0.001_FR0.95.txt
Iniial retrytimes154
indEntropy10.0471 all entropy:1959.18
Compression Ratio 0.477365 indEntropy 10.0471
....................................................................................................best 166   Information Ratio:0.95265
SA end up correctly
Add Times=418
Discard Times=448
HR Times=0
2013-09-16_11-38_Best4b2Struc2ndN195_m5_cor-0.0.txt
ULSAkmeans4b2_Cluster_N195_BW180.0PW0.001_FR0.95.txt
Iniial retrytimes128
indEntropy10.0471 all entropy:1959.18
Compression Ratio 0.477365 indEntropy 10.0471
....................................................................................................best 162   Information Ratio:0.950701
SA end up correctly
Add Times=453
Discard Times=483
HR Times=0
2013-09-16_11-39_Best4b2Struc2ndN195_m5_cor-0.0.txt
ULSAkmeans4b2_Cluster_N195_BW180.0PW0.001_FR0.95.txt
Iniial retrytimes61
indEntropy10.0471 all entropy:1959.18
Compression Ratio 0.477365 indEntropy 10.0471
...................................................................................................best 156   Information Ratio:0.950584
SA end up correctly
Add Times=538
Discard Times=577
HR Times=0
2013-09-16_11-41_Best4b2Struc2ndN195_m5_cor-0.0.txt
ULSAkmeans4b2_Cluster_N195_BW180.0PW0.001_FR0.95.txt
Iniial retrytimes130
indEntropy10.0471 all entropy:1959.18
Compression Ratio 0.477365 indEntropy 10.0471
....................................................................................................best 165   Information Ratio:0.952967
SA end up correctly
Add Times=358
Discard Times=388
HR Times=0
2013-09-16_11-42_Best4b2Struc2ndN195_m5_cor-0.0.txt
ULSAkmeans4b2_Cluster_N195_BW180.0PW0.001_FR0.95.txt
Iniial retrytimes101
indEntropy10.0471 all entropy:1959.18
Compression Ratio 0.477365 indEntropy 10.0471
....................................................................................................best 152   Information Ratio:0.951951
SA end up correctly
Add Times=585
Discard Times=627
HR Times=0
2013-09-16_11-43_Best4b2Struc2ndN195_m5_cor-0.0.txt
ULSAkmeans4b2_Cluster_N195_BW180.0PW0.001_FR0.95.txt
Computing Time 389.070000 
End time is 一 9月 16 11:43:05 CST 2013
Computing time is 396 sec
