Working directory is /home/mouda/Work/Thesis/figures_src/Simulatorsrc/runSimulation/runHN/runHN_FR.95_CR.48_N195_Finsed/KM_DC
running on host mini137
Start time is 一 9月 16 11:33:01 CST 2013
Directory is /home/mouda/Work/Thesis/figures_src/Simulatorsrc/runSimulation/runHN/runHN_FR.95_CR.48_N195_Finsed/KM_DC
Iniial retrytimes143
indEntropy10.0471 all entropy:1959.18
Compression Ratio 0.477365 indEntropy 10.0471
....................................................................................................best 154   Information Ratio:0.953761
SA end up correctly
Add Times=732
Discard Times=780
HR Times=0
2013-09-16_11-35_Best4b2Struc2ndN195_m21_cor-0.1.txt
ULSAkmeans4b2_Cluster_N195_BW180.0PW0.001_FR0.95.txt
Iniial retrytimes128
indEntropy10.0471 all entropy:1959.18
Compression Ratio 0.477365 indEntropy 10.0471
....................................................................................................best 154   Information Ratio:0.952067
SA end up correctly
Add Times=771
Discard Times=816
HR Times=0
2013-09-16_11-38_Best4b2Struc2ndN195_m21_cor-0.1.txt
ULSAkmeans4b2_Cluster_N195_BW180.0PW0.001_FR0.95.txt
Iniial retrytimes175
indEntropy10.0471 all entropy:1959.18
Compression Ratio 0.477365 indEntropy 10.0471
....................................................................................................best 154   Information Ratio:0.950218
SA end up correctly
Add Times=673
Discard Times=720
HR Times=0
2013-09-16_11-40_Best4b2Struc2ndN195_m21_cor-0.1.txt
ULSAkmeans4b2_Cluster_N195_BW180.0PW0.001_FR0.95.txt
Iniial retrytimes140
indEntropy10.0471 all entropy:1959.18
Compression Ratio 0.477365 indEntropy 10.0471
....................................................................................................best 153   Information Ratio:0.952948
SA end up correctly
Add Times=762
Discard Times=808
HR Times=0
2013-09-16_11-43_Best4b2Struc2ndN195_m21_cor-0.1.txt
ULSAkmeans4b2_Cluster_N195_BW180.0PW0.001_FR0.95.txt
Iniial retrytimes160
indEntropy10.0471 all entropy:1959.18
Compression Ratio 0.477365 indEntropy 10.0471
....................................................................................................best 143   Information Ratio:0.952306
SA end up correctly
Add Times=693
Discard Times=743
HR Times=0
2013-09-16_11-46_Best4b2Struc2ndN195_m21_cor-0.1.txt
ULSAkmeans4b2_Cluster_N195_BW180.0PW0.001_FR0.95.txt
Iniial retrytimes167
indEntropy10.0471 all entropy:1959.18
Compression Ratio 0.477365 indEntropy 10.0471
....................................................................................................best 144   Information Ratio:0.951917
SA end up correctly
Add Times=698
Discard Times=748
HR Times=0
2013-09-16_11-49_Best4b2Struc2ndN195_m21_cor-0.1.txt
ULSAkmeans4b2_Cluster_N195_BW180.0PW0.001_FR0.95.txt
Computing Time 958.490000 
End time is 一 9月 16 11:49:09 CST 2013
Computing time is 968 sec
