Working directory is /home/mouda/Work/Thesis/figures_src/Simulatorsrc/runSimulation/runHN/runHN_FR.95_CR.48_N195_Finsed/KM_DC
running on host mini132
Start time is Mon Sep 16 11:32:57 CST 2013
Directory is /home/mouda/Work/Thesis/figures_src/Simulatorsrc/runSimulation/runHN/runHN_FR.95_CR.48_N195_Finsed/KM_DC
Iniial retrytimes17
indEntropy10.0471 all entropy:1959.18
Compression Ratio 0.477365 indEntropy 10.0471
....................................................................................................best 165   Information Ratio:0.950551
SA end up correctly
Add Times=273
Discard Times=303
HR Times=0
2013-09-16_11-33_Best4b2Struc2ndN195_m3_cor-0.0.txt
ULSAkmeans4b2_Cluster_N195_BW180.0PW0.001_FR0.95.txt
Iniial retrytimes144
indEntropy10.0471 all entropy:1959.18
Compression Ratio 0.477365 indEntropy 10.0471
....................................................................................................best 169   Information Ratio:0.951855
SA end up correctly
Add Times=297
Discard Times=322
HR Times=0
2013-09-16_11-34_Best4b2Struc2ndN195_m3_cor-0.0.txt
ULSAkmeans4b2_Cluster_N195_BW180.0PW0.001_FR0.95.txt
Iniial retrytimes159
indEntropy10.0471 all entropy:1959.18
Compression Ratio 0.477365 indEntropy 10.0471
....................................................................................................best 173   Information Ratio:0.950095
SA end up correctly
Add Times=310
Discard Times=335
HR Times=0
2013-09-16_11-35_Best4b2Struc2ndN195_m3_cor-0.0.txt
ULSAkmeans4b2_Cluster_N195_BW180.0PW0.001_FR0.95.txt
Iniial retrytimes180
indEntropy10.0471 all entropy:1959.18
Compression Ratio 0.477365 indEntropy 10.0471
....................................................................................................best 169   Information Ratio:0.951455
SA end up correctly
Add Times=269
Discard Times=294
HR Times=0
2013-09-16_11-36_Best4b2Struc2ndN195_m3_cor-0.0.txt
ULSAkmeans4b2_Cluster_N195_BW180.0PW0.001_FR0.95.txt
Iniial retrytimes163
indEntropy10.0471 all entropy:1959.18
Compression Ratio 0.477365 indEntropy 10.0471
....................................................................................................best 172   Information Ratio:0.952599
SA end up correctly
Add Times=296
Discard Times=321
HR Times=0
2013-09-16_11-37_Best4b2Struc2ndN195_m3_cor-0.0.txt
ULSAkmeans4b2_Cluster_N195_BW180.0PW0.001_FR0.95.txt
Iniial retrytimes129
indEntropy10.0471 all entropy:1959.18
Compression Ratio 0.477365 indEntropy 10.0471
....................................................................................................best 170   Information Ratio:0.950398
SA end up correctly
Add Times=290
Discard Times=316
HR Times=0
2013-09-16_11-38_Best4b2Struc2ndN195_m3_cor-0.0.txt
ULSAkmeans4b2_Cluster_N195_BW180.0PW0.001_FR0.95.txt
Computing Time 311.730000 
End time is Mon Sep 16 11:38:17 CST 2013
Computing time is 320 sec
