Working directory is /home/mouda/Work/Thesis/figures_src/Simulatorsrc/runSimulation/runHN/runHN_FR.95_CR.48_N195_Finsed/KM_DC
running on host mini136
Start time is 一 9月 16 11:31:18 CST 2013
Directory is /home/mouda/Work/Thesis/figures_src/Simulatorsrc/runSimulation/runHN/runHN_FR.95_CR.48_N195_Finsed/KM_DC
Iniial retrytimes123
indEntropy10.0471 all entropy:1959.18
Compression Ratio 0.477365 indEntropy 10.0471
....................................................................................................best 150   Information Ratio:0.950786
SA end up correctly
Add Times=714
Discard Times=758
HR Times=0
2013-09-16_11-33_Best4b2Struc2ndN195_m19_cor-0.5.txt
ULSAkmeans4b2_Cluster_N195_BW180.0PW0.001_FR0.95.txt
Iniial retrytimes14
indEntropy10.0471 all entropy:1959.18
Compression Ratio 0.477365 indEntropy 10.0471
....................................................................................................best 153   Information Ratio:0.95045
SA end up correctly
Add Times=826
Discard Times=869
HR Times=0
2013-09-16_11-35_Best4b2Struc2ndN195_m19_cor-0.5.txt
ULSAkmeans4b2_Cluster_N195_BW180.0PW0.001_FR0.95.txt
Iniial retrytimes70
indEntropy10.0471 all entropy:1959.18
Compression Ratio 0.477365 indEntropy 10.0471
....................................................................................................best 148   Information Ratio:0.950271
SA end up correctly
Add Times=759
Discard Times=808
HR Times=0
2013-09-16_11-37_Best4b2Struc2ndN195_m19_cor-0.5.txt
ULSAkmeans4b2_Cluster_N195_BW180.0PW0.001_FR0.95.txt
Iniial retrytimes27
indEntropy10.0471 all entropy:1959.18
Compression Ratio 0.477365 indEntropy 10.0471
....................................................................................................best 150   Information Ratio:0.950131
SA end up correctly
Add Times=708
Discard Times=750
HR Times=0
2013-09-16_11-41_Best4b2Struc2ndN195_m19_cor-0.5.txt
ULSAkmeans4b2_Cluster_N195_BW180.0PW0.001_FR0.95.txt
Iniial retrytimes17
indEntropy10.0471 all entropy:1959.18
Compression Ratio 0.477365 indEntropy 10.0471
....................................................................................................best 151   Information Ratio:0.950272
SA end up correctly
Add Times=748
Discard Times=792
HR Times=0
2013-09-16_11-43_Best4b2Struc2ndN195_m19_cor-0.5.txt
ULSAkmeans4b2_Cluster_N195_BW180.0PW0.001_FR0.95.txt
Iniial retrytimes159
indEntropy10.0471 all entropy:1959.18
Compression Ratio 0.477365 indEntropy 10.0471
....................................................................................................best 151   Information Ratio:0.951052
SA end up correctly
Add Times=700
Discard Times=746
HR Times=0
2013-09-16_11-45_Best4b2Struc2ndN195_m19_cor-0.5.txt
ULSAkmeans4b2_Cluster_N195_BW180.0PW0.001_FR0.95.txt
Computing Time 860.000000 
End time is 一 9月 16 11:45:45 CST 2013
Computing time is 867 sec
