Working directory is /home/mouda/Work/Thesis/figures_src/Simulatorsrc/runSimulation/runHN/runHN_FR.95_CR.48_N195_Finsed/KM_DC
running on host mini134
Start time is 一 9月 16 11:31:03 CST 2013
Directory is /home/mouda/Work/Thesis/figures_src/Simulatorsrc/runSimulation/runHN/runHN_FR.95_CR.48_N195_Finsed/KM_DC
Iniial retrytimes126
indEntropy10.0471 all entropy:1959.18
Compression Ratio 0.477365 indEntropy 10.0471
....................................................................................................best 158   Information Ratio:0.951215
SA end up correctly
Add Times=599
Discard Times=637
HR Times=0
2013-09-16_11-32_Best4b2Struc2ndN195_m11_cor-0.0.txt
ULSAkmeans4b2_Cluster_N195_BW180.0PW0.001_FR0.95.txt
Iniial retrytimes148
indEntropy10.0471 all entropy:1959.18
Compression Ratio 0.477365 indEntropy 10.0471
....................................................................................................best 158   Information Ratio:0.950058
SA end up correctly
Add Times=843
Discard Times=883
HR Times=0
2013-09-16_11-33_Best4b2Struc2ndN195_m11_cor-0.0.txt
ULSAkmeans4b2_Cluster_N195_BW180.0PW0.001_FR0.95.txt
Iniial retrytimes120
indEntropy10.0471 all entropy:1959.18
Compression Ratio 0.477365 indEntropy 10.0471
....................................................................................................best 153   Information Ratio:0.950975
SA end up correctly
Add Times=592
Discard Times=632
HR Times=0
2013-09-16_11-35_Best4b2Struc2ndN195_m11_cor-0.0.txt
ULSAkmeans4b2_Cluster_N195_BW180.0PW0.001_FR0.95.txt
Iniial retrytimes155
indEntropy10.0471 all entropy:1959.18
Compression Ratio 0.477365 indEntropy 10.0471
....................................................................................................best 156   Information Ratio:0.952881
SA end up correctly
Add Times=673
Discard Times=712
HR Times=0
2013-09-16_11-37_Best4b2Struc2ndN195_m11_cor-0.0.txt
ULSAkmeans4b2_Cluster_N195_BW180.0PW0.001_FR0.95.txt
Iniial retrytimes10
indEntropy10.0471 all entropy:1959.18
Compression Ratio 0.477365 indEntropy 10.0471
....................................................................................................best 146   Information Ratio:0.952614
SA end up correctly
Add Times=643
Discard Times=693
HR Times=0
2013-09-16_11-38_Best4b2Struc2ndN195_m11_cor-0.0.txt
ULSAkmeans4b2_Cluster_N195_BW180.0PW0.001_FR0.95.txt
Iniial retrytimes48
indEntropy10.0471 all entropy:1959.18
Compression Ratio 0.477365 indEntropy 10.0471
....................................................................................................best 149   Information Ratio:0.951833
SA end up correctly
Add Times=702
Discard Times=748
HR Times=0
2013-09-16_11-40_Best4b2Struc2ndN195_m11_cor-0.0.txt
ULSAkmeans4b2_Cluster_N195_BW180.0PW0.001_FR0.95.txt
Computing Time 557.770000 
End time is 一 9月 16 11:40:28 CST 2013
Computing time is 565 sec
