Working directory is /home/mouda/Work/Thesis/figures_src/Simulatorsrc/winULSAkmeans4b2_DC/bin/Release/runHN_FR.95_RandMore_CR.48_Finsed
running on host mini136
Start time is 四 9月 12 14:30:44 CST 2013
Directory is /home/mouda/Work/Thesis/figures_src/Simulatorsrc/winULSAkmeans4b2_DC/bin/Release/runHN_FR.95_RandMore_CR.48_Finsed
Iniial retrytimes134
indEntropy10.0471 all entropy:1959.18
Compression Ratio 0.477355 indEntropy 10.0471
....................................................................................................best 156   Information Ratio:0.952354
SA end up correctly
Add Times=718
Discard Times=761
HR Times=0
2013-09-12_14-32_Best4b2Struc2ndN195_m13_cor0.0.txt
ULSAkmeans4b2_Cluster_N195_BW180.0PW0.001_FR0.95.txt
Computing Time 85.850000 
Iniial retrytimes108
indEntropy10.0471 all entropy:1959.18
Compression Ratio 0.477355 indEntropy 10.0471
....................................................................................................best 151   Information Ratio:0.950001
SA end up correctly
Add Times=685
Discard Times=732
HR Times=0
2013-09-12_14-34_Best4b2Struc2ndN195_m13_cor0.0.txt
ULSAkmeans4b2_Cluster_N195_BW180.0PW0.001_FR0.95.txt
Computing Time 115.740000 
Iniial retrytimes127
indEntropy10.0471 all entropy:1959.18
Compression Ratio 0.477355 indEntropy 10.0471
....................................................................................................best 161   Information Ratio:0.950597
SA end up correctly
Add Times=733
Discard Times=783
HR Times=0
2013-09-12_14-35_Best4b2Struc2ndN195_m13_cor0.0.txt
ULSAkmeans4b2_Cluster_N195_BW180.0PW0.001_FR0.95.txt
Computing Time 106.080000 
Iniial retrytimes49
indEntropy10.0471 all entropy:1959.18
Compression Ratio 0.477355 indEntropy 10.0471
....................................................................................................best 149   Information Ratio:0.951565
SA end up correctly
Add Times=727
Discard Times=771
HR Times=0
2013-09-12_14-37_Best4b2Struc2ndN195_m13_cor0.0.txt
ULSAkmeans4b2_Cluster_N195_BW180.0PW0.001_FR0.95.txt
Computing Time 97.580000 
Iniial retrytimes160
indEntropy10.0471 all entropy:1959.18
Compression Ratio 0.477355 indEntropy 10.0471
....................................................................................................best 154   Information Ratio:0.950051
SA end up correctly
Add Times=615
Discard Times=656
HR Times=0
2013-09-12_14-39_Best4b2Struc2ndN195_m13_cor0.0.txt
ULSAkmeans4b2_Cluster_N195_BW180.0PW0.001_FR0.95.txt
Computing Time 86.230000 
Iniial retrytimes54
indEntropy10.0471 all entropy:1959.18
Compression Ratio 0.477355 indEntropy 10.0471
....................................................................................................best 154   Information Ratio:0.951421
SA end up correctly
Add Times=684
Discard Times=732
HR Times=0
2013-09-12_14-40_Best4b2Struc2ndN195_m13_cor0.0.txt
ULSAkmeans4b2_Cluster_N195_BW180.0PW0.001_FR0.95.txt
Computing Time 87.570000 
End time is 四 9月 12 14:40:30 CST 2013
Computing time is 586 sec
