Working directory is /home/mouda/Work/Thesis/figures_src/Simulatorsrc/winULSAkmeans4b2_DC/bin/Release/runHN_FR.95_RandMore_CR.48_Finsed
running on host mini135
Start time is 四 9月 12 14:27:31 CST 2013
Directory is /home/mouda/Work/Thesis/figures_src/Simulatorsrc/winULSAkmeans4b2_DC/bin/Release/runHN_FR.95_RandMore_CR.48_Finsed
Iniial retrytimes171
indEntropy10.0471 all entropy:1959.18
Compression Ratio 0.477355 indEntropy 10.0471
....................................................................................................best 149   Information Ratio:0.953357
SA end up correctly
Add Times=718
Discard Times=764
HR Times=0
2013-09-12_14-28_Best4b2Struc2ndN195_m11_cor0.0.txt
ULSAkmeans4b2_Cluster_N195_BW180.0PW0.001_FR0.95.txt
Computing Time 78.120000 
Iniial retrytimes48
indEntropy10.0471 all entropy:1959.18
Compression Ratio 0.477355 indEntropy 10.0471
....................................................................................................best 150   Information Ratio:0.950758
SA end up correctly
Add Times=643
Discard Times=688
HR Times=0
2013-09-12_14-30_Best4b2Struc2ndN195_m11_cor0.0.txt
ULSAkmeans4b2_Cluster_N195_BW180.0PW0.001_FR0.95.txt
Computing Time 95.440000 
Iniial retrytimes138
indEntropy10.0471 all entropy:1959.18
Compression Ratio 0.477355 indEntropy 10.0471
....................................................................................................best 147   Information Ratio:0.950499
SA end up correctly
Add Times=772
Discard Times=825
HR Times=0
2013-09-12_14-31_Best4b2Struc2ndN195_m11_cor0.0.txt
ULSAkmeans4b2_Cluster_N195_BW180.0PW0.001_FR0.95.txt
Computing Time 76.930000 
Iniial retrytimes53
indEntropy10.0471 all entropy:1959.18
Compression Ratio 0.477355 indEntropy 10.0471
....................................................................................................best 150   Information Ratio:0.952
SA end up correctly
Add Times=559
Discard Times=606
HR Times=0
2013-09-12_14-33_Best4b2Struc2ndN195_m11_cor0.0.txt
ULSAkmeans4b2_Cluster_N195_BW180.0PW0.001_FR0.95.txt
Computing Time 92.060000 
Iniial retrytimes65
indEntropy10.0471 all entropy:1959.18
Compression Ratio 0.477355 indEntropy 10.0471
....................................................................................................best 156   Information Ratio:0.952176
SA end up correctly
Add Times=706
Discard Times=748
HR Times=0
2013-09-12_14-34_Best4b2Struc2ndN195_m11_cor0.0.txt
ULSAkmeans4b2_Cluster_N195_BW180.0PW0.001_FR0.95.txt
Computing Time 81.960000 
Iniial retrytimes163
indEntropy10.0471 all entropy:1959.18
Compression Ratio 0.477355 indEntropy 10.0471
....................................................................................................best 156   Information Ratio:0.95081
SA end up correctly
Add Times=740
Discard Times=784
HR Times=0
2013-09-12_14-36_Best4b2Struc2ndN195_m11_cor0.0.txt
ULSAkmeans4b2_Cluster_N195_BW180.0PW0.001_FR0.95.txt
Computing Time 89.940000 
End time is 四 9月 12 14:36:10 CST 2013
Computing time is 519 sec
