Working directory is /home/mouda/Work/Thesis/figures_src/Simulatorsrc/winULSAkmeans4b2_DC/bin/Release/runHN_FR.95_RandMore_CR.48_Finsed
running on host mini138
Start time is Thu Sep 12 14:30:28 CST 2013
Directory is /home/mouda/Work/Thesis/figures_src/Simulatorsrc/winULSAkmeans4b2_DC/bin/Release/runHN_FR.95_RandMore_CR.48_Finsed
Iniial retrytimes48
indEntropy10.0471 all entropy:1959.18
Compression Ratio 0.477355 indEntropy 10.0471
....................................................................................................best 151   Information Ratio:0.952429
SA end up correctly
Add Times=783
Discard Times=830
HR Times=0
2013-09-12_14-34_Best4b2Struc2ndN195_m23_cor0.0.txt
ULSAkmeans4b2_Cluster_N195_BW180.0PW0.001_FR0.95.txt
Computing Time 222.380000 
Iniial retrytimes33
indEntropy10.0471 all entropy:1959.18
Compression Ratio 0.477355 indEntropy 10.0471
....................................................................................................best 146   Information Ratio:0.950197
SA end up correctly
Add Times=677
Discard Times=729
HR Times=0
2013-09-12_14-37_Best4b2Struc2ndN195_m23_cor0.0.txt
ULSAkmeans4b2_Cluster_N195_BW180.0PW0.001_FR0.95.txt
Computing Time 181.070000 
Iniial retrytimes145
indEntropy10.0471 all entropy:1959.18
Compression Ratio 0.477355 indEntropy 10.0471
....................................................................................................best 147   Information Ratio:0.950569
SA end up correctly
Add Times=700
Discard Times=752
HR Times=0
2013-09-12_14-40_Best4b2Struc2ndN195_m23_cor0.0.txt
ULSAkmeans4b2_Cluster_N195_BW180.0PW0.001_FR0.95.txt
Computing Time 169.160000 
Iniial retrytimes122
indEntropy10.0471 all entropy:1959.18
Compression Ratio 0.477355 indEntropy 10.0471
....................................................................................................best 148   Information Ratio:0.950408
SA end up correctly
Add Times=746
Discard Times=792
HR Times=0
2013-09-12_14-42_Best4b2Struc2ndN195_m23_cor0.0.txt
ULSAkmeans4b2_Cluster_N195_BW180.0PW0.001_FR0.95.txt
Computing Time 153.810000 
Iniial retrytimes73
indEntropy10.0471 all entropy:1959.18
Compression Ratio 0.477355 indEntropy 10.0471
....................................................................................................best 146   Information Ratio:0.95051
SA end up correctly
Add Times=746
Discard Times=796
HR Times=0
2013-09-12_14-45_Best4b2Struc2ndN195_m23_cor0.0.txt
ULSAkmeans4b2_Cluster_N195_BW180.0PW0.001_FR0.95.txt
Computing Time 154.040000 
Iniial retrytimes113
indEntropy10.0471 all entropy:1959.18
Compression Ratio 0.477355 indEntropy 10.0471
....................................................................................................best 146   Information Ratio:0.950152
SA end up correctly
Add Times=597
Discard Times=646
HR Times=0
2013-09-12_14-47_Best4b2Struc2ndN195_m23_cor0.0.txt
ULSAkmeans4b2_Cluster_N195_BW180.0PW0.001_FR0.95.txt
Computing Time 142.420000 
End time is Thu Sep 12 14:47:38 CST 2013
Computing time is 1030 sec
