Working directory is /home/mouda/Work/Thesis/figures_src/Simulatorsrc/winULSAkmeans4b2_DC/bin/Release/runHN_FR.95_RandMore_CR.48_Finsed
running on host mini137
Start time is 四 9月 12 14:32:26 CST 2013
Directory is /home/mouda/Work/Thesis/figures_src/Simulatorsrc/winULSAkmeans4b2_DC/bin/Release/runHN_FR.95_RandMore_CR.48_Finsed
Iniial retrytimes85
indEntropy10.0471 all entropy:1959.18
Compression Ratio 0.477355 indEntropy 10.0471
....................................................................................................best 151   Information Ratio:0.95112
SA end up correctly
Add Times=784
Discard Times=830
HR Times=0
2013-09-12_14-34_Best4b2Struc2ndN195_m19_cor0.0.txt
ULSAkmeans4b2_Cluster_N195_BW180.0PW0.001_FR0.95.txt
Computing Time 118.100000 
Iniial retrytimes77
indEntropy10.0471 all entropy:1959.18
Compression Ratio 0.477355 indEntropy 10.0471
....................................................................................................best 148   Information Ratio:0.950236
SA end up correctly
Add Times=786
Discard Times=836
HR Times=0
2013-09-12_14-36_Best4b2Struc2ndN195_m19_cor0.0.txt
ULSAkmeans4b2_Cluster_N195_BW180.0PW0.001_FR0.95.txt
Computing Time 149.900000 
Iniial retrytimes111
indEntropy10.0471 all entropy:1959.18
Compression Ratio 0.477355 indEntropy 10.0471
....................................................................................................best 147   Information Ratio:0.950689
SA end up correctly
Add Times=663
Discard Times=714
HR Times=0
2013-09-12_14-38_Best4b2Struc2ndN195_m19_cor0.0.txt
ULSAkmeans4b2_Cluster_N195_BW180.0PW0.001_FR0.95.txt
Computing Time 117.560000 
Iniial retrytimes24
indEntropy10.0471 all entropy:1959.18
Compression Ratio 0.477355 indEntropy 10.0471
....................................................................................................best 152   Information Ratio:0.950432
SA end up correctly
Add Times=750
Discard Times=796
HR Times=0
2013-09-12_14-42_Best4b2Struc2ndN195_m19_cor0.0.txt
ULSAkmeans4b2_Cluster_N195_BW180.0PW0.001_FR0.95.txt
Computing Time 190.050000 
Iniial retrytimes105
indEntropy10.0471 all entropy:1959.18
Compression Ratio 0.477355 indEntropy 10.0471
....................................................................................................best 153   Information Ratio:0.950525
SA end up correctly
Add Times=658
Discard Times=708
HR Times=0
2013-09-12_14-44_Best4b2Struc2ndN195_m19_cor0.0.txt
ULSAkmeans4b2_Cluster_N195_BW180.0PW0.001_FR0.95.txt
Computing Time 151.330000 
Iniial retrytimes149
indEntropy10.0471 all entropy:1959.18
Compression Ratio 0.477355 indEntropy 10.0471
....................................................................................................best 149   Information Ratio:0.950405
SA end up correctly
Add Times=671
Discard Times=715
HR Times=0
2013-09-12_14-46_Best4b2Struc2ndN195_m19_cor0.0.txt
ULSAkmeans4b2_Cluster_N195_BW180.0PW0.001_FR0.95.txt
Computing Time 133.580000 
End time is 四 9月 12 14:46:53 CST 2013
Computing time is 867 sec
