Working directory is /home/mouda/Work/Thesis/figures_src/Simulatorsrc/winULSAkmeans4b2_DC/bin/Release/runHN_FR.95_RandMore_CR.48_Finsed
running on host mini135
Start time is 四 9月 12 14:27:30 CST 2013
Directory is /home/mouda/Work/Thesis/figures_src/Simulatorsrc/winULSAkmeans4b2_DC/bin/Release/runHN_FR.95_RandMore_CR.48_Finsed
Iniial retrytimes16
indEntropy10.0471 all entropy:1959.18
Compression Ratio 0.477355 indEntropy 10.0471
....................................................................................................best 153   Information Ratio:0.950194
SA end up correctly
Add Times=583
Discard Times=626
HR Times=0
2013-09-12_14-28_Best4b2Struc2ndN195_m9_cor0.0.txt
ULSAkmeans4b2_Cluster_N195_BW180.0PW0.001_FR0.95.txt
Computing Time 82.710000 
Iniial retrytimes44
indEntropy10.0471 all entropy:1959.18
Compression Ratio 0.477355 indEntropy 10.0471
....................................................................................................best 146   Information Ratio:0.952087
SA end up correctly
Add Times=594
Discard Times=641
HR Times=0
2013-09-12_14-30_Best4b2Struc2ndN195_m9_cor0.0.txt
ULSAkmeans4b2_Cluster_N195_BW180.0PW0.001_FR0.95.txt
Computing Time 86.660000 
Iniial retrytimes191
indEntropy10.0471 all entropy:1959.18
Compression Ratio 0.477355 indEntropy 10.0471
....................................................................................................best 156   Information Ratio:0.952148
SA end up correctly
Add Times=622
Discard Times=661
HR Times=0
2013-09-12_14-31_Best4b2Struc2ndN195_m9_cor0.0.txt
ULSAkmeans4b2_Cluster_N195_BW180.0PW0.001_FR0.95.txt
Computing Time 93.550000 
Iniial retrytimes15
indEntropy10.0471 all entropy:1959.18
Compression Ratio 0.477355 indEntropy 10.0471
....................................................................................................best 149   Information Ratio:0.950279
SA end up correctly
Add Times=625
Discard Times=674
HR Times=0
2013-09-12_14-33_Best4b2Struc2ndN195_m9_cor0.0.txt
ULSAkmeans4b2_Cluster_N195_BW180.0PW0.001_FR0.95.txt
Computing Time 91.210000 
Iniial retrytimes34
indEntropy10.0471 all entropy:1959.18
Compression Ratio 0.477355 indEntropy 10.0471
....................................................................................................best 150   Information Ratio:0.950827
SA end up correctly
Add Times=665
Discard Times=707
HR Times=0
2013-09-12_14-34_Best4b2Struc2ndN195_m9_cor0.0.txt
ULSAkmeans4b2_Cluster_N195_BW180.0PW0.001_FR0.95.txt
Computing Time 85.550000 
Iniial retrytimes10
indEntropy10.0471 all entropy:1959.18
Compression Ratio 0.477355 indEntropy 10.0471
....................................................................................................best 155   Information Ratio:0.95087
SA end up correctly
Add Times=598
Discard Times=637
HR Times=0
2013-09-12_14-36_Best4b2Struc2ndN195_m9_cor0.0.txt
ULSAkmeans4b2_Cluster_N195_BW180.0PW0.001_FR0.95.txt
Computing Time 82.400000 
End time is 四 9月 12 14:36:19 CST 2013
Computing time is 529 sec
