Working directory is /home/mouda/Work/Thesis/figures_src/Simulatorsrc/winULSAkmeans4b2_DC/bin/Release/runHN_FR.95_RandMore_CR.48_Finsed
running on host mini137
Start time is 四 9月 12 14:32:25 CST 2013
Directory is /home/mouda/Work/Thesis/figures_src/Simulatorsrc/winULSAkmeans4b2_DC/bin/Release/runHN_FR.95_RandMore_CR.48_Finsed
Iniial retrytimes147
indEntropy10.0471 all entropy:1959.18
Compression Ratio 0.477355 indEntropy 10.0471
....................................................................................................best 150   Information Ratio:0.953481
SA end up correctly
Add Times=682
Discard Times=728
HR Times=0
2013-09-12_14-34_Best4b2Struc2ndN195_m17_cor0.0.txt
ULSAkmeans4b2_Cluster_N195_BW180.0PW0.001_FR0.95.txt
Computing Time 111.540000 
Iniial retrytimes91
indEntropy10.0471 all entropy:1959.18
Compression Ratio 0.477355 indEntropy 10.0471
....................................................................................................best 152   Information Ratio:0.951581
SA end up correctly
Add Times=740
Discard Times=783
HR Times=0
2013-09-12_14-35_Best4b2Struc2ndN195_m17_cor0.0.txt
ULSAkmeans4b2_Cluster_N195_BW180.0PW0.001_FR0.95.txt
Computing Time 95.170000 
Iniial retrytimes19
indEntropy10.0471 all entropy:1959.18
Compression Ratio 0.477355 indEntropy 10.0471
....................................................................................................best 151   Information Ratio:0.952939
SA end up correctly
Add Times=743
Discard Times=794
HR Times=0
2013-09-12_14-37_Best4b2Struc2ndN195_m17_cor0.0.txt
ULSAkmeans4b2_Cluster_N195_BW180.0PW0.001_FR0.95.txt
Computing Time 104.820000 
Iniial retrytimes8
indEntropy10.0471 all entropy:1959.18
Compression Ratio 0.477355 indEntropy 10.0471
....................................................................................................best 148   Information Ratio:0.950028
SA end up correctly
Add Times=696
Discard Times=739
HR Times=0
2013-09-12_14-40_Best4b2Struc2ndN195_m17_cor0.0.txt
ULSAkmeans4b2_Cluster_N195_BW180.0PW0.001_FR0.95.txt
Computing Time 151.500000 
Iniial retrytimes100
indEntropy10.0471 all entropy:1959.18
Compression Ratio 0.477355 indEntropy 10.0471
....................................................................................................best 156   Information Ratio:0.95012
SA end up correctly
Add Times=681
Discard Times=722
HR Times=0
2013-09-12_14-41_Best4b2Struc2ndN195_m17_cor0.0.txt
ULSAkmeans4b2_Cluster_N195_BW180.0PW0.001_FR0.95.txt
Computing Time 93.300000 
Iniial retrytimes143
indEntropy10.0471 all entropy:1959.18
Compression Ratio 0.477355 indEntropy 10.0471
....................................................................................................best 155   Information Ratio:0.952709
SA end up correctly
Add Times=678
Discard Times=720
HR Times=0
2013-09-12_14-44_Best4b2Struc2ndN195_m17_cor0.0.txt
ULSAkmeans4b2_Cluster_N195_BW180.0PW0.001_FR0.95.txt
Computing Time 143.520000 
End time is 四 9月 12 14:44:11 CST 2013
Computing time is 706 sec
