Working directory is /home/mouda/Work/Thesis/figures_src/Simulatorsrc/winULSAkmeans4b2_DC/bin/Release/runHN_FR.95_RandMore_CR.48_Finsed
running on host miniAMPL
Start time is Thu Sep 12 14:38:10 CST 2013
Directory is /home/mouda/Work/Thesis/figures_src/Simulatorsrc/winULSAkmeans4b2_DC/bin/Release/runHN_FR.95_RandMore_CR.48_Finsed
Iniial retrytimes115
indEntropy10.0471 all entropy:1959.18
Compression Ratio 0.477355 indEntropy 10.0471
....................................................................................................best 177   Information Ratio:0.950249
SA end up correctly
Add Times=201
Discard Times=219
HR Times=0
2013-09-12_14-39_Best4b2Struc2ndN195_m3_cor0.0.txt
ULSAkmeans4b2_Cluster_N195_BW180.0PW0.001_FR0.95.txt
Computing Time 85.060000 
Iniial retrytimes89
indEntropy10.0471 all entropy:1959.18
Compression Ratio 0.477355 indEntropy 10.0471
....................................................................................................best 168   Information Ratio:0.95053
SA end up correctly
Add Times=308
Discard Times=336
HR Times=0
2013-09-12_14-40_Best4b2Struc2ndN195_m3_cor0.0.txt
ULSAkmeans4b2_Cluster_N195_BW180.0PW0.001_FR0.95.txt
Computing Time 76.370000 
Iniial retrytimes135
indEntropy10.0471 all entropy:1959.18
Compression Ratio 0.477355 indEntropy 10.0471
....................................................................................................best 170   Information Ratio:0.95098
SA end up correctly
Add Times=325
Discard Times=352
HR Times=0
2013-09-12_14-42_Best4b2Struc2ndN195_m3_cor0.0.txt
ULSAkmeans4b2_Cluster_N195_BW180.0PW0.001_FR0.95.txt
Computing Time 80.430000 
Iniial retrytimes45
indEntropy10.0471 all entropy:1959.18
Compression Ratio 0.477355 indEntropy 10.0471
....................................................................................................best 177   Information Ratio:0.950492
SA end up correctly
Add Times=263
Discard Times=282
HR Times=0
2013-09-12_14-43_Best4b2Struc2ndN195_m3_cor0.0.txt
ULSAkmeans4b2_Cluster_N195_BW180.0PW0.001_FR0.95.txt
Computing Time 83.240000 
Iniial retrytimes3
indEntropy10.0471 all entropy:1959.18
Compression Ratio 0.477355 indEntropy 10.0471
....................................................................................................best 168   Information Ratio:0.951543
SA end up correctly
Add Times=278
Discard Times=303
HR Times=0
2013-09-12_14-44_Best4b2Struc2ndN195_m3_cor0.0.txt
ULSAkmeans4b2_Cluster_N195_BW180.0PW0.001_FR0.95.txt
Computing Time 79.440000 
Iniial retrytimes168
indEntropy10.0471 all entropy:1959.18
Compression Ratio 0.477355 indEntropy 10.0471
....................................................................................................best 167   Information Ratio:0.951446
SA end up correctly
Add Times=311
Discard Times=340
HR Times=0
2013-09-12_14-46_Best4b2Struc2ndN195_m3_cor0.0.txt
ULSAkmeans4b2_Cluster_N195_BW180.0PW0.001_FR0.95.txt
Computing Time 79.280000 
End time is Thu Sep 12 14:46:20 CST 2013
Computing time is 490 sec
