Working directory is /home/mouda/Work/Thesis/figures_src/Simulatorsrc/runSimulation/runFR/runFR_CR.48_Finsed/KM_MC
running on host mini135
Start time is 一 9月 16 10:30:01 CST 2013
Directory is /home/mouda/Work/Thesis/figures_src/Simulatorsrc/runSimulation/runFR/runFR_CR.48_Finsed/KM_MC
Iniial retrytimes94
Compression Ratio 0.480124
...................................................................................................best 127   Information Ratio:0.760364
SA end up correctly
Add Times=523
Discard Times=401
HR Times=0
.............IP: 135
2013-09-16_10-30_BestStrucULSAkmeans2indN195_m5_cor-0.0.txt
ULSAkmeans2i_Cluster_N195_FR0.65.txt
delete matrixComputer Ok
delete ConSol Ok
Iniial retrytimes179
Compression Ratio 0.480124
..................................................................................................best 127   Information Ratio:0.73906
SA end up correctly
Add Times=551
Discard Times=429
HR Times=0
.............IP: 135
2013-09-16_10-30_BestStrucULSAkmeans2indN195_m5_cor-0.0.txt
ULSAkmeans2i_Cluster_N195_FR0.65.txt
delete matrixComputer Ok
delete ConSol Ok
Iniial retrytimes11
Compression Ratio 0.480124
....................................................................................................best 127   Information Ratio:0.748394
SA end up correctly
Add Times=551
Discard Times=429
HR Times=0
.............IP: 135
2013-09-16_10-30_BestStrucULSAkmeans2indN195_m5_cor-0.0.txt
ULSAkmeans2i_Cluster_N195_FR0.65.txt
delete matrixComputer Ok
delete ConSol Ok
Iniial retrytimes12
Compression Ratio 0.480124
....................................................................................................best 127   Information Ratio:0.742032
SA end up correctly
Add Times=528
Discard Times=407
HR Times=0
.............IP: 135
2013-09-16_10-31_BestStrucULSAkmeans2indN195_m5_cor-0.0.txt
ULSAkmeans2i_Cluster_N195_FR0.65.txt
delete matrixComputer Ok
delete ConSol Ok
Iniial retrytimes182
Compression Ratio 0.480124
....................................................................................................best 127   Information Ratio:0.73488
SA end up correctly
Add Times=591
Discard Times=469
HR Times=0
.............IP: 135
2013-09-16_10-31_BestStrucULSAkmeans2indN195_m5_cor-0.0.txt
ULSAkmeans2i_Cluster_N195_FR0.65.txt
delete matrixComputer Ok
delete ConSol Ok
Iniial retrytimes76
Compression Ratio 0.480124
...................................................................................................best 127   Information Ratio:0.790048
SA end up correctly
Add Times=509
Discard Times=387
HR Times=0
.............IP: 135
2013-09-16_10-31_BestStrucULSAkmeans2indN195_m5_cor-0.0.txt
ULSAkmeans2i_Cluster_N195_FR0.65.txt
delete matrixComputer Ok
delete ConSol Ok
Close Fid Ok
Computing Time 102.920000 
release Memory Ok
End time is 一 9月 16 10:31:51 CST 2013
Computing time is 110 sec
