Working directory is /home/mouda/Work/Thesis/figures_src/Simulatorsrc/runSimulation/runFR/runFR_CR.48_Finsed/KM_MC
running on host mini135
Start time is 一 9月 16 10:30:02 CST 2013
Directory is /home/mouda/Work/Thesis/figures_src/Simulatorsrc/runSimulation/runFR/runFR_CR.48_Finsed/KM_MC
Iniial retrytimes134
Compression Ratio 0.480124
..................................................................................................best 147   Information Ratio:0.846812
SA end up correctly
Add Times=560
Discard Times=418
HR Times=0
.............IP: 135
2013-09-16_10-30_BestStrucULSAkmeans2indN195_m5_cor-0.0.txt
ULSAkmeans2i_Cluster_N195_FR0.75.txt
delete matrixComputer Ok
delete ConSol Ok
Iniial retrytimes5
Compression Ratio 0.480124
....................................................................................................best 147   Information Ratio:0.861696
SA end up correctly
Add Times=554
Discard Times=412
HR Times=0
.............IP: 135
2013-09-16_10-30_BestStrucULSAkmeans2indN195_m5_cor-0.0.txt
ULSAkmeans2i_Cluster_N195_FR0.75.txt
delete matrixComputer Ok
delete ConSol Ok
Iniial retrytimes160
Compression Ratio 0.480124
....................................................................................................best 147   Information Ratio:0.882589
SA end up correctly
Add Times=523
Discard Times=382
HR Times=0
.............IP: 135
2013-09-16_10-31_BestStrucULSAkmeans2indN195_m5_cor-0.0.txt
ULSAkmeans2i_Cluster_N195_FR0.75.txt
delete matrixComputer Ok
delete ConSol Ok
Iniial retrytimes168
Compression Ratio 0.480124
....................................................................................................best 147   Information Ratio:0.828675
SA end up correctly
Add Times=493
Discard Times=351
HR Times=0
.............IP: 135
2013-09-16_10-31_BestStrucULSAkmeans2indN195_m5_cor-0.0.txt
ULSAkmeans2i_Cluster_N195_FR0.75.txt
delete matrixComputer Ok
delete ConSol Ok
Iniial retrytimes151
Compression Ratio 0.480124
....................................................................................................best 147   Information Ratio:0.824699
SA end up correctly
Add Times=584
Discard Times=442
HR Times=0
.............IP: 135
2013-09-16_10-31_BestStrucULSAkmeans2indN195_m5_cor-0.0.txt
ULSAkmeans2i_Cluster_N195_FR0.75.txt
delete matrixComputer Ok
delete ConSol Ok
Iniial retrytimes170
Compression Ratio 0.480124
....................................................................................................best 147   Information Ratio:0.87193
SA end up correctly
Add Times=548
Discard Times=405
HR Times=0
.............IP: 135
2013-09-16_10-32_BestStrucULSAkmeans2indN195_m5_cor-0.0.txt
ULSAkmeans2i_Cluster_N195_FR0.75.txt
delete matrixComputer Ok
delete ConSol Ok
Close Fid Ok
Computing Time 120.250000 
release Memory Ok
End time is 一 9月 16 10:32:10 CST 2013
Computing time is 128 sec
