Working directory is /home/mouda/Work/Thesis/figures_src/Simulatorsrc/runSimulation/runFR/runFR_CR.48_Finsed/KM_MC
running on host mini136
Start time is 一 9月 16 10:33:15 CST 2013
Directory is /home/mouda/Work/Thesis/figures_src/Simulatorsrc/runSimulation/runFR/runFR_CR.48_Finsed/KM_MC
Iniial retrytimes54
Compression Ratio 0.480124
................................................................................................best 186   Information Ratio:0.974828
SA end up correctly
Add Times=475
Discard Times=294
HR Times=0
.............IP: 136
2013-09-16_10-33_BestStrucULSAkmeans2indN195_m5_cor-0.0.txt
ULSAkmeans2i_Cluster_N195_FR0.95.txt
delete matrixComputer Ok
delete ConSol Ok
Iniial retrytimes48
Compression Ratio 0.480124
....................................................................................................best 186   Information Ratio:0.981929
SA end up correctly
Add Times=495
Discard Times=314
HR Times=0
.............IP: 136
2013-09-16_10-34_BestStrucULSAkmeans2indN195_m5_cor-0.0.txt
ULSAkmeans2i_Cluster_N195_FR0.95.txt
delete matrixComputer Ok
delete ConSol Ok
Iniial retrytimes141
Compression Ratio 0.480124
...............................................................................................best 186   Information Ratio:0.988964
SA end up correctly
Add Times=479
Discard Times=298
HR Times=0
.............IP: 136
2013-09-16_10-34_BestStrucULSAkmeans2indN195_m5_cor-0.0.txt
ULSAkmeans2i_Cluster_N195_FR0.95.txt
delete matrixComputer Ok
delete ConSol Ok
Iniial retrytimes63
Compression Ratio 0.480124
..............................................................................................best 186   Information Ratio:0.960657
SA end up correctly
Add Times=477
Discard Times=296
HR Times=0
.............IP: 136
2013-09-16_10-35_BestStrucULSAkmeans2indN195_m5_cor-0.0.txt
ULSAkmeans2i_Cluster_N195_FR0.95.txt
delete matrixComputer Ok
delete ConSol Ok
Iniial retrytimes43
Compression Ratio 0.480124
................................................................................................best 186   Information Ratio:0.965357
SA end up correctly
Add Times=515
Discard Times=334
HR Times=0
.............IP: 136
2013-09-16_10-35_BestStrucULSAkmeans2indN195_m5_cor-0.0.txt
ULSAkmeans2i_Cluster_N195_FR0.95.txt
delete matrixComputer Ok
delete ConSol Ok
Iniial retrytimes40
Compression Ratio 0.480124
...........................................................................................best 186   Information Ratio:0.981424
SA end up correctly
Add Times=476
Discard Times=295
HR Times=0
.............IP: 136
2013-09-16_10-36_BestStrucULSAkmeans2indN195_m5_cor-0.0.txt
ULSAkmeans2i_Cluster_N195_FR0.95.txt
delete matrixComputer Ok
delete ConSol Ok
Close Fid Ok
Computing Time 170.790000 
release Memory Ok
End time is 一 9月 16 10:36:12 CST 2013
Computing time is 177 sec
