Working directory is /home/mouda/Work/Thesis/figures_src/Simulatorsrc/runSimulation/runFR/runFR_CR.48_Finsed/KM_MC
running on host mini136
Start time is 一 9月 16 10:33:15 CST 2013
Directory is /home/mouda/Work/Thesis/figures_src/Simulatorsrc/runSimulation/runFR/runFR_CR.48_Finsed/KM_MC
Iniial retrytimes54
Compression Ratio 0.480124
................................................................................................best 166   Information Ratio:0.91188
SA end up correctly
Add Times=511
Discard Times=350
HR Times=0
.............IP: 136
2013-09-16_10-33_BestStrucULSAkmeans2indN195_m5_cor-0.0.txt
ULSAkmeans2i_Cluster_N195_FR0.85.txt
delete matrixComputer Ok
delete ConSol Ok
Iniial retrytimes188
Compression Ratio 0.480124
................................................................................................best 166   Information Ratio:0.909947
SA end up correctly
Add Times=482
Discard Times=321
HR Times=0
.............IP: 136
2013-09-16_10-34_BestStrucULSAkmeans2indN195_m5_cor-0.0.txt
ULSAkmeans2i_Cluster_N195_FR0.85.txt
delete matrixComputer Ok
delete ConSol Ok
Iniial retrytimes193
Compression Ratio 0.480124
..................................................................................................best 166   Information Ratio:0.896847
SA end up correctly
Add Times=440
Discard Times=279
HR Times=0
.............IP: 136
2013-09-16_10-34_BestStrucULSAkmeans2indN195_m5_cor-0.0.txt
ULSAkmeans2i_Cluster_N195_FR0.85.txt
delete matrixComputer Ok
delete ConSol Ok
Iniial retrytimes40
Compression Ratio 0.480124
..................................................................................................best 166   Information Ratio:0.899624
SA end up correctly
Add Times=543
Discard Times=382
HR Times=0
.............IP: 136
2013-09-16_10-34_BestStrucULSAkmeans2indN195_m5_cor-0.0.txt
ULSAkmeans2i_Cluster_N195_FR0.85.txt
delete matrixComputer Ok
delete ConSol Ok
Iniial retrytimes134
Compression Ratio 0.480124
...................................................................................................best 166   Information Ratio:0.928649
SA end up correctly
Add Times=514
Discard Times=353
HR Times=0
.............IP: 136
2013-09-16_10-35_BestStrucULSAkmeans2indN195_m5_cor-0.0.txt
ULSAkmeans2i_Cluster_N195_FR0.85.txt
delete matrixComputer Ok
delete ConSol Ok
Iniial retrytimes98
Compression Ratio 0.480124
................................................................................................best 166   Information Ratio:0.919023
SA end up correctly
Add Times=531
Discard Times=370
HR Times=0
.............IP: 136
2013-09-16_10-35_BestStrucULSAkmeans2indN195_m5_cor-0.0.txt
ULSAkmeans2i_Cluster_N195_FR0.85.txt
delete matrixComputer Ok
delete ConSol Ok
Close Fid Ok
Computing Time 142.410000 
release Memory Ok
End time is 一 9月 16 10:35:44 CST 2013
Computing time is 149 sec
