Working directory is /home/mouda/Work/Thesis/figures_src/Simulatorsrc/runSimulation/runFR/runFR_CR.48_Finsed/KM_DC
running on host mini136
Start time is 一 9月 16 10:23:06 CST 2013
Directory is /home/mouda/Work/Thesis/figures_src/Simulatorsrc/runSimulation/runFR/runFR_CR.48_Finsed/KM_DC
Iniial retrytimes101
indEntropy10.0471 all entropy:1959.18
Compression Ratio 0.480124 indEntropy 10.0471
....................................................................................................best 156   Information Ratio:0.950551
SA end up correctly
Add Times=559
Discard Times=603
HR Times=0
2013-09-16_10-24_Best4b2Struc2ndN195_m5_cor-0.0.txt
ULSAkmeans4b2_Cluster_N195_BW180.0PW0.001_FR0.95.txt
Iniial retrytimes163
indEntropy10.0471 all entropy:1959.18
Compression Ratio 0.480124 indEntropy 10.0471
....................................................................................................best 167   Information Ratio:0.950708
SA end up correctly
Add Times=445
Discard Times=475
HR Times=0
2013-09-16_10-25_Best4b2Struc2ndN195_m5_cor-0.0.txt
ULSAkmeans4b2_Cluster_N195_BW180.0PW0.001_FR0.95.txt
Iniial retrytimes116
indEntropy10.0471 all entropy:1959.18
Compression Ratio 0.480124 indEntropy 10.0471
....................................................................................................best 166   Information Ratio:0.953428
SA end up correctly
Add Times=448
Discard Times=476
HR Times=0
2013-09-16_10-26_Best4b2Struc2ndN195_m5_cor-0.0.txt
ULSAkmeans4b2_Cluster_N195_BW180.0PW0.001_FR0.95.txt
Iniial retrytimes15
indEntropy10.0471 all entropy:1959.18
Compression Ratio 0.480124 indEntropy 10.0471
....................................................................................................best 159   Information Ratio:0.950818
SA end up correctly
Add Times=472
Discard Times=507
HR Times=0
2013-09-16_10-28_Best4b2Struc2ndN195_m5_cor-0.0.txt
ULSAkmeans4b2_Cluster_N195_BW180.0PW0.001_FR0.95.txt
Iniial retrytimes159
indEntropy10.0471 all entropy:1959.18
Compression Ratio 0.480124 indEntropy 10.0471
....................................................................................................best 154   Information Ratio:0.950847
SA end up correctly
Add Times=471
Discard Times=510
HR Times=0
2013-09-16_10-29_Best4b2Struc2ndN195_m5_cor-0.0.txt
ULSAkmeans4b2_Cluster_N195_BW180.0PW0.001_FR0.95.txt
Iniial retrytimes107
indEntropy10.0471 all entropy:1959.18
Compression Ratio 0.480124 indEntropy 10.0471
....................................................................................................best 171   Information Ratio:0.951286
SA end up correctly
Add Times=380
Discard Times=405
HR Times=0
2013-09-16_10-30_Best4b2Struc2ndN195_m5_cor-0.0.txt
ULSAkmeans4b2_Cluster_N195_BW180.0PW0.001_FR0.95.txt
Computing Time 418.780000 
End time is 一 9月 16 10:30:12 CST 2013
Computing time is 426 sec
