Working directory is /home/mouda/Work/Thesis/figures_src/Simulatorsrc/runSimulation/runFR/runFR_CR.48_Finsed/KM_DC
running on host mini135
Start time is 一 9月 16 10:19:51 CST 2013
Directory is /home/mouda/Work/Thesis/figures_src/Simulatorsrc/runSimulation/runFR/runFR_CR.48_Finsed/KM_DC
Iniial retrytimes71
indEntropy10.0471 all entropy:1959.18
Compression Ratio 0.480124 indEntropy 10.0471
....................................................................................................best 102   Information Ratio:0.650409
SA end up correctly
Add Times=560
Discard Times=652
HR Times=0
2013-09-16_10-20_Best4b2Struc2ndN195_m5_cor-0.1.txt
ULSAkmeans4b2_Cluster_N195_BW180.0PW0.001_FR0.65.txt
Iniial retrytimes41
indEntropy10.0471 all entropy:1959.18
Compression Ratio 0.480124 indEntropy 10.0471
....................................................................................................best 106   Information Ratio:0.650949
SA end up correctly
Add Times=491
Discard Times=591
HR Times=0
2013-09-16_10-21_Best4b2Struc2ndN195_m5_cor-0.1.txt
ULSAkmeans4b2_Cluster_N195_BW180.0PW0.001_FR0.65.txt
Iniial retrytimes146
indEntropy10.0471 all entropy:1959.18
Compression Ratio 0.480124 indEntropy 10.0471
....................................................................................................best 100   Information Ratio:0.652693
SA end up correctly
Add Times=569
Discard Times=664
HR Times=0
2013-09-16_10-22_Best4b2Struc2ndN195_m5_cor-0.1.txt
ULSAkmeans4b2_Cluster_N195_BW180.0PW0.001_FR0.65.txt
Iniial retrytimes156
indEntropy10.0471 all entropy:1959.18
Compression Ratio 0.480124 indEntropy 10.0471
....................................................................................................best 108   Information Ratio:0.653977
SA end up correctly
Add Times=525
Discard Times=622
HR Times=0
2013-09-16_10-22_Best4b2Struc2ndN195_m5_cor-0.1.txt
ULSAkmeans4b2_Cluster_N195_BW180.0PW0.001_FR0.65.txt
Iniial retrytimes74
indEntropy10.0471 all entropy:1959.18
Compression Ratio 0.480124 indEntropy 10.0471
....................................................................................................best 103   Information Ratio:0.651146
SA end up correctly
Add Times=594
Discard Times=688
HR Times=0
2013-09-16_10-23_Best4b2Struc2ndN195_m5_cor-0.1.txt
ULSAkmeans4b2_Cluster_N195_BW180.0PW0.001_FR0.65.txt
Iniial retrytimes63
indEntropy10.0471 all entropy:1959.18
Compression Ratio 0.480124 indEntropy 10.0471
....................................................................................................best 101   Information Ratio:0.651167
SA end up correctly
Add Times=490
Discard Times=584
HR Times=0
2013-09-16_10-24_Best4b2Struc2ndN195_m5_cor-0.1.txt
ULSAkmeans4b2_Cluster_N195_BW180.0PW0.001_FR0.65.txt
Computing Time 256.390000 
End time is 一 9月 16 10:24:17 CST 2013
Computing time is 266 sec
