Working directory is /home/mouda/Work/Thesis/figures_src/Simulatorsrc/runSimulation/runFR/runFR_CR.48_Finsed/KM_DC
running on host mini136
Start time is 一 9月 16 10:23:04 CST 2013
Directory is /home/mouda/Work/Thesis/figures_src/Simulatorsrc/runSimulation/runFR/runFR_CR.48_Finsed/KM_DC
Iniial retrytimes101
indEntropy10.0471 all entropy:1959.18
Compression Ratio 0.480124 indEntropy 10.0471
....................................................................................................best 132   Information Ratio:0.851822
SA end up correctly
Add Times=658
Discard Times=721
HR Times=0
2013-09-16_10-23_Best4b2Struc2ndN195_m5_cor-0.0.txt
ULSAkmeans4b2_Cluster_N195_BW180.0PW0.001_FR0.85.txt
Iniial retrytimes188
indEntropy10.0471 all entropy:1959.18
Compression Ratio 0.480124 indEntropy 10.0471
....................................................................................................best 140   Information Ratio:0.850412
SA end up correctly
Add Times=484
Discard Times=537
HR Times=0
2013-09-16_10-24_Best4b2Struc2ndN195_m5_cor-0.0.txt
ULSAkmeans4b2_Cluster_N195_BW180.0PW0.001_FR0.85.txt
Iniial retrytimes119
indEntropy10.0471 all entropy:1959.18
Compression Ratio 0.480124 indEntropy 10.0471
....................................................................................................best 144   Information Ratio:0.850242
SA end up correctly
Add Times=526
Discard Times=578
HR Times=0
2013-09-16_10-26_Best4b2Struc2ndN195_m5_cor-0.0.txt
ULSAkmeans4b2_Cluster_N195_BW180.0PW0.001_FR0.85.txt
Iniial retrytimes154
indEntropy10.0471 all entropy:1959.18
Compression Ratio 0.480124 indEntropy 10.0471
....................................................................................................best 140   Information Ratio:0.850223
SA end up correctly
Add Times=422
Discard Times=477
HR Times=0
2013-09-16_10-27_Best4b2Struc2ndN195_m5_cor-0.0.txt
ULSAkmeans4b2_Cluster_N195_BW180.0PW0.001_FR0.85.txt
Iniial retrytimes190
indEntropy10.0471 all entropy:1959.18
Compression Ratio 0.480124 indEntropy 10.0471
....................................................................................................best 140   Information Ratio:0.853153
SA end up correctly
Add Times=450
Discard Times=505
HR Times=0
2013-09-16_10-28_Best4b2Struc2ndN195_m5_cor-0.0.txt
ULSAkmeans4b2_Cluster_N195_BW180.0PW0.001_FR0.85.txt
Iniial retrytimes108
indEntropy10.0471 all entropy:1959.18
Compression Ratio 0.480124 indEntropy 10.0471
....................................................................................................best 145   Information Ratio:0.850337
SA end up correctly
Add Times=449
Discard Times=503
HR Times=0
2013-09-16_10-29_Best4b2Struc2ndN195_m5_cor-0.0.txt
ULSAkmeans4b2_Cluster_N195_BW180.0PW0.001_FR0.85.txt
Computing Time 366.720000 
End time is 一 9月 16 10:29:18 CST 2013
Computing time is 374 sec
