Working directory is /home/mouda/Work/Thesis/figures_src/Simulatorsrc/winULSA4b2_DC/bin/Release/runHN_FR.95_CR.48_N195_Finsed
running on host mini131
Start time is Wed Sep 11 15:57:29 CST 2013
Directory is /home/mouda/Work/Thesis/figures_src/Simulatorsrc/winULSA4b2_DC/bin/Release/runHN_FR.95_CR.48_N195_Finsed
Compression Ratio 0.477365 indEntropy 10.0471
....Cand Size=1
Tried to Join 4-th head:185 to 8-th Cluster
Estimate Gain -0.348669 first tier gain=-0.037166Second tier cost=-0.311503
with estimate payoff=8.11783
..Tried to Isolate 141 from 8-th head to be 4-th head
Estimate Gain 0.00472534 first tier Cost=-0.00681387;second tier gain=0.0115392
with estimate payoff=8.09247
......Cand Size=1
Tried to Join 4-th head:185 to 3-th Cluster
Estimate Gain -0.39598 first tier gain=-0.0964394Second tier cost=-0.299541
with estimate payoff=7.98887
.Tried to Isolate 155 from 3-th head to be 4-th head
Estimate Gain 0.0300601 first tier Cost=-0.0105498;second tier gain=0.0406099
with estimate payoff=11.2922
Cand Size=1
Tried to Join 4-th head:155 to 8-th Cluster
Estimate Gain -0.406999 first tier gain=0.000368971Second tier cost=-0.407367
with estimate payoff=9.09268
..Tried to Isolate 126 from 8-th head to be 4-th head
Estimate Gain -0.0036127 first tier Cost=-0.00454169;second tier gain=0.000928986
with estimate payoff=8.05488
.Cand Size=1
Tried to Join 4-th head:126 to 8-th Cluster
Estimate Gain -0.448651 first tier gain=0.000390955Second tier cost=-0.449042
with estimate payoff=9.92091
Cand Size=1
Tried to Join 8-th head:92 to 0-th Cluster
Estimate Gain -0.559843 first tier gain=-0.00301481Second tier cost=-0.556828
with estimate payoff=9.98895
.Cand Size=2
Tried to Join 8-th head:92 to 3-th Cluster
Estimate Gain -0.507513 first tier gain=-0.0844533Second tier cost=-0.423059
with estimate payoff=9.34372
.Tried to Isolate 80 from 3-th head to be 4-th head
Estimate Gain 0.00824452 first tier Cost=-0.0105885;second tier gain=0.0188331
with estimate payoff=8.81014
..Tried to Isolate 126 from 0-th head to be 8-th head
Estimate Gain -0.00425083 first tier Cost=-0.00454169;second tier gain=0.000290855
with estimate payoff=8.39211
.Cand Size=2
Tried to Join 8-th head:126 to 0-th Cluster
Estimate Gain -0.443895 first tier gain=-0.00101358Second tier cost=-0.442881
with estimate payoff=8.48447
Tried to Isolate 126 from 0-th head to be 8-th head
Estimate Gain -0.00436554 first tier Cost=-0.00454169;second tier gain=0.000176148
with estimate payoff=8.00833
Cand Size=3
Tried to Join 4-th head:80 to 7-th Cluster
Estimate Gain -0.474041 first tier gain=-0.0509619Second tier cost=-0.423079
with estimate payoff=8.21596
.Cand Size=3
Tried to Join 0-th head:10 to 7-th Cluster
Estimate Gain -0.501155 first tier gain=-0.080037Second tier cost=-0.421118
with estimate payoff=8.1401
Cand Size=3
Tried to Join 4-th head:141 to 7-th Cluster
Estimate Gain -0.515366 first tier gain=-0.0652293Second tier cost=-0.450137
with estimate payoff=8.14785
.Cand Size=2
Tried to Join 0-th head:10 to 7-th Cluster
Estimate Gain -0.647667 first tier gain=-0.0461858Second tier cost=-0.601481
with estimate payoff=10.1236
Cand Size=1
Tried to Join 8-th head:92 to 7-th Cluster
Estimate Gain -1.68538 first tier gain=-0.0970551Second tier cost=-1.58832
with estimate payoff=18.8824
.Tried to Isolate 52 from 7-th head to be 0-th head
Estimate Gain 0.110909 first tier Cost=-0.0101947;second tier gain=0.121103
with estimate payoff=16.9119
Tried to Isolate 74 from 7-th head to be 4-th head
Estimate Gain 0.127721 first tier Cost=-0.00741545;second tier gain=0.135136
with estimate payoff=16.6807
..Cand Size=2
Tried to Join 0-th head:92 to 1-th Cluster
Estimate Gain -1.11424 first tier gain=-0.0109667Second tier cost=-1.10327
with estimate payoff=16.9872
Cand Size=1
Tried to Join 4-th head:111 to 3-th Cluster
Estimate Gain -0.849298 first tier gain=-0.0391978Second tier cost=-0.8101
with estimate payoff=13.7938
.Tried to Isolate 141 from 7-th head to be 0-th head
Estimate Gain -0.000765801 first tier Cost=-0.00681387;second tier gain=0.00604807
with estimate payoff=8.18847
Cand Size=2
Tried to Join 0-th head:141 to 3-th Cluster
Estimate Gain -0.38449 first tier gain=-0.014089Second tier cost=-0.370401
with estimate payoff=8.498
..Cand Size=1
Tried to Join 4-th head:63 to 7-th Cluster
Estimate Gain -0.409726 first tier gain=-0.0723764Second tier cost=-0.337349
with estimate payoff=8.38711
Tried to Isolate 126 from 4-th head to be 0-th head
Estimate Gain -0.00454169 first tier Cost=0;second tier gain=-0.00454169
with estimate payoff=7.84431
.Cand Size=2
Tried to Join 0-th head:126 to 3-th Cluster
Estimate Gain -0.483825 first tier gain=-0.014979Second tier cost=-0.468846
with estimate payoff=8.67553
.Cand Size=1
Tried to Join 4-th head:141 to 5-th Cluster
Estimate Gain -0.745805 first tier gain=-0.0124678Second tier cost=-0.733337
with estimate payoff=11.722
..Tried to Isolate 63 from 7-th head to be 0-th head
Estimate Gain 0.0232353 first tier Cost=-0.00653705;second tier gain=0.0297724
with estimate payoff=8.01824
......Cand Size=1
Tried to Join 0-th head:126 to 1-th Cluster
Estimate Gain -0.903325 first tier gain=-0.0450249Second tier cost=-0.8583
with estimate payoff=8.49986
Cand Size=1
Tried to Join 0-th head:126 to 1-th Cluster
Estimate Gain -0.691848 first tier gain=-0.0427667Second tier cost=-0.649082
with estimate payoff=7.95883
...............Tried to Isolate 126 from 1-th head to be 0-th head
Estimate Gain 0.00977404 first tier Cost=-0.00454169;second tier gain=0.0143157
with estimate payoff=12.0494
..Cand Size=1
Tried to Join 0-th head:126 to 1-th Cluster
Estimate Gain -0.656573 first tier gain=-0.00460978Second tier cost=-0.651963
with estimate payoff=9.41384
.Cand Size=1
Tried to Join 0-th head:126 to 1-th Cluster
Estimate Gain -0.748052 first tier gain=-0.00463576Second tier cost=-0.743416
with estimate payoff=10.6175
Tried to Isolate 101 from 6-th head to be 4-th head
Estimate Gain -0.00230009 first tier Cost=-0.0187644;second tier gain=0.0164643
with estimate payoff=9.5915
...Tried to Isolate 185 from 7-th head to be 8-th head
Estimate Gain -0.00237114 first tier Cost=-0.0054564;second tier gain=0.00308526
with estimate payoff=8.15649
Cand Size=2
Tried to Join 8-th head:185 to 7-th Cluster
Estimate Gain -0.565131 first tier gain=-0.0013989Second tier cost=-0.563732
with estimate payoff=8.5716
Cand Size=2
Tried to Join 8-th head:185 to 7-th Cluster
Estimate Gain -0.565075 first tier gain=-0.0013989Second tier cost=-0.563676
with estimate payoff=8.57154
.....Cand Size=4
Tried to Join 1-th head:8 to 6-th Cluster
Estimate Gain -0.557929 first tier gain=-0.061588Second tier cost=-0.496341
with estimate payoff=7.9326
.Tried to Isolate 141 from 8-th head to be 1-th head
Estimate Gain -0.00681387 first tier Cost=0;second tier gain=-0.00681387
with estimate payoff=7.75967
.Cand Size=3
Tried to Join 1-th head:141 to 4-th Cluster
Estimate Gain -0.38415 first tier gain=-0.00519933Second tier cost=-0.37895
with estimate payoff=7.42385
.Tried to Isolate 126 from 0-th head to be 1-th head
Estimate Gain -0.00446418 first tier Cost=-0.00454169;second tier gain=7.75074e-05
with estimate payoff=6.93079
..Cand Size=3
Tried to Join 0-th head:111 to 4-th Cluster
Estimate Gain -0.399225 first tier gain=-0.00727445Second tier cost=-0.391951
with estimate payoff=7.53123
..Cand Size=2
Tried to Join 8-th head:80 to 3-th Cluster
Estimate Gain -0.532544 first tier gain=-0.0244307Second tier cost=-0.508114
with estimate payoff=8.60331
Cand Size=2
Tried to Join 1-th head:63 to 3-th Cluster
Estimate Gain -0.529896 first tier gain=-0.0243651Second tier cost=-0.505531
with estimate payoff=8.56008
Tried to Isolate 63 from 3-th head to be 0-th head
Estimate Gain 0.140083 first tier Cost=-0.00653705;second tier gain=0.14662
with estimate payoff=10.7454
.Cand Size=2
Tried to Join 8-th head:154 to 7-th Cluster
Estimate Gain -0.628938 first tier gain=-0.00923867Second tier cost=-0.619699
with estimate payoff=10.2697
..Tried to Isolate 111 from 4-th head to be 1-th head
Estimate Gain 0.0221361 first tier Cost=-0.0114893;second tier gain=0.0336254
with estimate payoff=7.79589
Tried to Isolate 185 from 7-th head to be 8-th head
Estimate Gain 0.016177 first tier Cost=-0.0054564;second tier gain=0.0216334
with estimate payoff=7.52271
.Cand Size=3
Tried to Join 1-th head:111 to 4-th Cluster
Estimate Gain -0.394844 first tier gain=-0.00727432Second tier cost=-0.38757
with estimate payoff=7.34177
Cand Size=3
Tried to Join 1-th head:111 to 4-th Cluster
Estimate Gain -0.389985 first tier gain=-0.00727432Second tier cost=-0.382711
with estimate payoff=6.98114
Cand Size=3
Tried to Join 1-th head:111 to 4-th Cluster
Estimate Gain -0.389492 first tier gain=-0.00727432Second tier cost=-0.382217
with estimate payoff=6.95988
Cand Size=3
Tried to Join 1-th head:111 to 4-th Cluster
Estimate Gain -0.389623 first tier gain=-0.00727432Second tier cost=-0.382349
with estimate payoff=6.96001
.Cand Size=3
Tried to Join 1-th head:111 to 4-th Cluster
Estimate Gain -0.398139 first tier gain=-0.0133191Second tier cost=-0.38482
with estimate payoff=6.98098
Cand Size=3
Tried to Join 1-th head:111 to 4-th Cluster
Estimate Gain -0.392883 first tier gain=-0.0133191Second tier cost=-0.379564
with estimate payoff=6.89263
Cand Size=3
Tried to Join 1-th head:111 to 4-th Cluster
Estimate Gain -0.387616 first tier gain=-0.0133191Second tier cost=-0.374297
with estimate payoff=6.80391
.Cand Size=2
Tried to Join 1-th head:74 to 0-th Cluster
Estimate Gain -0.403552 first tier gain=0.00358585Second tier cost=-0.407138
with estimate payoff=7.11982
Cand Size=1
Tried to Join 8-th head:98 to 5-th Cluster
Estimate Gain -0.361087 first tier gain=-0.0127733Second tier cost=-0.348314
with estimate payoff=7.19923
....Tried to Isolate 126 from 0-th head to be 1-th head
Estimate Gain 0.00595674 first tier Cost=-0.00454169;second tier gain=0.0104984
with estimate payoff=6.36225
Cand Size=1
Tried to Join 1-th head:126 to 0-th Cluster
Estimate Gain -0.329563 first tier gain=0.000265122Second tier cost=-0.329828
with estimate payoff=6.47475
....Tried to Isolate 126 from 0-th head to be 1-th head
Estimate Gain -0.00163893 first tier Cost=-0.00454169;second tier gain=0.00290276
with estimate payoff=6.24588
Tried to Isolate 185 from 0-th head to be 8-th head
Estimate Gain -0.00191034 first tier Cost=-0.0054564;second tier gain=0.00354606
with estimate payoff=6.49677
Cand Size=3
Tried to Join 8-th head:185 to 3-th Cluster
Estimate Gain -0.365778 first tier gain=-0.0179587Second tier cost=-0.34782
with estimate payoff=6.91533
.Cand Size=2
Tried to Join 1-th head:10 to 0-th Cluster
Estimate Gain -0.302023 first tier gain=0.00528311Second tier cost=-0.307306
with estimate payoff=6.33252
Cand Size=1
Tried to Join 8-th head:185 to 0-th Cluster
Estimate Gain -0.304658 first tier gain=-0.000596466Second tier cost=-0.304061
with estimate payoff=6.34492
..Tried to Isolate 98 from 0-th head to be 1-th head
Estimate Gain -0.00588713 first tier Cost=0;second tier gain=-0.00588713
with estimate payoff=7.2031
Cand Size=2
Tried to Join 1-th head:98 to 3-th Cluster
Estimate Gain -0.430435 first tier gain=-0.0176433Second tier cost=-0.412792
with estimate payoff=7.5806
Tried to Isolate 92 from 0-th head to be 8-th head
Estimate Gain -0.00642836 first tier Cost=0;second tier gain=-0.00642836
with estimate payoff=7.11417
.Cand Size=3
Tried to Join 1-th head:98 to 5-th Cluster
Estimate Gain -0.423766 first tier gain=-0.00446474Second tier cost=-0.419301
with estimate payoff=7.57561
.Cand Size=3
Tried to Join 1-th head:10 to 4-th Cluster
Estimate Gain -0.391375 first tier gain=-0.0105099Second tier cost=-0.380865
with estimate payoff=7.24293
.Tried to Isolate 154 from 7-th head to be 1-th head
Estimate Gain -0.00772698 first tier Cost=-0.0101165;second tier gain=0.00238947
with estimate payoff=7.72271
.Cand Size=3
Tried to Join 0-th head:63 to 4-th Cluster
Estimate Gain -0.426748 first tier gain=-0.0122155Second tier cost=-0.414533
with estimate payoff=7.751
.Cand Size=3
Tried to Join 1-th head:175 to 4-th Cluster
Estimate Gain -0.356628 first tier gain=-0.0162673Second tier cost=-0.340361
with estimate payoff=6.71362
....Cand Size=3
Tried to Join 0-th head:63 to 4-th Cluster
Estimate Gain -0.411104 first tier gain=-0.0118936Second tier cost=-0.399211
with estimate payoff=7.50829
Cand Size=3
Tried to Join 8-th head:92 to 4-th Cluster
Estimate Gain -0.3575 first tier gain=-0.0121369Second tier cost=-0.345363
with estimate payoff=7.12047
..Cand Size=3
Tried to Join 0-th head:63 to 4-th Cluster
Estimate Gain -0.361615 first tier gain=-0.0240769Second tier cost=-0.337538
with estimate payoff=6.78585
Cand Size=3
Tried to Join 1-th head:185 to 3-th Cluster
Estimate Gain -0.329166 first tier gain=-0.0179579Second tier cost=-0.311208
with estimate payoff=6.53176
Cand Size=2
Tried to Join 8-th head:126 to 3-th Cluster
Estimate Gain -0.423032 first tier gain=-0.0457369Second tier cost=-0.377295
with estimate payoff=7.09748
best 139   Information Ratio:0.951986
SA end up correctly
Add Times=1176
Discard Times=1233
HR Times=609
2013-09-11_16-41
2013-09-11_16-41_Best4b2Struc2ndN195_m9_FR0.9_r500.0.txt
ULSA4b2_Cluster_N195_BW180.0PW0.001_FR0.95_r500.0.txt
Compression Ratio 0.477365 indEntropy 10.0471
.........Cand Size=1
Tried to Join 8-th head:126 to 1-th Cluster
Estimate Gain -0.521604 first tier gain=-0.0345705Second tier cost=-0.487034
with estimate payoff=8.7289
..Cand Size=1
Tried to Join 8-th head:126 to 1-th Cluster
Estimate Gain -0.389741 first tier gain=-0.0166989Second tier cost=-0.373042
with estimate payoff=7.3326
.Cand Size=1
Tried to Join 4-th head:175 to 5-th Cluster
Estimate Gain -0.427939 first tier gain=-0.0188976Second tier cost=-0.409041
with estimate payoff=7.59398
Cand Size=1
Tried to Join 4-th head:98 to 5-th Cluster
Estimate Gain -0.423899 first tier gain=-0.0217678Second tier cost=-0.402131
with estimate payoff=7.70282
.Cand Size=1
Tried to Join 4-th head:98 to 5-th Cluster
Estimate Gain -0.611226 first tier gain=-0.0415357Second tier cost=-0.56969
with estimate payoff=7.8552
Tried to Isolate 185 from 5-th head to be 4-th head
Estimate Gain 0.000915119 first tier Cost=-0.0054564;second tier gain=0.00637152
with estimate payoff=7.56437
.Tried to Isolate 92 from 1-th head to be 8-th head
Estimate Gain -0.00472524 first tier Cost=-0.00642836;second tier gain=0.00170312
with estimate payoff=7.56772
Cand Size=2
Tried to Join 8-th head:92 to 1-th Cluster
Estimate Gain -0.327602 first tier gain=-0.00606629Second tier cost=-0.321535
with estimate payoff=7.45361
.Tried to Isolate 98 from 4-th head to be 8-th head
Estimate Gain -0.00588713 first tier Cost=0;second tier gain=-0.00588713
with estimate payoff=7.37526
....Cand Size=2
Tried to Join 8-th head:98 to 0-th Cluster
Estimate Gain -2.73749 first tier gain=-0.0227828Second tier cost=-2.7147
with estimate payoff=9.752
.Cand Size=2
Tried to Join 8-th head:10 to 0-th Cluster
Estimate Gain -0.33556 first tier gain=-0.00725529Second tier cost=-0.328305
with estimate payoff=7.51078
.Tried to Isolate 126 from 1-th head to be 8-th head
Estimate Gain 0.0121351 first tier Cost=-0.00454169;second tier gain=0.0166768
with estimate payoff=7.57468
..Cand Size=2
Tried to Join 8-th head:185 to 5-th Cluster
Estimate Gain -1.13717 first tier gain=-0.0401667Second tier cost=-1.09701
with estimate payoff=8.65779
...Tried to Isolate 92 from 5-th head to be 8-th head
Estimate Gain 0.0299698 first tier Cost=-0.00642836;second tier gain=0.0363982
with estimate payoff=8.76869
.Cand Size=2
Tried to Join 8-th head:92 to 0-th Cluster
Estimate Gain -0.391929 first tier gain=-0.0108974Second tier cost=-0.381031
with estimate payoff=8.33603
Cand Size=2
Tried to Join 8-th head:52 to 3-th Cluster
Estimate Gain -0.387618 first tier gain=-0.0212083Second tier cost=-0.36641
with estimate payoff=8.17751
....Cand Size=2
Tried to Join 8-th head:111 to 3-th Cluster
Estimate Gain -0.528903 first tier gain=-0.0450649Second tier cost=-0.483838
with estimate payoff=7.68895
..Cand Size=1
Tried to Join 4-th head:10 to 0-th Cluster
Estimate Gain -0.675534 first tier gain=-0.0131044Second tier cost=-0.66243
with estimate payoff=10.1265
.Cand Size=1
Tried to Join 4-th head:185 to 5-th Cluster
Estimate Gain -0.598494 first tier gain=-0.00313163Second tier cost=-0.595363
with estimate payoff=9.55286
......Tried to Isolate 74 from 3-th head to be 4-th head
Estimate Gain -0.00287057 first tier Cost=-0.00741545;second tier gain=0.00454488
with estimate payoff=6.38713
Cand Size=1
Tried to Join 4-th head:74 to 3-th Cluster
Estimate Gain -0.409599 first tier gain=-0.0118107Second tier cost=-0.397788
with estimate payoff=6.79656
Tried to Isolate 74 from 3-th head to be 4-th head
Estimate Gain -0.00346674 first tier Cost=-0.00741545;second tier gain=0.00394871
with estimate payoff=6.32105
....Cand Size=1
Tried to Join 4-th head:126 to 1-th Cluster
Estimate Gain -1.0775 first tier gain=-0.0550492Second tier cost=-1.02245
with estimate payoff=7.62073
.Cand Size=1
Tried to Join 4-th head:74 to 1-th Cluster
Estimate Gain -0.852637 first tier gain=-0.0295117Second tier cost=-0.823125
with estimate payoff=7.60396
.Tried to Isolate 175 from 5-th head to be 8-th head
Estimate Gain -0.00876038 first tier Cost=-0.00948836;second tier gain=0.000727979
with estimate payoff=6.33363
Cand Size=2
Tried to Join 8-th head:175 to 5-th Cluster
Estimate Gain -0.369454 first tier gain=-0.00959286Second tier cost=-0.359861
with estimate payoff=6.65181
...Tried to Isolate 63 from 4-th head to be 8-th head
Estimate Gain -0.00653705 first tier Cost=0;second tier gain=-0.00653705
with estimate payoff=6.46001
Cand Size=2
Tried to Join 8-th head:63 to 1-th Cluster
Estimate Gain -0.759824 first tier gain=-0.0231063Second tier cost=-0.736718
with estimate payoff=7.41289
...Cand Size=2
Tried to Join 8-th head:10 to 0-th Cluster
Estimate Gain -0.325675 first tier gain=-0.00674156Second tier cost=-0.318934
with estimate payoff=6.90307
...Tried to Isolate 98 from 0-th head to be 8-th head
Estimate Gain -0.00497092 first tier Cost=-0.00588713;second tier gain=0.000916215
with estimate payoff=7.22316
.Cand Size=2
Tried to Join 8-th head:98 to 0-th Cluster
Estimate Gain -0.310717 first tier gain=-0.00568831Second tier cost=-0.305028
with estimate payoff=6.88002
.Cand Size=1
Tried to Join 4-th head:154 to 0-th Cluster
Estimate Gain -0.332341 first tier gain=-0.00280199Second tier cost=-0.329539
with estimate payoff=7.34745
..........Tried to Isolate 126 from 1-th head to be 4-th head
Estimate Gain -0.00160339 first tier Cost=-0.00454169;second tier gain=0.0029383
with estimate payoff=6.99341
Cand Size=1
Tried to Join 4-th head:126 to 0-th Cluster
Estimate Gain -0.436737 first tier gain=-0.013447Second tier cost=-0.42329
with estimate payoff=7.57813
.Cand Size=1
Tried to Join 4-th head:126 to 0-th Cluster
Estimate Gain -0.436559 first tier gain=-0.013447Second tier cost=-0.423112
with estimate payoff=7.61244
Cand Size=1
Tried to Join 4-th head:92 to 1-th Cluster
Estimate Gain -0.390093 first tier gain=-0.0134052Second tier cost=-0.376687
with estimate payoff=7.05324
...Tried to Isolate 126 from 1-th head to be 4-th head
Estimate Gain 0.0113359 first tier Cost=-0.00454169;second tier gain=0.0158775
with estimate payoff=6.57895
Cand Size=1
Tried to Join 4-th head:126 to 1-th Cluster
Estimate Gain -0.334293 first tier gain=-0.00804144Second tier cost=-0.326252
with estimate payoff=6.71152
..Cand Size=1
Tried to Join 4-th head:111 to 3-th Cluster
Estimate Gain -0.39712 first tier gain=-0.073922Second tier cost=-0.323198
with estimate payoff=7.20808
....Tried to Isolate 126 from 4-th head to be 8-th head
Estimate Gain -0.00454169 first tier Cost=0;second tier gain=-0.00454169
with estimate payoff=6.37573
.Cand Size=3
Tried to Join 1-th head:8 to 2-th Cluster
Estimate Gain -1.48964 first tier gain=-0.123676Second tier cost=-1.36596
with estimate payoff=8.09803
Cand Size=3
Tried to Join 8-th head:126 to 0-th Cluster
Estimate Gain -0.891536 first tier gain=-0.0302941Second tier cost=-0.861242
with estimate payoff=7.87926
.Cand Size=2
Tried to Join 8-th head:80 to 5-th Cluster
Estimate Gain -0.356889 first tier gain=-0.00487628Second tier cost=-0.352013
with estimate payoff=7.37172
..Cand Size=2
Tried to Join 4-th head:92 to 1-th Cluster
Estimate Gain -0.34218 first tier gain=-0.00799953Second tier cost=-0.334181
with estimate payoff=7.93163
.Tried to Isolate 126 from 1-th head to be 4-th head
Estimate Gain -0.00373785 first tier Cost=-0.00454169;second tier gain=0.000803839
with estimate payoff=7.45309
Cand Size=2
Tried to Join 4-th head:126 to 1-th Cluster
Estimate Gain -0.402278 first tier gain=0.000427568Second tier cost=-0.402705
with estimate payoff=7.63299
...Cand Size=1
Tried to Join 8-th head:80 to 0-th Cluster
Estimate Gain -0.337375 first tier gain=-0.00817043Second tier cost=-0.329204
with estimate payoff=6.98695
...Cand Size=1
Tried to Join 1-th head:92 to 0-th Cluster
Estimate Gain -0.453712 first tier gain=-0.0223615Second tier cost=-0.43135
with estimate payoff=7.85755
Tried to Isolate 80 from 0-th head to be 4-th head
Estimate Gain 0.0118724 first tier Cost=-0.0105885;second tier gain=0.0224609
with estimate payoff=7.76058
.Tried to Isolate 126 from 1-th head to be 8-th head
Estimate Gain -0.00454169 first tier Cost=0;second tier gain=-0.00454169
with estimate payoff=7.43628
...Cand Size=2
Tried to Join 4-th head:185 to 1-th Cluster
Estimate Gain -0.310519 first tier gain=-0.00161293Second tier cost=-0.308906
with estimate payoff=6.71008
...Cand Size=3
Tried to Join 4-th head:185 to 3-th Cluster
Estimate Gain -0.365418 first tier gain=-0.0261895Second tier cost=-0.339228
with estimate payoff=7.31678
..Tried to Isolate 126 from 8-th head to be 4-th head
Estimate Gain -0.00442833 first tier Cost=-0.00454169;second tier gain=0.00011336
with estimate payoff=12.6567
Cand Size=3
Tried to Join 1-th head:188 to 0-th Cluster
Estimate Gain -0.579109 first tier gain=0.190185Second tier cost=-0.769294
with estimate payoff=13.2315
.Cand Size=3
Tried to Join 1-th head:15 to 0-th Cluster
Estimate Gain -0.0496459 first tier gain=0.449568Second tier cost=-0.499214
with estimate payoff=8.82509
Cand Size=3
Tried to Join 1-th head:15 to 0-th Cluster
Estimate Gain -0.00710315 first tier gain=0.461161Second tier cost=-0.468264
with estimate payoff=8.46933
..Cand Size=3
Tried to Join 1-th head:188 to 0-th Cluster
Estimate Gain 0.0922654 first tier gain=0.693468Second tier cost=-0.601203
with estimate payoff=10.0027
Cand Size=3
Tried to Join 1-th head:188 to 0-th Cluster
Estimate Gain 0.0781941 first tier gain=0.553689Second tier cost=-0.475495
with estimate payoff=8.60803
best 144   Information Ratio:0.951082
SA end up correctly
Add Times=1238
Discard Times=1289
HR Times=680
2013-09-11_17-28
2013-09-11_17-28_Best4b2Struc2ndN195_m9_FR0.9_r500.0.txt
ULSA4b2_Cluster_N195_BW180.0PW0.001_FR0.95_r500.0.txt
Compression Ratio 0.477365 indEntropy 10.0471
........Cand Size=1
Tried to Join 8-th head:8 to 1-th Cluster
Estimate Gain -0.331945 first tier gain=-0.0188075Second tier cost=-0.313138
with estimate payoff=7.88505
...Tried to Isolate 74 from 1-th head to be 8-th head
Estimate Gain 0.0081502 first tier Cost=-0.00741545;second tier gain=0.0155657
with estimate payoff=7.8785
..Cand Size=2
Tried to Join 8-th head:74 to 1-th Cluster
Estimate Gain -0.406629 first tier gain=-0.00533674Second tier cost=-0.401293
with estimate payoff=7.96298
Tried to Isolate 63 from 1-th head to be 8-th head
Estimate Gain -0.00475659 first tier Cost=-0.00653705;second tier gain=0.00178046
with estimate payoff=7.52561
.Cand Size=2
Tried to Join 8-th head:63 to 7-th Cluster
Estimate Gain -0.384041 first tier gain=-0.0421531Second tier cost=-0.341888
with estimate payoff=7.90574
...Tried to Isolate 185 from 4-th head to be 8-th head
Estimate Gain -0.00403023 first tier Cost=-0.0054564;second tier gain=0.00142617
with estimate payoff=7.02754
....Cand Size=2
Tried to Join 4-th head:67 to 0-th Cluster
Estimate Gain -0.34879 first tier gain=-0.000586104Second tier cost=-0.348204
with estimate payoff=7.64303
.Cand Size=1
Tried to Join 8-th head:92 to 0-th Cluster
Estimate Gain -0.96185 first tier gain=-0.0119339Second tier cost=-0.949916
with estimate payoff=12.632
...Tried to Isolate 185 from 0-th head to be 4-th head
Estimate Gain -0.00329404 first tier Cost=-0.0054564;second tier gain=0.00216236
with estimate payoff=7.59417
Cand Size=2
Tried to Join 4-th head:185 to 0-th Cluster
Estimate Gain -0.430668 first tier gain=-0.00135191Second tier cost=-0.429316
with estimate payoff=8.14341
.Cand Size=1
Tried to Join 8-th head:92 to 1-th Cluster
Estimate Gain -0.613162 first tier gain=-0.00790807Second tier cost=-0.605254
with estimate payoff=9.73975
........Tried to Isolate 126 from 0-th head to be 4-th head
Estimate Gain -0.00309671 first tier Cost=-0.00454169;second tier gain=0.00144497
with estimate payoff=6.88433
Cand Size=1
Tried to Join 4-th head:126 to 0-th Cluster
Estimate Gain -0.45779 first tier gain=-0.000539391Second tier cost=-0.457251
with estimate payoff=7.90948
.Tried to Isolate 185 from 0-th head to be 4-th head
Estimate Gain -0.00431201 first tier Cost=-0.0054564;second tier gain=0.00114439
with estimate payoff=8.21485
.Cand Size=2
Tried to Join 4-th head:185 to 7-th Cluster
Estimate Gain -0.566812 first tier gain=-0.0642835Second tier cost=-0.502528
with estimate payoff=8.86052
Cand Size=1
Tried to Join 0-th head:141 to 3-th Cluster
Estimate Gain -0.726573 first tier gain=-0.0833556Second tier cost=-0.643218
with estimate payoff=10.4514
Tried to Isolate 98 from 3-th head to be 0-th head
Estimate Gain 0.0309269 first tier Cost=-0.00588713;second tier gain=0.036814
with estimate payoff=19.8325
.Tried to Isolate 67 from 3-th head to be 4-th head
Estimate Gain 0.0197751 first tier Cost=-0.0121724;second tier gain=0.0319475
with estimate payoff=20.3277
Cand Size=2
Tried to Join 4-th head:67 to 5-th Cluster
Estimate Gain -1.46674 first tier gain=-0.0145748Second tier cost=-1.45217
with estimate payoff=19.2692
.Cand Size=1
Tried to Join 0-th head:98 to 7-th Cluster
Estimate Gain -0.687999 first tier gain=-0.0423585Second tier cost=-0.64564
with estimate payoff=10.5912
.Tried to Isolate 63 from 1-th head to be 4-th head
Estimate Gain -0.00514467 first tier Cost=-0.00653705;second tier gain=0.00139238
with estimate payoff=7.91031
..Tried to Isolate 185 from 0-th head to be 8-th head
Estimate Gain -0.00458655 first tier Cost=-0.0054564;second tier gain=0.000869848
with estimate payoff=6.70514
Cand Size=2
Tried to Join 8-th head:185 to 0-th Cluster
Estimate Gain -0.312944 first tier gain=0.0014793Second tier cost=-0.314424
with estimate payoff=6.95111
Cand Size=3
Tried to Join 4-th head:52 to 1-th Cluster
Estimate Gain -0.557761 first tier gain=-0.0138776Second tier cost=-0.543884
with estimate payoff=6.72932
...Cand Size=3
Tried to Join 4-th head:52 to 3-th Cluster
Estimate Gain -1.11182 first tier gain=-0.0225729Second tier cost=-1.08925
with estimate payoff=7.57273
.Cand Size=2
Tried to Join 0-th head:155 to 5-th Cluster
Estimate Gain -0.446116 first tier gain=-0.0288583Second tier cost=-0.417258
with estimate payoff=7.13581
......Cand Size=1
Tried to Join 8-th head:98 to 7-th Cluster
Estimate Gain -0.444752 first tier gain=-0.0819922Second tier cost=-0.36276
with estimate payoff=6.75315
Tried to Isolate 185 from 8-th head to be 0-th head
Estimate Gain -0.0054564 first tier Cost=0;second tier gain=-0.0054564
with estimate payoff=6.22789
..Tried to Isolate 126 from 8-th head to be 4-th head
Estimate Gain -0.00454169 first tier Cost=0;second tier gain=-0.00454169
with estimate payoff=6.21655
.Cand Size=3
Tried to Join 0-th head:154 to 7-th Cluster
Estimate Gain -0.373034 first tier gain=-0.00869812Second tier cost=-0.364336
with estimate payoff=6.45524
Cand Size=2
Tried to Join 8-th head:98 to 5-th Cluster
Estimate Gain -0.47184 first tier gain=-0.0451452Second tier cost=-0.426695
with estimate payoff=7.37639
.Tried to Isolate 98 from 5-th head to be 0-th head
Estimate Gain -0.0048682 first tier Cost=-0.00588713;second tier gain=0.00101893
with estimate payoff=6.59378
.Tried to Isolate 74 from 4-th head to be 8-th head
Estimate Gain -0.00741545 first tier Cost=0;second tier gain=-0.00741545
with estimate payoff=6.51364
...Cand Size=3
Tried to Join 4-th head:126 to 1-th Cluster
Estimate Gain -0.447907 first tier gain=-0.0168024Second tier cost=-0.431105
with estimate payoff=7.86754
Cand Size=2
Tried to Join 0-th head:185 to 7-th Cluster
Estimate Gain -0.360763 first tier gain=-0.0219074Second tier cost=-0.338856
with estimate payoff=6.86607
.Tried to Isolate 98 from 8-th head to be 0-th head
Estimate Gain -0.00588713 first tier Cost=0;second tier gain=-0.00588713
with estimate payoff=6.74982
..Cand Size=2
Tried to Join 0-th head:175 to 7-th Cluster
Estimate Gain -0.366275 first tier gain=-0.0304195Second tier cost=-0.335856
with estimate payoff=6.69937
.Cand Size=1
Tried to Join 8-th head:92 to 1-th Cluster
Estimate Gain -0.490501 first tier gain=-0.0245654Second tier cost=-0.465936
with estimate payoff=8.6383
.....Cand Size=1
Tried to Join 8-th head:92 to 1-th Cluster
Estimate Gain -0.418446 first tier gain=-0.0110879Second tier cost=-0.407358
with estimate payoff=7.81137
Tried to Isolate 185 from 7-th head to be 0-th head
Estimate Gain -0.00431889 first tier Cost=-0.0054564;second tier gain=0.0011375
with estimate payoff=6.55993
.Tried to Isolate 80 from 7-th head to be 4-th head
Estimate Gain -0.00912164 first tier Cost=-0.0105885;second tier gain=0.0014669
with estimate payoff=7.02361
.Cand Size=2
Tried to Join 4-th head:80 to 7-th Cluster
Estimate Gain -0.390324 first tier gain=-0.0245808Second tier cost=-0.365743
with estimate payoff=6.72377
Tried to Isolate 63 from 1-th head to be 8-th head
Estimate Gain -0.00572024 first tier Cost=-0.00653705;second tier gain=0.000816818
with estimate payoff=6.28447
.Cand Size=3
Tried to Join 4-th head:154 to 7-th Cluster
Estimate Gain -0.38092 first tier gain=-0.0086935Second tier cost=-0.372226
with estimate payoff=6.70142
.Cand Size=2
Tried to Join 0-th head:98 to 7-th Cluster
Estimate Gain -0.401976 first tier gain=-0.022298Second tier cost=-0.379678
with estimate payoff=6.77431
.Tried to Isolate 98 from 7-th head to be 0-th head
Estimate Gain 0.0865219 first tier Cost=-0.00588713;second tier gain=0.092409
with estimate payoff=8.33011
..Cand Size=2
Tried to Join 8-th head:126 to 1-th Cluster
Estimate Gain -0.29841 first tier gain=-0.0105947Second tier cost=-0.287815
with estimate payoff=6.90782
Cand Size=1
Tried to Join 0-th head:155 to 5-th Cluster
Estimate Gain -1.1661 first tier gain=-0.153265Second tier cost=-1.01283
with estimate payoff=8.30169
.......Tried to Isolate 141 from 5-th head to be 0-th head
Estimate Gain 0.0324913 first tier Cost=-0.00681387;second tier gain=0.0393052
with estimate payoff=6.95679
Cand Size=1
Tried to Join 0-th head:141 to 5-th Cluster
Estimate Gain -0.422019 first tier gain=-0.0154014Second tier cost=-0.406617
with estimate payoff=7.24067
...Tried to Isolate 185 from 5-th head to be 0-th head
Estimate Gain 0.00243358 first tier Cost=-0.0054564;second tier gain=0.00788998
with estimate payoff=7.82337
.Cand Size=1
Tried to Join 0-th head:185 to 5-th Cluster
Estimate Gain -0.6376 first tier gain=-0.0203757Second tier cost=-0.617224
with estimate payoff=8.18959
.....Tried to Isolate 126 from 1-th head to be 0-th head
Estimate Gain 0.00739575 first tier Cost=-0.00454169;second tier gain=0.0119374
with estimate payoff=8.23856
Tried to Isolate 10 from 1-th head to be 4-th head
Estimate Gain 0.0046601 first tier Cost=-0.00743979;second tier gain=0.0120999
with estimate payoff=8.15948
..Tried to Isolate 185 from 7-th head to be 8-th head
Estimate Gain -0.00301402 first tier Cost=-0.0054564;second tier gain=0.00244238
with estimate payoff=7.53453
Cand Size=3
Tried to Join 8-th head:185 to 7-th Cluster
Estimate Gain -0.483162 first tier gain=-0.00306754Second tier cost=-0.480094
with estimate payoff=7.97386
.Tried to Isolate 185 from 7-th head to be 8-th head
Estimate Gain -0.0038832 first tier Cost=-0.0054564;second tier gain=0.0015732
with estimate payoff=7.5764
.Cand Size=3
Tried to Join 8-th head:185 to 7-th Cluster
Estimate Gain -0.520582 first tier gain=-0.00621046Second tier cost=-0.514372
with estimate payoff=7.38497
Cand Size=2
Tried to Join 0-th head:126 to 1-th Cluster
Estimate Gain -0.535449 first tier gain=-0.0107172Second tier cost=-0.524732
with estimate payoff=7.83257
.Cand Size=2
Tried to Join 0-th head:126 to 1-th Cluster
Estimate Gain -0.522535 first tier gain=-0.0200061Second tier cost=-0.502529
with estimate payoff=7.73407
.Cand Size=2
Tried to Join 4-th head:25 to 6-th Cluster
Estimate Gain -1.0114 first tier gain=-0.026531Second tier cost=-0.984874
with estimate payoff=8.22015
Tried to Isolate 185 from 7-th head to be 8-th head
Estimate Gain -0.00289942 first tier Cost=-0.0054564;second tier gain=0.00255697
with estimate payoff=7.05978
..Cand Size=2
Tried to Join 0-th head:98 to 4-th Cluster
Estimate Gain -0.428085 first tier gain=-0.00593032Second tier cost=-0.422155
with estimate payoff=7.39043
.Tried to Isolate 98 from 4-th head to be 0-th head
Estimate Gain -0.00517885 first tier Cost=-0.00588713;second tier gain=0.000708284
with estimate payoff=6.0782
Cand Size=2
Tried to Join 0-th head:98 to 4-th Cluster
Estimate Gain -0.334212 first tier gain=-0.00593032Second tier cost=-0.328281
with estimate payoff=6.36956
Tried to Isolate 98 from 4-th head to be 0-th head
Estimate Gain -0.00504133 first tier Cost=-0.00588713;second tier gain=0.000845807
with estimate payoff=6.10787
Cand Size=2
Tried to Join 0-th head:98 to 4-th Cluster
Estimate Gain -0.320634 first tier gain=-0.00593032Second tier cost=-0.314704
with estimate payoff=6.18648
best 147   Information Ratio:0.950673
SA end up correctly
Add Times=1220
Discard Times=1271
HR Times=655
2013-09-11_18-11
2013-09-11_18-11_Best4b2Struc2ndN195_m9_FR0.9_r500.0.txt
ULSA4b2_Cluster_N195_BW180.0PW0.001_FR0.95_r500.0.txt
Compression Ratio 0.477365 indEntropy 10.0471
.....Cand Size=2
Tried to Join 8-th head:92 to 1-th Cluster
Estimate Gain -0.527129 first tier gain=-0.0111135Second tier cost=-0.516016
with estimate payoff=8.99074
.Tried to Isolate 126 from 4-th head to be 8-th head
Estimate Gain -0.00454169 first tier Cost=0;second tier gain=-0.00454169
with estimate payoff=7.91201
.Cand Size=2
Tried to Join 4-th head:141 to 7-th Cluster
Estimate Gain -0.559895 first tier gain=-0.0439089Second tier cost=-0.515986
with estimate payoff=8.25655
..Tried to Isolate 126 from 8-th head to be 4-th head
Estimate Gain -0.00454169 first tier Cost=0;second tier gain=-0.00454169
with estimate payoff=8.29021
Cand Size=2
Tried to Join 8-th head:98 to 0-th Cluster
Estimate Gain -0.390271 first tier gain=-0.00988451Second tier cost=-0.380387
with estimate payoff=7.74213
..Cand Size=1
Tried to Join 4-th head:126 to 1-th Cluster
Estimate Gain -0.901831 first tier gain=-0.0459242Second tier cost=-0.855906
with estimate payoff=7.3298
.Tried to Isolate 185 from 1-th head to be 4-th head
Estimate Gain 0.0415754 first tier Cost=-0.0054564;second tier gain=0.0470318
with estimate payoff=7.79758
..Tried to Isolate 92 from 1-th head to be 8-th head
Estimate Gain -0.00533088 first tier Cost=-0.00642836;second tier gain=0.00109748
with estimate payoff=6.82244
Cand Size=2
Tried to Join 8-th head:92 to 1-th Cluster
Estimate Gain -0.369774 first tier gain=-0.00662252Second tier cost=-0.363151
with estimate payoff=7.48574
.Cand Size=1
Tried to Join 4-th head:185 to 0-th Cluster
Estimate Gain -0.578397 first tier gain=-0.0213578Second tier cost=-0.557039
with estimate payoff=7.17688
.Tried to Isolate 185 from 0-th head to be 4-th head
Estimate Gain 0.0262098 first tier Cost=-0.0054564;second tier gain=0.0316662
with estimate payoff=7.54256
Cand Size=1
Tried to Join 4-th head:185 to 7-th Cluster
Estimate Gain -0.427741 first tier gain=-0.0366017Second tier cost=-0.391139
with estimate payoff=7.8626
.Tried to Isolate 92 from 1-th head to be 8-th head
Estimate Gain -0.0052329 first tier Cost=-0.00642836;second tier gain=0.00119546
with estimate payoff=7.28311
Cand Size=2
Tried to Join 8-th head:92 to 1-th Cluster
Estimate Gain -0.307671 first tier gain=-0.00664954Second tier cost=-0.301021
with estimate payoff=7.40886
Tried to Isolate 92 from 1-th head to be 8-th head
Estimate Gain -0.00521713 first tier Cost=-0.00642836;second tier gain=0.00121123
with estimate payoff=7.15834
.Cand Size=2
Tried to Join 4-th head:175 to 0-th Cluster
Estimate Gain -0.341045 first tier gain=0.00212018Second tier cost=-0.343165
with estimate payoff=7.14049
.Cand Size=2
Tried to Join 1-th head:84 to 6-th Cluster
Estimate Gain -1.20152 first tier gain=-0.0996267Second tier cost=-1.10189
with estimate payoff=9.60772
.Cand Size=1
Tried to Join 8-th head:92 to 0-th Cluster
Estimate Gain -0.666576 first tier gain=-0.00460798Second tier cost=-0.661968
with estimate payoff=9.79935
Tried to Isolate 74 from 0-th head to be 1-th head
Estimate Gain 0.014207 first tier Cost=-0.00741545;second tier gain=0.0216224
with estimate payoff=9.72293
.Cand Size=1
Tried to Join 1-th head:74 to 2-th Cluster
Estimate Gain -0.882792 first tier gain=-0.0758551Second tier cost=-0.806937
with estimate payoff=9.01438
.Cand Size=1
Tried to Join 1-th head:92 to 2-th Cluster
Estimate Gain -0.965547 first tier gain=-0.13296Second tier cost=-0.832587
with estimate payoff=9.07072
.....Tried to Isolate 63 from 0-th head to be 1-th head
Estimate Gain -0.00119508 first tier Cost=-0.00653705;second tier gain=0.00534197
with estimate payoff=7.57686
.Cand Size=2
Tried to Join 0-th head:185 to 5-th Cluster
Estimate Gain -0.628559 first tier gain=-0.0279961Second tier cost=-0.600563
with estimate payoff=8.49304
..Tried to Isolate 185 from 5-th head to be 0-th head
Estimate Gain 0.0436672 first tier Cost=-0.0054564;second tier gain=0.0491236
with estimate payoff=9.50257
Cand Size=2
Tried to Join 1-th head:92 to 3-th Cluster
Estimate Gain -0.55806 first tier gain=-0.0172728Second tier cost=-0.540787
with estimate payoff=8.59033
..Cand Size=2
Tried to Join 1-th head:92 to 3-th Cluster
Estimate Gain -0.674919 first tier gain=-0.0050564Second tier cost=-0.669862
with estimate payoff=10.1492
.Cand Size=1
Tried to Join 0-th head:185 to 5-th Cluster
Estimate Gain -0.639962 first tier gain=-0.0178757Second tier cost=-0.622086
with estimate payoff=9.85046
....Tried to Isolate 10 from 6-th head to be 0-th head
Estimate Gain 0.0252362 first tier Cost=-0.00743979;second tier gain=0.032676
with estimate payoff=7.73513
Tried to Isolate 74 from 3-th head to be 1-th head
Estimate Gain -0.00471638 first tier Cost=-0.00741545;second tier gain=0.00269907
with estimate payoff=7.37922
.Cand Size=2
Tried to Join 1-th head:74 to 3-th Cluster
Estimate Gain -0.394323 first tier gain=-0.011813Second tier cost=-0.382511
with estimate payoff=7.85119
Tried to Isolate 74 from 3-th head to be 1-th head
Estimate Gain -0.00291719 first tier Cost=-0.00741545;second tier gain=0.00449825
with estimate payoff=7.22595
.Cand Size=2
Tried to Join 1-th head:126 to 3-th Cluster
Estimate Gain -0.46152 first tier gain=-0.0325039Second tier cost=-0.429016
with estimate payoff=7.82068
Cand Size=1
Tried to Join 0-th head:10 to 5-th Cluster
Estimate Gain -1.06674 first tier gain=-0.0863302Second tier cost=-0.980413
with estimate payoff=10.2636
...Tried to Isolate 126 from 3-th head to be 0-th head
Estimate Gain 0.0235001 first tier Cost=-0.00454169;second tier gain=0.0280418
with estimate payoff=7.36662
Cand Size=1
Tried to Join 0-th head:126 to 3-th Cluster
Estimate Gain -0.412999 first tier gain=-0.0193472Second tier cost=-0.393651
with estimate payoff=7.85918
..Tried to Isolate 126 from 0-th head to be 1-th head
Estimate Gain -0.00415665 first tier Cost=-0.00454169;second tier gain=0.000385037
with estimate payoff=7.94958
Cand Size=2
Tried to Join 1-th head:126 to 3-th Cluster
Estimate Gain -0.437673 first tier gain=-0.0185113Second tier cost=-0.419162
with estimate payoff=8.34023
.Cand Size=2
Tried to Join 1-th head:126 to 3-th Cluster
Estimate Gain -104.351 first tier gain=-0.0486008Second tier cost=-104.303
with estimate payoff=111.462
..Tried to Isolate 74 from 3-th head to be 1-th head
Estimate Gain -0.00324714 first tier Cost=-0.00741545;second tier gain=0.00416831
with estimate payoff=7.3417
Tried to Isolate 92 from 0-th head to be 4-th head
Estimate Gain -0.00552846 first tier Cost=-0.00642836;second tier gain=0.000899904
with estimate payoff=7.34534
.Cand Size=2
Tried to Join 1-th head:74 to 3-th Cluster
Estimate Gain -0.475162 first tier gain=-0.0212967Second tier cost=-0.453865
with estimate payoff=8.83936
..Cand Size=1
Tried to Join 4-th head:52 to 3-th Cluster
Estimate Gain -0.564098 first tier gain=-0.0371911Second tier cost=-0.526907
with estimate payoff=9.38489
Tried to Isolate 126 from 3-th head to be 4-th head
Estimate Gain 0.0335875 first tier Cost=-0.00454169;second tier gain=0.0381292
with estimate payoff=14.1235
Cand Size=2
Tried to Join 4-th head:126 to 3-th Cluster
Estimate Gain -0.604894 first tier gain=-0.0230141Second tier cost=-0.58188
with estimate payoff=9.9015
Cand Size=2
Tried to Join 4-th head:126 to 0-th Cluster
Estimate Gain -0.542939 first tier gain=-0.0141926Second tier cost=-0.528746
with estimate payoff=9.31858
..Cand Size=1
Tried to Join 1-th head:98 to 7-th Cluster
Estimate Gain -0.548792 first tier gain=-0.0410695Second tier cost=-0.507722
with estimate payoff=8.2555
.Tried to Isolate 98 from 7-th head to be 1-th head
Estimate Gain 0.0195446 first tier Cost=-0.00588713;second tier gain=0.0254318
with estimate payoff=8.35229
......Tried to Isolate 185 from 1-th head to be 4-th head
Estimate Gain -0.00529584 first tier Cost=-0.0054564;second tier gain=0.000160558
with estimate payoff=6.33708
.Cand Size=2
Tried to Join 1-th head:98 to 5-th Cluster
Estimate Gain -0.869499 first tier gain=-0.0986797Second tier cost=-0.770819
with estimate payoff=8.2027
..Tried to Isolate 111 from 0-th head to be 1-th head
Estimate Gain 0.0170139 first tier Cost=-0.0114893;second tier gain=0.0285032
with estimate payoff=9.13136
.Cand Size=2
Tried to Join 1-th head:111 to 0-th Cluster
Estimate Gain -0.49624 first tier gain=-0.00693289Second tier cost=-0.489307
with estimate payoff=8.89822
.Cand Size=1
Tried to Join 4-th head:175 to 7-th Cluster
Estimate Gain -0.482316 first tier gain=-0.011632Second tier cost=-0.470684
with estimate payoff=8.52214
..Tried to Isolate 74 from 3-th head to be 1-th head
Estimate Gain 0.0207806 first tier Cost=-0.00741545;second tier gain=0.0281961
with estimate payoff=10.2294
..Cand Size=1
Tried to Join 1-th head:74 to 0-th Cluster
Estimate Gain -0.532556 first tier gain=-0.0369141Second tier cost=-0.495642
with estimate payoff=8.99705
.Tried to Isolate 98 from 5-th head to be 4-th head
Estimate Gain 0.0147736 first tier Cost=-0.00588713;second tier gain=0.0206607
with estimate payoff=7.84695
..Cand Size=2
Tried to Join 1-th head:52 to 2-th Cluster
Estimate Gain -0.470057 first tier gain=-0.0650565Second tier cost=-0.405
with estimate payoff=7.20059
Tried to Isolate 141 from 4-th head to be 8-th head
Estimate Gain -0.00681387 first tier Cost=0;second tier gain=-0.00681387
with estimate payoff=6.73735
.Cand Size=3
Tried to Join 1-th head:52 to 0-th Cluster
Estimate Gain -0.648936 first tier gain=-0.028536Second tier cost=-0.6204
with estimate payoff=7.04766
.Cand Size=2
Tried to Join 8-th head:155 to 5-th Cluster
Estimate Gain -1.35779 first tier gain=-0.0490148Second tier cost=-1.30877
with estimate payoff=7.87476
Tried to Isolate 63 from 0-th head to be 1-th head
Estimate Gain -0.00496191 first tier Cost=-0.00653705;second tier gain=0.00157514
with estimate payoff=6.41066
.Cand Size=3
Tried to Join 8-th head:155 to 5-th Cluster
Estimate Gain -0.304201 first tier gain=-0.01984Second tier cost=-0.284361
with estimate payoff=7.046
..Cand Size=2
Tried to Join 1-th head:92 to 0-th Cluster
Estimate Gain -0.334305 first tier gain=-0.0114595Second tier cost=-0.322846
with estimate payoff=7.07547
..Cand Size=1
Tried to Join 4-th head:10 to 0-th Cluster
Estimate Gain -0.391021 first tier gain=-0.0227557Second tier cost=-0.368266
with estimate payoff=7.18301
Tried to Isolate 74 from 3-th head to be 1-th head
Estimate Gain -0.0052885 first tier Cost=-0.00741545;second tier gain=0.00212695
with estimate payoff=6.79728
Cand Size=2
Tried to Join 1-th head:74 to 0-th Cluster
Estimate Gain -0.332833 first tier gain=-0.0113967Second tier cost=-0.321436
with estimate payoff=6.90558
..Cand Size=2
Tried to Join 1-th head:92 to 0-th Cluster
Estimate Gain -0.28528 first tier gain=-0.0114436Second tier cost=-0.273837
with estimate payoff=6.75806
....Tried to Isolate 185 from 4-th head to be 1-th head
Estimate Gain 0.010733 first tier Cost=-0.0054564;second tier gain=0.0161894
with estimate payoff=6.18742
Cand Size=2
Tried to Join 1-th head:185 to 0-th Cluster
Estimate Gain -0.275774 first tier gain=-0.0253713Second tier cost=-0.250403
with estimate payoff=6.44721
..Cand Size=2
Tried to Join 1-th head:126 to 0-th Cluster
Estimate Gain -0.381566 first tier gain=-0.0142015Second tier cost=-0.367364
with estimate payoff=6.91484
.Cand Size=1
Tried to Join 4-th head:89 to 6-th Cluster
Estimate Gain -0.563374 first tier gain=-0.101652Second tier cost=-0.461722
with estimate payoff=7.08927
..Cand Size=1
Tried to Join 4-th head:192 to 0-th Cluster
Estimate Gain -0.345728 first tier gain=-0.0025829Second tier cost=-0.343145
with estimate payoff=6.74336
Tried to Isolate 126 from 0-th head to be 1-th head
Estimate Gain 0.0119473 first tier Cost=-0.00454169;second tier gain=0.016489
with estimate payoff=6.38569
....Tried to Isolate 185 from 1-th head to be 8-th head
Estimate Gain -0.0054564 first tier Cost=0;second tier gain=-0.0054564
with estimate payoff=5.60671
Cand Size=3
Tried to Join 4-th head:192 to 6-th Cluster
Estimate Gain -0.372073 first tier gain=-0.0455522Second tier cost=-0.326521
with estimate payoff=5.97222
Cand Size=2
Tried to Join 8-th head:185 to 0-th Cluster
Estimate Gain -0.318357 first tier gain=-0.0136851Second tier cost=-0.304672
with estimate payoff=6.60725
..Cand Size=2
Tried to Join 1-th head:126 to 0-th Cluster
Estimate Gain -0.577898 first tier gain=-0.035403Second tier cost=-0.542495
with estimate payoff=7.23859
..Cand Size=2
Tried to Join 1-th head:74 to 0-th Cluster
Estimate Gain -0.398622 first tier gain=-0.0206968Second tier cost=-0.377925
with estimate payoff=7.62923
.Cand Size=1
Tried to Join 8-th head:141 to 5-th Cluster
Estimate Gain -0.862129 first tier gain=-0.104134Second tier cost=-0.757994
with estimate payoff=7.89214
.Cand Size=1
Tried to Join 8-th head:141 to 7-th Cluster
Estimate Gain -0.687229 first tier gain=-0.0633137Second tier cost=-0.623915
with estimate payoff=8.70894
best 144   Information Ratio:0.951852
SA end up correctly
Add Times=1174
Discard Times=1225
HR Times=624
2013-09-11_18-50
2013-09-11_18-50_Best4b2Struc2ndN195_m9_FR0.9_r500.0.txt
ULSA4b2_Cluster_N195_BW180.0PW0.001_FR0.95_r500.0.txt
Compression Ratio 0.477365 indEntropy 10.0471
.........Cand Size=2
Tried to Join 8-th head:74 to 1-th Cluster
Estimate Gain -0.488157 first tier gain=-0.0141278Second tier cost=-0.474029
with estimate payoff=7.79284
Tried to Isolate 74 from 1-th head to be 8-th head
Estimate Gain -0.00311283 first tier Cost=-0.00741545;second tier gain=0.00430261
with estimate payoff=7.45991
Cand Size=2
Tried to Join 8-th head:74 to 1-th Cluster
Estimate Gain -0.476274 first tier gain=-0.00802358Second tier cost=-0.468251
with estimate payoff=7.75778
Cand Size=1
Tried to Join 4-th head:67 to 5-th Cluster
Estimate Gain -0.581595 first tier gain=-0.0577083Second tier cost=-0.523887
with estimate payoff=7.97501
....Tried to Isolate 126 from 0-th head to be 4-th head
Estimate Gain 0.0299075 first tier Cost=-0.00454169;second tier gain=0.0344491
with estimate payoff=6.38408
.Cand Size=1
Tried to Join 4-th head:141 to 5-th Cluster
Estimate Gain -0.404338 first tier gain=-0.0369116Second tier cost=-0.367426
with estimate payoff=6.71141
..Tried to Isolate 74 from 1-th head to be 4-th head
Estimate Gain 0.0249928 first tier Cost=-0.00741545;second tier gain=0.0324082
with estimate payoff=7.40581
..Cand Size=1
Tried to Join 4-th head:92 to 1-th Cluster
Estimate Gain -0.525168 first tier gain=-0.0292815Second tier cost=-0.495886
with estimate payoff=7.15447
..Tried to Isolate 126 from 1-th head to be 4-th head
Estimate Gain 0.00283275 first tier Cost=-0.00454169;second tier gain=0.00737444
with estimate payoff=7.28318
Cand Size=1
Tried to Join 4-th head:126 to 0-th Cluster
Estimate Gain -0.36797 first tier gain=-0.0111898Second tier cost=-0.356781
with estimate payoff=6.91587
...........Tried to Isolate 126 from 1-th head to be 4-th head
Estimate Gain 0.0178105 first tier Cost=-0.00454169;second tier gain=0.0223522
with estimate payoff=6.45653
Cand Size=1
Tried to Join 4-th head:126 to 1-th Cluster
Estimate Gain -0.369869 first tier gain=-0.00563835Second tier cost=-0.364231
with estimate payoff=6.71028
.Tried to Isolate 126 from 1-th head to be 4-th head
Estimate Gain 0.00634879 first tier Cost=-0.00454169;second tier gain=0.0108905
with estimate payoff=6.1683
..Cand Size=1
Tried to Join 4-th head:126 to 0-th Cluster
Estimate Gain -0.376771 first tier gain=-0.00821528Second tier cost=-0.368556
with estimate payoff=7.01133
...Tried to Isolate 74 from 3-th head to be 4-th head
Estimate Gain 0.0109456 first tier Cost=-0.00741545;second tier gain=0.018361
with estimate payoff=6.23329
Tried to Isolate 92 from 1-th head to be 8-th head
Estimate Gain -0.00494634 first tier Cost=-0.00642836;second tier gain=0.00148202
with estimate payoff=6.09134
.....Cand Size=2
Tried to Join 4-th head:111 to 1-th Cluster
Estimate Gain -0.515705 first tier gain=-0.00429718Second tier cost=-0.511408
with estimate payoff=7.17917
Cand Size=1
Tried to Join 8-th head:126 to 0-th Cluster
Estimate Gain -0.574977 first tier gain=-0.008276Second tier cost=-0.566701
with estimate payoff=8.58302
..........Tried to Isolate 185 from 7-th head to be 4-th head
Estimate Gain -0.00230807 first tier Cost=-0.0054564;second tier gain=0.00314833
with estimate payoff=8.7977
.Cand Size=1
Tried to Join 4-th head:185 to 7-th Cluster
Estimate Gain -0.598739 first tier gain=-0.0035698Second tier cost=-0.59517
with estimate payoff=9.41384
.Tried to Isolate 185 from 7-th head to be 4-th head
Estimate Gain -0.00284051 first tier Cost=-0.0054564;second tier gain=0.00261589
with estimate payoff=8.89355
.....Tried to Isolate 92 from 1-th head to be 8-th head
Estimate Gain -0.00544637 first tier Cost=-0.00642836;second tier gain=0.000981989
with estimate payoff=8.04735
.Cand Size=2
Tried to Join 4-th head:185 to 7-th Cluster
Estimate Gain -0.556488 first tier gain=-0.00316791Second tier cost=-0.55332
with estimate payoff=8.67841
Cand Size=2
Tried to Join 4-th head:185 to 7-th Cluster
Estimate Gain -0.556923 first tier gain=-0.00316791Second tier cost=-0.553755
with estimate payoff=8.78755
.Cand Size=1
Tried to Join 8-th head:92 to 1-th Cluster
Estimate Gain -0.586936 first tier gain=-0.0114769Second tier cost=-0.575459
with estimate payoff=8.74413
Cand Size=1
Tried to Join 8-th head:92 to 1-th Cluster
Estimate Gain -0.582667 first tier gain=-0.00806814Second tier cost=-0.574599
with estimate payoff=8.72268
..Tried to Isolate 126 from 1-th head to be 4-th head
Estimate Gain -0.00150708 first tier Cost=-0.00454169;second tier gain=0.00303461
with estimate payoff=8.1669
.Cand Size=1
Tried to Join 4-th head:126 to 1-th Cluster
Estimate Gain -0.605432 first tier gain=0.000708908Second tier cost=-0.60614
with estimate payoff=8.97561
..Tried to Isolate 185 from 7-th head to be 4-th head
Estimate Gain -0.00182467 first tier Cost=-0.0054564;second tier gain=0.00363172
with estimate payoff=7.8321
Tried to Isolate 98 from 5-th head to be 8-th head
Estimate Gain -0.00382419 first tier Cost=-0.00588713;second tier gain=0.00206294
with estimate payoff=8.15617
.Cand Size=3
Tried to Join 8-th head:98 to 5-th Cluster
Estimate Gain -0.661895 first tier gain=-0.00255527Second tier cost=-0.659339
with estimate payoff=9.69021
Tried to Isolate 10 from 0-th head to be 8-th head
Estimate Gain -0.00429118 first tier Cost=-0.00743979;second tier gain=0.0031486
with estimate payoff=9.09907
.Cand Size=3
Tried to Join 4-th head:185 to 7-th Cluster
Estimate Gain -0.635388 first tier gain=-0.0031266Second tier cost=-0.632262
with estimate payoff=9.55684
..Tried to Isolate 185 from 7-th head to be 4-th head
Estimate Gain -0.00231261 first tier Cost=-0.0054564;second tier gain=0.00314379
with estimate payoff=7.34924
.Cand Size=3
Tried to Join 4-th head:185 to 7-th Cluster
Estimate Gain -0.467693 first tier gain=-0.00353121Second tier cost=-0.464162
with estimate payoff=8.04443
..Tried to Isolate 63 from 1-th head to be 4-th head
Estimate Gain -0.00653705 first tier Cost=0;second tier gain=-0.00653705
with estimate payoff=9.92127
Cand Size=3
Tried to Join 8-th head:10 to 0-th Cluster
Estimate Gain -0.680841 first tier gain=-0.00882439Second tier cost=-0.672017
with estimate payoff=10.3762
..Cand Size=2
Tried to Join 4-th head:63 to 0-th Cluster
Estimate Gain -10.1508 first tier gain=-0.019742Second tier cost=-10.1311
with estimate payoff=20.1861
Cand Size=2
Tried to Join 4-th head:63 to 0-th Cluster
Estimate Gain -18.3259 first tier gain=-0.0197435Second tier cost=-18.3062
with estimate payoff=28.1973
..Tried to Isolate 185 from 5-th head to be 8-th head
Estimate Gain -0.0038343 first tier Cost=-0.0054564;second tier gain=0.0016221
with estimate payoff=9.36755
Cand Size=3
Tried to Join 4-th head:63 to 0-th Cluster
Estimate Gain -0.391096 first tier gain=-0.0119751Second tier cost=-0.379121
with estimate payoff=8.50277
.Cand Size=3
Tried to Join 8-th head:185 to 0-th Cluster
Estimate Gain -0.389273 first tier gain=-0.0132409Second tier cost=-0.376032
with estimate payoff=8.36542
.Cand Size=3
Tried to Join 8-th head:185 to 0-th Cluster
Estimate Gain -0.367123 first tier gain=-0.01324Second tier cost=-0.353883
with estimate payoff=8.15726
Cand Size=3
Tried to Join 8-th head:185 to 5-th Cluster
Estimate Gain -0.455086 first tier gain=-0.00938289Second tier cost=-0.445703
with estimate payoff=7.92732
....Tried to Isolate 126 from 4-th head to be 8-th head
Estimate Gain -0.00443861 first tier Cost=-0.00454169;second tier gain=0.000103078
with estimate payoff=6.8617
.Cand Size=3
Tried to Join 1-th head:98 to 5-th Cluster
Estimate Gain -0.39188 first tier gain=-0.00373658Second tier cost=-0.388143
with estimate payoff=7.28307
.Cand Size=2
Tried to Join 8-th head:126 to 0-th Cluster
Estimate Gain -0.405246 first tier gain=-0.0140998Second tier cost=-0.391146
with estimate payoff=7.14984
...Tried to Isolate 126 from 4-th head to be 1-th head
Estimate Gain -0.00188534 first tier Cost=-0.00454169;second tier gain=0.00265635
with estimate payoff=6.96211
....Cand Size=1
Tried to Join 1-th head:92 to 4-th Cluster
Estimate Gain -0.304379 first tier gain=-0.0361155Second tier cost=-0.268263
with estimate payoff=6.22042
.Cand Size=1
Tried to Join 1-th head:92 to 4-th Cluster
Estimate Gain -0.313671 first tier gain=-0.0193034Second tier cost=-0.294368
with estimate payoff=6.37535
.Tried to Isolate 92 from 4-th head to be 1-th head
Estimate Gain -0.0059219 first tier Cost=-0.00642836;second tier gain=0.000506458
with estimate payoff=6.13201
....Cand Size=1
Tried to Join 4-th head:84 to 1-th Cluster
Estimate Gain -0.264365 first tier gain=0.0415261Second tier cost=-0.305891
with estimate payoff=6.44767
.Cand Size=1
Tried to Join 4-th head:84 to 1-th Cluster
Estimate Gain -0.263276 first tier gain=0.0413902Second tier cost=-0.304666
with estimate payoff=6.52131
.best 147   Information Ratio:0.952492
SA end up correctly
Add Times=1233
Discard Times=1283
HR Times=656
2013-09-11_19-28
2013-09-11_19-28_Best4b2Struc2ndN195_m9_FR0.9_r500.0.txt
ULSA4b2_Cluster_N195_BW180.0PW0.001_FR0.95_r500.0.txt
Compression Ratio 0.477365 indEntropy 10.0471
.....Cand Size=1
Tried to Join 4-th head:141 to 8-th Cluster
Estimate Gain -0.310722 first tier gain=-0.00903793Second tier cost=-0.301684
with estimate payoff=7.52926
.Cand Size=1
Tried to Join 4-th head:141 to 8-th Cluster
Estimate Gain -0.290533 first tier gain=-0.00887937Second tier cost=-0.281654
with estimate payoff=7.36028
.....Cand Size=2
Tried to Join 4-th head:185 to 3-th Cluster
Estimate Gain -0.388261 first tier gain=-0.0265092Second tier cost=-0.361752
with estimate payoff=6.98087
.Cand Size=1
Tried to Join 8-th head:74 to 3-th Cluster
Estimate Gain -0.6616 first tier gain=-0.0231193Second tier cost=-0.63848
with estimate payoff=10.0126
.Tried to Isolate 185 from 3-th head to be 4-th head
Estimate Gain 0.0020329 first tier Cost=-0.0054564;second tier gain=0.0074893
with estimate payoff=10.7968
...Tried to Isolate 92 from 3-th head to be 8-th head
Estimate Gain 0.00315772 first tier Cost=-0.00642836;second tier gain=0.00958608
with estimate payoff=11.8199
.Cand Size=2
Tried to Join 8-th head:92 to 0-th Cluster
Estimate Gain -0.71722 first tier gain=-0.00640151Second tier cost=-0.710818
with estimate payoff=10.9481
Tried to Isolate 92 from 0-th head to be 8-th head
Estimate Gain 0.00529662 first tier Cost=-0.00642836;second tier gain=0.011725
with estimate payoff=14.8728
..Cand Size=2
Tried to Join 4-th head:185 to 7-th Cluster
Estimate Gain -0.743387 first tier gain=-0.00349723Second tier cost=-0.73989
with estimate payoff=11.1068
Cand Size=1
Tried to Join 8-th head:92 to 3-th Cluster
Estimate Gain -0.753053 first tier gain=0.000675599Second tier cost=-0.753729
with estimate payoff=11.284
Cand Size=1
Tried to Join 8-th head:92 to 3-th Cluster
Estimate Gain -0.738702 first tier gain=0.00101621Second tier cost=-0.739718
with estimate payoff=11.2561
.Tried to Isolate 126 from 3-th head to be 4-th head
Estimate Gain 0.00163768 first tier Cost=-0.00454169;second tier gain=0.00617937
with estimate payoff=11.2744
...Tried to Isolate 74 from 3-th head to be 8-th head
Estimate Gain -0.000365405 first tier Cost=-0.00741545;second tier gain=0.00705004
with estimate payoff=10.432
Cand Size=2
Tried to Join 8-th head:74 to 3-th Cluster
Estimate Gain -0.717002 first tier gain=-0.00202329Second tier cost=-0.714979
with estimate payoff=10.8774
..Cand Size=1
Tried to Join 4-th head:126 to 3-th Cluster
Estimate Gain -0.657065 first tier gain=-0.00139122Second tier cost=-0.655674
with estimate payoff=10.2113
..Tried to Isolate 126 from 3-th head to be 4-th head
Estimate Gain 0.00107299 first tier Cost=-0.00454169;second tier gain=0.00561468
with estimate payoff=8.83095
.Cand Size=1
Tried to Join 4-th head:126 to 3-th Cluster
Estimate Gain -0.715943 first tier gain=-0.001392Second tier cost=-0.714551
with estimate payoff=11.1641
...Tried to Isolate 98 from 7-th head to be 4-th head
Estimate Gain 0.00675589 first tier Cost=-0.00588713;second tier gain=0.012643
with estimate payoff=9.02724
.Tried to Isolate 185 from 7-th head to be 8-th head
Estimate Gain 0.00373441 first tier Cost=-0.0054564;second tier gain=0.00919081
with estimate payoff=8.71556
........Cand Size=2
Tried to Join 8-th head:80 to 4-th Cluster
Estimate Gain -0.508448 first tier gain=-0.000509421Second tier cost=-0.507939
with estimate payoff=9.8999
..Tried to Isolate 185 from 4-th head to be 8-th head
Estimate Gain -0.00258532 first tier Cost=-0.0054564;second tier gain=0.00287108
with estimate payoff=8.64338
.Cand Size=2
Tried to Join 8-th head:185 to 4-th Cluster
Estimate Gain -0.472331 first tier gain=0.000335875Second tier cost=-0.472667
with estimate payoff=9.67858
...Tried to Isolate 185 from 4-th head to be 8-th head
Estimate Gain -0.0054564 first tier Cost=0;second tier gain=-0.0054564
with estimate payoff=10.5129
Cand Size=3
Tried to Join 8-th head:185 to 7-th Cluster
Estimate Gain -0.590808 first tier gain=-0.015345Second tier cost=-0.575463
with estimate payoff=11.1835
.Cand Size=3
Tried to Join 3-th head:63 to 7-th Cluster
Estimate Gain -0.597728 first tier gain=-0.0144573Second tier cost=-0.583271
with estimate payoff=11.1117
Cand Size=3
Tried to Join 3-th head:63 to 7-th Cluster
Estimate Gain -0.601635 first tier gain=-0.0144573Second tier cost=-0.587178
with estimate payoff=11.1594
.Cand Size=2
Tried to Join 8-th head:154 to 4-th Cluster
Estimate Gain -0.426058 first tier gain=0.00276525Second tier cost=-0.428823
with estimate payoff=9.34774
..Cand Size=3
Tried to Join 8-th head:80 to 7-th Cluster
Estimate Gain -0.453693 first tier gain=-0.0240176Second tier cost=-0.429675
with estimate payoff=9.05601
.Cand Size=2
Tried to Join 4-th head:120 to 7-th Cluster
Estimate Gain -0.447925 first tier gain=-0.00477062Second tier cost=-0.443155
with estimate payoff=8.85792
.Cand Size=2
Tried to Join 4-th head:120 to 7-th Cluster
Estimate Gain -0.530642 first tier gain=-0.013767Second tier cost=-0.516875
with estimate payoff=9.70696
Cand Size=2
Tried to Join 4-th head:120 to 7-th Cluster
Estimate Gain -0.481121 first tier gain=-0.013767Second tier cost=-0.467354
with estimate payoff=9.16445
..Cand Size=1
Tried to Join 3-th head:74 to 7-th Cluster
Estimate Gain -0.32127 first tier gain=-0.0553675Second tier cost=-0.265902
with estimate payoff=7.42674
.Tried to Isolate 80 from 7-th head to be 8-th head
Estimate Gain 0.00555647 first tier Cost=-0.0105885;second tier gain=0.016145
with estimate payoff=8.72903
Cand Size=3
Tried to Join 8-th head:80 to 5-th Cluster
Estimate Gain -0.446979 first tier gain=-0.0530555Second tier cost=-0.393924
with estimate payoff=9.11739
..Cand Size=2
Tried to Join 4-th head:120 to 0-th Cluster
Estimate Gain -0.323701 first tier gain=-0.00298522Second tier cost=-0.320716
with estimate payoff=7.82918
Tried to Isolate 63 from 3-th head to be 8-th head
Estimate Gain -0.00653705 first tier Cost=0;second tier gain=-0.00653705
with estimate payoff=7.51202
....Cand Size=3
Tried to Join 8-th head:10 to 0-th Cluster
Estimate Gain -0.411461 first tier gain=-0.00867829Second tier cost=-0.402782
with estimate payoff=8.54696
Cand Size=2
Tried to Join 4-th head:67 to 0-th Cluster
Estimate Gain -0.415364 first tier gain=-0.0144619Second tier cost=-0.400902
with estimate payoff=8.4352
..Tried to Isolate 98 from 3-th head to be 4-th head
Estimate Gain -0.00503591 first tier Cost=-0.00588713;second tier gain=0.000851218
with estimate payoff=7.96302
.Tried to Isolate 98 from 4-th head to be 8-th head
Estimate Gain -0.00588713 first tier Cost=0;second tier gain=-0.00588713
with estimate payoff=8.67169
Cand Size=3
Tried to Join 4-th head:141 to 0-th Cluster
Estimate Gain -0.724481 first tier gain=-0.0170246Second tier cost=-0.707456
with estimate payoff=9.55799
Cand Size=3
Tried to Join 8-th head:98 to 5-th Cluster
Estimate Gain -0.427119 first tier gain=-0.0576884Second tier cost=-0.36943
with estimate payoff=8.98887
.Cand Size=3
Tried to Join 3-th head:126 to 0-th Cluster
Estimate Gain -0.340807 first tier gain=-0.00236243Second tier cost=-0.338444
with estimate payoff=8.68552
..Cand Size=2
Tried to Join 4-th head:175 to 0-th Cluster
Estimate Gain -0.462768 first tier gain=-0.00732077Second tier cost=-0.455448
with estimate payoff=8.55113
Cand Size=1
Tried to Join 8-th head:98 to 0-th Cluster
Estimate Gain -0.409612 first tier gain=-0.000233977Second tier cost=-0.409378
with estimate payoff=9.39564
Cand Size=1
Tried to Join 8-th head:98 to 0-th Cluster
Estimate Gain -0.389229 first tier gain=0.00223362Second tier cost=-0.391463
with estimate payoff=9.14777
..Tried to Isolate 74 from 0-th head to be 3-th head
Estimate Gain 0.0197823 first tier Cost=-0.00741545;second tier gain=0.0271978
with estimate payoff=8.77468
....Tried to Isolate 126 from 0-th head to be 4-th head
Estimate Gain -0.0022292 first tier Cost=-0.00454169;second tier gain=0.00231249
with estimate payoff=10.0886
.Tried to Isolate 185 from 0-th head to be 8-th head
Estimate Gain -0.000987043 first tier Cost=-0.0054564;second tier gain=0.00446936
with estimate payoff=8.70752
.Cand Size=3
Tried to Join 4-th head:126 to 0-th Cluster
Estimate Gain -0.524714 first tier gain=-0.00231837Second tier cost=-0.522396
with estimate payoff=9.14396
Cand Size=3
Tried to Join 3-th head:2 to 7-th Cluster
Estimate Gain -0.390224 first tier gain=0.0486775Second tier cost=-0.438901
with estimate payoff=8.54814
...Cand Size=2
Tried to Join 4-th head:126 to 7-th Cluster
Estimate Gain -0.453244 first tier gain=-0.0285929Second tier cost=-0.424651
with estimate payoff=8.52248
.Cand Size=2
Tried to Join 8-th head:175 to 7-th Cluster
Estimate Gain -0.547385 first tier gain=-0.0177599Second tier cost=-0.529625
with estimate payoff=9.54635
Tried to Isolate 141 from 7-th head to be 3-th head
Estimate Gain 0.00527058 first tier Cost=-0.00681387;second tier gain=0.0120845
with estimate payoff=9.17458
..Tried to Isolate 10 from 0-th head to be 8-th head
Estimate Gain -0.00627474 first tier Cost=-0.00743979;second tier gain=0.00116505
with estimate payoff=7.76874
.Cand Size=3
Tried to Join 8-th head:10 to 0-th Cluster
Estimate Gain -0.616776 first tier gain=-0.00485854Second tier cost=-0.611917
with estimate payoff=9.89849
Cand Size=3
Tried to Join 8-th head:10 to 0-th Cluster
Estimate Gain -0.480189 first tier gain=-0.00485854Second tier cost=-0.475331
with estimate payoff=8.6954
Cand Size=2
Tried to Join 4-th head:126 to 0-th Cluster
Estimate Gain -0.44551 first tier gain=-0.002395Second tier cost=-0.443115
with estimate payoff=8.27003
.Cand Size=1
Tried to Join 3-th head:98 to 0-th Cluster
Estimate Gain -0.434774 first tier gain=-0.0042083Second tier cost=-0.430566
with estimate payoff=7.87487
...Cand Size=1
Tried to Join 3-th head:141 to 0-th Cluster
Estimate Gain -0.480372 first tier gain=-0.00728939Second tier cost=-0.473083
with estimate payoff=8.86094
.Tried to Isolate 98 from 0-th head to be 3-th head
Estimate Gain -0.00378379 first tier Cost=-0.00588713;second tier gain=0.00210335
with estimate payoff=8.45172
..Tried to Isolate 126 from 0-th head to be 4-th head
Estimate Gain 0.00194177 first tier Cost=-0.00454169;second tier gain=0.00648346
with estimate payoff=7.62772
Tried to Isolate 10 from 0-th head to be 8-th head
Estimate Gain -0.0013188 first tier Cost=-0.00743979;second tier gain=0.00612099
with estimate payoff=7.62949
...Cand Size=4
Tried to Join 3-th head:141 to 7-th Cluster
Estimate Gain -0.607948 first tier gain=-0.0107973Second tier cost=-0.597151
with estimate payoff=8.93611
.Tried to Isolate 185 from 7-th head to be 3-th head
Estimate Gain -0.0024893 first tier Cost=-0.0054564;second tier gain=0.0029671
with estimate payoff=10.3026
Cand Size=4
Tried to Join 3-th head:185 to 7-th Cluster
Estimate Gain -0.808493 first tier gain=-0.000883212Second tier cost=-0.80761
with estimate payoff=10.8464
.Cand Size=3
Tried to Join 0-th head:63 to 1-th Cluster
Estimate Gain -2.04467 first tier gain=-0.0197263Second tier cost=-2.02494
with estimate payoff=12.1397
Cand Size=3
Tried to Join 0-th head:63 to 1-th Cluster
Estimate Gain -2.05339 first tier gain=-0.0197159Second tier cost=-2.03368
with estimate payoff=12.1623
Cand Size=3
Tried to Join 8-th head:10 to 6-th Cluster
Estimate Gain -2.20224 first tier gain=-0.0405604Second tier cost=-2.16168
with estimate payoff=12.5121
.Cand Size=3
Tried to Join 0-th head:63 to 1-th Cluster
Estimate Gain -1.83327 first tier gain=-0.0197244Second tier cost=-1.81354
with estimate payoff=12.1822
Cand Size=3
Tried to Join 8-th head:10 to 6-th Cluster
Estimate Gain -2.32492 first tier gain=-0.0620753Second tier cost=-2.26284
with estimate payoff=12.6858
Tried to Isolate 185 from 7-th head to be 3-th head
Estimate Gain -0.00218973 first tier Cost=-0.0054564;second tier gain=0.00326667
with estimate payoff=10.363
.Cand Size=4
Tried to Join 0-th head:63 to 1-th Cluster
Estimate Gain -0.942503 first tier gain=-0.00752919Second tier cost=-0.934974
with estimate payoff=12.0851
Cand Size=3
Tried to Join 3-th head:185 to 7-th Cluster
Estimate Gain -0.957162 first tier gain=-0.00515013Second tier cost=-0.952012
with estimate payoff=12.0976
Cand Size=2
Tried to Join 4-th head:126 to 1-th Cluster
Estimate Gain -1.03188 first tier gain=-0.00642429Second tier cost=-1.02546
with estimate payoff=12.7378
Tried to Isolate 185 from 7-th head to be 0-th head
Estimate Gain 0.00123865 first tier Cost=-0.0054564;second tier gain=0.00669505
with estimate payoff=11.9943
.Tried to Isolate 126 from 1-th head to be 3-th head
Estimate Gain 0.0163886 first tier Cost=-0.00454169;second tier gain=0.0209303
with estimate payoff=11.5384
Cand Size=3
Tried to Join 0-th head:185 to 7-th Cluster
Estimate Gain -0.951986 first tier gain=-0.00142117Second tier cost=-0.950565
with estimate payoff=12.0381
Cand Size=3
Tried to Join 0-th head:185 to 7-th Cluster
Estimate Gain -0.905305 first tier gain=-0.00142117Second tier cost=-0.903884
with estimate payoff=11.857
..Cand Size=2
Tried to Join 0-th head:185 to 7-th Cluster
Estimate Gain -0.873923 first tier gain=-0.00141913Second tier cost=-0.872503
with estimate payoff=11.1402
.Tried to Isolate 98 from 7-th head to be 4-th head
Estimate Gain 0.00452233 first tier Cost=-0.00588713;second tier gain=0.0104095
with estimate payoff=8.95815
Cand Size=4
Tried to Join 3-th head:92 to 2-th Cluster
Estimate Gain -0.72342 first tier gain=-0.00345485Second tier cost=-0.719965
with estimate payoff=9.48144
best 155   Information Ratio:0.952182
SA end up correctly
Add Times=1203
Discard Times=1252
HR Times=690
2013-09-11_20-04
2013-09-11_20-04_Best4b2Struc2ndN195_m9_FR0.9_r500.0.txt
ULSA4b2_Cluster_N195_BW180.0PW0.001_FR0.95_r500.0.txt
Computing Time -2018.797296 
End time is Wed Sep 11 20:04:21 CST 2013
Computing time is 14812 sec
