Working directory is /home/mouda/Work/Thesis/figures_src/Simulatorsrc/winULSA4b2_DC/bin/Release/runHN_FR.95_CR.48_N195_Finsed
running on host mini133
Start time is 三 9月 11 15:55:09 CST 2013
Directory is /home/mouda/Work/Thesis/figures_src/Simulatorsrc/winULSA4b2_DC/bin/Release/runHN_FR.95_CR.48_N195_Finsed
Compression Ratio 0.477365 indEntropy 10.0471
.....Cand Size=1
Tried to Join 4-th head:98 to 10-th Cluster
Estimate Gain -0.330537 first tier gain=-0.000792261Second tier cost=-0.329745
with estimate payoff=7.64163
.....Tried to Isolate 98 from 9-th head to be 4-th head
Estimate Gain -0.00374406 first tier Cost=-0.00588713;second tier gain=0.00214307
with estimate payoff=7.90659
..Cand Size=2
Tried to Join 4-th head:98 to 9-th Cluster
Estimate Gain -0.421512 first tier gain=-0.00266641Second tier cost=-0.418845
with estimate payoff=8.02363
Cand Size=1
Tried to Join 10-th head:92 to 5-th Cluster
Estimate Gain -0.449937 first tier gain=-0.0134829Second tier cost=-0.436454
with estimate payoff=7.73186
.Cand Size=1
Tried to Join 10-th head:92 to 5-th Cluster
Estimate Gain -0.460834 first tier gain=-0.0102279Second tier cost=-0.450606
with estimate payoff=8.02871
.Cand Size=1
Tried to Join 10-th head:92 to 1-th Cluster
Estimate Gain -0.452373 first tier gain=-0.024776Second tier cost=-0.427597
with estimate payoff=7.84598
..Cand Size=2
Tried to Join 10-th head:126 to 1-th Cluster
Estimate Gain -0.520647 first tier gain=-0.0317368Second tier cost=-0.488911
with estimate payoff=9.81586
.Cand Size=1
Tried to Join 5-th head:175 to 3-th Cluster
Estimate Gain -1.02796 first tier gain=-0.0398242Second tier cost=-0.988138
with estimate payoff=10.3981
.....Tried to Isolate 98 from 1-th head to be 4-th head
Estimate Gain -0.00430176 first tier Cost=-0.00588713;second tier gain=0.00158537
with estimate payoff=7.76805
.Cand Size=2
Tried to Join 4-th head:98 to 0-th Cluster
Estimate Gain -0.484035 first tier gain=-0.000544004Second tier cost=-0.483491
with estimate payoff=8.18738
.Tried to Isolate 185 from 3-th head to be 4-th head
Estimate Gain -0.0054564 first tier Cost=0;second tier gain=-0.0054564
with estimate payoff=8.12148
.Tried to Isolate 92 from 1-th head to be 5-th head
Estimate Gain -0.00642836 first tier Cost=0;second tier gain=-0.00642836
with estimate payoff=8.81863
Cand Size=4
Tried to Join 5-th head:92 to 8-th Cluster
Estimate Gain -0.487902 first tier gain=-0.0571955Second tier cost=-0.430707
with estimate payoff=9.34445
Cand Size=4
Tried to Join 5-th head:92 to 8-th Cluster
Estimate Gain -0.455289 first tier gain=-0.0571955Second tier cost=-0.398094
with estimate payoff=9.00056
....Cand Size=4
Tried to Join 3-th head:175 to 7-th Cluster
Estimate Gain -0.379752 first tier gain=-0.0333574Second tier cost=-0.346394
with estimate payoff=6.43544
.Tried to Isolate 126 from 1-th head to be 3-th head
Estimate Gain -0.00454169 first tier Cost=0;second tier gain=-0.00454169
with estimate payoff=6.28145
.Cand Size=4
Tried to Join 1-th head:111 to 0-th Cluster
Estimate Gain -0.286349 first tier gain=-0.0072735Second tier cost=-0.279076
with estimate payoff=6.61276
Cand Size=3
Tried to Join 4-th head:141 to 9-th Cluster
Estimate Gain -0.45082 first tier gain=-0.0124195Second tier cost=-0.4384
with estimate payoff=8.3661
..Cand Size=1
Tried to Join 3-th head:10 to 0-th Cluster
Estimate Gain -0.434993 first tier gain=-0.00136173Second tier cost=-0.433631
with estimate payoff=8.06835
.Tried to Isolate 126 from 0-th head to be 1-th head
Estimate Gain -0.000702143 first tier Cost=-0.00454169;second tier gain=0.00383954
with estimate payoff=6.72659
.Cand Size=1
Tried to Join 1-th head:126 to 5-th Cluster
Estimate Gain -0.382182 first tier gain=-0.0493391Second tier cost=-0.332843
with estimate payoff=6.5804
Cand Size=1
Tried to Join 1-th head:126 to 5-th Cluster
Estimate Gain -0.368544 first tier gain=-0.0475136Second tier cost=-0.32103
with estimate payoff=6.6356
......Tried to Isolate 185 from 7-th head to be 1-th head
Estimate Gain 0.0166487 first tier Cost=-0.0054564;second tier gain=0.0221051
with estimate payoff=5.99036
Cand Size=1
Tried to Join 1-th head:185 to 0-th Cluster
Estimate Gain -0.259085 first tier gain=-0.0127321Second tier cost=-0.246353
with estimate payoff=6.12618
...Tried to Isolate 141 from 9-th head to be 1-th head
Estimate Gain 0.026982 first tier Cost=-0.00681387;second tier gain=0.0337959
with estimate payoff=6.4709
.Tried to Isolate 80 from 7-th head to be 3-th head
Estimate Gain -0.00921237 first tier Cost=-0.0105885;second tier gain=0.00137617
with estimate payoff=6.10852
Tried to Isolate 193 from 0-th head to be 4-th head
Estimate Gain -0.0115484 first tier Cost=-0.0123101;second tier gain=0.000761766
with estimate payoff=6.00828
..Cand Size=3
Tried to Join 4-th head:193 to 0-th Cluster
Estimate Gain -0.294042 first tier gain=0.000366478Second tier cost=-0.294408
with estimate payoff=6.05172
Tried to Isolate 98 from 1-th head to be 4-th head
Estimate Gain -0.00588713 first tier Cost=0;second tier gain=-0.00588713
with estimate payoff=6.08165
.Cand Size=3
Tried to Join 4-th head:98 to 0-th Cluster
Estimate Gain -0.487185 first tier gain=-0.0169252Second tier cost=-0.47026
with estimate payoff=6.55905
Cand Size=3
Tried to Join 4-th head:98 to 0-th Cluster
Estimate Gain -0.420423 first tier gain=-0.0120604Second tier cost=-0.408362
with estimate payoff=7.28351
.Cand Size=3
Tried to Join 3-th head:141 to 9-th Cluster
Estimate Gain -0.409598 first tier gain=-0.00386381Second tier cost=-0.405734
with estimate payoff=7.23126
Tried to Isolate 141 from 9-th head to be 3-th head
Estimate Gain -0.00614086 first tier Cost=-0.00681387;second tier gain=0.000673012
with estimate payoff=6.38074
.Tried to Isolate 126 from 5-th head to be 10-th head
Estimate Gain -0.00420122 first tier Cost=-0.00454169;second tier gain=0.000340464
with estimate payoff=6.35642
Cand Size=4
Tried to Join 10-th head:126 to 5-th Cluster
Estimate Gain -0.342461 first tier gain=-0.00123786Second tier cost=-0.341223
with estimate payoff=6.65776
Cand Size=3
Tried to Join 4-th head:98 to 0-th Cluster
Estimate Gain -2.14335 first tier gain=-0.0147261Second tier cost=-2.12862
with estimate payoff=8.56802
.Cand Size=2
Tried to Join 3-th head:141 to 9-th Cluster
Estimate Gain -0.339144 first tier gain=-0.0124808Second tier cost=-0.326663
with estimate payoff=6.63711
..Tried to Isolate 141 from 9-th head to be 3-th head
Estimate Gain -0.00587222 first tier Cost=-0.00681387;second tier gain=0.000941651
with estimate payoff=7.21302
Cand Size=3
Tried to Join 3-th head:141 to 9-th Cluster
Estimate Gain -0.399499 first tier gain=-0.00485834Second tier cost=-0.39464
with estimate payoff=7.59202
Cand Size=2
Tried to Join 1-th head:154 to 9-th Cluster
Estimate Gain -0.399649 first tier gain=0.000273507Second tier cost=-0.399923
with estimate payoff=7.54743
..Cand Size=1
Tried to Join 5-th head:63 to 0-th Cluster
Estimate Gain -0.385222 first tier gain=-0.0492251Second tier cost=-0.335997
with estimate payoff=6.93397
.Tried to Isolate 74 from 0-th head to be 1-th head
Estimate Gain 0.0504495 first tier Cost=-0.00741545;second tier gain=0.0578649
with estimate payoff=7.77116
Cand Size=1
Tried to Join 1-th head:74 to 0-th Cluster
Estimate Gain -0.481511 first tier gain=-0.00672871Second tier cost=-0.474783
with estimate payoff=8.20118
Cand Size=1
Tried to Join 1-th head:74 to 0-th Cluster
Estimate Gain -0.484154 first tier gain=-0.00672871Second tier cost=-0.477425
with estimate payoff=8.20382
Tried to Isolate 52 from 0-th head to be 3-th head
Estimate Gain 0.00768934 first tier Cost=-0.0101947;second tier gain=0.017884
with estimate payoff=7.52024
.Cand Size=2
Tried to Join 3-th head:52 to 0-th Cluster
Estimate Gain -0.451588 first tier gain=-0.00631864Second tier cost=-0.445269
with estimate payoff=8.00423
Tried to Isolate 141 from 9-th head to be 4-th head
Estimate Gain -0.00572306 first tier Cost=-0.00681387;second tier gain=0.0010908
with estimate payoff=7.25231
.Cand Size=3
Tried to Join 3-th head:52 to 8-th Cluster
Estimate Gain -0.362177 first tier gain=-0.0426001Second tier cost=-0.319577
with estimate payoff=6.65965
.Cand Size=2
Tried to Join 4-th head:141 to 0-th Cluster
Estimate Gain -0.408615 first tier gain=-0.0165976Second tier cost=-0.392017
with estimate payoff=7.12715
.Tried to Isolate 126 from 1-th head to be 3-th head
Estimate Gain 0.0102476 first tier Cost=-0.00454169;second tier gain=0.0147893
with estimate payoff=6.74166
Tried to Isolate 52 from 8-th head to be 4-th head
Estimate Gain 0.00750207 first tier Cost=-0.0101947;second tier gain=0.0176968
with estimate payoff=6.25867
Cand Size=3
Tried to Join 1-th head:84 to 0-th Cluster
Estimate Gain -0.280251 first tier gain=-0.00315511Second tier cost=-0.277096
with estimate payoff=6.54976
....Cand Size=2
Tried to Join 4-th head:107 to 2-th Cluster
Estimate Gain -0.372435 first tier gain=-0.0143879Second tier cost=-0.358047
with estimate payoff=7.48345
Tried to Isolate 98 from 3-th head to be 1-th head
Estimate Gain -0.00588713 first tier Cost=0;second tier gain=-0.00588713
with estimate payoff=7.31962
.Cand Size=2
Tried to Join 3-th head:10 to 0-th Cluster
Estimate Gain -0.399513 first tier gain=-0.00266041Second tier cost=-0.396852
with estimate payoff=7.68538
.Cand Size=1
Tried to Join 1-th head:98 to 0-th Cluster
Estimate Gain -0.411218 first tier gain=-0.0051043Second tier cost=-0.406114
with estimate payoff=7.58253
...Tried to Isolate 126 from 0-th head to be 1-th head
Estimate Gain 0.00149656 first tier Cost=-0.00454169;second tier gain=0.00603825
with estimate payoff=7.0931
Tried to Isolate 98 from 0-th head to be 3-th head
Estimate Gain 0.000623926 first tier Cost=-0.00588713;second tier gain=0.00651106
with estimate payoff=7.13036
.Cand Size=2
Tried to Join 3-th head:98 to 0-th Cluster
Estimate Gain -0.341744 first tier gain=-0.00512041Second tier cost=-0.336624
with estimate payoff=7.40864
Cand Size=1
Tried to Join 1-th head:126 to 0-th Cluster
Estimate Gain -0.351321 first tier gain=-0.0141821Second tier cost=-0.337139
with estimate payoff=7.12661
..Tried to Isolate 92 from 0-th head to be 1-th head
Estimate Gain 0.0411663 first tier Cost=-0.00642836;second tier gain=0.0475947
with estimate payoff=7.76755
.Cand Size=1
Tried to Join 1-th head:126 to 0-th Cluster
Estimate Gain -0.393755 first tier gain=-0.0206733Second tier cost=-0.373082
with estimate payoff=7.91702
..Tried to Isolate 126 from 0-th head to be 1-th head
Estimate Gain -0.000593901 first tier Cost=-0.00454169;second tier gain=0.00394779
with estimate payoff=7.02839
.Tried to Isolate 126 from 1-th head to be 3-th head
Estimate Gain -0.00454169 first tier Cost=0;second tier gain=-0.00454169
with estimate payoff=8.92884
.Tried to Isolate 141 from 9-th head to be 4-th head
Estimate Gain -0.00605522 first tier Cost=-0.00681387;second tier gain=0.000758647
with estimate payoff=7.0767
Cand Size=3
Tried to Join 4-th head:141 to 0-th Cluster
Estimate Gain -0.369537 first tier gain=-0.00954565Second tier cost=-0.359991
with estimate payoff=7.12415
Cand Size=3
Tried to Join 4-th head:141 to 9-th Cluster
Estimate Gain -0.369368 first tier gain=-0.00564306Second tier cost=-0.363725
with estimate payoff=7.12062
.Cand Size=2
Tried to Join 1-th head:111 to 0-th Cluster
Estimate Gain -0.353658 first tier gain=-0.014467Second tier cost=-0.339191
with estimate payoff=6.88965
Tried to Isolate 141 from 9-th head to be 4-th head
Estimate Gain -0.00596837 first tier Cost=-0.00681387;second tier gain=0.0008455
with estimate payoff=6.51151
.Cand Size=3
Tried to Join 4-th head:141 to 0-th Cluster
Estimate Gain -0.351904 first tier gain=-0.0117802Second tier cost=-0.340124
with estimate payoff=7.15811
Tried to Isolate 175 from 9-th head to be 5-th head
Estimate Gain -0.0086722 first tier Cost=-0.00948836;second tier gain=0.000816156
with estimate payoff=6.81488
.Cand Size=4
Tried to Join 5-th head:175 to 0-th Cluster
Estimate Gain -0.288764 first tier gain=-0.00697359Second tier cost=-0.28179
with estimate payoff=6.72008
Cand Size=4
Tried to Join 5-th head:175 to 0-th Cluster
Estimate Gain -0.278351 first tier gain=-0.00922309Second tier cost=-0.269128
with estimate payoff=6.54818
.Cand Size=3
Tried to Join 4-th head:154 to 9-th Cluster
Estimate Gain -0.52204 first tier gain=-0.0337902Second tier cost=-0.48825
with estimate payoff=7.20639
Tried to Isolate 154 from 9-th head to be 4-th head
Estimate Gain -0.00957205 first tier Cost=-0.0101165;second tier gain=0.000544404
with estimate payoff=7.09226
.Cand Size=3
Tried to Join 4-th head:154 to 7-th Cluster
Estimate Gain -0.335768 first tier gain=-0.0206871Second tier cost=-0.315081
with estimate payoff=6.67221
.Tried to Isolate 98 from 3-th head to be 4-th head
Estimate Gain -0.00588713 first tier Cost=0;second tier gain=-0.00588713
with estimate payoff=6.63729
.Tried to Isolate 185 from 4-th head to be 5-th head
Estimate Gain -0.0054564 first tier Cost=0;second tier gain=-0.0054564
with estimate payoff=6.70678
Cand Size=4
Tried to Join 3-th head:126 to 0-th Cluster
Estimate Gain -0.383949 first tier gain=-0.00691589Second tier cost=-0.377033
with estimate payoff=7.08552
Tried to Isolate 10 from 0-th head to be 3-th head
Estimate Gain -0.00669971 first tier Cost=-0.00743979;second tier gain=0.00074008
with estimate payoff=6.60643
Cand Size=4
Tried to Join 3-th head:10 to 0-th Cluster
Estimate Gain -0.330115 first tier gain=-0.00633422Second tier cost=-0.323781
with estimate payoff=6.85997
.Cand Size=2
Tried to Join 5-th head:154 to 1-th Cluster
Estimate Gain -0.30334 first tier gain=0.000640291Second tier cost=-0.30398
with estimate payoff=6.63016
.Cand Size=2
Tried to Join 5-th head:154 to 1-th Cluster
Estimate Gain -0.336809 first tier gain=0.000666715Second tier cost=-0.337476
with estimate payoff=6.97333
.Tried to Isolate 126 from 1-th head to be 3-th head
Estimate Gain -0.00421151 first tier Cost=-0.00454169;second tier gain=0.000330177
with estimate payoff=6.04852
Cand Size=3
Tried to Join 3-th head:126 to 1-th Cluster
Estimate Gain -0.273301 first tier gain=9.29834e-05Second tier cost=-0.273394
with estimate payoff=6.34499
Cand Size=2
Tried to Join 4-th head:80 to 0-th Cluster
Estimate Gain -0.284843 first tier gain=-0.0112254Second tier cost=-0.273618
with estimate payoff=6.36132
....Cand Size=3
Tried to Join 5-th head:175 to 9-th Cluster
Estimate Gain -0.331314 first tier gain=-0.00539083Second tier cost=-0.325924
with estimate payoff=6.83506
Cand Size=2
Tried to Join 1-th head:111 to 0-th Cluster
Estimate Gain -0.342188 first tier gain=-0.00919655Second tier cost=-0.332991
with estimate payoff=6.88911
..Cand Size=1
Tried to Join 4-th head:154 to 8-th Cluster
Estimate Gain -0.688053 first tier gain=-0.0988879Second tier cost=-0.589165
with estimate payoff=9.47498
.Tried to Isolate 74 from 0-th head to be 1-th head
Estimate Gain 0.078962 first tier Cost=-0.00741545;second tier gain=0.0863774
with estimate payoff=7.90976
Tried to Isolate 52 from 8-th head to be 3-th head
Estimate Gain 0.00135426 first tier Cost=-0.0101947;second tier gain=0.011549
with estimate payoff=7.71422
.Tried to Isolate 63 from 0-th head to be 5-th head
Estimate Gain -0.000105759 first tier Cost=-0.00653705;second tier gain=0.00643129
with estimate payoff=7.34741
Cand Size=4
Tried to Join 1-th head:74 to 0-th Cluster
Estimate Gain -0.339004 first tier gain=-0.0113442Second tier cost=-0.327659
with estimate payoff=6.69384
.Tried to Isolate 98 from 9-th head to be 10-th head
Estimate Gain -0.00423404 first tier Cost=-0.00588713;second tier gain=0.0016531
with estimate payoff=6.19514
Cand Size=5
Tried to Join 3-th head:52 to 0-th Cluster
Estimate Gain -0.310712 first tier gain=-0.00856234Second tier cost=-0.30215
with estimate payoff=6.37993
Cand Size=4
Tried to Join 1-th head:107 to 2-th Cluster
Estimate Gain -0.549943 first tier gain=-0.0223059Second tier cost=-0.527637
with estimate payoff=8.64532
Cand Size=4
Tried to Join 1-th head:107 to 2-th Cluster
Estimate Gain -0.527814 first tier gain=-0.0125946Second tier cost=-0.515219
with estimate payoff=8.63736
.Cand Size=4
Tried to Join 1-th head:107 to 2-th Cluster
Estimate Gain -0.504109 first tier gain=-0.0125971Second tier cost=-0.491511
with estimate payoff=8.39508
Cand Size=3
Tried to Join 4-th head:154 to 0-th Cluster
Estimate Gain -0.521232 first tier gain=-0.00862636Second tier cost=-0.512606
with estimate payoff=8.52673
.Tried to Isolate 52 from 0-th head to be 1-th head
Estimate Gain 0.0530802 first tier Cost=-0.0101947;second tier gain=0.0632749
with estimate payoff=10.8026
.Cand Size=3
Tried to Join 10-th head:98 to 0-th Cluster
Estimate Gain -0.848104 first tier gain=-0.00900065Second tier cost=-0.839103
with estimate payoff=11.4714
Cand Size=3
Tried to Join 10-th head:10 to 0-th Cluster
Estimate Gain -0.815996 first tier gain=-0.00599229Second tier cost=-0.810004
with estimate payoff=11.3235
best 144   Information Ratio:0.950518
SA end up correctly
Add Times=1165
Discard Times=1217
HR Times=758
2013-09-11_16-23
2013-09-11_16-23_Best4b2Struc2ndN195_m11_FR0.9_r500.0.txt
ULSA4b2_Cluster_N195_BW180.0PW0.001_FR0.95_r500.0.txt
Compression Ratio 0.477365 indEntropy 10.0471
.....Cand Size=1
Tried to Join 10-th head:92 to 4-th Cluster
Estimate Gain -0.268972 first tier gain=0.00122129Second tier cost=-0.270193
with estimate payoff=9.23271
Tried to Isolate 126 from 4-th head to be 10-th head
Estimate Gain -0.00428588 first tier Cost=-0.00454169;second tier gain=0.000255805
with estimate payoff=9.32924
..Cand Size=1
Tried to Join 10-th head:126 to 4-th Cluster
Estimate Gain -0.523003 first tier gain=-0.00729958Second tier cost=-0.515704
with estimate payoff=10.145
...Tried to Isolate 92 from 4-th head to be 10-th head
Estimate Gain 0.00105921 first tier Cost=-0.00642836;second tier gain=0.00748757
with estimate payoff=6.71505
......Cand Size=2
Tried to Join 4-th head:47 to 7-th Cluster
Estimate Gain -0.399306 first tier gain=-0.0751534Second tier cost=-0.324153
with estimate payoff=7.57484
.Cand Size=1
Tried to Join 10-th head:92 to 5-th Cluster
Estimate Gain -0.721127 first tier gain=-0.147833Second tier cost=-0.573294
with estimate payoff=9.74166
Cand Size=1
Tried to Join 10-th head:92 to 3-th Cluster
Estimate Gain -0.634758 first tier gain=-0.0644813Second tier cost=-0.570277
with estimate payoff=9.65529
Tried to Isolate 141 from 7-th head to be 4-th head
Estimate Gain -0.00324878 first tier Cost=-0.00681387;second tier gain=0.00356509
with estimate payoff=7.94826
Cand Size=3
Tried to Join 4-th head:141 to 7-th Cluster
Estimate Gain -0.508057 first tier gain=-0.00109346Second tier cost=-0.506963
with estimate payoff=8.85461
....Cand Size=3
Tried to Join 10-th head:10 to 0-th Cluster
Estimate Gain -0.278313 first tier gain=-0.00663945Second tier cost=-0.271673
with estimate payoff=6.81182
Tried to Isolate 92 from 2-th head to be 10-th head
Estimate Gain -0.00596396 first tier Cost=-0.00642836;second tier gain=0.000464399
with estimate payoff=6.40251
...Cand Size=4
Tried to Join 5-th head:7 to 3-th Cluster
Estimate Gain -0.174012 first tier gain=0.180008Second tier cost=-0.354019
with estimate payoff=6.9726
Cand Size=3
Tried to Join 10-th head:92 to 1-th Cluster
Estimate Gain -0.837034 first tier gain=-0.0110197Second tier cost=-0.826014
with estimate payoff=12.2986
.Tried to Isolate 74 from 2-th head to be 5-th head
Estimate Gain -0.00741545 first tier Cost=0;second tier gain=-0.00741545
with estimate payoff=11.7911
Tried to Isolate 25 from 0-th head to be 10-th head
Estimate Gain -0.0139752 first tier Cost=-0.0143918;second tier gain=0.000416643
with estimate payoff=11.9975
Cand Size=4
Tried to Join 10-th head:25 to 0-th Cluster
Estimate Gain -0.79615 first tier gain=-0.00134331Second tier cost=-0.794806
with estimate payoff=12.7259
.Tried to Isolate 7 from 3-th head to be 10-th head
Estimate Gain -0.00618906 first tier Cost=-0.0706898;second tier gain=0.0645008
with estimate payoff=12.1917
Cand Size=4
Tried to Join 10-th head:7 to 9-th Cluster
Estimate Gain -0.764994 first tier gain=0.0473089Second tier cost=-0.812303
with estimate payoff=12.6446
Cand Size=3
Tried to Join 2-th head:111 to 7-th Cluster
Estimate Gain -0.836399 first tier gain=-0.0268244Second tier cost=-0.809575
with estimate payoff=12.6523
...Cand Size=2
Tried to Join 4-th head:67 to 9-th Cluster
Estimate Gain -0.63208 first tier gain=-0.00617076Second tier cost=-0.625909
with estimate payoff=10.6069
..Cand Size=2
Tried to Join 0-th head:192 to 7-th Cluster
Estimate Gain -0.74082 first tier gain=-0.0844596Second tier cost=-0.656361
with estimate payoff=10.4807
.Tried to Isolate 142 from 7-th head to be 0-th head
Estimate Gain 0.0268754 first tier Cost=-0.110245;second tier gain=0.13712
with estimate payoff=18.185
..Tried to Isolate 185 from 5-th head to be 2-th head
Estimate Gain -0.0054564 first tier Cost=0;second tier gain=-0.0054564
with estimate payoff=7.3168
..Tried to Isolate 89 from 6-th head to be 4-th head
Estimate Gain -0.00876808 first tier Cost=-0.0129454;second tier gain=0.0041773
with estimate payoff=9.58455
Cand Size=4
Tried to Join 0-th head:142 to 9-th Cluster
Estimate Gain -0.430556 first tier gain=0.443843Second tier cost=-0.874399
with estimate payoff=10.0346
Cand Size=3
Tried to Join 5-th head:126 to 1-th Cluster
Estimate Gain -0.750799 first tier gain=-0.0222106Second tier cost=-0.728588
with estimate payoff=11.0764
Cand Size=2
Tried to Join 2-th head:175 to 7-th Cluster
Estimate Gain -0.903897 first tier gain=-0.0122875Second tier cost=-0.89161
with estimate payoff=12.756
.Tried to Isolate 92 from 1-th head to be 0-th head
Estimate Gain 0.00439286 first tier Cost=-0.00642836;second tier gain=0.0108212
with estimate payoff=11.7561
Cand Size=2
Tried to Join 0-th head:92 to 1-th Cluster
Estimate Gain -1.0723 first tier gain=-0.0220679Second tier cost=-1.05023
with estimate payoff=14.0811
.Tried to Isolate 98 from 4-th head to be 2-th head
Estimate Gain -0.00358984 first tier Cost=-0.00588713;second tier gain=0.0022973
with estimate payoff=7.0052
.Cand Size=4
Tried to Join 1-th head:191 to 6-th Cluster
Estimate Gain -0.500903 first tier gain=-0.0245704Second tier cost=-0.476332
with estimate payoff=8.1872
Cand Size=3
Tried to Join 2-th head:141 to 9-th Cluster
Estimate Gain -0.800676 first tier gain=-0.013529Second tier cost=-0.787147
with estimate payoff=8.53351
Tried to Isolate 98 from 9-th head to be 1-th head
Estimate Gain -0.00322507 first tier Cost=-0.00588713;second tier gain=0.00266206
with estimate payoff=8.82537
Cand Size=3
Tried to Join 1-th head:98 to 9-th Cluster
Estimate Gain -0.530723 first tier gain=-0.00451848Second tier cost=-0.526205
with estimate payoff=8.65477
Cand Size=2
Tried to Join 0-th head:92 to 3-th Cluster
Estimate Gain -0.776963 first tier gain=-0.0132996Second tier cost=-0.763664
with estimate payoff=9.01429
...Cand Size=1
Tried to Join 4-th head:25 to 9-th Cluster
Estimate Gain -1.06576 first tier gain=0.00393154Second tier cost=-1.06969
with estimate payoff=8.9542
...Tried to Isolate 185 from 3-th head to be 0-th head
Estimate Gain 0.00543514 first tier Cost=-0.0054564;second tier gain=0.0108915
with estimate payoff=16.0253
Tried to Isolate 25 from 4-th head to be 1-th head
Estimate Gain -0.00449769 first tier Cost=-0.0143918;second tier gain=0.00989413
with estimate payoff=9.03449
.Cand Size=2
Tried to Join 1-th head:89 to 7-th Cluster
Estimate Gain -0.413083 first tier gain=-0.0254064Second tier cost=-0.387676
with estimate payoff=7.94011
Tried to Isolate 10 from 3-th head to be 2-th head
Estimate Gain 0.0431205 first tier Cost=-0.00743979;second tier gain=0.0505602
with estimate payoff=7.64383
.Cand Size=3
Tried to Join 0-th head:185 to 3-th Cluster
Estimate Gain -0.389178 first tier gain=-0.00723686Second tier cost=-0.381941
with estimate payoff=7.76099
Cand Size=3
Tried to Join 0-th head:185 to 3-th Cluster
Estimate Gain -0.417778 first tier gain=-0.00713821Second tier cost=-0.41064
with estimate payoff=7.82942
Tried to Isolate 92 from 3-th head to be 5-th head
Estimate Gain -0.0045331 first tier Cost=-0.00642836;second tier gain=0.00189526
with estimate payoff=7.4036
Cand Size=4
Tried to Join 5-th head:92 to 3-th Cluster
Estimate Gain -0.407485 first tier gain=-0.0033001Second tier cost=-0.404184
with estimate payoff=7.70911
.Tried to Isolate 8 from 3-th head to be 5-th head
Estimate Gain -0.000456752 first tier Cost=-0.01573;second tier gain=0.0152732
with estimate payoff=8.35446
.Tried to Isolate 185 from 0-th head to be 10-th head
Estimate Gain -0.0054564 first tier Cost=0;second tier gain=-0.0054564
with estimate payoff=7.64211
Cand Size=5
Tried to Join 5-th head:8 to 6-th Cluster
Estimate Gain -0.485474 first tier gain=0.00287747Second tier cost=-0.488352
with estimate payoff=8.08784
.Cand Size=4
Tried to Join 1-th head:25 to 7-th Cluster
Estimate Gain -0.505952 first tier gain=-0.0239601Second tier cost=-0.481992
with estimate payoff=8.30639
Cand Size=3
Tried to Join 2-th head:63 to 3-th Cluster
Estimate Gain -2.9585 first tier gain=-0.00462936Second tier cost=-2.95387
with estimate payoff=35.1872
Cand Size=2
Tried to Join 0-th head:141 to 4-th Cluster
Estimate Gain -3.00282 first tier gain=-0.0468359Second tier cost=-2.95599
with estimate payoff=35.2608
.Cand Size=2
Tried to Join 10-th head:185 to 3-th Cluster
Estimate Gain -18.9491 first tier gain=-0.0121836Second tier cost=-18.9369
with estimate payoff=26.4007
.Cand Size=2
Tried to Join 0-th head:141 to 4-th Cluster
Estimate Gain -0.730161 first tier gain=-0.0103021Second tier cost=-0.719859
with estimate payoff=8.2114
.Tried to Isolate 52 from 3-th head to be 0-th head
Estimate Gain -0.00237196 first tier Cost=-0.0101947;second tier gain=0.00782275
with estimate payoff=8.16871
Cand Size=2
Tried to Join 0-th head:52 to 3-th Cluster
Estimate Gain -0.456374 first tier gain=0.000967745Second tier cost=-0.457342
with estimate payoff=8.36518
.Cand Size=2
Tried to Join 0-th head:52 to 3-th Cluster
Estimate Gain -0.421341 first tier gain=-0.0132757Second tier cost=-0.408065
with estimate payoff=8.03636
.Tried to Isolate 92 from 10-th head to be 0-th head
Estimate Gain -0.00642836 first tier Cost=0;second tier gain=-0.00642836
with estimate payoff=7.99365
Tried to Isolate 175 from 7-th head to be 1-th head
Estimate Gain 0.00068104 first tier Cost=-0.00948836;second tier gain=0.0101694
with estimate payoff=6.85588
.Cand Size=3
Tried to Join 10-th head:63 to 3-th Cluster
Estimate Gain -0.324633 first tier gain=-0.0169963Second tier cost=-0.307637
with estimate payoff=6.9201
.Cand Size=3
Tried to Join 0-th head:126 to 4-th Cluster
Estimate Gain -0.466972 first tier gain=-0.024385Second tier cost=-0.442587
with estimate payoff=7.61502
.Cand Size=2
Tried to Join 1-th head:185 to 3-th Cluster
Estimate Gain -0.405049 first tier gain=-0.0179593Second tier cost=-0.38709
with estimate payoff=7.47123
.Tried to Isolate 185 from 3-th head to be 0-th head
Estimate Gain 0.0275244 first tier Cost=-0.0054564;second tier gain=0.0329808
with estimate payoff=6.83196
Cand Size=2
Tried to Join 0-th head:185 to 3-th Cluster
Estimate Gain -0.357793 first tier gain=-0.017959Second tier cost=-0.339834
with estimate payoff=7.23802
Tried to Isolate 98 from 4-th head to be 1-th head
Estimate Gain -0.00346677 first tier Cost=-0.00588713;second tier gain=0.00242037
with estimate payoff=6.81392
.Cand Size=3
Tried to Join 0-th head:185 to 3-th Cluster
Estimate Gain -0.349385 first tier gain=-0.0179578Second tier cost=-0.331427
with estimate payoff=7.14279
Cand Size=3
Tried to Join 1-th head:155 to 9-th Cluster
Estimate Gain -0.425464 first tier gain=-0.0132845Second tier cost=-0.412179
with estimate payoff=7.57834
.Cand Size=2
Tried to Join 0-th head:185 to 3-th Cluster
Estimate Gain -0.374528 first tier gain=-0.00734854Second tier cost=-0.367179
with estimate payoff=7.46002
.Tried to Isolate 74 from 3-th head to be 1-th head
Estimate Gain -0.00601087 first tier Cost=-0.00741545;second tier gain=0.00140458
with estimate payoff=6.66243
.Cand Size=3
Tried to Join 1-th head:74 to 3-th Cluster
Estimate Gain -0.334595 first tier gain=-0.00403613Second tier cost=-0.330559
with estimate payoff=7.22953
Cand Size=2
Tried to Join 10-th head:126 to 3-th Cluster
Estimate Gain -0.35093 first tier gain=-0.00628835Second tier cost=-0.344641
with estimate payoff=7.43343
Cand Size=1
Tried to Join 0-th head:185 to 7-th Cluster
Estimate Gain -0.374308 first tier gain=-0.0317101Second tier cost=-0.342598
with estimate payoff=7.47286
....Tried to Isolate 92 from 3-th head to be 0-th head
Estimate Gain -0.000485786 first tier Cost=-0.00642836;second tier gain=0.00594257
with estimate payoff=8.32403
.Tried to Isolate 74 from 3-th head to be 1-th head
Estimate Gain -0.00443866 first tier Cost=-0.00741545;second tier gain=0.00297679
with estimate payoff=7.28548
..Cand Size=2
Tried to Join 1-th head:74 to 3-th Cluster
Estimate Gain -0.464964 first tier gain=-0.00784718Second tier cost=-0.457117
with estimate payoff=8.83897
.Tried to Isolate 89 from 4-th head to be 2-th head
Estimate Gain -0.00943029 first tier Cost=-0.0129454;second tier gain=0.00351509
with estimate payoff=7.99267
Cand Size=3
Tried to Join 2-th head:89 to 4-th Cluster
Estimate Gain -0.399015 first tier gain=0.00188566Second tier cost=-0.4009
with estimate payoff=8.01079
.Cand Size=3
Tried to Join 0-th head:8 to 7-th Cluster
Estimate Gain -0.476492 first tier gain=-0.022622Second tier cost=-0.45387
with estimate payoff=8.57172
Cand Size=3
Tried to Join 0-th head:8 to 7-th Cluster
Estimate Gain -0.492245 first tier gain=-0.0400231Second tier cost=-0.452222
with estimate payoff=8.512
Cand Size=2
Tried to Join 1-th head:74 to 7-th Cluster
Estimate Gain -2.43162 first tier gain=-0.0574598Second tier cost=-2.37416
with estimate payoff=28.5383
Tried to Isolate 55 from 7-th head to be 0-th head
Estimate Gain 0.283143 first tier Cost=-0.0188462;second tier gain=0.301989
with estimate payoff=26.5978
...Tried to Isolate 74 from 7-th head to be 1-th head
Estimate Gain 0.00216045 first tier Cost=-0.00741545;second tier gain=0.0095759
with estimate payoff=8.41837
Cand Size=2
Tried to Join 1-th head:74 to 3-th Cluster
Estimate Gain -0.53234 first tier gain=-0.0157199Second tier cost=-0.51662
with estimate payoff=8.58458
....Tried to Isolate 185 from 9-th head to be 1-th head
Estimate Gain -0.00268734 first tier Cost=-0.0054564;second tier gain=0.00276906
with estimate payoff=7.01193
.Cand Size=1
Tried to Join 1-th head:185 to 9-th Cluster
Estimate Gain -0.361098 first tier gain=-0.00626319Second tier cost=-0.354835
with estimate payoff=7.17861
.Cand Size=1
Tried to Join 1-th head:10 to 0-th Cluster
Estimate Gain -0.309208 first tier gain=0.00328977Second tier cost=-0.312497
with estimate payoff=6.95162
..Tried to Isolate 175 from 7-th head to be 1-th head
Estimate Gain -0.00290636 first tier Cost=-0.00948836;second tier gain=0.00658199
with estimate payoff=6.5493
.Cand Size=2
Tried to Join 1-th head:175 to 9-th Cluster
Estimate Gain -0.33575 first tier gain=-0.00504681Second tier cost=-0.330703
with estimate payoff=7.22537
.Cand Size=1
Tried to Join 0-th head:63 to 8-th Cluster
Estimate Gain -0.649996 first tier gain=-0.0888275Second tier cost=-0.561169
with estimate payoff=8.31427
.Tried to Isolate 63 from 8-th head to be 0-th head
Estimate Gain 0.20649 first tier Cost=-0.00653705;second tier gain=0.213027
with estimate payoff=7.55253
Cand Size=1
Tried to Join 0-th head:63 to 8-th Cluster
Estimate Gain -0.575842 first tier gain=-0.0701764Second tier cost=-0.505665
with estimate payoff=7.85478
Cand Size=1
Tried to Join 0-th head:63 to 3-th Cluster
Estimate Gain -0.432115 first tier gain=-0.0333216Second tier cost=-0.398793
with estimate payoff=7.47233
.Cand Size=1
Tried to Join 0-th head:63 to 3-th Cluster
Estimate Gain -0.411682 first tier gain=-0.0169949Second tier cost=-0.394687
with estimate payoff=7.43659
.Tried to Isolate 63 from 3-th head to be 0-th head
Estimate Gain 0.0186878 first tier Cost=-0.00653705;second tier gain=0.0252248
with estimate payoff=7.4655
.Cand Size=1
Tried to Join 0-th head:63 to 3-th Cluster
Estimate Gain -0.414744 first tier gain=-0.0169949Second tier cost=-0.397749
with estimate payoff=7.48727
.Tried to Isolate 63 from 3-th head to be 0-th head
Estimate Gain 0.0167705 first tier Cost=-0.00653705;second tier gain=0.0233076
with estimate payoff=6.92251
...Cand Size=1
Tried to Join 0-th head:63 to 3-th Cluster
Estimate Gain -0.449808 first tier gain=-0.102425Second tier cost=-0.347382
with estimate payoff=7.07811
.Cand Size=1
Tried to Join 0-th head:63 to 3-th Cluster
Estimate Gain -0.38241 first tier gain=-0.0458867Second tier cost=-0.336523
with estimate payoff=6.83276
Tried to Isolate 52 from 8-th head to be 1-th head
Estimate Gain -0.00359633 first tier Cost=-0.0101947;second tier gain=0.00659838
with estimate payoff=6.45185
Cand Size=2
Tried to Join 1-th head:52 to 3-th Cluster
Estimate Gain -0.33422 first tier gain=-0.0116364Second tier cost=-0.322583
with estimate payoff=6.70553
Cand Size=2
Tried to Join 1-th head:52 to 3-th Cluster
Estimate Gain -0.348946 first tier gain=-0.0215399Second tier cost=-0.327406
with estimate payoff=6.62596
Cand Size=2
Tried to Join 1-th head:52 to 3-th Cluster
Estimate Gain -0.335293 first tier gain=-0.0116364Second tier cost=-0.323656
with estimate payoff=6.55061
..Cand Size=1
Tried to Join 0-th head:10 to 4-th Cluster
Estimate Gain -0.368629 first tier gain=-0.0105164Second tier cost=-0.358113
with estimate payoff=7.06887
....best 138   Information Ratio:0.952025
SA end up correctly
Add Times=1126
Discard Times=1184
HR Times=598
2013-09-11_16-51
2013-09-11_16-51_Best4b2Struc2ndN195_m11_FR0.9_r500.0.txt
ULSA4b2_Cluster_N195_BW180.0PW0.001_FR0.95_r500.0.txt
Compression Ratio 0.477365 indEntropy 10.0471
......Cand Size=1
Tried to Join 10-th head:92 to 4-th Cluster
Estimate Gain -0.243636 first tier gain=0.000686369Second tier cost=-0.244323
with estimate payoff=7.55784
.Tried to Isolate 126 from 4-th head to be 10-th head
Estimate Gain -0.0038475 first tier Cost=-0.00454169;second tier gain=0.000694189
with estimate payoff=7.24143
.Cand Size=1
Tried to Join 10-th head:126 to 4-th Cluster
Estimate Gain -0.2925 first tier gain=0.000279135Second tier cost=-0.29278
with estimate payoff=7.85739
Tried to Isolate 126 from 4-th head to be 10-th head
Estimate Gain -0.00448557 first tier Cost=-0.00454169;second tier gain=5.61185e-05
with estimate payoff=7.87578
.Cand Size=2
Tried to Join 4-th head:185 to 8-th Cluster
Estimate Gain -0.372701 first tier gain=-0.0407384Second tier cost=-0.331963
with estimate payoff=8.97675
.Cand Size=1
Tried to Join 10-th head:126 to 3-th Cluster
Estimate Gain -0.55284 first tier gain=-0.0274163Second tier cost=-0.525424
with estimate payoff=12.2654
Tried to Isolate 185 from 8-th head to be 4-th head
Estimate Gain 0.159385 first tier Cost=-0.0054564;second tier gain=0.164841
with estimate payoff=12.3285
.....Tried to Isolate 111 from 8-th head to be 10-th head
Estimate Gain -0.00341336 first tier Cost=-0.0114893;second tier gain=0.00807593
with estimate payoff=6.83179
...Cand Size=3
Tried to Join 10-th head:126 to 8-th Cluster
Estimate Gain -0.263862 first tier gain=-0.0416476Second tier cost=-0.222214
with estimate payoff=6.37555
Tried to Isolate 126 from 8-th head to be 10-th head
Estimate Gain 0.0171545 first tier Cost=-0.00454169;second tier gain=0.0216961
with estimate payoff=6.617
.Cand Size=3
Tried to Join 0-th head:101 to 8-th Cluster
Estimate Gain -0.261938 first tier gain=-0.0274304Second tier cost=-0.234508
with estimate payoff=6.11417
.Cand Size=2
Tried to Join 10-th head:126 to 3-th Cluster
Estimate Gain -0.51604 first tier gain=-0.0348206Second tier cost=-0.48122
with estimate payoff=9.6948
.Tried to Isolate 101 from 8-th head to be 0-th head
Estimate Gain 0.00346408 first tier Cost=-0.0187644;second tier gain=0.0222285
with estimate payoff=11.751
.Cand Size=2
Tried to Join 4-th head:154 to 5-th Cluster
Estimate Gain -0.309219 first tier gain=0.000170673Second tier cost=-0.30939
with estimate payoff=7.17313
Cand Size=1
Tried to Join 0-th head:101 to 9-th Cluster
Estimate Gain -0.365195 first tier gain=-0.00524937Second tier cost=-0.359945
with estimate payoff=7.20731
...Tried to Isolate 98 from 5-th head to be 0-th head
Estimate Gain -0.00512837 first tier Cost=-0.00588713;second tier gain=0.000758762
with estimate payoff=8.05886
.Cand Size=1
Tried to Join 0-th head:98 to 1-th Cluster
Estimate Gain -0.388604 first tier gain=0.000114444Second tier cost=-0.388719
with estimate payoff=8.09232
...Tried to Isolate 185 from 1-th head to be 4-th head
Estimate Gain -0.00419062 first tier Cost=-0.0054564;second tier gain=0.00126578
with estimate payoff=7.36975
Tried to Isolate 92 from 1-th head to be 10-th head
Estimate Gain -0.00614091 first tier Cost=-0.00642836;second tier gain=0.000287446
with estimate payoff=6.9084
.Cand Size=4
Tried to Join 0-th head:193 to 9-th Cluster
Estimate Gain -0.397672 first tier gain=-0.00368651Second tier cost=-0.393985
with estimate payoff=7.72076
Cand Size=3
Tried to Join 1-th head:126 to 3-th Cluster
Estimate Gain -0.666253 first tier gain=-0.0348286Second tier cost=-0.631425
with estimate payoff=8.0379
.Cand Size=2
Tried to Join 10-th head:92 to 3-th Cluster
Estimate Gain -0.65787 first tier gain=-0.00144044Second tier cost=-0.656429
with estimate payoff=11.0834
Cand Size=1
Tried to Join 4-th head:141 to 5-th Cluster
Estimate Gain -0.587227 first tier gain=-0.0201794Second tier cost=-0.567047
with estimate payoff=8.89427
.Cand Size=1
Tried to Join 4-th head:185 to 5-th Cluster
Estimate Gain -0.564699 first tier gain=-0.0229265Second tier cost=-0.541773
with estimate payoff=9.2444
...............Tried to Isolate 126 from 3-th head to be 0-th head
Estimate Gain 0.0170752 first tier Cost=-0.00454169;second tier gain=0.0216169
with estimate payoff=8.82125
.Tried to Isolate 84 from 3-th head to be 1-th head
Estimate Gain 0.00802941 first tier Cost=-0.0155994;second tier gain=0.0236288
with estimate payoff=8.70964
Cand Size=2
Tried to Join 1-th head:84 to 8-th Cluster
Estimate Gain -0.401168 first tier gain=-0.0410808Second tier cost=-0.360087
with estimate payoff=8.28566
..Tried to Isolate 74 from 3-th head to be 1-th head
Estimate Gain -0.00300036 first tier Cost=-0.00741545;second tier gain=0.00441509
with estimate payoff=7.54091
Cand Size=2
Tried to Join 0-th head:98 to 5-th Cluster
Estimate Gain -0.358508 first tier gain=-0.0078022Second tier cost=-0.350706
with estimate payoff=7.89709
Cand Size=1
Tried to Join 1-th head:74 to 3-th Cluster
Estimate Gain -0.368765 first tier gain=-0.0116112Second tier cost=-0.357153
with estimate payoff=7.88662
....Tried to Isolate 52 from 8-th head to be 0-th head
Estimate Gain 0.00491969 first tier Cost=-0.0101947;second tier gain=0.0151144
with estimate payoff=7.29661
.Tried to Isolate 74 from 3-th head to be 1-th head
Estimate Gain -0.00405846 first tier Cost=-0.00741545;second tier gain=0.00335698
with estimate payoff=7.27243
Cand Size=2
Tried to Join 1-th head:74 to 3-th Cluster
Estimate Gain -0.383705 first tier gain=-0.00349317Second tier cost=-0.380212
with estimate payoff=7.81154
..Tried to Isolate 74 from 3-th head to be 1-th head
Estimate Gain -0.00390365 first tier Cost=-0.00741545;second tier gain=0.0035118
with estimate payoff=6.9944
.Cand Size=2
Tried to Join 1-th head:74 to 8-th Cluster
Estimate Gain -0.485554 first tier gain=-0.0764683Second tier cost=-0.409086
with estimate payoff=8.34638
.Tried to Isolate 10 from 9-th head to be 4-th head
Estimate Gain -0.00673172 first tier Cost=-0.00743979;second tier gain=0.000708074
with estimate payoff=7.92802
Cand Size=3
Tried to Join 4-th head:10 to 9-th Cluster
Estimate Gain -0.414545 first tier gain=-0.00300628Second tier cost=-0.411539
with estimate payoff=8.34227
.Tried to Isolate 98 from 5-th head to be 4-th head
Estimate Gain -0.00466792 first tier Cost=-0.00588713;second tier gain=0.00121922
with estimate payoff=8.0022
.Cand Size=3
Tried to Join 4-th head:98 to 8-th Cluster
Estimate Gain -0.42088 first tier gain=-0.0403076Second tier cost=-0.380572
with estimate payoff=7.77237
Cand Size=2
Tried to Join 0-th head:185 to 8-th Cluster
Estimate Gain -1.75158 first tier gain=-0.0752647Second tier cost=-1.67632
with estimate payoff=21.1482
Cand Size=2
Tried to Join 0-th head:185 to 8-th Cluster
Estimate Gain -1.75109 first tier gain=-0.0752647Second tier cost=-1.67582
with estimate payoff=21.1477
..Tried to Isolate 126 from 1-th head to be 4-th head
Estimate Gain -0.00454169 first tier Cost=0;second tier gain=-0.00454169
with estimate payoff=7.91704
.Tried to Isolate 185 from 0-th head to be 10-th head
Estimate Gain -0.0054564 first tier Cost=0;second tier gain=-0.0054564
with estimate payoff=7.49412
.Cand Size=4
Tried to Join 0-th head:98 to 8-th Cluster
Estimate Gain -0.45619 first tier gain=-0.0403077Second tier cost=-0.415882
with estimate payoff=8.20498
.Cand Size=4
Tried to Join 0-th head:98 to 9-th Cluster
Estimate Gain -0.306293 first tier gain=-0.0109013Second tier cost=-0.295392
with estimate payoff=7.10248
Tried to Isolate 126 from 4-th head to be 0-th head
Estimate Gain -0.00454169 first tier Cost=0;second tier gain=-0.00454169
with estimate payoff=6.72111
.Cand Size=4
Tried to Join 4-th head:63 to 9-th Cluster
Estimate Gain -0.30961 first tier gain=-0.0119928Second tier cost=-0.297618
with estimate payoff=7.08388
Cand Size=4
Tried to Join 4-th head:63 to 9-th Cluster
Estimate Gain -0.310346 first tier gain=-0.0119928Second tier cost=-0.298353
with estimate payoff=7.11146
Cand Size=4
Tried to Join 1-th head:8 to 9-th Cluster
Estimate Gain -0.293389 first tier gain=-0.00516054Second tier cost=-0.288229
with estimate payoff=6.98172
..Cand Size=3
Tried to Join 4-th head:63 to 9-th Cluster
Estimate Gain -0.393055 first tier gain=0.000640941Second tier cost=-0.393696
with estimate payoff=8.0168
.Cand Size=3
Tried to Join 10-th head:175 to 5-th Cluster
Estimate Gain -0.437771 first tier gain=-0.00507544Second tier cost=-0.432696
with estimate payoff=8.63015
..Cand Size=1
Tried to Join 0-th head:126 to 4-th Cluster
Estimate Gain -0.416306 first tier gain=-0.0054609Second tier cost=-0.410845
with estimate payoff=8.08499
.Tried to Isolate 98 from 9-th head to be 0-th head
Estimate Gain -0.0052354 first tier Cost=-0.00588713;second tier gain=0.000651729
with estimate payoff=8.18132
.Cand Size=2
Tried to Join 0-th head:98 to 9-th Cluster
Estimate Gain -0.37849 first tier gain=-0.00513028Second tier cost=-0.373359
with estimate payoff=7.75121
Cand Size=1
Tried to Join 4-th head:74 to 7-th Cluster
Estimate Gain -0.506078 first tier gain=-0.108998Second tier cost=-0.397081
with estimate payoff=7.86151
....Tried to Isolate 52 from 7-th head to be 0-th head
Estimate Gain 0.0353351 first tier Cost=-0.0101947;second tier gain=0.0455299
with estimate payoff=7.98221
..Cand Size=1
Tried to Join 0-th head:52 to 3-th Cluster
Estimate Gain -0.382636 first tier gain=-0.0217233Second tier cost=-0.360913
with estimate payoff=8.44462
.Tried to Isolate 74 from 7-th head to be 1-th head
Estimate Gain 0.037268 first tier Cost=-0.00741545;second tier gain=0.0446835
with estimate payoff=7.89984
Cand Size=2
Tried to Join 0-th head:57 to 3-th Cluster
Estimate Gain -0.341177 first tier gain=-0.00461489Second tier cost=-0.336562
with estimate payoff=7.96327
...Cand Size=1
Tried to Join 1-th head:63 to 9-th Cluster
Estimate Gain -0.549287 first tier gain=-0.0235529Second tier cost=-0.525734
with estimate payoff=9.7223
.Cand Size=1
Tried to Join 1-th head:63 to 9-th Cluster
Estimate Gain -0.519274 first tier gain=-0.0062865Second tier cost=-0.512987
with estimate payoff=9.6655
.Tried to Isolate 52 from 3-th head to be 0-th head
Estimate Gain 0.000896192 first tier Cost=-0.0101947;second tier gain=0.0110909
with estimate payoff=9.32888
..Cand Size=1
Tried to Join 0-th head:52 to 3-th Cluster
Estimate Gain -0.591149 first tier gain=-0.0343696Second tier cost=-0.55678
with estimate payoff=9.39902
Tried to Isolate 57 from 3-th head to be 1-th head
Estimate Gain 0.0153838 first tier Cost=-0.0296596;second tier gain=0.0450434
with estimate payoff=8.755
Cand Size=2
Tried to Join 1-th head:57 to 3-th Cluster
Estimate Gain -0.410217 first tier gain=0.0122426Second tier cost=-0.42246
with estimate payoff=8.30108
.Tried to Isolate 57 from 3-th head to be 1-th head
Estimate Gain 0.0189124 first tier Cost=-0.0296596;second tier gain=0.048572
with estimate payoff=10.3982
Tried to Isolate 141 from 5-th head to be 4-th head
Estimate Gain -0.00623108 first tier Cost=-0.00681387;second tier gain=0.000582787
with estimate payoff=10.1289
.Tried to Isolate 126 from 0-th head to be 10-th head
Estimate Gain -0.00454169 first tier Cost=0;second tier gain=-0.00454169
with estimate payoff=7.62133
...Cand Size=4
Tried to Join 1-th head:57 to 9-th Cluster
Estimate Gain -0.246031 first tier gain=0.0512273Second tier cost=-0.297258
with estimate payoff=7.26598
Cand Size=3
Tried to Join 4-th head:141 to 7-th Cluster
Estimate Gain -1.15294 first tier gain=-0.00273814Second tier cost=-1.1502
with estimate payoff=16.076
Cand Size=2
Tried to Join 10-th head:74 to 8-th Cluster
Estimate Gain -1.00583 first tier gain=-0.0387008Second tier cost=-0.967134
with estimate payoff=14.182
.Tried to Isolate 193 from 9-th head to be 1-th head
Estimate Gain 0.00996534 first tier Cost=-0.0123101;second tier gain=0.0222755
with estimate payoff=13.6204
..Tried to Isolate 101 from 9-th head to be 4-th head
Estimate Gain 0.00108529 first tier Cost=-0.0187644;second tier gain=0.0198497
with estimate payoff=11.3159
.Cand Size=2
Tried to Join 4-th head:101 to 0-th Cluster
Estimate Gain -0.803306 first tier gain=0.0122391Second tier cost=-0.815545
with estimate payoff=12.0224
..Cand Size=2
Tried to Join 4-th head:101 to 0-th Cluster
Estimate Gain -0.693914 first tier gain=0.0122404Second tier cost=-0.706154
with estimate payoff=10.8186
.Tried to Isolate 126 from 0-th head to be 10-th head
Estimate Gain -0.00282538 first tier Cost=-0.00454169;second tier gain=0.00171631
with estimate payoff=10.0854
best 152   Information Ratio:0.954659
SA end up correctly
Add Times=1128
Discard Times=1174
HR Times=641
2013-09-11_17-21
2013-09-11_17-21_Best4b2Struc2ndN195_m11_FR0.9_r500.0.txt
ULSA4b2_Cluster_N195_BW180.0PW0.001_FR0.95_r500.0.txt
Compression Ratio 0.477365 indEntropy 10.0471
..........Cand Size=1
Tried to Join 10-th head:92 to 4-th Cluster
Estimate Gain -0.297678 first tier gain=-0.00496161Second tier cost=-0.292716
with estimate payoff=6.90067
...Tried to Isolate 126 from 4-th head to be 10-th head
Estimate Gain -0.00175329 first tier Cost=-0.00454169;second tier gain=0.0027884
with estimate payoff=6.09503
.Cand Size=1
Tried to Join 10-th head:126 to 4-th Cluster
Estimate Gain -0.262855 first tier gain=-0.000144999Second tier cost=-0.26271
with estimate payoff=6.22003
Cand Size=1
Tried to Join 0-th head:101 to 4-th Cluster
Estimate Gain -0.239815 first tier gain=0.0436476Second tier cost=-0.283462
with estimate payoff=7.38277
..Tried to Isolate 52 from 8-th head to be 0-th head
Estimate Gain 0.00665886 first tier Cost=-0.0101947;second tier gain=0.0168536
with estimate payoff=9.11611
Cand Size=1
Tried to Join 0-th head:52 to 4-th Cluster
Estimate Gain -0.398595 first tier gain=0.00405705Second tier cost=-0.402652
with estimate payoff=8.10932
Tried to Isolate 126 from 4-th head to be 10-th head
Estimate Gain -0.00114822 first tier Cost=-0.00454169;second tier gain=0.00339347
with estimate payoff=6.99871
.Cand Size=2
Tried to Join 0-th head:52 to 4-th Cluster
Estimate Gain -0.335748 first tier gain=0.00345427Second tier cost=-0.339202
with estimate payoff=6.33622
.Cand Size=1
Tried to Join 10-th head:126 to 3-th Cluster
Estimate Gain -0.559676 first tier gain=-0.0164458Second tier cost=-0.54323
with estimate payoff=8.68508
Tried to Isolate 155 from 4-th head to be 0-th head
Estimate Gain 0.015749 first tier Cost=-0.0105498;second tier gain=0.0262988
with estimate payoff=11.3088
.Cand Size=1
Tried to Join 0-th head:155 to 5-th Cluster
Estimate Gain -0.491265 first tier gain=-0.0156295Second tier cost=-0.475635
with estimate payoff=7.71156
.Tried to Isolate 185 from 4-th head to be 0-th head
Estimate Gain -0.00369752 first tier Cost=-0.0054564;second tier gain=0.00175888
with estimate payoff=7.31923
..Tried to Isolate 63 from 4-th head to be 10-th head
Estimate Gain -0.00653705 first tier Cost=0;second tier gain=-0.00653705
with estimate payoff=5.98456
Cand Size=4
Tried to Join 10-th head:63 to 1-th Cluster
Estimate Gain -0.335272 first tier gain=-0.0102341Second tier cost=-0.325038
with estimate payoff=6.29462
.Cand Size=3
Tried to Join 0-th head:185 to 7-th Cluster
Estimate Gain -0.311477 first tier gain=-0.0173605Second tier cost=-0.294116
with estimate payoff=5.97038
.Cand Size=2
Tried to Join 2-th head:107 to 3-th Cluster
Estimate Gain -0.512653 first tier gain=-0.0174541Second tier cost=-0.495198
with estimate payoff=6.39222
.Cand Size=1
Tried to Join 4-th head:126 to 1-th Cluster
Estimate Gain -1.1919 first tier gain=-0.0492737Second tier cost=-1.14262
with estimate payoff=7.631
Tried to Isolate 111 from 1-th head to be 0-th head
Estimate Gain 0.0469814 first tier Cost=-0.0114893;second tier gain=0.0584707
with estimate payoff=7.67797
Cand Size=1
Tried to Join 0-th head:111 to 8-th Cluster
Estimate Gain -0.372001 first tier gain=-0.0337719Second tier cost=-0.338229
with estimate payoff=6.93783
...Tried to Isolate 98 from 9-th head to be 0-th head
Estimate Gain 0.0133294 first tier Cost=-0.00588713;second tier gain=0.0192165
with estimate payoff=6.43373
.Tried to Isolate 185 from 0-th head to be 2-th head
Estimate Gain -0.0054564 first tier Cost=0;second tier gain=-0.0054564
with estimate payoff=6.62516
..Cand Size=2
Tried to Join 2-th head:185 to 5-th Cluster
Estimate Gain -0.414826 first tier gain=-0.0238816Second tier cost=-0.390944
with estimate payoff=7.0181
.Cand Size=1
Tried to Join 0-th head:98 to 9-th Cluster
Estimate Gain -1.19121 first tier gain=-0.0461744Second tier cost=-1.14504
with estimate payoff=8.58618
.....Tried to Isolate 98 from 9-th head to be 0-th head
Estimate Gain 0.0229589 first tier Cost=-0.00588713;second tier gain=0.0288461
with estimate payoff=5.82492
.Cand Size=1
Tried to Join 0-th head:98 to 5-th Cluster
Estimate Gain -0.322673 first tier gain=-0.0117742Second tier cost=-0.310899
with estimate payoff=6.07473
.Tried to Isolate 98 from 5-th head to be 0-th head
Estimate Gain -0.00418648 first tier Cost=-0.00588713;second tier gain=0.00170065
with estimate payoff=6.03823
Cand Size=1
Tried to Join 0-th head:98 to 5-th Cluster
Estimate Gain -0.383255 first tier gain=-0.0164408Second tier cost=-0.366814
with estimate payoff=6.51006
..Tried to Isolate 126 from 0-th head to be 2-th head
Estimate Gain -0.00454169 first tier Cost=0;second tier gain=-0.00454169
with estimate payoff=5.98495
Cand Size=2
Tried to Join 0-th head:98 to 5-th Cluster
Estimate Gain -0.345644 first tier gain=-0.00634656Second tier cost=-0.339297
with estimate payoff=6.31637
.Cand Size=1
Tried to Join 2-th head:126 to 1-th Cluster
Estimate Gain -0.512525 first tier gain=-0.0261759Second tier cost=-0.48635
with estimate payoff=7.74294
.......Tried to Isolate 10 from 5-th head to be 0-th head
Estimate Gain -0.00317988 first tier Cost=-0.00743979;second tier gain=0.0042599
with estimate payoff=6.04161
.Tried to Isolate 74 from 3-th head to be 2-th head
Estimate Gain 0.0221181 first tier Cost=-0.00741545;second tier gain=0.0295336
with estimate payoff=6.01775
.Cand Size=2
Tried to Join 0-th head:10 to 6-th Cluster
Estimate Gain -0.323322 first tier gain=-0.0247021Second tier cost=-0.29862
with estimate payoff=6.05127
...Tried to Isolate 92 from 2-th head to be 0-th head
Estimate Gain -0.00630451 first tier Cost=-0.00642836;second tier gain=0.000123849
with estimate payoff=5.97737
..Cand Size=2
Tried to Join 2-th head:98 to 5-th Cluster
Estimate Gain -0.40657 first tier gain=-0.0165162Second tier cost=-0.390053
with estimate payoff=6.40992
.Cand Size=2
Tried to Join 2-th head:185 to 5-th Cluster
Estimate Gain -0.435729 first tier gain=-0.0180568Second tier cost=-0.417673
with estimate payoff=6.21781
...Cand Size=2
Tried to Join 2-th head:80 to 7-th Cluster
Estimate Gain -0.318358 first tier gain=-0.00930296Second tier cost=-0.309055
with estimate payoff=6.01783
Tried to Isolate 10 from 6-th head to be 2-th head
Estimate Gain -0.00520808 first tier Cost=-0.00743979;second tier gain=0.00223171
with estimate payoff=6.35633
.Tried to Isolate 141 from 5-th head to be 4-th head
Estimate Gain -0.00624544 first tier Cost=-0.00681387;second tier gain=0.000568427
with estimate payoff=6.43053
.Cand Size=3
Tried to Join 4-th head:141 to 5-th Cluster
Estimate Gain -0.323299 first tier gain=-0.00119686Second tier cost=-0.322103
with estimate payoff=6.22405
..Tried to Isolate 185 from 5-th head to be 4-th head
Estimate Gain -0.00519814 first tier Cost=-0.0054564;second tier gain=0.000258255
with estimate payoff=5.96904
Cand Size=3
Tried to Join 4-th head:185 to 5-th Cluster
Estimate Gain -0.322276 first tier gain=-0.000311175Second tier cost=-0.321965
with estimate payoff=6.26261
.Tried to Isolate 185 from 5-th head to be 4-th head
Estimate Gain -0.00118505 first tier Cost=-0.0054564;second tier gain=0.00427135
with estimate payoff=6.07876
Cand Size=3
Tried to Join 2-th head:10 to 6-th Cluster
Estimate Gain -0.374148 first tier gain=-0.0155754Second tier cost=-0.358573
with estimate payoff=6.36013
Cand Size=3
Tried to Join 0-th head:74 to 3-th Cluster
Estimate Gain -0.368373 first tier gain=-0.0268579Second tier cost=-0.341515
with estimate payoff=6.43368
.Tried to Isolate 74 from 3-th head to be 0-th head
Estimate Gain -0.00115372 first tier Cost=-0.00741545;second tier gain=0.00626173
with estimate payoff=6.14123
.Cand Size=3
Tried to Join 4-th head:185 to 5-th Cluster
Estimate Gain -0.346938 first tier gain=-0.00946191Second tier cost=-0.337476
with estimate payoff=6.41066
..Cand Size=2
Tried to Join 2-th head:98 to 5-th Cluster
Estimate Gain -0.336903 first tier gain=-0.0229877Second tier cost=-0.313916
with estimate payoff=6.44375
.Tried to Isolate 80 from 7-th head to be 2-th head
Estimate Gain -0.00927401 first tier Cost=-0.0105885;second tier gain=0.00131453
with estimate payoff=6.48897
.Cand Size=2
Tried to Join 2-th head:175 to 5-th Cluster
Estimate Gain -0.327956 first tier gain=-0.0055646Second tier cost=-0.322391
with estimate payoff=6.64602
..Tried to Isolate 92 from 0-th head to be 2-th head
Estimate Gain -0.00642836 first tier Cost=0;second tier gain=-0.00642836
with estimate payoff=6.35958
Cand Size=2
Tried to Join 2-th head:92 to 9-th Cluster
Estimate Gain -0.36902 first tier gain=-0.0481918Second tier cost=-0.320828
with estimate payoff=7.05098
.Cand Size=1
Tried to Join 0-th head:126 to 9-th Cluster
Estimate Gain -1.15988 first tier gain=-0.12665Second tier cost=-1.03323
with estimate payoff=15.1346
.Cand Size=1
Tried to Join 0-th head:126 to 1-th Cluster
Estimate Gain -0.825034 first tier gain=-0.0450709Second tier cost=-0.779963
with estimate payoff=6.87916
.......Tried to Isolate 141 from 5-th head to be 2-th head
Estimate Gain -0.0060606 first tier Cost=-0.00681387;second tier gain=0.000753272
with estimate payoff=6.06959
.Cand Size=2
Tried to Join 2-th head:141 to 7-th Cluster
Estimate Gain -0.34169 first tier gain=-0.00256139Second tier cost=-0.339129
with estimate payoff=6.05545
..Tried to Isolate 98 from 7-th head to be 2-th head
Estimate Gain -0.00167124 first tier Cost=-0.00588713;second tier gain=0.00421589
with estimate payoff=6.81687
.Cand Size=2
Tried to Join 0-th head:52 to 1-th Cluster
Estimate Gain -0.416904 first tier gain=-0.011712Second tier cost=-0.405192
with estimate payoff=6.76829
.Cand Size=2
Tried to Join 2-th head:98 to 5-th Cluster
Estimate Gain -0.403104 first tier gain=-0.0076339Second tier cost=-0.39547
with estimate payoff=6.70961
..Cand Size=1
Tried to Join 0-th head:126 to 1-th Cluster
Estimate Gain -0.442723 first tier gain=-0.033604Second tier cost=-0.409119
with estimate payoff=7.00307
.Cand Size=1
Tried to Join 0-th head:126 to 1-th Cluster
Estimate Gain -0.446616 first tier gain=-0.0218339Second tier cost=-0.424783
with estimate payoff=7.0989
.Tried to Isolate 126 from 0-th head to be 2-th head
Estimate Gain -0.00454169 first tier Cost=0;second tier gain=-0.00454169
with estimate payoff=6.42524
Tried to Isolate 141 from 5-th head to be 4-th head
Estimate Gain -0.00481836 first tier Cost=-0.00681387;second tier gain=0.00199551
with estimate payoff=6.259
.Tried to Isolate 10 from 6-th head to be 10-th head
Estimate Gain -0.00603892 first tier Cost=-0.00743979;second tier gain=0.00140087
with estimate payoff=6.05177
Cand Size=4
Tried to Join 4-th head:141 to 5-th Cluster
Estimate Gain -0.342957 first tier gain=-0.00268991Second tier cost=-0.340267
with estimate payoff=6.381
..Cand Size=3
Tried to Join 10-th head:10 to 6-th Cluster
Estimate Gain -0.34749 first tier gain=-0.000303172Second tier cost=-0.347187
with estimate payoff=6.33638
Cand Size=2
Tried to Join 2-th head:126 to 5-th Cluster
Estimate Gain -0.597665 first tier gain=-0.0107402Second tier cost=-0.586925
with estimate payoff=6.38448
.Cand Size=2
Tried to Join 0-th head:92 to 1-th Cluster
Estimate Gain -0.443302 first tier gain=-0.0188069Second tier cost=-0.424495
with estimate payoff=6.71775
.....Cand Size=2
Tried to Join 0-th head:52 to 8-th Cluster
Estimate Gain -0.495422 first tier gain=-0.0651053Second tier cost=-0.430317
with estimate payoff=6.44099
best 141   Information Ratio:0.959839
SA end up correctly
Add Times=1240
Discard Times=1293
HR Times=644
2013-09-11_17-49
2013-09-11_17-49_Best4b2Struc2ndN195_m11_FR0.9_r500.0.txt
ULSA4b2_Cluster_N195_BW180.0PW0.001_FR0.95_r500.0.txt
Compression Ratio 0.477365 indEntropy 10.0471
.....Cand Size=2
Tried to Join 9-th head:45 to 5-th Cluster
Estimate Gain 0.321873 first tier gain=0.577703Second tier cost=-0.25583
with estimate payoff=6.98998
...Cand Size=2
Tried to Join 4-th head:98 to 3-th Cluster
Estimate Gain -0.413333 first tier gain=-0.0723006Second tier cost=-0.341033
with estimate payoff=7.30075
...Tried to Isolate 155 from 3-th head to be 4-th head
Estimate Gain 0.0674236 first tier Cost=-0.0105498;second tier gain=0.0779734
with estimate payoff=9.17277
..Cand Size=2
Tried to Join 4-th head:155 to 0-th Cluster
Estimate Gain -0.388685 first tier gain=-0.0235501Second tier cost=-0.365135
with estimate payoff=7.70945
...Tried to Isolate 126 from 10-th head to be 9-th head
Estimate Gain -0.00381505 first tier Cost=-0.00454169;second tier gain=0.000726641
with estimate payoff=6.95128
Cand Size=3
Tried to Join 10-th head:52 to 1-th Cluster
Estimate Gain -0.309704 first tier gain=-0.00757985Second tier cost=-0.302124
with estimate payoff=7.51598
..Tried to Isolate 52 from 1-th head to be 10-th head
Estimate Gain -0.00942541 first tier Cost=-0.0101947;second tier gain=0.000769294
with estimate payoff=6.06202
...Cand Size=2
Tried to Join 9-th head:92 to 0-th Cluster
Estimate Gain -0.32895 first tier gain=-0.0121515Second tier cost=-0.316799
with estimate payoff=7.19558
Cand Size=3
Tried to Join 9-th head:92 to 0-th Cluster
Estimate Gain -0.393223 first tier gain=-0.0121515Second tier cost=-0.381071
with estimate payoff=7.53638
.Cand Size=2
Tried to Join 4-th head:98 to 0-th Cluster
Estimate Gain -0.684393 first tier gain=-0.0346525Second tier cost=-0.649741
with estimate payoff=7.92222
Tried to Isolate 185 from 4-th head to be 9-th head
Estimate Gain -0.0054564 first tier Cost=0;second tier gain=-0.0054564
with estimate payoff=7.2323
.Cand Size=3
Tried to Join 9-th head:185 to 0-th Cluster
Estimate Gain -0.314952 first tier gain=-0.0132483Second tier cost=-0.301704
with estimate payoff=7.08795
...Cand Size=3
Tried to Join 9-th head:154 to 5-th Cluster
Estimate Gain -0.471851 first tier gain=-0.0113276Second tier cost=-0.460524
with estimate payoff=7.34382
Cand Size=2
Tried to Join 4-th head:98 to 8-th Cluster
Estimate Gain -0.326523 first tier gain=-0.0403077Second tier cost=-0.286216
with estimate payoff=7.02645
.Tried to Isolate 98 from 8-th head to be 4-th head
Estimate Gain 0.210473 first tier Cost=-0.00588713;second tier gain=0.21636
with estimate payoff=9.21288
Tried to Isolate 126 from 10-th head to be 9-th head
Estimate Gain -0.00454169 first tier Cost=0;second tier gain=-0.00454169
with estimate payoff=7.04586
Cand Size=3
Tried to Join 10-th head:74 to 1-th Cluster
Estimate Gain -0.521718 first tier gain=-0.0259961Second tier cost=-0.495722
with estimate payoff=7.42399
.Tried to Isolate 74 from 1-th head to be 10-th head
Estimate Gain 0.00952566 first tier Cost=-0.00741545;second tier gain=0.0169411
with estimate payoff=6.82806
Cand Size=3
Tried to Join 10-th head:74 to 1-th Cluster
Estimate Gain -0.417577 first tier gain=-0.00784709Second tier cost=-0.40973
with estimate payoff=7.20564
Cand Size=2
Tried to Join 9-th head:126 to 1-th Cluster
Estimate Gain -0.469091 first tier gain=-0.0104141Second tier cost=-0.458676
with estimate payoff=7.34874
..Cand Size=1
Tried to Join 4-th head:98 to 8-th Cluster
Estimate Gain -0.467628 first tier gain=-0.118098Second tier cost=-0.34953
with estimate payoff=8.10535
Tried to Isolate 98 from 8-th head to be 4-th head
Estimate Gain 0.0171763 first tier Cost=-0.00588713;second tier gain=0.0230634
with estimate payoff=11.6912
Cand Size=1
Tried to Join 4-th head:98 to 7-th Cluster
Estimate Gain -0.733792 first tier gain=-0.0170707Second tier cost=-0.716721
with estimate payoff=11.6801
.Tried to Isolate 74 from 8-th head to be 4-th head
Estimate Gain 0.0110272 first tier Cost=-0.00741545;second tier gain=0.0184427
with estimate payoff=10.6911
Cand Size=1
Tried to Join 4-th head:74 to 0-th Cluster
Estimate Gain -0.503957 first tier gain=-0.0258355Second tier cost=-0.478121
with estimate payoff=9.87494
..Tried to Isolate 98 from 0-th head to be 9-th head
Estimate Gain 0.0250829 first tier Cost=-0.00588713;second tier gain=0.0309701
with estimate payoff=7.32816
....Cand Size=2
Tried to Join 9-th head:25 to 8-th Cluster
Estimate Gain -0.333994 first tier gain=-0.031803Second tier cost=-0.302191
with estimate payoff=7.7379
Tried to Isolate 25 from 8-th head to be 9-th head
Estimate Gain 0.00964866 first tier Cost=-0.0143918;second tier gain=0.0240405
with estimate payoff=13.6322
.Cand Size=2
Tried to Join 1-th head:191 to 4-th Cluster
Estimate Gain -0.248336 first tier gain=0.0658322Second tier cost=-0.314168
with estimate payoff=7.34655
Cand Size=1
Tried to Join 9-th head:25 to 4-th Cluster
Estimate Gain -0.3583 first tier gain=0.00803539Second tier cost=-0.366335
with estimate payoff=7.88581
.Tried to Isolate 185 from 4-th head to be 1-th head
Estimate Gain 0.00340597 first tier Cost=-0.0054564;second tier gain=0.00886237
with estimate payoff=7.49688
.Tried to Isolate 126 from 4-th head to be 9-th head
Estimate Gain -0.00352906 first tier Cost=-0.00454169;second tier gain=0.00101263
with estimate payoff=7.06666
..Cand Size=2
Tried to Join 9-th head:126 to 4-th Cluster
Estimate Gain -0.305715 first tier gain=0.000702961Second tier cost=-0.306418
with estimate payoff=6.94693
Tried to Isolate 126 from 4-th head to be 9-th head
Estimate Gain -0.00428195 first tier Cost=-0.00454169;second tier gain=0.000259734
with estimate payoff=7.14268
.Tried to Isolate 63 from 4-th head to be 10-th head
Estimate Gain -0.00620678 first tier Cost=-0.00653705;second tier gain=0.00033027
with estimate payoff=6.80026
Cand Size=3
Tried to Join 9-th head:74 to 4-th Cluster
Estimate Gain -0.310014 first tier gain=-0.0108635Second tier cost=-0.29915
with estimate payoff=7.21988
.Cand Size=2
Tried to Join 10-th head:63 to 4-th Cluster
Estimate Gain -0.290254 first tier gain=-0.00611597Second tier cost=-0.284138
with estimate payoff=7.14265
.Tried to Isolate 74 from 4-th head to be 9-th head
Estimate Gain -0.00722653 first tier Cost=-0.00741545;second tier gain=0.000188919
with estimate payoff=6.83814
Cand Size=3
Tried to Join 1-th head:154 to 5-th Cluster
Estimate Gain -0.301111 first tier gain=-0.00113117Second tier cost=-0.299979
with estimate payoff=7.19698
..Cand Size=1
Tried to Join 9-th head:107 to 3-th Cluster
Estimate Gain -0.303564 first tier gain=-0.0136511Second tier cost=-0.289913
with estimate payoff=7.31175
...Tried to Isolate 126 from 4-th head to be 1-th head
Estimate Gain -0.00423561 first tier Cost=-0.00454169;second tier gain=0.000306074
with estimate payoff=7.69126
Tried to Isolate 98 from 5-th head to be 9-th head
Estimate Gain -0.0048855 first tier Cost=-0.00588713;second tier gain=0.00100163
with estimate payoff=7.82776
.Tried to Isolate 141 from 5-th head to be 10-th head
Estimate Gain -0.00548949 first tier Cost=-0.00681387;second tier gain=0.00132438
with estimate payoff=7.84159
Cand Size=4
Tried to Join 10-th head:141 to 5-th Cluster
Estimate Gain -0.348525 first tier gain=-0.000812083Second tier cost=-0.347713
with estimate payoff=8.31775
Cand Size=3
Tried to Join 9-th head:98 to 5-th Cluster
Estimate Gain -0.327479 first tier gain=-0.00178347Second tier cost=-0.325695
with estimate payoff=8.12925
Cand Size=2
Tried to Join 1-th head:126 to 5-th Cluster
Estimate Gain -67.1835 first tier gain=-0.0108772Second tier cost=-67.1726
with estimate payoff=74.8789
.Cand Size=2
Tried to Join 1-th head:126 to 5-th Cluster
Estimate Gain -38.7844 first tier gain=-0.009944Second tier cost=-38.7744
with estimate payoff=46.3539
..Tried to Isolate 98 from 5-th head to be 1-th head
Estimate Gain -0.00537118 first tier Cost=-0.00588713;second tier gain=0.00051595
with estimate payoff=8.258
..Cand Size=2
Tried to Join 1-th head:185 to 5-th Cluster
Estimate Gain -0.477786 first tier gain=-0.0155559Second tier cost=-0.46223
with estimate payoff=9.29778
.Tried to Isolate 63 from 4-th head to be 9-th head
Estimate Gain -0.00601411 first tier Cost=-0.00653705;second tier gain=0.000522939
with estimate payoff=8.3662
Cand Size=3
Tried to Join 1-th head:185 to 5-th Cluster
Estimate Gain -0.881967 first tier gain=-0.0157573Second tier cost=-0.86621
with estimate payoff=9.27573
.Cand Size=4
Tried to Join 1-th head:185 to 8-th Cluster
Estimate Gain -0.484038 first tier gain=-0.112943Second tier cost=-0.371095
with estimate payoff=8.24771
.Cand Size=4
Tried to Join 4-th head:126 to 8-th Cluster
Estimate Gain -0.415632 first tier gain=-0.0416476Second tier cost=-0.373984
with estimate payoff=8.26956
Cand Size=4
Tried to Join 4-th head:126 to 8-th Cluster
Estimate Gain -0.414094 first tier gain=-0.0416477Second tier cost=-0.372446
with estimate payoff=8.19656
Tried to Isolate 126 from 8-th head to be 4-th head
Estimate Gain 0.00540948 first tier Cost=-0.00454169;second tier gain=0.00995116
with estimate payoff=8.95387
.Cand Size=4
Tried to Join 1-th head:141 to 5-th Cluster
Estimate Gain -0.444087 first tier gain=-0.00479339Second tier cost=-0.439294
with estimate payoff=9.10629
Cand Size=3
Tried to Join 4-th head:126 to 8-th Cluster
Estimate Gain -0.490747 first tier gain=-0.0416477Second tier cost=-0.4491
with estimate payoff=9.29798
.Cand Size=1
Tried to Join 3-th head:42 to 8-th Cluster
Estimate Gain -0.512778 first tier gain=-0.0164729Second tier cost=-0.496305
with estimate payoff=9.5537
Tried to Isolate 126 from 8-th head to be 1-th head
Estimate Gain 0.090324 first tier Cost=-0.00454169;second tier gain=0.0948657
with estimate payoff=9.02074
...Tried to Isolate 126 from 1-th head to be 3-th head
Estimate Gain -0.00454169 first tier Cost=0;second tier gain=-0.00454169
with estimate payoff=8.01412
Cand Size=2
Tried to Join 3-th head:10 to 9-th Cluster
Estimate Gain -0.41293 first tier gain=-0.0149711Second tier cost=-0.397959
with estimate payoff=7.66164
.Tried to Isolate 193 from 9-th head to be 3-th head
Estimate Gain 0.00322428 first tier Cost=-0.0123101;second tier gain=0.0155344
with estimate payoff=7.76189
.Cand Size=2
Tried to Join 1-th head:185 to 5-th Cluster
Estimate Gain -0.409877 first tier gain=-0.00677794Second tier cost=-0.403099
with estimate payoff=7.56177
Cand Size=2
Tried to Join 3-th head:193 to 9-th Cluster
Estimate Gain -0.400083 first tier gain=-0.00296721Second tier cost=-0.397116
with estimate payoff=7.43987
.Tried to Isolate 126 from 1-th head to be 3-th head
Estimate Gain -0.00454169 first tier Cost=0;second tier gain=-0.00454169
with estimate payoff=6.55653
.Cand Size=2
Tried to Join 3-th head:126 to 9-th Cluster
Estimate Gain -0.596448 first tier gain=-0.0137537Second tier cost=-0.582694
with estimate payoff=7.40433
..Cand Size=1
Tried to Join 1-th head:175 to 5-th Cluster
Estimate Gain -0.375025 first tier gain=0.00118729Second tier cost=-0.376213
with estimate payoff=7.26402
.Tried to Isolate 126 from 9-th head to be 1-th head
Estimate Gain 0.003403 first tier Cost=-0.00454169;second tier gain=0.00794469
with estimate payoff=6.70567
.Cand Size=1
Tried to Join 1-th head:111 to 9-th Cluster
Estimate Gain -0.412586 first tier gain=-0.0101778Second tier cost=-0.402408
with estimate payoff=7.84363
.Cand Size=1
Tried to Join 1-th head:111 to 2-th Cluster
Estimate Gain -0.383324 first tier gain=-0.0259794Second tier cost=-0.357345
with estimate payoff=7.57479
Tried to Isolate 98 from 5-th head to be 3-th head
Estimate Gain -0.005179 first tier Cost=-0.00588713;second tier gain=0.000708137
with estimate payoff=7.19165
..Tried to Isolate 98 from 3-th head to be 4-th head
Estimate Gain -0.00588713 first tier Cost=0;second tier gain=-0.00588713
with estimate payoff=7.00932
Tried to Isolate 141 from 5-th head to be 10-th head
Estimate Gain -0.00593005 first tier Cost=-0.00681387;second tier gain=0.000883816
with estimate payoff=7.00671
.Cand Size=4
Tried to Join 10-th head:141 to 8-th Cluster
Estimate Gain -0.32235 first tier gain=-0.0393809Second tier cost=-0.282969
with estimate payoff=7.04491
Cand Size=5
Tried to Join 4-th head:89 to 8-th Cluster
Estimate Gain -0.380046 first tier gain=-0.0332494Second tier cost=-0.346797
with estimate payoff=7.50252
.Cand Size=4
Tried to Join 10-th head:141 to 5-th Cluster
Estimate Gain -0.950552 first tier gain=-0.00473105Second tier cost=-0.945821
with estimate payoff=13.9112
Cand Size=3
Tried to Join 1-th head:111 to 8-th Cluster
Estimate Gain -0.408366 first tier gain=-0.0607335Second tier cost=-0.347633
with estimate payoff=7.43165
Cand Size=2
Tried to Join 1-th head:111 to 9-th Cluster
Estimate Gain -0.355388 first tier gain=-0.00658902Second tier cost=-0.348799
with estimate payoff=7.4014
.Cand Size=2
Tried to Join 1-th head:111 to 9-th Cluster
Estimate Gain -0.342407 first tier gain=-0.00658902Second tier cost=-0.335818
with estimate payoff=6.94091
Tried to Isolate 98 from 3-th head to be 1-th head
Estimate Gain -0.0056756 first tier Cost=-0.00588713;second tier gain=0.000211534
with estimate payoff=8.50074
..Tried to Isolate 92 from 3-th head to be 4-th head
Estimate Gain -0.00642836 first tier Cost=0;second tier gain=-0.00642836
with estimate payoff=7.36666
.Cand Size=3
Tried to Join 1-th head:98 to 5-th Cluster
Estimate Gain -0.441636 first tier gain=-0.00624006Second tier cost=-0.435396
with estimate payoff=7.7449
Cand Size=3
Tried to Join 3-th head:63 to 8-th Cluster
Estimate Gain -0.456387 first tier gain=-0.0396416Second tier cost=-0.416745
with estimate payoff=7.68936
.Cand Size=3
Tried to Join 1-th head:10 to 5-th Cluster
Estimate Gain -0.359998 first tier gain=-0.0025901Second tier cost=-0.357408
with estimate payoff=7.16141
.Cand Size=3
Tried to Join 3-th head:63 to 9-th Cluster
Estimate Gain -0.374023 first tier gain=-0.00766535Second tier cost=-0.366358
with estimate payoff=7.31514
Cand Size=3
Tried to Join 3-th head:63 to 9-th Cluster
Estimate Gain -0.372138 first tier gain=-0.00766535Second tier cost=-0.364472
with estimate payoff=7.27604
Tried to Isolate 98 from 5-th head to be 3-th head
Estimate Gain -0.00485158 first tier Cost=-0.00588713;second tier gain=0.00103556
with estimate payoff=6.82335
.Cand Size=3
Tried to Join 3-th head:98 to 5-th Cluster
Estimate Gain -0.37052 first tier gain=-0.00272253Second tier cost=-0.367797
with estimate payoff=7.16625
Tried to Isolate 63 from 9-th head to be 3-th head
Estimate Gain -0.00427723 first tier Cost=-0.00653705;second tier gain=0.00225983
with estimate payoff=7.03592
.Cand Size=3
Tried to Join 3-th head:63 to 9-th Cluster
Estimate Gain -0.377304 first tier gain=-0.00722196Second tier cost=-0.370082
with estimate payoff=6.93866
Tried to Isolate 98 from 5-th head to be 10-th head
Estimate Gain -0.00525174 first tier Cost=-0.00588713;second tier gain=0.000635388
with estimate payoff=6.52413
.Cand Size=4
Tried to Join 10-th head:98 to 5-th Cluster
Estimate Gain -0.428542 first tier gain=-0.00268627Second tier cost=-0.425855
with estimate payoff=7.65229
.Cand Size=3
Tried to Join 1-th head:10 to 5-th Cluster
Estimate Gain -0.347406 first tier gain=-0.00629215Second tier cost=-0.341113
with estimate payoff=6.7777
..Cand Size=2
Tried to Join 3-th head:193 to 5-th Cluster
Estimate Gain -0.315512 first tier gain=-0.00150445Second tier cost=-0.314007
with estimate payoff=6.46233
.Tried to Isolate 126 from 4-th head to be 1-th head
Estimate Gain -0.00454169 first tier Cost=0;second tier gain=-0.00454169
with estimate payoff=6.57347
Tried to Isolate 98 from 4-th head to be 3-th head
Estimate Gain -0.00588713 first tier Cost=0;second tier gain=-0.00588713
with estimate payoff=6.89739
Tried to Isolate 63 from 1-th head to be 10-th head
Estimate Gain -0.00653705 first tier Cost=0;second tier gain=-0.00653705
with estimate payoff=6.8991
.Cand Size=4
Tried to Join 3-th head:98 to 5-th Cluster
Estimate Gain -0.338499 first tier gain=-0.00517979Second tier cost=-0.33332
with estimate payoff=6.85634
Cand Size=3
Tried to Join 4-th head:185 to 5-th Cluster
Estimate Gain -0.415181 first tier gain=-0.00431582Second tier cost=-0.410866
with estimate payoff=7.73391
Cand Size=3
Tried to Join 4-th head:185 to 5-th Cluster
Estimate Gain -0.350928 first tier gain=-0.00431582Second tier cost=-0.346612
with estimate payoff=7.02637
.Tried to Isolate 63 from 10-th head to be 3-th head
Estimate Gain -0.00653705 first tier Cost=0;second tier gain=-0.00653705
with estimate payoff=6.52831
.Cand Size=4
Tried to Join 3-th head:63 to 5-th Cluster
Estimate Gain -0.314078 first tier gain=-0.00743327Second tier cost=-0.306644
with estimate payoff=7.16784
....Cand Size=4
Tried to Join 1-th head:74 to 5-th Cluster
Estimate Gain -0.33436 first tier gain=-0.00656257Second tier cost=-0.327798
with estimate payoff=6.91253
Cand Size=3
Tried to Join 3-th head:63 to 9-th Cluster
Estimate Gain -0.366424 first tier gain=-0.00755367Second tier cost=-0.35887
with estimate payoff=7.23558
.Cand Size=2
Tried to Join 4-th head:98 to 0-th Cluster
Estimate Gain -0.409555 first tier gain=-0.0245206Second tier cost=-0.385035
with estimate payoff=7.21178
.Tried to Isolate 74 from 5-th head to be 1-th head
Estimate Gain 0.0181397 first tier Cost=-0.00741545;second tier gain=0.0255552
with estimate payoff=7.21836
Cand Size=2
Tried to Join 1-th head:74 to 5-th Cluster
Estimate Gain -0.443012 first tier gain=-0.00656245Second tier cost=-0.436449
with estimate payoff=7.40041
Cand Size=2
Tried to Join 10-th head:52 to 5-th Cluster
Estimate Gain -0.439541 first tier gain=-0.00381141Second tier cost=-0.43573
with estimate payoff=7.39547
Tried to Isolate 52 from 5-th head to be 3-th head
Estimate Gain 0.522318 first tier Cost=-0.0101947;second tier gain=0.532513
with estimate payoff=8.12575
.best 154   Information Ratio:0.950773
SA end up correctly
Add Times=1242
Discard Times=1290
HR Times=661
2013-09-11_18-14
2013-09-11_18-14_Best4b2Struc2ndN195_m11_FR0.9_r500.0.txt
ULSA4b2_Cluster_N195_BW180.0PW0.001_FR0.95_r500.0.txt
Compression Ratio 0.477365 indEntropy 10.0471
.........Cand Size=1
Tried to Join 4-th head:141 to 8-th Cluster
Estimate Gain -0.374281 first tier gain=-0.131942Second tier cost=-0.24234
with estimate payoff=6.81321
..Tried to Isolate 154 from 8-th head to be 4-th head
Estimate Gain 0.0352506 first tier Cost=-0.0101165;second tier gain=0.045367
with estimate payoff=10.2841
.Cand Size=1
Tried to Join 4-th head:80 to 8-th Cluster
Estimate Gain -0.474987 first tier gain=-0.0495908Second tier cost=-0.425396
with estimate payoff=9.79147
Tried to Isolate 80 from 8-th head to be 4-th head
Estimate Gain 0.0275992 first tier Cost=-0.0105885;second tier gain=0.0381877
with estimate payoff=9.60937
Cand Size=1
Tried to Join 4-th head:80 to 3-th Cluster
Estimate Gain -0.435333 first tier gain=-0.0205727Second tier cost=-0.41476
with estimate payoff=9.59464
....Tried to Isolate 185 from 8-th head to be 4-th head
Estimate Gain 0.223084 first tier Cost=-0.0054564;second tier gain=0.22854
with estimate payoff=8.41912
Cand Size=2
Tried to Join 4-th head:185 to 5-th Cluster
Estimate Gain -0.303521 first tier gain=-0.0171665Second tier cost=-0.286354
with estimate payoff=8.15199
...Tried to Isolate 98 from 5-th head to be 4-th head
Estimate Gain -0.00417751 first tier Cost=-0.00588713;second tier gain=0.00170962
with estimate payoff=6.98509
.Cand Size=1
Tried to Join 4-th head:98 to 0-th Cluster
Estimate Gain -0.323402 first tier gain=-0.0214371Second tier cost=-0.301965
with estimate payoff=7.52815
.Cand Size=1
Tried to Join 10-th head:84 to 8-th Cluster
Estimate Gain -0.399135 first tier gain=-0.131901Second tier cost=-0.267234
with estimate payoff=7.31782
......Tried to Isolate 98 from 5-th head to be 4-th head
Estimate Gain -0.00582881 first tier Cost=-0.00588713;second tier gain=5.8322e-05
with estimate payoff=7.57429
Cand Size=3
Tried to Join 3-th head:42 to 2-th Cluster
Estimate Gain -0.427829 first tier gain=-0.132944Second tier cost=-0.294885
with estimate payoff=8.25168
.Tried to Isolate 52 from 8-th head to be 10-th head
Estimate Gain -1.30259e-06 first tier Cost=-0.0101947;second tier gain=0.0101934
with estimate payoff=8.03313
.Cand Size=4
Tried to Join 5-th head:47 to 9-th Cluster
Estimate Gain -0.410175 first tier gain=-0.0150684Second tier cost=-0.395107
with estimate payoff=8.37931
Cand Size=2
Tried to Join 10-th head:52 to 3-th Cluster
Estimate Gain -0.331546 first tier gain=-0.0563698Second tier cost=-0.275176
with estimate payoff=8.73286
.Tried to Isolate 126 from 10-th head to be 5-th head
Estimate Gain -0.00454169 first tier Cost=0;second tier gain=-0.00454169
with estimate payoff=7.94779
.Cand Size=2
Tried to Join 10-th head:92 to 4-th Cluster
Estimate Gain -0.314765 first tier gain=0.00226991Second tier cost=-0.317035
with estimate payoff=7.82412
Cand Size=2
Tried to Join 5-th head:126 to 4-th Cluster
Estimate Gain -0.292328 first tier gain=-0.000147742Second tier cost=-0.29218
with estimate payoff=7.67685
.Tried to Isolate 98 from 4-th head to be 5-th head
Estimate Gain -0.005819 first tier Cost=-0.00588713;second tier gain=6.81348e-05
with estimate payoff=6.69878
..Cand Size=3
Tried to Join 4-th head:154 to 0-th Cluster
Estimate Gain -0.407923 first tier gain=-0.0086294Second tier cost=-0.399294
with estimate payoff=8.49223
.Cand Size=2
Tried to Join 10-th head:92 to 8-th Cluster
Estimate Gain -0.441645 first tier gain=-0.0994491Second tier cost=-0.342196
with estimate payoff=8.83803
Cand Size=1
Tried to Join 5-th head:98 to 3-th Cluster
Estimate Gain -0.485659 first tier gain=-0.0846921Second tier cost=-0.400967
with estimate payoff=9.25264
..Tried to Isolate 92 from 8-th head to be 4-th head
Estimate Gain 0.012459 first tier Cost=-0.00642836;second tier gain=0.0188874
with estimate payoff=8.77833
Cand Size=1
Tried to Join 4-th head:92 to 5-th Cluster
Estimate Gain -0.336293 first tier gain=-4.01363e-05Second tier cost=-0.336253
with estimate payoff=7.12903
Cand Size=1
Tried to Join 4-th head:92 to 5-th Cluster
Estimate Gain -0.33689 first tier gain=-0.000278488Second tier cost=-0.336611
with estimate payoff=7.11968
.Cand Size=2
Tried to Join 4-th head:92 to 1-th Cluster
Estimate Gain -0.387678 first tier gain=-0.00807831Second tier cost=-0.3796
with estimate payoff=7.42122
.Tried to Isolate 92 from 1-th head to be 4-th head
Estimate Gain -0.00502951 first tier Cost=-0.00642836;second tier gain=0.00139885
with estimate payoff=7.12249
Cand Size=2
Tried to Join 4-th head:92 to 1-th Cluster
Estimate Gain -0.409151 first tier gain=-0.00807874Second tier cost=-0.401072
with estimate payoff=7.48313
..Cand Size=1
Tried to Join 5-th head:98 to 0-th Cluster
Estimate Gain -0.402403 first tier gain=-0.0385217Second tier cost=-0.363881
with estimate payoff=7.27285
Tried to Isolate 92 from 1-th head to be 4-th head
Estimate Gain -0.00498095 first tier Cost=-0.00642836;second tier gain=0.00144741
with estimate payoff=7.07877
.Tried to Isolate 185 from 5-th head to be 10-th head
Estimate Gain -0.0054564 first tier Cost=0;second tier gain=-0.0054564
with estimate payoff=6.61562
Cand Size=3
Tried to Join 4-th head:92 to 0-th Cluster
Estimate Gain -0.303081 first tier gain=-0.012148Second tier cost=-0.290933
with estimate payoff=6.4161
..Cand Size=3
Tried to Join 4-th head:92 to 1-th Cluster
Estimate Gain -0.372076 first tier gain=-0.0109506Second tier cost=-0.361125
with estimate payoff=7.14119
...Cand Size=3
Tried to Join 10-th head:80 to 0-th Cluster
Estimate Gain -0.293805 first tier gain=-0.0152419Second tier cost=-0.278563
with estimate payoff=6.83728
.Cand Size=3
Tried to Join 10-th head:80 to 0-th Cluster
Estimate Gain -0.345064 first tier gain=-0.00817034Second tier cost=-0.336894
with estimate payoff=6.64352
...Cand Size=3
Tried to Join 10-th head:80 to 7-th Cluster
Estimate Gain -0.349945 first tier gain=-0.00908357Second tier cost=-0.340861
with estimate payoff=6.86543
Tried to Isolate 92 from 4-th head to be 10-th head
Estimate Gain -0.00642836 first tier Cost=0;second tier gain=-0.00642836
with estimate payoff=6.7073
.Cand Size=3
Tried to Join 10-th head:92 to 1-th Cluster
Estimate Gain -0.316144 first tier gain=-0.00811683Second tier cost=-0.308027
with estimate payoff=6.35378
.Tried to Isolate 92 from 1-th head to be 10-th head
Estimate Gain -0.00509666 first tier Cost=-0.00642836;second tier gain=0.0013317
with estimate payoff=6.13263
Cand Size=3
Tried to Join 10-th head:92 to 3-th Cluster
Estimate Gain -0.30178 first tier gain=-0.0250666Second tier cost=-0.276713
with estimate payoff=6.38477
..Tried to Isolate 98 from 5-th head to be 10-th head
Estimate Gain -0.00588713 first tier Cost=0;second tier gain=-0.00588713
with estimate payoff=6.27604
Cand Size=4
Tried to Join 10-th head:98 to 8-th Cluster
Estimate Gain -0.321787 first tier gain=-0.0403077Second tier cost=-0.281479
with estimate payoff=7.29516
.Cand Size=3
Tried to Join 10-th head:98 to 3-th Cluster
Estimate Gain -0.309461 first tier gain=-0.0256242Second tier cost=-0.283836
with estimate payoff=7.4769
Cand Size=3
Tried to Join 10-th head:98 to 0-th Cluster
Estimate Gain -0.282134 first tier gain=-0.0116834Second tier cost=-0.270451
with estimate payoff=7.35813
.Cand Size=2
Tried to Join 4-th head:126 to 0-th Cluster
Estimate Gain -0.312154 first tier gain=-0.0133591Second tier cost=-0.298795
with estimate payoff=7.70201
Tried to Isolate 126 from 0-th head to be 4-th head
Estimate Gain 0.00428567 first tier Cost=-0.00454169;second tier gain=0.00882735
with estimate payoff=7.68827
.Cand Size=2
Tried to Join 5-th head:47 to 0-th Cluster
Estimate Gain -0.292329 first tier gain=-0.011538Second tier cost=-0.280791
with estimate payoff=7.53768
Cand Size=1
Tried to Join 4-th head:74 to 0-th Cluster
Estimate Gain -0.436957 first tier gain=-0.025482Second tier cost=-0.411475
with estimate payoff=8.60204
..Tried to Isolate 74 from 0-th head to be 4-th head
Estimate Gain 0.0385968 first tier Cost=-0.00741545;second tier gain=0.0460123
with estimate payoff=9.16132
..Tried to Isolate 185 from 0-th head to be 5-th head
Estimate Gain 0.00135217 first tier Cost=-0.0054564;second tier gain=0.00680857
with estimate payoff=7.6084
Tried to Isolate 175 from 0-th head to be 10-th head
Estimate Gain 0.0160432 first tier Cost=-0.00948836;second tier gain=0.0255316
with estimate payoff=7.52174
....Cand Size=3
Tried to Join 4-th head:126 to 1-th Cluster
Estimate Gain -0.279948 first tier gain=-0.0138542Second tier cost=-0.266094
with estimate payoff=6.69966
.Tried to Isolate 52 from 1-th head to be 4-th head
Estimate Gain -0.00916845 first tier Cost=-0.0101947;second tier gain=0.00102625
with estimate payoff=7.11845
.Cand Size=3
Tried to Join 4-th head:52 to 3-th Cluster
Estimate Gain -0.311192 first tier gain=-0.00216116Second tier cost=-0.309031
with estimate payoff=7.25962
.Cand Size=2
Tried to Join 10-th head:67 to 0-th Cluster
Estimate Gain -0.310709 first tier gain=-0.0094984Second tier cost=-0.30121
with estimate payoff=7.43985
Tried to Isolate 52 from 3-th head to be 4-th head
Estimate Gain -0.00923089 first tier Cost=-0.0101947;second tier gain=0.00096381
with estimate payoff=7.13837
Cand Size=3
Tried to Join 10-th head:67 to 0-th Cluster
Estimate Gain -0.303412 first tier gain=-0.00553095Second tier cost=-0.297881
with estimate payoff=7.43417
.Cand Size=3
Tried to Join 10-th head:67 to 8-th Cluster
Estimate Gain -0.394558 first tier gain=-0.0340224Second tier cost=-0.360536
with estimate payoff=8.19977
.Cand Size=3
Tried to Join 10-th head:67 to 8-th Cluster
Estimate Gain -0.34589 first tier gain=-0.0340224Second tier cost=-0.311868
with estimate payoff=7.62406
.Cand Size=2
Tried to Join 5-th head:47 to 7-th Cluster
Estimate Gain -0.769472 first tier gain=-0.0402753Second tier cost=-0.729196
with estimate payoff=12.3946
Tried to Isolate 67 from 8-th head to be 10-th head
Estimate Gain 0.030469 first tier Cost=-0.0121724;second tier gain=0.0426414
with estimate payoff=11.336
Cand Size=3
Tried to Join 4-th head:126 to 1-th Cluster
Estimate Gain -0.332588 first tier gain=-0.0265232Second tier cost=-0.306065
with estimate payoff=7.15774
.Cand Size=3
Tried to Join 4-th head:126 to 1-th Cluster
Estimate Gain -0.347834 first tier gain=-0.0138914Second tier cost=-0.333942
with estimate payoff=7.25258
Tried to Isolate 126 from 1-th head to be 4-th head
Estimate Gain -0.00373224 first tier Cost=-0.00454169;second tier gain=0.000809443
with estimate payoff=6.97242
.Cand Size=3
Tried to Join 5-th head:175 to 7-th Cluster
Estimate Gain -0.292463 first tier gain=-0.0203569Second tier cost=-0.272106
with estimate payoff=6.78232
.Tried to Isolate 185 from 10-th head to be 5-th head
Estimate Gain -0.0054564 first tier Cost=0;second tier gain=-0.0054564
with estimate payoff=6.78953
.Cand Size=3
Tried to Join 10-th head:67 to 9-th Cluster
Estimate Gain -0.305981 first tier gain=-0.0309355Second tier cost=-0.275045
with estimate payoff=7.07614
Cand Size=2
Tried to Join 5-th head:185 to 7-th Cluster
Estimate Gain -0.334998 first tier gain=-0.041328Second tier cost=-0.29367
with estimate payoff=7.2106
.Cand Size=3
Tried to Join 4-th head:63 to 8-th Cluster
Estimate Gain -0.367313 first tier gain=-0.0396425Second tier cost=-0.32767
with estimate payoff=7.26431
....Cand Size=2
Tried to Join 5-th head:185 to 0-th Cluster
Estimate Gain -0.292658 first tier gain=-0.0131595Second tier cost=-0.279498
with estimate payoff=6.69306
.Cand Size=1
Tried to Join 4-th head:126 to 1-th Cluster
Estimate Gain -0.322714 first tier gain=-0.010819Second tier cost=-0.311895
with estimate payoff=7.12002
Cand Size=1
Tried to Join 4-th head:126 to 1-th Cluster
Estimate Gain -0.324129 first tier gain=-0.010819Second tier cost=-0.31331
with estimate payoff=7.12144
Cand Size=1
Tried to Join 4-th head:126 to 1-th Cluster
Estimate Gain -0.322637 first tier gain=-0.010819Second tier cost=-0.311818
with estimate payoff=7.11995
Tried to Isolate 10 from 0-th head to be 5-th head
Estimate Gain -0.00686651 first tier Cost=-0.00743979;second tier gain=0.000573279
with estimate payoff=7.16751
..Tried to Isolate 126 from 5-th head to be 10-th head
Estimate Gain -0.00454169 first tier Cost=0;second tier gain=-0.00454169
with estimate payoff=6.91414
Cand Size=3
Tried to Join 5-th head:63 to 1-th Cluster
Estimate Gain -0.269428 first tier gain=-0.00693349Second tier cost=-0.262494
with estimate payoff=6.95736
.Cand Size=2
Tried to Join 10-th head:126 to 1-th Cluster
Estimate Gain -0.280319 first tier gain=-0.00898911Second tier cost=-0.27133
with estimate payoff=7.00814
Tried to Isolate 63 from 1-th head to be 5-th head
Estimate Gain -0.00472144 first tier Cost=-0.00653705;second tier gain=0.00181562
with estimate payoff=7.09955
.Tried to Isolate 141 from 4-th head to be 10-th head
Estimate Gain -0.00681387 first tier Cost=0;second tier gain=-0.00681387
with estimate payoff=7.21514
Cand Size=3
Tried to Join 4-th head:175 to 1-th Cluster
Estimate Gain -0.305418 first tier gain=-0.0093578Second tier cost=-0.29606
with estimate payoff=7.49866
Cand Size=3
Tried to Join 4-th head:175 to 0-th Cluster
Estimate Gain -0.300596 first tier gain=-0.00921654Second tier cost=-0.29138
with estimate payoff=7.38207
...Cand Size=3
Tried to Join 4-th head:175 to 0-th Cluster
Estimate Gain -0.268704 first tier gain=-0.0157266Second tier cost=-0.252977
with estimate payoff=6.66402
.Cand Size=3
Tried to Join 10-th head:10 to 0-th Cluster
Estimate Gain -0.277575 first tier gain=-0.00727656Second tier cost=-0.270298
with estimate payoff=6.7958
Cand Size=2
Tried to Join 5-th head:63 to 0-th Cluster
Estimate Gain -0.329043 first tier gain=-0.0396696Second tier cost=-0.289373
with estimate payoff=6.90668
Tried to Isolate 63 from 5-th head to be 10-th head
Estimate Gain -0.00653705 first tier Cost=0;second tier gain=-0.00653705
with estimate payoff=6.79153
.Cand Size=3
Tried to Join 10-th head:63 to 0-th Cluster
Estimate Gain -0.292744 first tier gain=-0.0119145Second tier cost=-0.28083
with estimate payoff=6.85941
Cand Size=3
Tried to Join 10-th head:63 to 0-th Cluster
Estimate Gain -0.304374 first tier gain=-0.0119145Second tier cost=-0.292459
with estimate payoff=6.38792
.Cand Size=2
Tried to Join 5-th head:111 to 1-th Cluster
Estimate Gain -0.346035 first tier gain=-0.0170713Second tier cost=-0.328964
with estimate payoff=6.71274
Tried to Isolate 111 from 1-th head to be 5-th head
Estimate Gain 0.0239801 first tier Cost=-0.0114893;second tier gain=0.0354694
with estimate payoff=6.56359
..Cand Size=2
Tried to Join 5-th head:52 to 1-th Cluster
Estimate Gain -0.379777 first tier gain=-0.0178314Second tier cost=-0.361945
with estimate payoff=7.12222
Cand Size=1
Tried to Join 4-th head:185 to 1-th Cluster
Estimate Gain -0.387828 first tier gain=-0.0241108Second tier cost=-0.363717
with estimate payoff=7.16275
.Tried to Isolate 185 from 1-th head to be 4-th head
Estimate Gain 0.0351855 first tier Cost=-0.0054564;second tier gain=0.0406419
with estimate payoff=7.1078
Cand Size=1
Tried to Join 4-th head:185 to 3-th Cluster
Estimate Gain -0.363073 first tier gain=-0.0724994Second tier cost=-0.290574
with estimate payoff=6.29152
.Tried to Isolate 126 from 0-th head to be 5-th head
Estimate Gain 0.0180937 first tier Cost=-0.00454169;second tier gain=0.0226354
with estimate payoff=5.90702
Cand Size=2
Tried to Join 5-th head:126 to 1-th Cluster
Estimate Gain -0.278379 first tier gain=-0.00678098Second tier cost=-0.271598
with estimate payoff=5.91713
.Tried to Isolate 10 from 0-th head to be 10-th head
Estimate Gain -0.00533463 first tier Cost=-0.00743979;second tier gain=0.00210516
with estimate payoff=5.61388
Cand Size=3
Tried to Join 10-th head:10 to 0-th Cluster
Estimate Gain -0.306111 first tier gain=-0.00235524Second tier cost=-0.303756
with estimate payoff=6.55137
Cand Size=3
Tried to Join 10-th head:10 to 0-th Cluster
Estimate Gain -0.307385 first tier gain=-0.00235524Second tier cost=-0.30503
with estimate payoff=6.57902
.Cand Size=2
Tried to Join 5-th head:126 to 1-th Cluster
Estimate Gain -0.272687 first tier gain=-0.0125719Second tier cost=-0.260115
with estimate payoff=5.99811
.Tried to Isolate 98 from 4-th head to be 5-th head
Estimate Gain -0.00588713 first tier Cost=0;second tier gain=-0.00588713
with estimate payoff=5.67244
Cand Size=2
Tried to Join 5-th head:98 to 3-th Cluster
Estimate Gain -0.314163 first tier gain=-0.0261319Second tier cost=-0.288031
with estimate payoff=6.15115
.Cand Size=2
Tried to Join 4-th head:185 to 1-th Cluster
Estimate Gain -0.275009 first tier gain=-0.0130236Second tier cost=-0.261985
with estimate payoff=6.30248
Tried to Isolate 185 from 1-th head to be 4-th head
Estimate Gain 0.0311075 first tier Cost=-0.0054564;second tier gain=0.0365639
with estimate payoff=6.41878
best 144   Information Ratio:0.950855
SA end up correctly
Add Times=1253
Discard Times=1307
HR Times=659
2013-09-11_18-38
2013-09-11_18-38_Best4b2Struc2ndN195_m11_FR0.9_r500.0.txt
ULSA4b2_Cluster_N195_BW180.0PW0.001_FR0.95_r500.0.txt
Computing Time 1457.600000 
End time is 三 9月 11 18:39:00 CST 2013
Computing time is 9831 sec
