18.4434
18.6766
18.6421
18.3922
18.1513
17.503
17.0488
16.8842
16.8842
16.8136
16.7309
16.9091
16.8869
16.8101
16.801
16.763
16.698
16.6673
16.5915
16.532
16.3224
16.3224
16.1118
16.076
16.2349
16.2349
16.1285
16.1285
16.2035
16.0992
16.0823
15.9522
16.0208
16.0003
15.7675
15.7538
15.4048
15.245
15.2398
15.2398
15.0107
14.8805
14.745
14.745
14.7287
14.6888
14.6219
14.5717
14.5212
14.5554
14.7939
14.9127
14.8769
15.1096
15.0393
14.8615
14.7201
14.7201
14.7201
14.4206
14.7824
14.7824
14.7824
14.7824
14.8461
14.6449
14.4429
14.3077
14.3463
14.3463
14.3195
14.4898
14.4403
14.4403
14.0555
13.9368
13.9502
13.9502
13.9701
13.9263
13.9087
13.9087
13.9087
13.6758
13.6758
13.6758
13.6976
13.2291
13.1731
12.6329
12.6329
12.7548
12.7548
12.6389
12.6155
12.8287
12.8287
12.7171
12.7171
12.6998
13.154
13.154
12.9429
13.0847
13.192
13.1869
13.4127
13.3
13.3
13.1427
13.1301
13.2427
12.9639
12.8945
12.8945
12.9247
12.9031
12.9031
12.9789
12.9031
12.6504
12.772
12.7136
12.6877
12.668
12.6739
12.6406
12.6406
12.6239
12.538
12.538
12.5613
12.5707
12.5707
12.5487
12.5487
12.5291
12.4813
12.4813
12.5042
12.5333
12.5333
12.4299
12.478
12.5332
15.7301
15.7673
15.8619
15.7078
15.7802
15.4551
15.3833
15.2818
12.2802
12.5209
12.587
11.9154
12.0397
11.9854
11.9719
11.9719
11.9941
12.1515
12.1515
12.1515
12.2693
12.264
12.1933
12.1659
12.1659
12.2156
12.232
12.2554
12.2554
12.3868
12.2345
12.2345
12.2526
12.4159
12.5064
12.4966
12.118
12.1994
12.251
12.2641
12.2546
12.2296
12.2296
12.1567
12.1375
12.014
12.0054
12.0054
11.8873
11.8639
11.8479
11.8277
11.7026
11.4918
11.414
11.3888
11.3888
11.3017
11.1844
11.0949
11.0738
11.1195
11.2019
11.158
11.4516
11.4516
11.4691
11.4347
11.3945
11.4063
11.3897
11.3575
11.4494
11.5277
11.5277
11.4716
11.4821
11.9733
12.0559
12.1012
12.2002
12.1396
12.1192
12.2618
12.2618
12.2618
12.3286
12.4461
12.4461
12.4568
12.4496
11.9688
11.9688
11.9688
11.8876
11.8876
11.7885
11.8803
11.8862
11.8862
11.8839
11.8928
11.7849
12.297
12.3056
12.3222
12.3123
12.4487
12.4373
12.4373
12.3181
12.4222
12.3407
12.2849
12.2965
12.3032
12.159
12.2554
12.2419
12.3494
12.3494
12.3494
12.3405
12.3293
12.3293
12.3183
12.2959
12.2863
12.3133
12.4461
12.5237
12.5252
12.4851
12.4252
11.7531
11.8742
11.9411
11.9411
11.9411
11.9321
11.9321
11.9205
11.8532
11.8441
11.9247
11.8209
11.83
11.7013
11.793
11.2552
11.2552
11.1715
11.1977
11.1559
11.1559
11.1559
11.162
11.171
11.1703
11.1812
11.1812
11.2927
11.3458
11.3367
11.3903
11.3903
11.3791
11.4831
11.4806
11.4551
11.4407
11.416
11.456
11.5344
11.5344
11.728
11.634
11.6175
11.6268
11.6052
11.5317
11.5158
11.723
11.715
11.6961
11.7934
11.7934
11.7869
11.8469
11.9637
11.9637
11.8602
11.9415
11.9123
11.8169
11.8169
11.8169
11.8169
11.708
11.8787
11.8236
11.8236
11.7591
11.7671
11.8227
11.8311
11.5354
11.5971
11.7558
11.6605
11.7822
11.7878
11.7786
11.9134
11.8786
11.842
11.84
11.8317
11.8215
11.8287
11.8423
11.043
11.1371
11.1371
11.1059
11.0985
11.0985
10.0267
10.0444
9.93226
9.93226
9.93226
9.90144
9.86084
9.94891
9.9429
9.9429
9.89407
10.004
10.0123
10.0185
10.1403
10.1403
10.1065
10.0556
10.0556
10.0836
10.1892
10.1239
10.2123
10.117
10.0966
10.0966
10.0868
10.1363
10.1677
10.1783
10.1783
10.1362
10.1301
10.2095
10.2531
10.2206
10.2631
10.2544
10.2479
10.2479
9.80049
9.7032
9.42303
9.5005
9.53535
9.52681
9.5349
9.5168
9.62372
9.70971
9.71584
9.71584
9.70448
9.68874
9.66772
9.75783
9.86094
9.75255
9.71621
9.71621
9.7075
9.7075
9.7075
9.71299
9.70511
9.64287
9.64287
9.59942
9.59942
9.68701
9.7305
9.65909
9.72922
9.76817
9.76817
9.76817
9.8181
10.1022
10.0991
10.1397
10.1196
10.3691
10.4494
10.4413
10.4413
10.1858
10.1858
10.1886
10.0667
10.0591
10.0645
10.1356
10.4647
10.5379
10.4186
10.0385
10.0265
9.94154
9.99933
9.99933
9.99273
9.85111
10.0838
10.1467
10.0076
10.0144
10.0144
9.95362
10.0238
10.0298
9.99905
10.0078
9.93463
9.34924
9.36223
9.35352
9.34592
9.37354
9.37354
9.38038
9.42247
9.33905
9.27282
9.3082
9.32333
9.8834
9.85495
9.96755
10.2561
10.2561
10.2561
10.2749
10.2749
10.2266
10.273
10.2318
10.2318
10.3281
10.445
10.445
10.4767
10.4691
10.5069
10.4254
10.4241
10.4496
10.443
10.5151
10.4696
10.7569
10.7569
10.8234
10.7663
10.7663
10.7663
10.4777
10.5886
10.8262
10.8347
10.9493
10.5131
10.2727
10.2727
10.2727
10.2221
10.2221
10.2221
10.2674
10.2582
10.2582
10.3465
10.3621
10.4205
10.5748
10.5003
10.5799
10.3471
10.3542
10.2365
10.2365
10.1498
10.0526
9.9716
9.9716
9.92971
9.99512
9.8559
9.80639
9.73819
9.73819
9.74649
9.7717
9.7717
9.7717
9.7717
9.78614
9.79497
9.85456
9.83168
9.82457
9.74933
9.74933
9.75242
9.75242
9.79786
9.79772
9.73899
9.73899
9.72353
9.69594
9.97181
9.94271
9.87316
9.87509
10.0073
9.99969
9.93071
10.0002
9.78427
9.99276
9.99276
10.0937
10.1329
10.2425
10.2345
10.1798
10.1534
10.179
10.1142
10.2156
10.2156
10.2156
10.2952
10.2875
10.3221
10.2971
10.1805
10.1805
10.1805
10.3018
10.2664
10.1658
10.2426
10.2426
10.3025
10.3026
10.28
10.1877
9.75804
9.69463
9.79249
9.82224
9.82847
9.82847
9.89388
9.98431
9.9548
9.9631
9.95887
9.86784
9.91612
9.91612
9.969
9.85945
9.84062
9.82647
9.94564
9.98418
9.94892
10.0455
9.93745
9.93745
9.90951
9.18869
9.1233
9.04375
9.07657
9.07657
9.04476
9.05653
9.3489
9.3489
9.36466
9.36187
9.35077
8.99342
9.04857
9.04857
9.08008
9.08008
9.05797
9.05797
9.04425
9.06984
9.12367
9.13309
9.12367
9.11567
9.10425
9.11844
8.98433
8.98414
8.93069
8.93316
8.93316
8.93316
8.98326
9.00806
8.98326
8.99031
8.98512
8.91045
8.93873
8.93412
8.93412
8.98541
9.05836
9.05836
9.1123
9.08094
9.51921
9.51921
9.51679
9.58477
9.66991
9.72754
9.69926
9.46225
9.46225
9.51219
9.5245
9.53218
9.55122
9.50883
9.50538
9.48746
9.48746
9.48746
9.33398
9.28069
9.26251
9.2905
9.28282
9.28804
9.26675
9.26868
9.24193
9.34712
9.33884
9.23308
9.22278
9.23547
9.30576
9.1406
9.17837
9.16423
9.01628
8.55315
8.54107
8.529
8.65369
8.62353
8.63695
8.63695
8.48085
8.53986
8.5539
8.50099
8.50099
8.49697
8.49697
8.48435
8.48435
8.53103
8.53103
8.64913
8.63508
8.63047
8.63047
8.69603
8.75006
8.73626
8.79509
8.79509
8.79509
8.79509
8.79509
8.74781
8.74781
8.75025
8.79676
8.79676
8.78864
8.76224
8.85909
8.43096
8.41791
8.55959
8.54756
8.55644
8.55644
8.61098
8.61867
8.61867
8.61867
8.71694
8.71966
8.71966
8.7182
8.7182
8.64618
8.66098
8.67569
8.70448
8.71894
8.66215
8.66215
8.65007
8.65007
8.58192
8.54196
8.47983
8.43325
8.43325
8.43325
8.26619
8.25197
8.25197
8.27878
8.35473
8.34755
8.34755
8.39702
8.39702
8.38199
8.3743
8.3743
8.35992
8.33591
8.33318
8.35103
8.36324
8.33602
8.34693
8.34693
8.31964
8.34172
8.19698
8.16443
8.18853
8.21771
8.1402
8.1073
8.08174
8.10858
8.06141
8.08069
8.14257
8.07292
8.0029
7.97819
7.97819
7.9157
7.9157
7.97543
8.43716
8.44628
8.44628
8.51623
8.51623
8.54616
8.55963
8.55075
8.59991
8.58667
8.58667
8.60391
8.6864
8.85605
8.85088
8.90986
8.82462
8.79518
8.77906
8.83567
8.84028
8.8081
8.81367
8.8401
8.88218
8.74719
8.8093
8.8093
8.81203
8.82525
8.77652
8.56149
8.55688
8.5016
8.39947
8.96156
8.97716
8.97716
8.97716
8.96156
8.98523
8.99414
8.99414
8.99414
8.96885
9.08449
8.89347
8.92119
8.91847
8.93228
8.95587
8.91739
8.91739
8.89372
8.93232
8.93232
8.93232
8.29091
8.29091
8.29091
8.26151
8.2673
8.2507
8.40934
8.45263
8.44068
8.43489
8.28799
8.37209
8.37209
8.29978
8.35666
8.36677
8.43345
8.18418
8.18418
8.18418
8.16249
8.16249
8.21774
8.29626
8.29626
8.19451
8.19451
8.18012
8.05998
8.07387
8.06245
8.04141
8.06214
8.07027
8.07027
8.07027
8.07732
8.07732
7.97764
7.96525
7.96525
7.98871
7.98871
7.83667
7.83667
7.89286
7.90866
7.9875
7.9762
7.96162
8.03974
8.0527
8.0527
8.04954
8.05611
7.94372
7.91409
7.97832
7.96312
7.98727
7.91
7.89754
7.88508
8.10566
8.18645
8.29831
8.31078
8.31078
8.31078
8.30177
8.28165
8.27521
8.26871
8.28761
8.29173
8.29173
8.29173
8.29173
8.29173
8.28448
8.27817
8.27817
8.27817
8.44922
8.16017
8.17142
8.18281
8.18991
8.17697
8.15232
8.13591
8.13591
8.17032
8.1187
8.10178
8.06179
8.14475
8.13024
8.30491
8.30491
8.29269
8.28127
8.18961
8.12127
8.12127
8.12127
7.97266
7.97266
7.98599
8.05891
11.0425
11.0098
11.0311
11.0247
11.0247
11.0247
11.2771
11.722
11.722
11.7432
11.7432
11.724
11.7135
11.694
11.694
12.3555
12.3555
12.3761
12.3555
12.2492
12.2492
12.2492
12.2584
12.2584
12.2584
12.5796
12.4917
12.4917
12.5036
12.5181
12.5242
12.5295
12.5889
12.5732
12.5417
15.3213
15.3093
15.2941
15.2527
15.2527
15.1913
15.1913
15.2794
15.2601
15.4436
15.2154
15.2154
15.4683
15.4683
15.453
15.4576
15.4576
15.481
15.4873
15.4638
15.4281
15.3979
15.0573
15.0573
14.8689
14.8627
10.1809
10.3539
10.2605
10.421
10.421
10.421
10.3624
10.3751
10.386
10.4656
10.386
10.3295
10.3169
10.3169
10.3311
10.3311
10.5068
10.5068
10.5459
10.5599
10.6202
10.6683
10.6828
10.7869
10.7296
10.7241
10.7241
10.7361
10.8234
10.7993
10.7993
10.8974
10.9404
10.6512
10.6336
10.6095
13.8046
13.8495
14.7912
14.8925
14.8925
14.9074
14.9194
14.9194
14.9194
14.9194
14.933
14.933
14.8808
14.8689
14.8689
15.3138
15.307
15.3316
15.3316
15.2423
15.2423
15.245
15.245
15.168
14.9694
14.9694
14.9682
14.9056
14.9056
14.9056
14.9056
14.8926
14.9007
14.9007
14.9233
14.8531
15.1229
15.1229
15.1229
15.2555
15.2555
15.383
15.4039
15.4936
15.3886
15.3886
15.3283
15.3283
15.3459
15.3039
15.3039
15.3269
15.2649
15.2253
15.2265
15.2346
15.3048
15.2843
15.2843
15.2843
15.2843
15.2686
15.2439
15.1797
15.2002
15.2147
15.1929
15.1657
15.1657
15.1587
15.2723
15.2723
15.2578
15.2578
15.2578
15.2221
16.1256
16.1256
16.1253
16.1693
16.15
16.15
16.15
16.15
16.15
16.138
16.2074
16.1372
16.313
16.3128
16.2954
16.2954
16.2954
16.2403
16.3214
16.3187
16.3187
16.3187
16.3187
16.3392
16.3639
13.1782
12.9752
13.2562
13.2577
13.3871
13.3871
13.4073
13.4073
13.4073
13.1227
13.1824
13.1317
13.1534
13.1534
13.0404
13.1462
13.2184
13.0032
12.9851
12.9851
12.9592
12.9592
12.9592
12.9592
12.9592
12.9467
12.9467
12.9467
12.9467
12.9467
12.9408
12.9408
13.0431
13.0431
13.0369
13.2513
13.2513
13.2513
13.2513
13.2513
13.2549
13.2201
13.2247
13.2334
13.2479
13.2479
13.2479
13.2479
13.2353
13.2353
13.3038
13.1932
13.1932
13.1932
13.1551
13.1726
13.2265
13.2432
13.2487
13.0274
13.0274
13.0203
13.1208
13.1033
13.1033
13.2816
13.2816
13.1836
13.2207
13.2062
13.2002
13.2369
13.2203
13.2203
13.4128
12.0881
12.1575
12.1111
12.0599
12.0858
12.0069
12.0186
12.0186
12.0069
12.0378
13.7263
13.9144
13.9144
13.728
13.728
13.6959
13.9576
11.787
11.7075
11.6828
11.6828
11.6828
11.6973
11.5996
11.6161
11.6076
11.6076
11.6076
11.6076
10.2224
10.2959
10.3076
10.3156
10.3156
10.4003
10.4003
10.4003
10.4003
10.3934
10.3934
10.3934
10.3934
10.3199
10.3258
10.3258
10.3258
10.3258
10.3258
10.2458
10.2511
10.2511
10.2716
10.2725
10.2815
10.2815
10.2815
10.2815
10.2815
10.3598
10.4091
10.4091
10.3826
10.3826
10.3706
10.3718
10.3615
10.4139
10.4167
10.4167
10.4576
10.4576
10.5894
10.5679
10.5679
10.5679
10.5649
10.5649
10.5649
10.5426
10.5426
10.6031
10.6031
10.6171
10.7221
10.7221
10.7221
10.6845
10.6845
10.6711
10.5972
10.5945
10.6178
10.5415
10.4212
10.4212
10.4212
10.3317
10.3814
10.4392
10.4821
10.4902
10.4902
10.5838
10.5941
10.5715
10.003
9.92772
9.96928
9.71838
9.72462
9.59113
9.58493
9.52623
9.45763
9.5022
9.51568
9.5545
9.52868
9.52567
9.51531
9.54089
9.5012
9.41766
9.41766
9.41766
9.35828
9.30041
9.28559
9.12433
9.23894
9.24882
9.27513
9.21432
9.21432
9.24689
9.23763
9.27292
9.28126
8.83244
8.80552
8.75907
8.8527
8.8527
8.8168
8.96595
9.01023
9.01023
8.47
8.47
8.34321
8.34321
8.34321
8.30468
8.27765
8.32387
8.32387
8.32387
8.47505
8.47505
8.47505
8.47505
8.456
8.69123
8.69123
8.69123
8.59606
8.5873
8.59767
8.56502
8.56502
8.56989
8.56989
8.59229
8.59229
8.59229
8.61239
8.70978
8.70978
8.72514
8.73389
8.65834
8.61215
8.55588
8.55726
8.70018
8.84488
8.75453
8.75453
8.68978
8.76751
8.78753
8.78753
8.74467
8.74467
8.75904
8.75904
8.74294
8.78511
8.77057
8.72981
8.64852
8.66624
8.65087
8.5909
8.5909
8.5909
8.57815
8.51744
8.56893
8.58112
8.58112
8.58112
8.56888
8.58447
8.58447
8.52424
8.60619
8.58864
8.55307
8.57873
8.56837
8.60812
9.52961
9.52342
9.51048
9.55796
9.88011
9.85323
9.90224
9.9161
9.9161
9.86226
8.71191
8.70541
8.57202
8.57202
8.68218
9.34898
9.37855
9.37855
9.33117
9.33555
9.15711
9.14708
8.38968
8.38968
8.38372
8.35268
8.35678
8.34476
8.33151
8.32564
8.32564
8.19779
8.21721
8.21721
8.27659
8.2939
8.2939
8.2939
10.0425
10.0943
9.71427
9.73032
9.73032
9.75652
9.75562
9.86963
9.82451
9.82451
9.79953
9.83289
9.85198
9.83589
9.81647
9.82683
9.82683
9.82683
9.82683
9.82683
9.82683
9.87792
9.69385
9.2602
9.69385
9.69385
9.67658
9.67658
9.66621
9.66621
9.66621
10.8995
10.8278
10.4271
10.6404
10.9056
10.8428
10.8428
10.8823
10.8823
10.8973
10.8542
10.8595
10.7882
10.7882
10.7975
10.7975
10.7866
10.8339
10.8339
10.7985
10.8107
10.8107
11.0081
11.4039
11.3913
11.4063
11.3969
11.2966
8.7564
8.75845
8.76562
8.76562
8.81525
8.80035
8.8264
8.90853
8.90853
8.86216
8.86216
8.86216
8.86216
8.86216
8.6704
8.68427
8.66809
8.66809
8.66809
8.66809
8.66809
8.68074
8.64536
8.66409
8.66409
8.70361
8.70361
8.73728
8.78095
8.77864
8.79173
8.79173
8.79173
8.79173
8.94176
8.9174
9.06565
8.92194
8.8253
8.8253
8.38818
8.38818
8.36606
8.43934
8.43934
8.4419
8.31001
8.34786
8.27211
8.39408
8.39807
8.39807
8.3735
8.61881
8.70344
8.65924
8.65924
8.4628
8.4628
8.34447
8.32685
8.30384
8.30384
8.32503
8.29201
8.29201
8.27776
8.27776
8.24071
8.24071
8.26014
8.0661
8.0477
8.0477
8.02767
8.14919
8.14919
8.14919
7.99753
8.06216
8.0415
8.06811
8.05408
8.02929
8.2528
8.2528
8.2528
8.24157
8.08607
8.15843
8.44908
8.44908
8.59768
8.58759
8.51646
8.52392
8.63574
8.6894
8.6894
8.57636
8.60212
8.59584
8.62117
8.63238
8.6359
8.68905
8.68147
8.69547
8.669
8.70357
8.73316
8.8191
8.92009
8.92009
8.92009
9.0107
8.92009
8.81273
8.81273
8.83325
8.84807
8.84807
8.87073
8.76349
8.72432
8.73677
8.748
8.76613
8.75253
8.77319
8.77319
8.70714
8.70785
8.70785
8.72204
8.65468
8.67255
8.78611
8.67255
8.69429
8.39754
8.39362
7.26638
7.2858
7.29509
7.37262
7.35563
7.35563
7.35563
7.43036
7.39871
7.44289
7.44289
7.3678
7.31925
7.34011
7.3869
7.3776
7.22077
7.17276
6.99018
7.02948
7.02047
6.90286
6.8823
6.86523
6.86523
6.91205
6.83003
6.8106
6.78741
6.78741
6.78741
6.78741
6.81873
6.77551
6.78707
6.78707
6.78707
6.81253
6.81253
6.78707
6.78707
6.78707
6.78707
6.78707
6.82353
6.72646
6.73666
6.73666
6.46882
6.63607
6.63607
6.6207
6.6096
6.60697
6.60697
6.57533
6.57533
6.55367
6.60906
6.61199
6.64791
6.55183
6.567
6.55552
6.48563
6.48563
6.4531
6.4531
6.4531
6.45228
6.45228
6.45228
6.41713
6.37779
6.43929
6.49782
6.54001
6.52871
6.52871
6.43578
6.43578
6.38584
6.37636
6.363
6.37609
6.44249
6.44249
6.44249
6.41372
6.40023
6.34866
7.56384
7.22131
7.20578
7.56048
7.56048
7.49753
7.49753
7.75036
7.79668
7.79668
7.81074
7.74158
7.70377
7.71339
7.67348
7.67348
7.67348
7.68596
7.8756
7.8756
7.84934
7.84934
7.86108
7.90079
7.89022
7.93152
7.97266
8.00085
7.26251
7.28617
7.2437
6.98275
6.98275
7.05733
7.11969
7.08219
7.08219
7.17675
7.22134
7.22134
7.22134
7.20872
7.20872
7.20872
7.20872
7.20872
7.20872
7.20872
7.20872
7.20872
7.20872
7.16037
7.16037
7.16037
7.16037
7.16037
7.16037
7.16037
7.16037
7.16037
7.1435
7.15435
7.15435
7.08605
6.80463
6.84707
6.86892
6.78315
6.78315
6.76584
6.79381
6.85511
6.76079
6.81717
6.89022
6.82726
6.78564
6.67257
6.67257
6.7072
6.756
6.756
6.72442
6.72442
6.76699
6.76699
6.73566
6.73566
6.73566
6.67891
6.6299
6.39492
6.53831
6.53941
6.49744
6.80217
6.8339
6.4066
6.4066
6.8339
6.79786
6.50535
6.57826
6.52861
6.56569
6.59672
6.59672
6.64469
6.60311
6.63253
6.64987
6.7117
6.35216
6.45957
6.45957
6.45957
6.46648
6.4294
6.52875
6.44306
6.39072
6.39072
6.33746
6.4237
6.41132
6.40142
6.20503
6.29198
6.30252
6.25886
6.4592
6.42235
6.42235
6.47345
6.44271
6.42687
6.42687
6.41785
6.38188
6.38188
6.1791
6.38188
6.35202
6.43045
6.4529
6.43364
6.94604
6.84665
6.76689
6.92877
6.92877
6.97766
6.97766
6.97766
6.59292
6.61256
6.59433
6.60793
6.55696
6.55696
6.62514
6.60456
6.67817
6.70431
6.6476
6.6476
6.76567
6.78625
6.9154
6.9154
6.88228
6.88228
6.93419
6.93419
6.93419
6.96521
7.03689
7.03689
7.04845
7.04074
7.08639
7.08639
7.08639
7.12311
7.12311
7.14934
7.14934
7.14934
6.9695
6.91418
6.91418
6.91418
6.94343
6.94343
6.94343
6.94343
6.92593
6.87252
6.87252
6.87252
7.0434
6.87252
6.77291
6.78844
6.75725
6.74611
6.71327
6.69952
6.63441
6.63441
6.61484
6.65715
6.68219
6.68219
6.65172
6.81491
6.88085
6.81322
6.88178
6.8693
6.92779
6.92779
6.92779
6.96004
7.0301
6.99336
6.99336
7.06068
7.03458
7.03458
6.93308
6.93308
6.8715
6.95734
6.8715
6.8976
6.93113
6.8976
6.87256
6.83146
6.83146
6.83146
6.83146
6.88564
6.94874
6.82017
6.8092
6.88137
6.88137
6.88137
6.88137
6.96573
6.96573
6.99148
6.99148
6.81331
6.77101
6.7916
6.7916
6.86708
6.86708
6.86708
6.97472
6.94396
6.94396
6.89721
6.87662
6.88422
7.01301
7.01573
6.97914
6.93163
6.9442
6.9442
7.16403
7.55448
7.52557
7.52557
7.52557
7.54473
7.52359
7.46959
7.51695
7.67282
7.67282
7.69494
7.66125
7.52675
7.55967
7.55967
7.60576
7.62567
7.69181
7.71618
7.55031
7.59567
7.65176
7.65176
7.59567
7.60515
7.60515
7.60515
7.61644
7.61644
7.59207
7.62212
7.69718
7.73055
7.57998
7.7078
7.74579
7.71574
7.66917
7.66917
7.63702
7.68083
7.6718
7.44976
7.44976
7.44976
7.43375
7.43375
7.42454
7.4025
7.4025
7.41922
7.41469
7.39797
7.58192
7.59861
7.64086
7.64086
7.51659
7.57543
7.61618
7.60882
7.62212
7.58867
7.58867
7.53839
7.53642
7.53642
7.53642
7.52312
7.66703
7.65012
7.32726
7.36348
7.36348
7.3547
7.39449
7.36698
7.36698
7.3977
6.6415
6.6415
6.6415
6.6415
6.56326
6.72472
6.96639
6.91557
6.75919
6.80905
6.81042
6.91903
6.90043
6.88219
6.83641
6.78496
6.71109
6.7337
6.73823
6.73823
6.72966
6.80958
6.80958
6.80958
6.80958
6.80197
6.80197
6.78139
6.78139
6.63457
6.63457
6.64336
6.64336
6.64336
6.64336
6.64336
6.64336
6.63507
6.6853
6.68826
6.68826
7.16944
7.16944
7.34515
7.24576
7.28396
7.30023
7.27997
7.27997
7.20497
7.2932
7.2932
7.2932
7.34129
7.33432
7.37836
7.37836
7.37836
7.37836
7.42798
7.42798
7.38068
7.38837
7.41049
7.4017
7.41454
7.37002
7.3479
7.12505
7.136
7.136
7.09163
7.19724
6.85315
6.81769
6.80878
6.80878
6.80878
6.83661
6.74691
6.74691
6.81988
6.79289
6.74029
6.69327
6.62949
6.62949
6.67271
6.63471
6.67117
6.63147
6.61809
6.61809
6.42024
6.75648
6.98009
7.00989
7.10561
7.11452
7.01757
7.04026
7.04905
6.97927
6.95617
6.89967
6.92025
6.92025
6.96378
6.955
7.41033
7.41033
7.41033
7.40507
7.47025
7.46257
7.51387
7.52266
7.51649
7.64978
7.17812
7.17812
7.13581
7.14069
7.14069
7.18636
7.13897
7.13897
7.13897
7.13897
7.06124
7.50847
7.5036
7.48935
7.51548
7.46986
7.41739
7.41739
7.41739
7.41739
7.40288
7.40288
7.40288
7.53026
7.65319
7.66664
7.68472
7.72309
7.74453
7.70621
7.70018
7.70018
7.68769
7.68088
7.75381
7.81908
7.838
7.79449
7.75354
7.74807
7.70186
7.7495
7.79197
7.67203
7.72174
7.72174
7.70371
7.70371
7.72267
7.72267
7.72267
7.1642
7.10376
7.12722
7.10914
7.10914
7.10914
7.08685
7.13721
7.12187
7.0862
7.0862
7.10493
7.05728
7.08397
7.09972
7.16473
7.15538
7.18158
7.21198
7.23253
7.21917
6.98968
6.73088
6.73088
6.78167
6.81122
6.83242
6.8059
6.80762
6.78326
6.78876
6.79767
6.92166
6.92166
6.79767
6.7832
6.78846
6.78846
6.75056
6.70315
6.69667
6.71556
6.70787
6.69657
6.26893
6.2901
6.41629
6.39397
6.2736
6.11605
6.11605
6.11595
6.11045
6.11795
6.15076
5.88896
5.88896
5.90101
5.87724
5.72785
5.75166
5.75166
5.71764
5.6834
5.99247
5.94406
5.91973
5.91066
5.91066
5.91669
5.85765
5.85765
5.81189
5.7701
5.89079
5.71837
5.71837
5.93035
5.97475
6.23261
6.23261
6.26318
6.29754
6.29754
6.32384
6.3372
6.3372
6.3645
6.47872
6.46996
6.55402
6.45671
6.58531
6.43826
6.43826
6.39424
6.36148
6.36756
6.11964
6.11964
6.11234
5.95316
5.91657
5.92328
5.92328
5.96132
5.95028
5.95515
5.97673
5.96531
5.92477
5.93875
5.93266
5.92663
5.96138
6.19589
6.18313
6.18313
6.25972
6.2241
6.2241
6.2241
6.23383
6.18476
6.18476
6.18476
6.18476
6.18476
6.23977
6.26754
6.26754
6.23216
6.32039
6.36122
6.33253
6.33253
6.34454
6.34454
6.35004
6.39111
6.37909
6.45722
6.46492
6.49869
6.41603
6.37776
6.45633
6.37776
6.37776
6.37776
6.36382
6.36382
6.36382
6.07374
6.07374
6.07374
5.87237
5.88534
5.71859
5.71859
5.70973
5.70973
5.69076
5.69076
5.68404
5.64311
5.64311
5.67331
5.60762
5.60762
5.6358
5.62517
5.61224
5.61224
5.61224
5.73665
5.73665
5.61224
5.61224
5.61224
6.04052
6.04052
6.04052
6.04052
6.05511
6.07626
6.03294
6.07289
6.10002
6.05179
6.08322
6.08322
6.0893
6.06938
6.06938
6.13716
6.13716
6.13716
5.94543
5.94989
5.9418
5.9418
6.13353
6.13353
5.91583
5.91583
5.92484
5.90614
5.96295
5.99448
5.95421
6.08091
6.07565
6.08111
5.99912
6.01047
6.01047
6.01134
6.01696
6.05138
6.16084
6.19654
6.18519
6.19827
6.15829
6.15829
6.17159
6.17159
6.17072
6.05881
6.06403
6.05503
6.00104
6.03471
5.99449
5.99449
5.99449
6.02237
5.99637
5.94169
5.94169
5.97894
5.97894
5.94169
5.93369
5.92841
5.96277
5.92788
6.01402
6.01402
6.29575
6.29575
6.26909
6.26909
6.25579
6.25579
6.23458
6.23458
6.23458
6.23458
6.23458
6.25579
6.26104
5.95245
5.97011
5.97011
5.9
5.90602
5.9
5.9
5.83585
5.88979
5.87214
5.87214
5.85093
5.84445
5.839
5.839
5.893
5.94942
5.91285
5.98044
5.98044
5.79797
5.79797
5.84302
5.84302
5.80138
5.83595
5.86816
5.80179
5.85211
5.71251
5.7514
5.75685
5.75685
5.71252
5.71252
5.73122
5.73122
5.71252
5.71252
5.71252
5.7174
5.7174
5.7174
5.72204
5.72204
5.72204
5.69036
5.65394
5.65394
5.60729
5.60729
5.67732
5.76142
5.79389
5.79389
5.70734
5.70734
5.70734
5.70734
5.69099
5.69099
5.66733
5.67639
5.67639
5.6983
5.74466
5.74466
5.71578
5.66942
5.66942
5.66942
5.66942
5.68298
5.72143
5.72143
5.71017
5.71017
5.71917
5.71917
5.68071
5.68071
5.65338
5.66256
5.75277
5.75277
5.77959
5.77139
5.77139
5.79251
5.81559
5.81973
5.81973
5.81973
5.81973
5.83409
5.82895
5.84023
5.94418
5.94418
5.87293
5.87293
5.87293
5.88128
5.83621
5.80927
5.85083
5.74742
5.77025
5.79024
5.67105
5.67105
5.70272
5.70272
5.70272
5.60893
5.57672
5.53937
5.59713
5.59713
5.59713
5.56963
5.53807
5.59775
5.59303
5.59303
5.59303
5.95542
5.94831
6.03521
6.02808
6.02206
6.02206
6.02206
6.02206
6.02479
6.02479
6.02206
5.98696
6.15234
6.14332
6.14332
6.14332
6.24914
6.24914
6.24914
6.28704
6.28704
6.10946
6.33727
6.348
6.31966
6.82066
6.82066
6.82066
6.77665
6.78364
6.78364
6.82676
6.82676
6.82676
6.40844
6.36236
6.38082
6.30471
6.30471
6.26128
6.19033
6.17027
6.25192
6.24494
6.22529
6.16572
6.16572
6.22904
6.1724
6.1724
6.1724
6.18944
6.2208
6.2208
6.17369
6.29039
6.32105
6.35582
6.35582
6.37723
6.37723
6.36346
6.38667
6.38667
6.40118
6.2843
6.2843
6.2843
6.30244
6.27923
6.26047
6.23538
6.24132
6.26066
6.26066
6.29999
6.29999
6.26964
6.35994
6.36264
6.27356
6.25133
6.16586
6.15995
6.12089
6.11816
6.08771
6.06813
6.06813
6.11368
6.08975
6.08975
6.04007
6.04007
6.09388
6.22493
6.22493
6.22493
6.4105
6.3921
6.43124
6.33104
6.32391
6.30249
6.34246
6.30705
6.28243
7.06906
7.16659
7.21249
7.18132
7.21759
7.13788
7.15675
7.10784
7.10784
7.07889
7.08611
7.25463
7.29482
7.21446
7.17815
7.30217
7.37403
7.37403
7.37403
7.3723
7.39962
7.40135
7.63677
7.74326
7.69846
7.69846
7.69846
7.74326
7.79104
7.79104
7.77343
7.76255
7.78349
7.41263
7.41263
7.41535
7.41535
6.69739
6.73991
6.79163
6.75283
6.71919
6.60048
6.62566
6.58264
6.60264
6.60264
6.42999
6.42727
6.42727
6.4481
6.40685
6.29354
6.30742
6.30742
6.28345
6.3063
6.36686
6.39324
6.1846
6.01265
5.98866
5.98866
5.95431
5.95431
5.95431
5.95431
5.95431
5.90737
5.94955
5.98
5.98
5.98
5.87138
6.41204
6.41204
6.4371
6.40837
6.45737
6.45737
6.43901
6.43239
6.62951
6.5997
6.41913
6.39411
6.39411
6.42878
6.40974
6.43041
6.45515
6.45515
6.45515
6.47532
6.521
6.521
6.53986
6.56551
6.58274
6.55909
6.55909
6.51984
6.37595
6.37595
6.34461
6.32199
6.32199
6.28805
6.28805
6.28805
6.28805
6.31856
6.32569
6.32569
6.29518
6.29518
6.26996
6.31573
6.22228
6.37339
6.4075
6.30859
6.31639
6.28228
6.25946
6.25946
6.25946
6.23278
6.27202
6.27202
6.23356
6.08367
6.08367
6.07709
6.18688
6.41365
6.38495
6.38495
6.33918
6.33918
6.3635
6.4805
6.47337
6.47337
6.44905
6.61765
6.61765
6.60185
6.57284
6.57284
6.60185
6.62877
6.64123
6.67712
6.71107
6.52763
6.52763
6.72153
6.76888
6.79272
6.79272
6.75494
6.77683
6.68876
6.68876
6.69905
6.70177
6.65522
6.65522
6.65522
6.61146
6.61146
6.64071
6.59581
6.59581
6.59309
6.56028
6.50334
6.57632
6.60099
6.60099
6.55537
6.55537
6.57066
6.60548
6.55972
6.53905
6.56897
6.56897
6.56897
6.62052
6.58824
6.6258
6.82108
6.78862
6.76508
6.76508
6.74258
6.74956
6.5895
6.5895
6.58129
6.58843
6.58843
6.52684
6.52684
6.53661
6.51661
6.61669
6.64068
6.70227
6.72414
6.66255
6.66255
6.66255
6.66255
6.66255
6.66528
6.64341
6.68389
6.65388
6.63197
6.63197
6.56187
6.56187
6.56187
6.58344
6.61428
6.61428
7.09266
7.14922
7.1465
7.1465
7.15315
7.15315
7.01595
6.96769
6.96769
6.96769
6.96769
6.96769
6.96769
6.99286
6.87766
6.87766
6.80859
6.76633
6.76633
6.76633
6.75846
6.75132
6.76161
6.68981
6.76206
6.74476
6.74476
6.7687
6.7687
6.77881
6.78391
6.81579
6.81579
6.80065
6.83045
6.65937
6.45935
6.45656
6.45656
6.48383
6.51933
6.51933
6.27478
6.27478
6.28171
6.28171
6.27048
6.27048
6.27048
6.2924
6.2924
6.28461
6.28354
6.28354
6.27656
6.37068
6.04366
6.04366
6.02449
6.00145
6.00145
6.00145
6.00145
6.17924
6.17924
6.13487
5.95646
6.07952
6.07952
6.15589
6.15589
6.15589
6.33429
6.40983
6.33102
6.14428
6.10561
6.37841
6.37841
6.37841
6.37841
6.56881
6.60866
6.61965
6.61965
6.61965
6.56457
6.56457
7.18227
7.18227
7.1329
7.1329
7.1329
7.16125
7.53309
7.63032
7.63032
7.63032
7.63032
7.62076
7.62076
7.62076
7.62076
7.62076
7.62076
7.57835
7.20408
7.22535
7.18447
7.18447
7.18447
7.98098
7.98098
7.98098
7.98098
8.02743
8.03015
8.03015
8.03729
7.95579
7.94581
7.94581
7.96985
7.96713
7.7216
7.73283
7.73283
7.77944
7.70457
7.70457
7.72817
7.73476
7.74114
7.74114
7.74114
7.73918
7.75554
7.75554
7.72322
7.69681
7.69681
7.68045
7.68045
7.73047
7.72416
7.7533
7.74816
7.57028
7.57028
7.54628
7.54628
7.31323
7.31323
7.30422
7.27196
7.26194
7.34689
7.34024
7.37421
7.37421
7.38574
7.38574
7.38942
6.6776
6.70182
6.70182
6.70848
6.74514
6.70848
6.70848
6.70848
6.50423
6.49349
6.55471
6.55471
6.55471
6.49349
6.48682
6.41137
6.41137
6.37219
6.36378
6.36378
6.40106
6.4582
6.4582
6.4582
6.44423
6.47111
6.47111
6.47111
6.47111
6.47111
6.45328
6.45787
6.43309
6.40497
6.43175
6.40081
6.41754
6.39199
6.82224
6.82224
6.813
6.82966
7.02806
7.00863
7.07893
7.5681
7.5681
7.5681
7.5681
7.58332
7.96824
7.99101
7.99101
8.03472
8.04567
7.84335
7.80737
7.80737
7.84271
7.84271
7.79643
7.80104
7.80104
7.80104
7.83666
7.83666
7.83666
7.82389
7.82389
7.82389
7.82389
7.82526
7.82345
7.71889
7.71363
7.72326
7.71363
7.70357
7.80202
7.54391
7.54391
7.54391
7.55114
7.55114
7.55114
7.55114
7.65409
7.75965
7.75965
7.69898
7.69898
7.69898
7.70427
7.70427
7.70143
7.70143
7.70143
7.70143
7.70143
7.70143
7.70143
7.70143
7.65616
6.97411
7.04196
7.05773
7.05773
7.14582
7.14582
7.15551
7.15551
7.08033
7.07639
7.06593
7.24333
7.25235
7.3091
7.3091
7.27482
7.15639
7.15639
7.15639
7.15639
7.16586
7.12694
7.12925
7.13429
7.19994
7.17047
7.15198
7.10802
7.10802
7.10802
7.099
7.11483
7.11483
7.11252
7.06574
7.06574
7.08217
7.03282
7.02448
7.25605
7.25605
7.25605
7.25605
7.2361
7.2361
7.21931
7.21931
7.24809
7.23005
7.23005
7.24061
7.24061
7.24061
7.22208
7.22606
7.23954
7.18755
7.11697
7.23367
7.23367
7.23367
7.16469
7.16469
7.16469
7.16469
7.17299
7.17299
7.17299
7.17299
7.17299
7.19907
7.20896
7.13983
7.17703
7.17703
7.10251
7.10251
7.10251
7.10251
7.10107
7.10107
7.10277
7.10284
7.10284
7.09038
7.08639
7.08639
7.08639
7.10828
7.06742
7.04504
7.13215
7.1756
7.20446
7.21096
7.21096
7.21096
7.21096
7.21096
7.21096
7.21096
7.21096
7.21096
7.21096
7.21489
7.21735
7.0201
7.01143
7.02972
7.02972
6.95122
6.95122
6.94876
6.94876
6.94876
6.91439
6.8599
6.8599
6.51567
7.07107
7.06713
7.05557
7.0563
7.02988
7.00033
7.30978
7.40445
7.44312
7.51693
7.50474
7.53461
7.76616
7.7841
7.7841
7.58576
7.55561
7.53481
7.5488
7.20395
7.20639
7.20639
7.20639
7.21038
7.21038
7.20639
7.23454
6.82809
6.82809
6.82809
6.82809
6.82809
6.82809
6.82809
6.80197
6.80197
6.80197
6.74442
6.73541
6.73541
6.73541
6.72471
6.86613
6.87224
6.87224
6.87224
6.89598
6.89598
6.91234
6.92813
6.93045
6.90849
6.90849
7.03215
7.05034
7.03371
7.03371
7.03371
7.05122
7.05122
7.02758
7.02526
7.01622
7.03773
7.04167
7.11236
7.13998
7.13998
7.099
7.099
7.099
7.099
7.099
7.099
7.099
7.099
7.11359
7.11359
7.12436
7.13712
7.14097
7.13717
7.09963
6.9524
6.94451
6.92514
6.97559
6.96647
6.92439
6.95912
6.96358
6.95959
6.94377
6.99131
7.01447
7.01447
7.02123
7.02123
7.03046
6.80019
6.80019
6.80019
6.82704
6.8167
6.67222
6.67222
6.67222
6.67222
6.68743
6.65693
6.64368
6.65494
6.65494
6.65494
6.65494
6.65494
6.65494
6.6457
6.6457
7.42886
7.42886
7.4339
7.42235
7.42235
7.30193
7.30193
7.37733
7.36229
7.35517
7.39228
7.40315
7.40315
7.40315
7.40315
7.3778
7.3778
7.37178
7.12072
7.1628
7.1628
7.1628
7.1628
7.1628
7.19185
7.18098
7.18098
7.24029
6.92861
6.92861
6.92861
6.92861
6.93761
6.88946
6.88946
6.88946
6.69529
6.68629
6.89994
6.8773
6.8773
6.91773
6.91773
6.93655
6.94556
6.77214
6.76313
6.76313
6.74741
6.77792
6.80284
6.64433
6.60507
6.60507
6.6154
6.64581
6.67327
6.65583
6.53409
6.55413
6.42576
6.42576
6.39525
6.39525
6.3205
6.3205
6.3205
6.3205
6.3205
6.29548
6.30149
6.29548
6.29548
6.56276
6.56276
6.60213
6.64639
6.64639
6.67022
6.54518
6.5153
6.5153
6.5153
6.47715
6.5004
6.5004
6.50927
6.45614
6.45614
6.45614
6.39718
6.39718
6.39718
6.42811
6.39718
6.41471
5.56311
5.52713
5.52713
5.85114
5.85114
5.68738
5.68738
5.68738
5.68738
5.66986
5.67783
5.6877
5.6877
5.67292
5.66363
5.81516
5.85108
6.0882
6.1432
6.1432
6.08239
6.10686
6.10686
6.10686
6.10686
6.09188
6.11931
6.13675
6.13675
6.1429
6.1429
6.08278
6.02871
6.03994
6.03994
5.99557
5.99557
5.97813
5.97813
5.98972
5.98972
5.98972
5.98972
6.0021
6.0021
6.0533
6.0533
6.0397
6.01766
6.00253
5.99352
5.99352
6.00905
6.04258
5.88006
5.88006
5.89774
5.89774
5.92515
5.94287
5.90142
5.90142
5.88282
5.88282
5.88282
5.88282
5.92767
5.92767
5.92767
5.88925
5.88925
5.88925
5.90547
5.87682
5.93884
5.83287
5.80701
5.79543
5.79543
5.79543
5.81911
5.85902
5.87718
5.87718
5.87718
5.87718
5.87718
5.88526
5.88526
5.88526
5.88526
5.88526
5.88526
5.92348
5.92348
5.93726
5.95179
5.97054
5.97054
5.8623
5.81542
5.81542
5.78029
5.74971
5.70777
5.70777
5.70777
5.70777
5.7659
5.7836
5.79331
5.79331
5.79331
5.79331
5.76441
5.73371
5.73371
5.71423
5.69558
5.67762
5.67762
5.70519
5.76031
5.75903
5.78307
5.78307
5.78307
5.8448
5.86351
5.86351
5.80794
5.80222
5.80222
5.80222
5.80222
5.72097
5.69325
5.67141
5.67141
5.67141
5.64761
5.67519
5.67519
5.67519
5.86531
5.86531
6.05242
6.05242
6.10004
6.05917
6.05917
6.10397
6.10397
6.05809
6.05809
6.05809
6.05809
6.0896
6.0896
6.0896
6.0896
6.0896
6.05717
6.00472
5.94976
5.98041
5.93369
5.93369
5.90334
5.97842
5.97842
5.95324
5.92762
5.95677
5.96941
5.96941
5.93811
5.96602
6.01875
5.99064
5.978
5.978
5.91939
5.95244
5.96499
5.97615
6.02312
6.01057
6.01057
6.02683
6.06787
6.10288
6.02679
6.02679
6.02679
6.02679
6.02679
6.04166
5.99102
5.85248
5.96478
5.96478
5.96478
6.06424
6.06424
6.03334
6.03334
5.95719
5.93769
5.93769
5.93769
5.93769
5.90241
5.90241
5.90241
5.87915
5.88139
5.95469
5.95469
5.9583
5.9583
6.11761
6.16245
6.16245
6.20101
6.15161
6.15161
6.18567
6.18995
6.15467
6.14797
6.17659
6.12425
6.10859
6.10859
6.10859
6.06893
6.11712
6.11712
6.12822
5.95553
5.95553
5.95553
5.95553
5.95553
5.92844
5.92752
5.95674
5.95033
5.91713
5.85859
5.89867
5.96469
5.99601
5.99601
5.99601
5.97981
6.05946
6.05946
6.02835
6.04798
6.04798
6.02835
6.062
6.062
6.05017
6.09993
6.09993
6.09993
6.05726
6.00753
5.97898
5.9835
6.02562
6.02562
6.02562
6.02562
5.99286
5.9573
5.92819
5.92396
5.92396
5.9825
6.15034
6.15034
6.15034
6.10647
6.10647
6.15248
6.15248
6.15248
6.16418
6.1758
6.1758
6.1758
6.20969
6.18739
6.17207
6.21327
6.21327
6.20746
6.21807
6.17689
6.12263
6.10077
6.10628
6.10628
6.14752
6.17207
6.17207
6.16155
6.16499
6.19508
6.19508
6.17153
6.17153
6.18146
6.18702
6.18702
6.14978
6.14978
6.14978
6.14978
6.26576
6.26576
6.32148
6.32148
6.32148
6.36824
6.30739
6.30739
6.30739
6.30739
6.34716
6.29021
6.31989
6.29464
6.29464
6.29464
6.32641
6.3079
6.3079
6.3079
6.17067
6.17067
6.17067
6.2
6.18021
6.146
6.146
6.11724
6.11724
6.11724
6.11724
6.14667
6.14667
6.11724
6.10923
6.10394
6.51739
6.51739
6.54511
6.57113
6.40383
6.33468
6.34078
6.34078
6.29766
6.35462
6.35462
6.54819
6.51926
6.51926
6.51926
6.51926
6.5512
6.5451
6.5451
6.66082
6.68954
6.73427
6.7908
6.7908
6.82901
6.87766
6.87766
6.89424
6.73818
6.73818
6.78825
6.72684
6.75701
6.78212
6.75356
6.7204
6.73657
6.73657
6.73657
6.73657
6.6926
6.6926
6.32827
6.32827
6.32827
6.30554
6.2549
6.2549
6.26138
6.35726
6.32193
6.31934
6.50773
6.51351
6.4176
6.39685
6.39685
6.40241
6.42438
6.46506
6.43662
6.43662
6.43662
6.43662
6.43662
6.43662
6.43662
6.43662
6.43662
6.43662
6.43662
6.37463
6.37463
6.34652
6.34652
6.34652
6.45329
6.53902
6.53902
6.49263
6.38899
6.41312
6.50731
6.48501
6.50243
6.45122
6.48566
6.48566
6.48566
6.48566
6.48566
6.48566
6.25491
6.24791
6.71741
6.71741
6.71741
6.71673
6.71946
6.70042
6.68135
6.67674
6.67674
6.66263
6.78993
6.78993
6.27652
6.27652
6.04385
6.04385
6.04385
6.04112
6.05043
6.07185
6.04819
6.04819
6.02726
6.02726
6.02726
6.05117
6.07319
6.08432
6.08432
6.12369
6.11379
6.07319
6.09171
6.09171
6.16456
6.20744
6.20744
6.44122
6.44122
6.42456
6.36227
6.38094
6.34683
6.47307
6.48184
6.48184
6.4964
6.4964
6.4964
6.63193
6.672
6.53114
6.56099
6.56099
6.54857
6.54651
6.43858
6.43858
6.43858
6.41423
6.38393
6.02608
6.04525
5.99389
5.99389
5.99389
5.99389
5.99389
5.92188
5.84681
5.84681
5.8164
6.13313
6.13313
6.13313
6.13313
6.13774
6.12954
6.12954
6.14821
6.1247
6.1247
6.1247
6.1437
6.16567
6.15984
6.15984
6.17647
6.19661
6.2187
6.2187
6.256
6.24016
6.24016
6.21731
6.21731
6.18294
6.18567
6.2002
6.17921
6.17921
6.17921
6.17803
6.16925
6.16925
6.16925
6.16925
6.16925
6.16925
6.16925
6.16694
6.19739
6.14842
6.14842
6.14842
6.12966
6.12966
6.14469
6.061
6.20536
6.2497
6.2497
6.12951
6.12951
6.12951
6.12951
6.12951
6.18063
6.18856
6.18063
6.19231
6.19231
6.19231
6.15755
6.15755
6.13164
6.10876
6.1401
6.16818
6.16818
6.16818
6.16818
6.16818
6.16818
6.16818
6.19367
6.19367
6.19367
6.1481
6.1481
6.12262
6.14651
6.14651
6.14651
6.14883
6.02919
5.99261
6.03919
6.03919
6.05634
6.01028
6.06018
6.08996
6.14353
6.10851
6.10851
6.13025
6.17795
6.14911
6.11958
6.09906
6.23112
6.23112
6.21438
6.22719
6.24693
6.22584
6.20696
6.23842
6.23842
6.19388
6.19388
6.19388
6.19388
6.19388
6.19388
6.19388
6.17357
6.22865
6.22865
6.22865
6.24039
6.24039
6.24039
6.09847
6.09847
6.09847
6.09847
6.09847
6.14702
6.14702
6.14702
6.14702
6.14702
6.11021
6.11021
6.07802
6.24428
6.26229
6.26229
6.26229
6.18683
6.18683
6.16667
6.11463
6.11463
6.11463
6.14538
6.14538
6.1272
6.19809
6.23354
6.23354
6.26964
6.26964
6.26964
6.26964
6.25347
6.25347
6.29768
6.29768
6.28401
6.28401
6.30871
6.30871
6.30871
6.35867
6.33236
6.30961
6.44334
6.36721
6.36721
6.35508
6.37894
6.3682
6.39578
6.39578
6.39578
6.42125
6.40187
6.37532
6.36251
6.36251
6.36251
6.38201
6.38201
6.38201
6.38201
6.38201
6.34274
6.34274
6.38901
6.38901
6.38901
6.39573
6.43749
6.43518
6.43911
6.42126
6.33224
6.36042
6.36042
6.33529
6.33529
6.28533
6.28533
6.28533
6.28533
6.30504
6.29362
6.28968
6.28968
6.32851
6.32851
6.30032
6.33553
6.3639
6.38822
6.40753
6.40753
6.42171
6.35242
6.37687
6.37687
6.38358
6.38358
6.36362
6.35721
6.29924
6.017
6.017
6.017
6.017
6.0103
6.03906
6.03906
6.05765
6.06436
6.06436
6.02095
6.01546
5.98725
5.98725
5.98725
5.98725
6.01037
5.79055
5.79055
5.79287
5.74906
5.75297
5.73101
5.70581
5.70581
5.70581
5.70581
5.70581
5.70581
5.70581
5.70581
5.70581
5.70581
5.70189
5.72415
5.72415
5.72415
5.72415
5.72415
5.72415
5.76395
5.76395
5.76513
5.76513
5.75451
5.73601
5.73601
5.73601
5.73601
5.73601
5.73329
5.71299
6.41859
6.41859
6.41859
6.45093
6.45093
6.45093
6.45093
6.45093
7.27439
7.35311
6.26292
6.30257
6.30257
6.26781
6.30119
6.30865
6.30865
6.269
6.269
6.269
6.269
6.269
6.26154
6.23674
6.271
6.27741
6.25228
6.35365
6.36238
6.36238
6.34941
6.36747
6.36747
6.34238
6.34238
6.91666
6.89756
7.10231
7.10231
7.10231
7.11838
7.10965
7.10965
7.11237
7.11237
7.11698
7.04547
7.01121
6.87207
6.84716
6.82263
6.7934
6.7934
6.75467
6.74761
6.74761
6.74761
6.72708
6.72708
6.69944
6.69944
6.67113
6.67113
6.71373
6.71373
6.71373
6.71255
7.27453
7.31113
7.36031
7.36149
7.35191
7.35191
7.3294
7.38017
7.72238
7.73668
7.73668
7.79693
7.77267
7.76994
7.76994
7.76994
7.76994
7.13926
7.43234
7.48639
7.52184
7.50038
7.50038
7.50038
7.50038
7.50038
7.51155
7.51155
7.46708
7.4433
7.4433
7.8832
7.8832
7.89616
7.87697
7.83412
7.83412
7.83412
7.83412
7.89872
7.89872
8.05092
8.05092
8.05092
8.03278
13.0803
13.1087
13.1087
13.1211
13.1442
12.7109
12.6891
12.6759
11.5755
11.5755
11.5455
11.5455
9.94135
9.94135
9.96689
8.1004
8.1004
8.13277
8.13277
8.13277
8.18121
8.07419
8.07419
7.81612
7.81612
7.8231
7.78442
7.78442
7.74257
7.74257
7.74257
7.73671
7.75418
7.76182
7.76182
7.76182
7.76182
7.76182
7.76182
7.32642
7.33106
7.38774
7.42532
7.42532
7.42532
7.40036
7.41354
7.41354
7.41354
7.4089
7.43407
7.43407
7.39525
7.38144
7.40751
7.35799
7.35799
7.35799
7.31203
7.31203
7.31203
7.31203
7.31203
7.33377
7.2973
7.28433
7.28433
7.28433
7.29065
7.27112
7.27112
7.27112
7.27112
7.27112
7.27112
7.27725
7.25587
7.24975
7.24223
7.61904
7.63679
7.6576
7.66323
7.66323
7.68225
7.68225
7.68225
7.71712
7.70943
7.70943
7.70943
7.69625
7.69625
7.73432
7.72747
7.73432
7.7544
7.69501
7.70285
7.73146
7.73936
7.73936
7.73936
7.70205
7.05498
7.02524
6.92574
6.92574
6.92574
6.91784
6.86843
6.86843
6.86281
6.86281
6.86281
6.87577
6.88807
6.90782
6.90782
6.90782
6.90782
6.91345
6.90561
6.88517
6.88517
6.91572
6.95725
6.70284
6.70284
6.75721
6.7091
6.69526
6.69526
6.68795
6.87039
6.87807
6.87807
8.92539
8.92539
8.92539
8.92539
8.9177
8.9177
8.9177
8.9177
8.9416
8.9416
8.9416
8.93104
8.91746
8.91746
8.93477
8.97107
8.93477
8.93477
8.94522
8.90602
8.90602
8.90602
8.90602
8.90602
8.90602
8.91391
8.88336
8.88336
8.88336
8.88336
8.82962
8.841
8.82087
8.82087
8.82087
8.81427
8.82316
8.82316
8.82316
8.82316
8.81023
8.88648
8.90944
8.93847
8.93375
8.90978
8.92463
8.92463
8.92463
8.92463
8.92463
8.91792
8.91792
8.89537
8.87581
8.87581
8.87581
8.88464
8.91079
8.91079
8.88879
8.88879
8.88038
8.97373
8.97373
8.97373
8.86677
8.88028
8.88028
8.90951
8.73689
8.73689
8.71203
8.72829
8.74365
8.78353
8.75397
8.97868
8.99971
9.02191
9.02191
8.99929
8.99929
8.99929
8.99929
8.99929
7.99598
7.99598
7.99598
7.99598
7.98334
7.98334
7.98183
7.98183
7.98183
7.98183
7.98183
7.98183
7.98183
7.98183
7.98334
7.96541
7.69601
7.69601
7.69601
7.65517
7.65517
7.65517
7.65517
7.66485
7.49598
7.49424
7.49424
7.49424
7.47586
7.5965
7.5965
7.57083
7.57083
7.60979
7.58692
7.58692
7.6558
7.49775
7.49775
7.49775
7.47915
7.47915
7.47915
7.50532
7.47915
7.47915
7.46723
7.47861
7.46626
7.47754
7.50177
7.50107
7.50107
7.5238
7.51582
7.51582
7.5037
7.53632
7.53632
7.5592
7.5592
7.5592
7.5592
7.53632
7.53632
7.53632
7.53632
7.53632
7.53632
7.53632
7.55003
7.53053
7.51748
7.51748
7.51748
7.51748
7.51748
7.51748
7.53034
7.53034
7.48019
7.48019
7.48019
7.50622
7.50622
7.49336
7.49336
7.84056
7.85279
7.85279
7.85279
7.85279
7.85279
7.85279
7.85279
7.85279
7.8785
7.81938
7.79487
7.72631
7.77127
7.77127
7.77127
7.77127
7.3435
7.3435
7.3435
7.3435
7.3435
7.3435
7.32792
7.32792
8.39891
8.39891
8.40938
8.40938
8.40938
8.40938
8.29065
8.29065
8.29065
8.29065
8.29065
8.29065
8.32966
7.58111
7.618
7.618
7.618
7.618
7.618
7.59796
7.62893
7.63861
7.62506
7.40767
7.40767
7.41228
7.41228
7.39457
7.38995
7.37481
7.34012
7.36988
7.36988
7.36988
7.3602
7.3602
7.66309
7.66309
7.69416
7.69416
7.69416
7.61781
7.61781
7.61781
7.60134
7.60134
7.58321
7.58321
7.59564
7.62166
7.70111
7.70111
7.70111
7.68656
7.71321
7.71264
7.71264
7.71264
7.71536
7.68077
7.68077
7.71903
7.67851
7.67908
7.67908
7.72093
7.72455
7.72093
7.7182
7.65506
7.65506
