18.6766
18.6347
18.4519
18.4519
18.4519
18.29
18.1618
18.0536
18.0379
18.0379
18.0536
17.9269
17.9269
18.0361
17.9337
18.0594
18.0594
18.1867
18.1867
18.0349
17.9081
18.0594
17.931
17.931
18.073
18.073
18.073
17.9156
17.7848
17.6543
17.6071
17.6071
17.725
17.6071
17.7002
17.7002
17.7002
17.6071
17.5014
17.5014
17.5014
17.4315
17.4188
17.442
17.3624
17.2979
17.2371
17.2199
17.2199
17.1884
17.1412
17.2457
17.2457
17.1412
17.2564
17.2564
17.1412
17.1412
17.1412
17.082
17.1429
17.0215
17.0215
17.0215
17.0215
17.0215
17.0215
16.9348
16.8072
16.8072
16.9486
18.1042
18.1042
18.1042
18.1042
18.1042
18.1042
18.1986
18.3258
18.4196
17.412
17.246
17.1396
17.1396
17.0711
17.1118
17.0428
17.1174
17.1174
17.0428
17.199
17.0951
16.987
16.987
16.8813
16.9888
16.8813
16.9431
17.0489
17.0489
17.1935
17.1935
17.1935
17.1935
17.1935
17.1935
17.1935
17.1935
17.1935
17.1935
17.1935
17.1935
17.1935
17.1935
17.1935
17.1935
17.1935
16.9164
17.2649
17.2649
17.2649
17.2649
17.2649
16.9461
16.7966
16.7751
16.8362
16.7751
16.827
16.8772
16.827
16.9628
16.9488
16.9585
16.9213
16.894
16.894
17.3536
17.3536
17.4608
17.4608
17.8899
17.8899
17.8899
17.8899
18.1574
18.0517
18.0517
18.0517
17.6703
17.9082
17.9082
17.9082
17.9082
17.9082
17.9082
17.9082
17.4982
17.5129
17.2727
17.2727
17.2727
17.2727
17.2976
17.2976
17.2976
17.2976
17.2976
16.9613
16.9099
16.9821
16.9099
17.0093
17.0093
17.0742
17.0742
17.0742
17.0742
17.0093
17.1791
17.1791
17.1791
17.2747
17.1791
17.2334
17.3257
17.3257
17.3257
17.2284
17.3421
17.1724
17.0611
17.0611
16.614
16.724
16.724
16.724
16.614
16.4644
16.5727
16.5727
16.4644
16.4067
16.4067
16.4067
16.4067
16.4067
16.537
16.537
16.537
16.537
16.6414
16.7309
16.6414
16.6916
16.5924
16.7001
16.6458
17.0346
17.137
16.7484
16.7484
16.7484
16.6428
16.6428
16.6428
16.7398
16.8956
16.8956
16.8956
16.7446
16.7446
16.896
16.7446
16.9004
16.9004
16.9004
17.0486
17.0486
16.9004
17.0541
17.0541
17.188
17.0541
16.9004
16.7416
16.7416
16.7416
16.7416
16.7416
16.7416
16.7416
16.7416
16.5864
16.7338
16.5864
16.5864
16.4223
16.5776
16.5776
16.5776
16.5776
16.5776
16.5776
16.7291
16.7291
16.8527
16.6694
16.5666
16.7324
16.8837
16.7324
16.7324
16.8687
17.3411
17.5064
17.2745
17.2745
17.2745
17.4645
17.4645
17.4645
17.2745
17.2745
17.2745
16.9973
16.9973
17.108
17.5561
17.5561
17.5561
17.6224
17.6224
17.6224
17.6224
17.1751
17.1751
17.1751
17.1751
16.9333
16.9333
16.9333
16.9333
16.9333
16.9333
16.7761
16.9553
16.7761
16.7761
16.6665
16.6665
16.5685
16.7117
16.8932
16.7129
16.7129
16.8179
16.8468
16.7398
16.63
16.7406
16.63
16.7406
16.8887
16.8887
16.8887
16.8887
16.7406
16.7406
16.63
16.63
16.7356
16.7356
16.7356
16.6432
16.7105
16.7105
16.7105
16.8193
16.752
16.6461
16.6172
16.4711
16.3706
16.5261
16.5261
16.6355
16.6355
16.6355
16.6355
16.5261
17.1718
17.1718
16.8988
17.0077
17.0077
16.8988
16.8988
16.6552
16.7655
16.7655
16.6552
16.7635
16.7635
16.6552
16.6552
16.765
16.765
16.765
16.6552
16.6552
17.1237
17.1237
17.1237
17.2172
17.2172
17.2172
17.2172
17.2578
17.3498
17.3498
17.3498
17.3498
17.3498
17.3498
17.3498
17.3498
17.3498
17.3498
17.3498
17.3498
17.3498
17.3498
17.3498
17.3498
17.3498
17.3498
17.3498
17.3498
17.3498
17.3498
17.3498
17.3498
17.3498
17.3498
17.3093
17.3093
17.3093
17.3093
17.3093
17.3093
17.3093
17.3093
17.3093
17.3093
17.3093
17.3093
17.3093
17.3093
17.3368
17.3368
17.3368
17.3368
17.3368
17.3368
17.3781
16.9075
16.9075
16.8146
16.8146
16.9239
16.9239
16.8314
16.8314
16.9335
16.9335
16.8314
17.0829
17.0829
17.0829
17.0829
17.0829
17.0829
17.0829
17.0829
17.0829
17.1785
17.1785
17.0829
16.9735
17.2327
17.2039
17.3129
17.3129
17.3906
17.4771
17.4771
17.4771
17.3916
17.3916
17.3916
17.3916
17.2817
17.2817
17.3923
17.2817
17.1157
17.2239
17.1157
16.6349
16.7275
16.7275
16.7275
16.7275
16.7275
16.6349
16.6349
16.4747
16.5814
16.4747
16.4747
16.5841
16.5841
16.6888
16.5791
16.5791
17.0498
17.0498
17.0498
17.0498
17.1589
16.6883
16.6883
16.6883
16.6786
16.7037
16.7037
16.7037
16.7037
16.5368
16.6055
16.5342
16.5342
16.6038
16.6038
16.5351
16.5351
16.5351
16.5351
16.5973
16.5351
16.5351
16.5351
16.5351
16.5351
16.5351
16.6124
16.5351
16.5351
16.5772
16.6729
17.1431
17.2191
16.7492
16.6729
16.5841
16.6682
16.7624
16.6682
16.6682
16.6682
16.5821
16.5821
16.7423
16.6489
16.6681
16.6681
16.6681
16.6316
16.6316
16.6316
16.6316
16.6316
16.6316
16.7261
16.7261
16.6316
16.6316
16.6316
16.4714
16.3092
16.1539
16.2424
16.3129
16.2244
16.2244
16.2244
16.6818
16.7755
16.8824
16.8824
16.8824
16.8824
16.5159
16.5159
16.6069
16.3276
16.3276
16.3276
16.4208
16.3306
16.3306
16.2381
16.1428
16.0989
16.0989
16.0425
15.9355
16.0304
16.5749
16.5898
16.9366
16.9366
17.0069
16.606
16.4823
16.6581
16.6581
16.6581
16.6581
16.6581
16.6581
16.6581
16.6581
16.6581
16.6581
16.6581
16.6581
16.6581
16.6581
16.6581
16.6581
16.6581
16.6581
16.6581
16.6581
16.6581
16.6581
16.6581
16.9254
16.6581
16.6581
16.3937
16.3937
16.3937
16.2214
16.2214
16.5144
16.5144
16.2214
16.4285
16.6734
16.6734
16.6734
16.4285
16.4285
16.4285
16.4285
16.7262
16.7262
16.7262
16.7262
16.8611
16.8611
16.7667
16.7667
16.7667
16.7667
16.2358
16.2934
16.2035
16.2035
16.2035
16.2035
16.376
16.376
16.376
16.2662
16.3093
16.3759
16.3093
16.4019
16.4019
16.3093
16.2662
16.2085
16.2085
16.2085
16.9118
16.872
16.9655
17.0145
16.9655
17.0737
16.9655
17.2185
17.2185
17.2185
17.2185
17.2185
17.2185
17.2185
17.2185
17.2185
17.2185
17.5926
17.1542
17.1542
17.0607
17.0607
17.0607
16.3972
16.3972
16.3972
16.3972
16.3972
16.3972
16.2249
16.3319
16.2249
16.7131
16.2249
16.2249
16.7131
16.7131
16.7131
16.7131
16.8246
16.7131
16.7131
16.7707
16.7707
16.8633
16.8633
16.7707
17.2398
17.2398
17.3485
16.8796
16.8796
16.7707
16.7131
17.0795
17.476
17.476
17.476
17.476
17.476
17.476
17.1041
17.1041
17.1041
17.1041
17.1041
17.1041
17.1041
17.1041
17.2107
17.2107
17.1041
17.1041
17.1041
17.1041
17.1041
17.1385
17.1041
17.1041
17.1041
17.1041
17.2119
17.3342
17.5047
17.5047
17.5278
17.5278
17.3897
17.269
17.3773
17.269
17.269
17.1614
17.1614
17.1041
17.1041
17.1041
17.1041
17.1041
17.1041
16.7948
16.7948
16.7948
16.7948
16.7948
16.7948
16.9003
16.9003
16.9003
16.8298
16.8298
16.7576
16.7576
17.133
17.133
17.133
17.133
17.133
17.133
17.133
17.133
17.133
17.133
17.133
17.133
17.133
17.133
17.133
17.133
17.133
17.5797
17.5797
17.133
17.133
17.133
17.133
17.133
17.133
17.133
17.133
17.133
17.133
17.133
17.133
17.133
17.133
17.133
17.133
17.133
17.133
17.133
17.133
17.133
17.133
17.133
17.133
17.133
17.133
17.133
17.133
17.133
17.133
17.133
17.133
17.133
17.133
17.133
17.133
17.133
17.133
17.133
17.133
17.133
17.133
17.133
17.133
17.133
17.133
17.1453
17.1453
16.7915
16.8492
16.7915
16.7915
16.7915
16.7576
16.7576
16.7576
16.7576
16.9231
16.9231
16.9231
16.9421
16.9421
16.8151
16.9035
16.9035
16.9035
16.9035
16.9035
16.9035
16.9035
16.9035
16.8151
16.8151
16.8151
16.9032
16.8151
16.7576
16.4473
16.4473
16.4473
16.4473
16.7842
16.8509
16.8509
16.8509
16.8509
16.8509
16.8509
16.8509
16.8509
16.8509
16.7842
16.7842
16.7842
16.8563
16.7842
16.7842
16.7842
16.8525
16.8866
16.8866
16.8866
16.8866
16.8866
16.8866
16.8183
16.8183
16.8183
16.905
16.905
16.905
16.8183
16.8183
17.1013
17.198
17.085
17.085
17.085
17.085
17.2441
17.0651
17.0651
17.0651
16.7757
16.7757
16.3678
16.839
16.9508
16.4986
16.4986
16.4986
16.4986
16.3678
17.0603
17.0603
17.0603
17.0603
17.0603
17.1325
17.203
17.0975
17.1902
17.1902
17.1902
17.1902
17.1902
17.1902
17.3008
17.1575
16.465
16.465
16.465
16.465
16.465
16.6181
16.6181
16.6471
16.4941
16.465
16.465
16.635
16.635
16.635
16.635
16.635
16.635
16.635
16.635
16.635
16.635
16.635
16.635
16.635
16.635
16.635
16.465
16.2864
16.2864
16.2864
16.1117
16.0545
16.5135
16.5135
16.6735
16.6735
16.836
16.47
16.47
16.6081
16.6081
16.6081
16.3282
16.3282
16.3282
16.913
16.913
16.913
17.1577
16.913
16.913
16.913
16.2827
16.4083
16.4083
16.4083
16.4083
16.4083
16.4083
16.5142
16.5985
16.5985
16.6276
16.6276
16.5432
16.5432
16.4307
16.609
16.4732
16.4732
16.4732
16.6224
16.4732
16.3751
16.3751
16.2206
16.2206
16.3383
16.3383
16.5932
16.4704
16.4704
16.4704
16.4704
16.4704
16.4704
16.4704
16.6291
16.4704
16.4704
16.4704
16.4704
16.3176
16.4704
16.4704
16.4704
16.4704
16.4704
16.3176
16.4757
16.4757
16.4757
16.4757
16.4757
16.4757
16.4757
16.4757
16.4757
16.4757
16.4757
16.6281
16.8888
16.8888
16.8888
16.6281
16.4763
16.4763
16.6509
16.6509
16.6509
16.4922
16.646
16.646
16.646
16.646
16.646
16.8159
16.6621
16.6621
16.6621
16.7913
16.6621
16.408
16.408
16.3791
16.2087
16.3643
16.3643
16.3643
16.2087
16.0335
16.0335
16.1917
16.1917
16.1917
16.1917
16.3229
16.604
16.604
16.7551
16.8369
16.8369
16.5564
16.4743
16.6205
16.6205
16.6205
16.6205
16.6205
16.6205
16.5725
16.5725
16.5725
16.5725
16.5725
16.5725
16.5725
16.5725
16.5725
16.5725
16.7326
16.9032
16.9032
16.714
16.5402
16.4266
16.4266
16.3168
16.3168
16.4238
16.4238
16.4238
16.3168
16.4285
16.4285
16.4285
16.5427
16.5427
16.5427
16.5427
16.5427
16.5427
16.5427
16.5427
16.5427
16.5427
16.6329
16.5427
16.5427
16.5427
16.5427
16.5427
16.4304
16.4304
16.3168
16.4096
16.5197
16.4266
16.4266
16.5768
16.5768
16.5768
16.4266
16.4266
16.4266
16.4266
16.4266
16.4266
16.4266
16.4266
16.4266
16.4266
16.4266
16.4266
16.4266
16.4266
16.4266
16.4266
16.4266
16.4266
16.4266
16.4928
16.4928
16.4928
16.4258
16.4258
16.5308
16.5308
16.4258
16.4258
16.4258
16.3168
16.5617
16.6686
16.9631
17.1254
16.7368
16.6298
16.6298
16.6298
16.6298
16.7431
16.6298
16.6298
16.6298
16.6298
16.6298
16.6298
16.6298
16.6298
16.6298
16.4803
17.3822
17.3822
16.4803
16.4803
16.4803
17.0308
17.0308
17.1413
17.1413
17.1413
17.1413
17.1413
17.0308
17.1404
17.1404
17.1404
17.1404
17.1404
17.1404
17.1404
17.1404
17.1404
17.1404
17.1404
17.1404
17.0308
17.4186
17.4186
17.5121
17.2181
16.9737
16.9737
17.0026
17.0026
17.0026
17.0026
17.0026
17.0026
17.0026
17.0026
16.909
16.9282
17.0371
17.0371
17.0371
16.9282
17.0359
16.9282
16.8918
17.0067
17.0067
17.0067
17.0067
16.8918
16.8918
16.8918
17.0032
17.0032
17.0032
17.0032
17.0032
17.0032
17.0032
16.8918
16.9987
16.9987
16.9987
16.9987
16.8918
16.8918
17.0014
16.8918
16.8918
16.8918
17.0118
17.0118
17.0118
17.2881
17.2881
17.2881
17.2881
17.2881
17.2881
17.2881
17.2881
17.2881
17.2881
17.2881
17.2881
17.2881
17.2881
17.4181
17.1467
17.0023
17.0023
17.0023
17.1059
17.1059
16.9983
16.9983
16.9983
17.1105
17.1105
17.0032
17.0032
17.0032
17.0032
17.0032
17.0032
16.8918
17.0006
17.0006
17.0006
17.0006
17.0006
17.0006
17.0006
17.0006
17.0006
17.0006
17.0006
17.0006
17.0006
17.0006
17.0006
17.0922
17.0922
17.2787
17.2787
17.2787
17.1173
17.0006
17.0006
17.0006
17.0006
17.0006
17.0006
17.0006
17.1055
17.1889
17.0856
17.0023
17.0023
17.0023
17.0023
17.0023
17.0023
17.0023
17.0023
17.0023
17.1079
17.1079
17.0023
17.0993
16.9987
16.9987
16.8918
17.2432
17.2432
17.2432
17.2432
16.8934
16.8934
16.6143
16.7078
16.8285
16.8285
16.8285
16.7293
16.6143
16.6143
16.8588
16.8588
17.1629
17.1629
17.2723
17.0034
17.0034
17.0034
17.0034
17.0034
17.0034
17.0034
17.0034
17.0718
16.7942
16.6846
16.6846
16.6846
16.7934
16.7934
16.7934
16.7934
16.7934
16.7934
16.8999
16.7934
16.8843
16.796
16.6846
16.6143
16.6143
16.6143
16.6143
16.7078
16.8133
16.8133
16.8133
16.8133
16.7078
16.7078
16.7078
16.7078
16.8285
16.9989
16.8285
16.8285
16.8285
16.8285
16.7293
16.8439
17.0136
17.0136
16.8266
16.7219
16.7219
16.82
16.82
16.82
16.82
16.7219
16.8299
16.8299
16.8299
16.8299
16.8299
16.9054
16.8038
16.8038
16.8038
16.8038
16.8038
16.7212
16.7212
16.7212
16.9937
16.9937
17.0858
17.0858
17.0858
17.0858
16.9937
17.0705
17.0705
17.0705
17.0705
17.1399
17.0705
16.9956
16.9956
16.9956
16.9956
16.9956
16.9956
16.9956
16.9956
16.9956
16.8867
16.3791
16.3791
16.3791
16.6235
16.6235
16.6235
16.6235
16.6235
16.6235
16.6235
16.6235
16.6235
16.6235
16.6235
16.6235
16.6235
16.6235
16.6235
16.6235
16.6235
16.6235
16.6235
16.6235
16.6235
16.6235
16.6235
16.6235
16.6235
16.6235
16.6235
16.6235
16.9177
16.9177
16.9177
16.9177
16.9177
17.0273
17.1171
17.1538
16.766
16.766
16.6762
16.6762
16.5665
16.5665
16.5665
16.5665
16.5665
16.5665
16.5665
16.5298
16.5298
17.0373
17.0373
17.0373
17.0373
16.5298
17.0373
16.5298
16.7731
16.7731
16.5476
16.5476
16.5476
16.5476
16.4791
16.4791
19.2706
19.2706
19.653
19.653
19.653
19.653
19.653
19.3612
19.3612
19.3612
19.3612
19.3612
19.3612
19.3612
19.3612
19.3612
19.3612
19.3612
19.4699
19.4699
19.2287
19.2287
19.3174
19.2287
19.33
19.33
19.33
19.33
19.33
19.3654
19.3654
19.264
19.264
19.1554
19.2595
19.1554
19.12
19.2296
19.2296
19.2296
19.2296
19.2296
19.12
19.12
16.3285
16.3285
16.4392
16.4392
16.4392
16.4392
16.3285
16.1568
16.2657
16.707
16.707
16.707
16.8051
16.8754
16.8754
16.4345
16.4345
16.4345
16.4345
16.4345
16.4345
16.3256
16.2549
16.3173
16.5335
16.6408
16.6408
16.6408
16.6408
16.5335
16.6401
16.6401
16.6401
16.6401
16.6401
16.6401
16.6401
16.6401
16.6401
16.6401
16.6401
16.6401
16.6401
16.6401
16.5335
16.7757
16.7757
16.7757
16.7757
16.7757
16.7757
16.7757
16.7757
16.7757
16.8854
16.6431
16.6431
16.6431
16.7484
16.6431
16.6431
16.6431
16.6431
16.6431
16.6431
16.7025
16.5927
16.5335
16.4094
16.5335
16.5335
16.6408
16.7471
16.6395
16.6395
16.6395
16.6395
16.6395
16.6395
16.6395
16.6395
16.7455
16.7826
16.7826
16.7826
16.7826
16.6773
16.6773
16.6773
16.5706
16.679
16.679
16.7699
16.6641
16.6641
16.6641
16.7131
16.5971
16.56
16.4359
16.5541
16.6249
16.6249
16.6249
16.5065
16.5065
16.5065
16.5065
16.5065
16.5065
16.5065
16.5065
16.5065
16.5065
16.5065
16.5065
16.5065
16.5065
16.5065
16.5065
16.5065
16.5065
16.4359
16.5541
16.5541
16.5904
16.5904
16.4722
16.4722
16.4722
16.4359
16.4359
16.56
16.56
16.56
16.56
16.4359
16.3607
16.4935
16.4935
16.4935
16.4935
16.4935
16.4935
16.3607
16.477
16.477
16.477
16.3607
16.3607
16.3607
16.3607
16.3607
16.3607
19.1519
19.1519
19.2867
19.2867
19.2867
19.2867
19.2867
19.2867
19.2867
19.1519
19.1519
19.1519
19.2871
19.3267
19.3267
19.1914
19.3224
19.3224
19.1914
19.1914
19.1519
19.1519
19.1519
19.1519
19.1519
19.1519
17.2533
17.3775
17.3775
17.5089
17.3859
17.3859
17.3859
17.3859
17.3859
17.2533
17.2533
17.2533
17.2895
17.2895
17.4001
17.4001
17.4001
17.5091
17.5091
17.4078
17.4078
17.4078
17.2895
17.4251
17.4251
17.4251
17.4251
17.5281
17.4205
17.4205
17.4205
17.4205
17.4205
17.4205
17.4205
17.4205
17.4205
17.4205
17.4205
17.4205
17.4205
17.4205
17.4205
17.4205
17.4205
17.4205
17.4205
17.4205
17.5153
17.4195
17.4195
17.4195
17.4195
17.4195
17.4195
17.5333
17.4211
17.4211
17.4211
17.4211
17.4211
17.4211
17.4211
17.4211
17.2895
17.39
17.2895
17.2533
17.2533
17.3844
17.3844
17.3844
17.3844
17.3844
17.3844
17.2533
17.3887
17.5191
17.389
17.389
17.389
17.389
17.5172
17.5172
17.389
17.389
17.389
17.389
17.389
17.2533
17.2533
16.3607
16.3607
16.3607
16.3607
16.3607
16.4791
16.4791
16.4791
16.3607
16.3607
16.3607
16.3607
16.4918
16.4918
16.4918
16.4918
16.5625
16.4314
16.4314
16.4314
16.3607
16.477
16.3607
16.2175
16.2175
16.2175
16.3502
16.3502
16.3502
16.3502
16.3502
16.3502
16.5951
16.5951
16.5951
16.5951
16.5951
16.5951
16.5951
16.5951
16.5951
16.5951
16.5951
16.5951
16.5951
16.5951
16.7117
16.4668
16.5884
16.5884
16.5884
16.6804
16.55
16.55
16.55
16.55
16.55
16.6431
16.7137
16.7137
16.5736
16.4136
16.343
16.5135
16.5135
16.5135
16.5135
16.343
16.251
16.251
16.4959
16.4959
16.4959
16.4959
16.6393
16.6393
16.3944
16.2837
16.2837
16.191
16.2274
16.2274
16.191
16.191
18.3073
18.4164
18.4164
18.4164
18.3073
18.3073
18.3073
18.3073
18.3073
18.3073
18.3073
18.416
18.416
18.416
18.416
18.3073
18.3073
18.5601
18.5601
19.4035
19.4035
19.4035
19.4035
19.4035
19.4035
19.4035
19.4035
19.4035
19.4035
19.4035
19.4035
19.4035
19.4035
19.4035
19.4035
19.4035
19.4035
19.4035
19.4035
19.4035
19.4035
19.4035
19.4035
19.4035
19.4035
19.1507
16.3485
16.1706
16.1706
16.2803
16.2803
16.1706
16.2411
16.2411
16.2411
16.2411
16.2411
16.2411
16.1706
16.0087
16.1164
16.1164
16.0087
16.1153
16.2338
16.2338
16.2338
16.4132
16.5894
16.3112
16.2098
16.3065
16.2176
16.2176
16.2176
16.2176
16.2176
16.2176
16.2176
16.2537
16.2537
16.1564
16.2566
16.2566
16.2566
16.2566
16.2566
16.2566
16.2566
16.2566
16.2566
16.1454
16.0792
16.0792
16.0087
16.1193
16.1193
16.1193
16.2812
16.2812
16.1706
16.1706
16.3485
16.3485
16.3485
16.3485
16.4402
16.4402
16.4402
16.283
16.3886
16.4987
16.4987
16.4987
16.3919
16.3919
16.3919
16.3919
16.3919
16.3919
16.3919
16.3919
16.283
16.283
19.0469
19.0469
19.1534
19.1534
19.1534
19.1534
19.1534
19.1534
19.1534
19.1888
19.1888
19.1888
19.1888
19.1888
19.1888
19.2804
19.1758
19.1758
19.1758
19.1758
19.1758
19.1758
19.0823
19.0601
19.1692
19.1692
19.1692
19.1692
19.1692
19.1692
19.1692
19.1692
19.1692
19.1692
19.1692
19.1974
19.0883
19.0883
19.0883
19.0601
19.0601
19.0601
19.1697
19.1697
19.1697
19.1697
19.1697
19.1697
19.0601
19.0601
19.0601
19.0601
19.8131
19.7883
17.0337
17.4517
17.4517
17.4517
17.7324
17.7324
17.842
17.5615
17.5615
17.5615
17.5615
17.5615
17.4517
17.4517
17.4517
17.0337
17.4517
17.4517
17.4517
17.567
17.567
17.567
17.567
17.567
17.567
17.567
17.567
17.4517
17.0337
17.1464
17.1464
17.1464
17.1464
17.1464
17.1464
17.1464
17.0337
17.2786
17.2786
17.3901
17.1453
17.1453
17.1453
17.1453
17.1453
17.1453
17.1453
17.1453
17.1453
17.1453
17.1453
17.1453
17.1453
17.1453
17.1453
17.1453
17.1453
17.1453
17.0337
17.0337
17.0337
16.4285
16.4285
16.5438
16.5438
16.5438
16.5438
16.5438
16.5438
16.5438
16.5438
16.5438
16.5438
16.5438
16.5438
16.5438
16.5438
16.5438
16.6532
16.6532
16.5438
16.5438
16.5438
16.5438
16.5438
16.4285
16.4285
16.4285
16.4285
16.4285
19.7883
19.7883
20.0295
20.0295
20.0295
20.0295
20.0295
20.0295
20.0295
20.0295
20.0295
20.0295
20.123
19.8818
19.9309
19.8148
17.607
17.607
17.607
17.607
17.6324
17.6324
17.6324
17.6324
17.6544
17.6187
17.6187
17.6187
17.6187
17.6187
17.6187
17.6187
17.6187
17.6187
17.7496
17.6187
17.6187
17.6187
17.4899
17.4899
17.4899
17.4899
17.4899
17.4899
17.4899
17.4899
17.4899
17.4899
17.4899
17.4899
17.4899
17.4899
17.4899
17.4899
17.4899
17.4899
17.4899
17.4899
17.4899
17.4899
17.4899
17.4899
17.4899
17.4899
17.4899
17.0719
17.0719
17.0719
17.0719
17.0719
17.0719
17.0719
17.0719
17.0719
17.0719
17.0719
17.0719
17.0719
17.0719
17.202
17.202
17.0719
17.0719
17.0719
17.0719
17.0719
17.0719
17.2034
17.2034
17.2034
17.2034
17.2034
17.0719
16.4667
16.4667
16.6021
16.4667
16.4667
16.4667
16.4667
16.5772
16.4667
16.4667
16.4667
16.4667
16.4667
16.4667
16.4667
16.4667
16.3633
16.1971
16.2676
16.2239
16.3596
16.3596
16.3596
16.3596
16.3596
16.3596
16.3596
16.3596
16.3596
16.3596
16.5307
16.5307
16.395
16.3382
16.3382
16.3382
16.4697
16.4697
16.4697
16.4697
16.4697
16.4697
16.4697
16.5849
16.5849
16.5125
16.4215
16.4215
16.4215
16.4215
16.4215
16.4215
16.4544
16.4544
16.4544
16.3447
16.3447
16.3447
16.3117
16.4232
16.4232
16.4232
16.4232
16.4232
16.4232
16.5934
16.5934
16.4232
16.4232
16.4232
16.4232
16.4232
16.4232
16.4232
16.4232
16.4232
16.5309
16.5309
16.5309
16.4232
16.4232
16.3117
16.3117
16.1552
16.8617
16.8617
16.8617
16.8617
16.8617
16.8617
16.8617
16.8617
16.8617
16.8617
16.9695
16.9695
16.9695
17.0676
17.0676
17.0676
17.0676
17.0676
17.0676
17.1578
17.2366
17.1476
17.1476
17.0676
17.0676
17.122
17.0676
17.0676
17.0676
17.0676
17.0676
17.0676
17.0676
17.1596
17.0676
17.0676
17.0676
17.0676
17.0676
17.0998
17.0998
17.0998
17.0998
17.0998
17.19
17.19
17.0956
17.0017
17.0017
17.0017
17.0017
17.0017
16.8939
16.8617
16.4612
16.4612
16.4612
16.4612
15.9914
16.103
16.103
16.2685
27.2481
27.2481
29.1817
29.1817
29.1817
29.1817
29.1817
29.1817
29.1817
29.1817
29.1817
29.1817
29.1817
29.1817
29.1817
29.1817
29.1817
29.1817
29.1817
29.1817
29.1817
29.1817
29.1817
29.1817
29.1817
29.1817
29.1911
27.2599
27.2599
26.9205
26.9205
26.9205
26.9205
26.9205
26.9205
26.9205
26.9205
26.9205
26.9205
26.9205
26.9205
26.9205
26.9205
26.9205
26.9205
26.9205
26.9205
26.929
26.929
24.735
24.735
24.735
24.735
24.735
24.735
24.735
24.735
24.735
24.735
24.735
24.735
24.735
24.735
24.735
24.735
24.735
24.735
24.735
24.735
24.735
24.735
24.735
24.735
24.735
24.735
24.735
24.735
24.735
24.735
24.735
24.735
24.735
24.735
24.735
24.735
24.735
24.735
24.735
24.735
24.735
24.735
24.735
24.735
24.735
24.735
24.735
24.735
24.8185
24.8895
22.6352
22.6352
22.6352
22.6352
15.9484
15.9484
15.9484
15.9484
15.9484
15.9484
15.9484
15.9484
15.9484
15.9484
15.9484
15.9484
16.0297
16.0297
16.0297
16.0297
15.9191
15.9191
15.9191
15.9191
15.9191
15.9191
15.9191
15.9191
15.9191
15.8621
15.8621
15.9707
15.9707
15.9707
15.9707
15.9707
15.9707
15.9707
15.9707
16.0673
16.0673
15.9696
16.0089
16.0089
15.9015
16.0161
15.9015
15.8419
15.9345
15.9345
15.9345
15.8419
15.8038
15.7437
15.6567
15.5892
15.6985
15.7577
15.6992
15.5892
15.5892
15.5892
15.5892
15.8721
15.8721
15.8721
15.8721
15.8721
16.2379
16.3441
16.3441
16.3441
16.3441
16.3441
16.3441
15.9783
15.9783
16.0058
16.0058
16.0058
16.0058
16.2754
16.382
16.1125
16.1125
16.1125
16.1125
16.1125
16.1125
16.1125
16.1125
16.1125
16.1125
16.1125
16.1125
16.1125
16.1125
16.1125
16.1125
16.1125
16.1125
16.1125
16.1125
16.1756
16.2577
16.2577
15.9785
16.0683
16.0683
16.143
16.143
16.143
16.0403
15.9562
16.046
16.1428
16.1428
16.1428
16.0527
15.9562
15.9562
15.9562
15.9562
15.9562
15.9562
15.9562
15.9562
15.9562
15.9562
16.0043
16.0043
15.8957
15.8957
15.8573
15.6784
15.6784
15.923
15.923
15.923
15.923
15.923
15.923
15.923
15.923
15.923
15.923
15.923
15.923
15.923
15.923
15.923
16.0293
16.0293
15.7847
15.7847
15.7847
15.7847
15.7847
15.7847
15.7847
15.7847
15.7847
15.7847
15.6784
16.7905
16.0443
16.1518
16.0443
15.8573
15.9508
15.9508
15.9508
15.9508
15.9998
15.9998
15.9998
15.9998
15.8838
15.8569
15.8569
16.9934
17.1459
17.1659
17.1659
17.1659
17.1459
15.9213
16.8943
16.7447
16.8801
16.8801
16.8801
16.8801
16.8801
16.8801
16.8801
16.8801
16.8801
16.8801
16.8801
16.8801
16.8801
16.8801
16.9014
16.9014
16.9014
16.9014
16.9014
16.9014
16.9014
16.9014
16.9014
16.9014
16.9014
16.9014
16.9014
16.7658
16.7447
16.8799
16.8799
17.0042
17.0042
16.8799
17.0072
16.8757
16.8757
16.8757
16.8757
16.7447
16.879
16.879
17.2174
17.2174
20.2608
20.2608
17.0097
17.0097
17.0097
17.0097
17.0097
17.0097
17.0097
17.0097
17.0097
17.0097
17.0097
17.0097
17.0097
17.0097
17.0097
17.0097
17.0097
17.0097
16.8747
16.8747
16.8747
16.8747
16.8957
16.8957
16.8957
16.8957
16.8957
16.8957
16.8957
16.8957
16.8957
16.8957
16.8957
16.8957
16.8957
16.8957
16.8957
16.8957
16.8957
16.8957
16.8957
16.8957
16.8957
16.8957
16.8957
16.8957
16.8957
16.8957
16.8957
16.8957
16.8957
16.7658
16.8984
16.8984
16.8984
16.8984
16.8984
16.8984
16.8984
16.8984
16.8984
16.8984
16.8984
16.8984
16.8984
16.8984
16.8984
16.7658
16.7447
16.7944
16.7944
16.7944
16.8396
16.8396
16.7899
16.7899
16.9253
16.9253
16.9253
16.9253
16.9253
16.9253
16.9253
16.9253
16.9253
16.9253
16.9253
16.9253
16.9253
16.9253
16.9253
16.9253
16.9253
16.9253
16.9253
16.9253
16.9253
16.7899
16.7899
16.7899
16.0933
16.3668
16.3668
16.3668
16.3668
16.3668
16.4
16.1285
16.1285
16.1285
16.1285
16.1285
16.0933
16.0933
16.0933
16.0933
16.0933
16.0933
16.2215
16.2215
16.2215
16.2215
16.2215
16.2215
16.2215
16.2215
16.2866
16.336
16.336
16.336
16.1763
16.3452
16.3452
16.1763
16.1763
16.1763
16.1763
16.1763
16.1763
16.1268
16.1268
16.3704
16.1268
16.2839
16.319
16.319
16.319
16.319
16.319
16.319
16.319
16.319
16.319
16.319
16.319
16.319
16.319
16.319
16.319
16.319
16.319
16.319
16.319
16.319
16.319
16.319
16.319
16.319
16.319
16.319
16.319
16.319
16.319
16.319
16.319
16.319
16.319
16.319
16.162
16.162
16.1268
16.1268
16.1268
16.1268
16.1268
16.1268
16.1268
17.6462
17.5803
17.5803
17.8625
18.1339
18.1339
18.1339
18.1339
18.1339
18.1339
18.1339
18.1339
17.8625
17.8625
17.8625
17.8625
17.8625
17.8625
17.8625
17.8625
17.8625
17.8625
17.8625
17.8625
17.8625
17.8625
17.8625
17.8625
17.8625
17.8625
17.8625
17.8625
17.8625
17.8625
17.8625
17.8625
17.8625
17.8625
17.8625
17.8625
17.8625
17.8625
17.8625
17.8625
17.8625
17.8625
17.8625
17.8625
17.8625
17.8625
17.8625
17.8625
17.8625
17.8625
17.8625
17.8625
18.03
17.748
17.748
17.748
17.748
17.748
17.748
17.748
17.748
17.748
17.748
17.748
17.748
17.748
17.748
17.748
17.748
17.748
17.748
17.748
17.748
17.748
17.748
17.748
17.748
17.748
17.748
17.748
17.5803
17.5803
17.5803
17.7503
17.7503
17.7503
17.7503
17.7503
17.7503
17.7503
17.7503
17.7503
17.7503
17.7503
17.7503
17.7503
17.7503
17.7503
17.7986
17.7986
17.7986
17.7986
17.7986
17.7986
17.7986
17.7986
17.7986
17.7986
17.7986
17.7986
17.7986
17.7986
17.943
17.943
17.943
17.7986
17.7986
17.7986
17.7986
17.9312
17.7986
17.7986
17.7986
17.7986
17.7986
17.7986
17.7986
17.7986
17.7986
17.7986
17.7986
17.7986
17.7986
17.7986
17.7986
17.7986
17.6287
17.7886
17.7233
17.5952
17.5468
17.5468
17.6768
17.6768
17.6768
17.6768
17.6768
17.6768
17.6768
17.793
17.793
17.6768
17.6768
17.6768
17.6768
17.6768
17.6768
17.6768
17.5468
17.5468
17.5468
17.5468
17.5468
17.5468
17.5468
17.6794
17.6794
17.6794
17.6794
17.6991
17.6991
17.6991
17.6991
17.6991
17.6991
17.6991
17.6991
17.6991
17.6991
17.6991
17.6991
17.6991
17.6991
17.6991
17.6991
17.6991
17.6991
17.6991
17.6991
17.5665
17.701
17.5665
17.5468
17.6768
17.6768
17.6768
17.6768
17.6768
17.6768
17.6768
17.6768
17.6768
17.6768
17.6768
17.6768
17.6768
17.6768
17.7308
17.7308
17.7308
17.7308
17.7308
17.7308
17.7308
17.7308
17.7308
17.7308
17.7308
17.7308
17.7789
17.649
17.649
17.6007
17.5071
17.5071
17.5071
17.5071
17.5071
17.5071
17.6351
17.6351
17.6351
17.6351
17.6351
17.6351
17.6351
17.6351
17.6351
17.6351
17.6351
17.6351
17.6351
17.5071
17.7179
17.7179
16.6852
16.6852
16.6852
16.6852
16.7241
16.6852
16.6852
16.6852
16.6852
16.6852
16.6852
16.6852
16.6852
16.6852
16.6852
15.9404
15.9404
15.9404
15.8815
15.8172
15.8172
17.3528
17.3528
17.3528
17.4809
17.4809
17.593
17.593
17.593
17.593
17.593
17.593
17.593
17.593
17.593
17.593
17.593
17.593
17.593
17.593
17.593
17.593
17.4789
17.4789
17.4789
17.4789
17.4789
17.4789
17.4789
17.4789
17.4789
17.4789
17.4789
17.4789
17.4789
17.4789
17.4789
17.4789
17.4789
17.4789
17.4789
17.4789
17.4789
17.4789
17.4789
17.4789
17.4789
17.4789
17.4789
17.4789
17.4789
17.4789
17.4789
17.4789
17.4789
17.4789
17.3936
17.6438
17.6438
17.6438
17.6438
17.6438
17.6438
17.6438
17.6438
17.6438
17.6438
17.6438
17.6438
17.6063
17.6063
17.6063
17.6063
17.6063
17.6438
17.6063
17.6063
17.6544
17.6544
17.5364
17.5364
17.5364
17.5364
17.5364
17.5364
17.5364
17.5364
17.5364
17.5364
17.4008
17.4008
17.3528
17.279
17.279
17.279
17.4115
17.4115
17.4115
17.4115
17.4115
17.4115
17.4115
17.4115
17.5206
17.5206
17.5206
17.5206
17.5206
17.5206
17.5206
17.5206
17.5381
17.4074
17.4074
17.4074
17.4074
17.4074
17.4074
17.2969
17.2969
17.279
17.279
17.279
18.0842
18.0842
18.0842
18.0842
16.4255
16.2797
16.3957
16.3957
16.3957
16.3957
16.3957
16.5313
16.5313
16.5313
16.5313
16.5313
16.5313
16.5313
16.5313
16.6493
16.6493
16.6493
16.6493
16.6493
16.5139
16.6438
16.5139
16.5139
16.5139
16.4648
16.4648
16.3712
16.4758
16.4758
16.5848
16.5848
16.5848
16.5848
16.6099
16.5908
16.5908
16.5908
16.5908
16.5908
16.5908
16.5908
16.5908
16.5908
16.5908
16.5908
16.5908
16.5908
16.6099
16.6763
16.6763
16.6099
16.6099
16.505
16.5961
16.5961
16.5961
16.505
16.505
16.505
16.505
16.505
16.505
16.505
16.505
16.505
16.505
16.505
16.505
16.505
16.505
16.505
16.3965
16.5025
16.5025
16.5025
16.5025
16.5025
16.5025
16.5025
16.5025
16.5025
16.5025
16.5025
16.5025
16.5025
16.5025
16.5025
16.5025
16.5025
16.5025
16.5025
16.5025
16.5025
16.5025
16.5025
16.5025
16.5025
16.5025
16.5025
16.5025
16.5025
16.5025
16.5025
16.5025
16.5025
16.5025
16.5025
16.5025
16.5025
16.5025
16.5025
16.5025
16.5025
16.5025
16.3965
16.4673
16.5774
16.5774
16.5774
16.5774
16.5774
16.5774
16.5774
16.5774
16.5774
16.5774
16.5774
16.66
16.576
16.576
16.576
16.576
16.576
16.576
16.576
16.576
16.576
16.576
16.576
16.576
16.576
16.576
16.576
16.576
16.576
16.576
16.576
16.576
16.576
16.576
16.576
16.576
16.576
16.576
16.576
16.66
16.66
16.66
16.5774
16.5774
16.5774
16.4673
16.4673
16.4673
16.5719
16.6858
16.6858
16.6858
16.6858
16.6858
16.6858
16.6858
16.6858
16.6858
16.6145
16.6145
16.6145
16.5438
16.6646
16.6646
16.6646
16.5551
16.4961
16.5627
16.5627
16.5627
16.4961
16.5885
16.5885
16.5885
16.5885
16.5885
16.4961
16.4961
16.6605
16.6605
16.6605
16.6605
16.6605
16.6605
16.6605
16.6215
16.7586
16.7586
16.7586
16.7586
16.7586
16.7586
16.7586
16.7586
16.7586
16.7586
16.7586
16.7738
16.7738
16.6569
16.6569
16.6569
16.6569
16.6569
16.6569
16.7415
16.6569
16.6215
16.6215
16.6215
16.6893
16.6893
16.6893
16.6893
16.6215
16.7092
16.6215
17.6542
17.6542
17.6542
15.8767
19.1505
19.2302
19.2302
19.2302
19.2302
19.2302
19.2302
19.2302
19.2302
19.2302
19.2302
19.1505
19.1505
15.8767
15.8767
15.8767
15.8767
15.9855
15.9855
15.9855
15.9855
16.0072
16.0072
15.917
15.917
15.917
15.917
15.8767
16.2311
16.2311
16.2311
16.2311
16.2311
16.2311
16.2311
16.2311
16.2311
16.2311
16.2311
16.2311
16.2311
16.2311
16.2311
16.2311
16.2311
16.2311
16.2311
16.2429
16.2429
16.2429
16.2429
16.2429
16.2429
16.2429
16.2429
16.2429
16.2429
16.2429
16.2429
16.2429
16.2429
16.2429
16.2429
16.2429
16.2429
16.2429
16.2429
16.2429
16.2429
16.2429
16.2429
16.2429
16.2429
16.2429
16.2554
15.9344
15.9344
15.9344
15.9344
15.9344
15.9344
16.0008
15.9344
15.9344
15.9344
15.9344
15.9344
15.9344
15.9344
15.9344
15.9344
15.9344
15.9344
15.9344
15.9344
15.9344
15.8921
16.0932
16.1753
16.1753
16.0932
16.069
16.069
15.988
15.988
16.0569
16.0997
16.0997
16.0569
16.0569
15.988
16.3522
16.364
16.364
16.364
16.364
16.364
16.364
16.364
16.364
16.364
16.364
16.364
16.364
16.364
16.364
16.364
16.364
16.364
16.364
16.364
16.364
16.364
16.4423
16.4423
16.4423
16.4423
16.1251
16.1251
16.1251
16.1251
16.069
16.1523
16.1523
16.1523
16.1523
16.1523
16.1523
16.1523
16.1523
16.1523
16.1523
16.1523
16.1523
16.1523
16.1523
16.1523
16.1523
16.1523
16.069
16.6132
16.7223
16.7223
16.7223
16.7223
16.7223
16.7223
16.7223
16.7223
16.7223
16.7223
16.7223
16.7223
16.7223
16.7223
16.7223
16.7223
16.7223
16.7223
16.7223
16.7223
16.7223
16.7223
16.7223
16.7223
16.7223
16.7534
16.7534
16.6486
16.6132
16.1103
16.0537
16.4992
16.4992
16.5809
16.6204
16.6204
16.6204
16.6204
16.6204
16.6204
16.6204
16.6204
16.6204
16.6204
16.6204
16.6204
16.6204
16.6204
16.5346
16.4992
16.5848
16.5848
16.5848
16.4992
16.5694
16.5694
17.1163
17.1163
17.1163
16.6878
16.6878
16.6878
16.6878
16.6878
16.6878
16.6878
16.6878
16.7027
16.7027
16.7027
16.7027
16.7776
16.7776
16.6607
16.6607
16.6607
16.6607
16.6607
16.6253
16.0786
16.0786
15.8791
15.8791
15.9879
15.9879
15.9879
15.9879
15.9879
15.9879
15.9879
15.9879
15.9879
15.9879
15.8791
16.1598
16.1598
16.1598
16.1598
16.1598
16.1598
16.1598
16.1598
16.1598
16.1598
16.1598
16.1598
16.1598
16.1598
16.1598
16.1598
16.1598
16.1598
16.1598
16.1598
16.1598
16.2413
16.2413
16.2413
16.2413
16.2413
16.2413
16.2413
15.9628
15.9628
15.9628
15.9628
15.9628
15.8791
15.8791
15.8791
15.8791
16.2402
16.2402
16.2402
16.2402
16.2402
16.2402
16.2402
16.2402
16.2402
16.2402
16.2402
16.2402
16.2402
16.2402
16.2545
16.2545
16.2545
16.2545
16.2545
16.2545
16.2545
15.9194
15.9194
15.9194
15.9194
15.9194
15.9194
15.9194
15.8791
15.8791
15.9879
15.9879
15.9879
15.9879
16.0208
16.0208
15.9398
15.9398
15.9398
15.9398
15.9398
15.9398
15.9398
15.9398
15.9398
15.9398
15.9398
15.9398
15.9398
15.9398
15.9398
15.9398
15.9398
15.9398
15.9398
15.9398
15.9398
15.9398
15.9398
15.9398
15.8791
15.8791
16.6253
17.128
16.6253
16.7124
16.7124
16.7124
16.7124
16.7124
16.7124
16.7124
16.7124
16.7124
16.7124
16.7124
16.7124
16.7124
16.7124
16.7124
16.7124
16.7124
16.7124
16.7124
16.7124
16.7124
16.7124
16.7124
16.7124
16.7124
16.7124
16.7124
16.7124
16.7124
16.7124
16.7124
16.7124
16.7124
16.7124
16.7124
16.7124
16.7124
16.7124
16.7124
16.7124
16.7124
16.7124
16.7124
16.7124
16.7124
16.7124
16.6253
16.7344
16.7344
16.6253
16.7624
16.7624
16.7624
16.6253
16.6607
16.6253
17.7636
17.7636
17.7636
17.8313
17.8313
17.8313
17.8313
17.8313
17.8313
17.8313
17.8313
17.8313
17.8313
17.8313
17.8313
17.8313
17.8313
17.8313
17.8313
17.8313
17.8313
17.8313
17.8313
17.7636
15.8791
15.8576
15.8576
15.8576
15.9402
15.9402
15.9402
15.9402
15.9402
15.9402
15.9402
15.9402
15.9402
15.9402
15.9402
15.9402
15.9402
15.9402
15.9402
15.9402
15.9402
15.9402
15.9402
15.9978
15.9172
15.9172
15.9172
15.9172
15.9172
15.9172
15.9172
15.9172
15.9172
15.9172
15.8576
15.9695
15.9695
15.9695
15.9695
15.9695
15.9695
15.9695
15.9695
15.9695
15.9695
15.9695
15.9695
15.9695
15.9695
15.9695
15.9695
15.9695
15.9695
15.9695
15.9695
15.9695
15.9695
15.9695
15.9695
15.9904
15.8961
15.8961
15.8961
15.8961
15.8576
15.962
15.962
15.962
15.962
15.962
15.962
15.962
15.962
15.962
15.8576
15.8576
15.8576
15.9402
15.9402
15.9402
15.9402
15.9402
15.9402
15.9402
15.9402
15.9402
15.9402
15.9402
15.9402
15.9402
15.9402
15.9402
15.9592
15.9592
15.9592
15.8767
17.7558
17.7558
16.8665
17.122
17.122
17.122
17.122
17.1885
17.1885
17.1885
17.1885
17.122
17.5092
17.5092
17.5092
17.5092
17.5092
17.5092
17.5092
17.5092
17.5092
17.5092
17.5092
17.5092
17.5092
17.5092
17.5092
17.5092
17.5092
17.5092
17.5092
17.5092
17.5092
17.5092
17.5092
17.5092
17.5092
17.5092
17.5092
17.5092
17.5092
17.5092
17.5092
17.5092
17.5092
17.5092
17.5092
17.5092
17.5092
17.5092
17.5092
17.5092
17.5092
17.5092
17.5092
17.5092
17.5092
17.5092
17.5092
17.5092
17.5092
17.5092
17.5092
17.5092
17.5223
17.1421
17.1421
17.1421
17.1421
17.122
15.6871
15.6871
15.6871
15.6669
15.7783
15.7783
15.7783
15.7783
15.7783
15.7783
15.7783
15.7783
15.7783
15.7783
15.7783
15.7783
15.7783
15.7783
15.7783
15.7783
15.7783
15.7783
15.7783
15.7783
15.7783
15.7783
15.7783
15.7783
15.7783
15.7783
15.7783
15.7783
15.7783
15.7783
15.7783
15.7783
15.7783
15.7783
15.7783
15.7783
15.7783
15.7783
15.7783
15.7783
15.7783
15.7783
15.7783
15.7783
15.7783
15.7783
15.7783
15.7783
15.6669
15.6669
15.6669
15.6669
15.6669
16.081
16.8237
16.8237
16.9054
16.9054
16.9054
16.9287
16.9287
16.8475
16.8237
16.9713
16.9713
16.9713
16.9713
16.9713
16.9713
17.0018
17.0018
17.0018
17.0018
17.0018
17.0018
17.0018
17.0018
17.0018
17.0018
17.0018
17.0018
17.0018
17.0018
17.0018
17.0018
17.0018
17.0018
17.0018
17.0018
17.0018
17.0018
17.0018
17.0018
17.0018
17.0018
17.0018
17.0018
17.0018
17.0018
17.0018
17.0018
17.0018
17.0018
17.0018
17.0018
17.0018
17.0018
17.0018
17.0018
17.0018
17.0018
17.0018
17.0018
17.0018
17.0018
17.0018
17.0018
17.0018
17.0018
17.0018
17.0018
17.0018
17.0018
17.0018
17.0018
17.0018
17.0018
17.0018
17.0018
17.0018
17.0018
17.0018
17.0018
17.0192
17.0192
17.0192
17.0192
16.9082
16.9082
16.9082
16.9082
16.9082
16.9082
16.9082
16.9082
16.9082
16.9082
16.9082
16.9082
16.9082
16.9082
16.9082
16.9082
16.9082
16.9082
16.9082
16.9082
16.8624
16.9329
16.9329
16.9329
16.9329
16.9329
16.9329
16.9329
16.9329
16.9329
16.9329
16.9329
16.9329
16.9329
16.9329
16.9329
16.9329
16.8624
16.8624
17.1063
17.1063
17.1063
17.1063
17.1063
17.1063
17.1063
17.1063
17.1063
17.1063
17.1063
17.1063
17.1063
17.1063
17.1063
17.1063
17.1063
17.1063
17.1063
17.1063
17.1063
17.1063
17.1063
17.1063
17.1063
17.1063
17.1063
17.1063
17.1063
17.1063
17.1063
17.1063
17.1063
17.1063
17.1063
17.1063
17.1063
17.1063
17.1767
17.1767
16.9329
16.9329
16.9329
16.9329
16.9329
16.9329
16.9329
16.9329
16.9329
16.9329
16.9329
16.9329
16.9937
16.9937
16.9288
16.9288
16.9288
16.9288
16.9288
16.9288
16.9288
16.9288
16.9288
16.9288
16.9288
16.9288
16.9288
16.9739
16.9739
16.9739
16.9739
16.9739
16.9739
16.9739
16.9739
16.9739
16.9739
16.9739
16.9739
16.9739
16.9739
16.9739
16.9739
16.9739
16.9739
16.9739
16.9739
16.9739
16.9739
16.9739
16.9739
16.9739
16.9739
16.9739
16.9739
16.9739
16.9739
16.9739
16.9076
16.99
16.99
16.99
16.99
16.99
16.99
16.99
16.99
16.99
16.99
16.99
16.99
16.99
16.99
16.99
16.99
16.99
16.99
16.99
16.99
16.99
16.99
16.99
16.99
16.99
16.99
16.99
16.99
16.99
16.99
16.99
16.99
16.99
17.0341
17.0341
16.953
16.953
17.0088
17.0088
17.0088
17.0088
17.0088
17.0088
17.0088
17.0088
17.0088
17.0088
17.0088
17.0088
17.0088
16.9373
16.9373
16.9373
16.9373
16.9373
16.9373
16.9373
16.8986
16.8986
16.8169
16.8169
16.853
16.8331
16.853
16.853
16.853
16.9194
16.9194
16.9194
16.9194
16.9194
16.853
16.9207
16.9207
16.853
16.8331
16.8331
16.8053
16.0788
16.0788
17.5555
17.5555
17.8367
17.8367
17.8367
17.8367
17.8367
17.8367
17.8367
17.8367
17.8367
17.8367
17.8367
17.8367
17.8367
17.8367
17.8367
17.8367
17.8367
17.8367
17.8367
17.8367
17.8367
17.8367
17.8367
17.8367
17.8367
17.8367
17.8367
17.8367
17.8367
17.8367
17.8367
17.8367
17.8367
17.8367
17.8367
17.8367
17.8367
17.8367
17.8367
17.8367
17.8367
17.8367
17.8367
17.8367
17.8367
17.8367
17.8367
17.8367
17.8367
17.8367
17.8367
17.8367
17.8367
17.8367
17.8367
17.8367
17.8367
17.8367
17.8367
17.8367
17.8367
17.8367
17.8367
17.8367
17.8367
17.8367
17.8367
17.8367
17.8367
17.8367
17.8367
17.8367
17.8367
17.8367
17.8367
17.8367
17.8367
17.8367
17.8367
17.8367
17.8367
17.8367
17.8367
17.8367
17.8367
17.8367
17.8367
17.8367
17.8367
17.8367
17.8367
17.8367
17.8367
17.8367
17.8367
17.8367
17.8367
17.8367
17.8367
17.8367
17.8367
17.8367
17.8367
17.8367
17.8367
17.8367
17.8367
17.8367
17.8367
17.8367
17.8367
17.8367
17.8367
17.8367
17.8367
17.8367
17.8367
17.8367
17.8367
17.8367
17.8367
17.8367
17.8367
17.8367
17.8367
17.8367
17.8367
17.8367
17.8367
17.8367
17.8367
17.8367
17.8367
17.8367
17.8367
17.8367
17.8367
17.8367
17.8367
17.8367
17.8367
17.8367
17.8367
17.9165
17.6429
17.6429
17.6429
17.6429
17.6429
17.6429
17.6429
17.6429
17.6429
17.6429
17.6429
17.6429
17.6429
17.6429
17.6429
17.6429
17.6429
17.6429
17.6429
17.6429
17.6429
17.6429
17.6429
17.6429
17.6429
17.6429
17.6429
17.6429
17.6429
17.6429
17.6689
17.6689
17.6689
17.6689
17.6689
17.6689
17.6689
17.6689
17.6689
17.6689
17.6689
17.6689
17.6689
17.6689
17.5843
17.5555
17.5555
16.0788
16.1494
16.1494
16.8173
16.8173
16.8173
16.8173
16.8173
16.8173
16.8173
16.854
16.1988
16.1988
16.1988
16.1988
16.1988
16.1988
16.1988
16.1988
16.1988
16.1988
16.1988
16.1988
16.1988
16.1988
16.1988
16.1988
16.1988
16.1988
16.1988
16.1988
16.1988
16.1988
16.1988
16.1988
16.1988
16.1988
16.1988
16.1988
16.1988
16.1988
16.1988
16.1988
16.1283
16.1283
16.8731
16.8731
16.8731
16.8731
16.9395
16.9395
16.9395
16.9395
16.9395
16.9395
16.9395
16.9395
16.9395
16.9395
16.9395
16.9395
16.9395
16.9395
16.9395
16.9395
16.9395
16.9395
16.9395
16.9395
16.8731
16.8731
17.6559
16.8804
16.8804
16.9509
16.9509
16.9509
16.9509
16.9509
16.9509
16.9509
16.8804
16.8804
16.8418
16.8418
17.0857
17.0857
17.0857
17.0857
17.0857
17.0857
17.0857
17.0857
17.0857
17.0857
17.0857
17.0857
17.0857
17.0857
17.0857
17.0857
17.0857
17.0857
17.0857
17.0857
17.0857
17.0857
17.0857
17.0857
17.0857
17.0857
17.0857
17.0857
17.0857
17.0857
17.0857
17.0857
17.0857
17.0857
17.1522
17.1522
16.9081
16.9081
16.9081
16.9081
16.9081
16.9081
16.9081
16.9081
16.9081
16.8418
16.8418
16.9231
16.9231
16.9231
16.9231
16.9231
16.9231
16.9231
16.9231
16.9231
16.9231
16.9231
16.9231
16.9231
16.9231
16.9231
16.9231
16.9231
16.9231
16.9231
16.8418
15.8717
15.9382
15.9382
15.9382
15.8717
15.8717
15.8717
15.8717
16.099
16.1821
16.1821
16.1821
16.1821
16.1821
16.1821
16.1821
16.1821
16.1821
16.1821
16.1821
16.1821
16.1821
16.1821
16.1821
16.1821
16.2104
16.2104
16.2104
16.2104
16.2104
16.2104
16.2104
16.2104
16.2104
16.2104
16.2104
16.2104
16.2104
16.2104
16.2104
16.2104
16.2104
16.2104
16.2104
16.2104
16.2104
16.2104
16.2104
16.2104
16.2104
16.2104
16.2104
16.2104
16.2104
16.2104
16.2104
16.2104
16.2104
16.2104
16.2104
16.2104
16.2104
16.2104
16.2104
16.2104
16.2104
16.2104
16.2104
16.2104
16.2104
16.2104
16.2104
16.2104
16.2104
16.2104
16.2104
16.2104
16.2104
16.2104
16.2104
16.2104
16.2104
16.2104
16.2104
16.2104
16.2104
16.2104
16.2104
16.2104
16.2104
16.2104
16.2104
16.2104
16.2104
16.2104
16.2104
