Working directory is /home/mouda/Work/Thesis/figures_src/Simulatorsrc/runSimulation/runCR/runCR_FR.95_Finsed/KM_MC
running on host mini133
Start time is 日 9月 15 21:40:30 CST 2013
Directory is /home/mouda/Work/Thesis/figures_src/Simulatorsrc/runSimulation/runCR/runCR_FR.95_Finsed/KM_MC
Iniial retrytimes22
Compression Ratio 0.300224
...............................................................................................best 186   Information Ratio:0.967802
SA end up correctly
Add Times=560
Discard Times=385
HR Times=0
.............IP: 133
2013-09-15_21-41_BestStrucULSAkmeans2indN195_m11_cor-0.0.txt
ULSAkmeans2i_Cluster_N195_FR0.95.txt
delete matrixComputer Ok
delete ConSol Ok
Iniial retrytimes110
Compression Ratio 0.300224
...............................................................................................best 186   Information Ratio:0.962755
SA end up correctly
Add Times=514
Discard Times=339
HR Times=0
.............IP: 133
2013-09-15_21-42_BestStrucULSAkmeans2indN195_m11_cor-0.0.txt
ULSAkmeans2i_Cluster_N195_FR0.95.txt
delete matrixComputer Ok
delete ConSol Ok
Iniial retrytimes42
Compression Ratio 0.300224
.........................................................................................best 186   Information Ratio:0.966268
SA end up correctly
Add Times=470
Discard Times=295
HR Times=0
.............IP: 133
2013-09-15_21-43_BestStrucULSAkmeans2indN195_m11_cor-0.0.txt
ULSAkmeans2i_Cluster_N195_FR0.95.txt
delete matrixComputer Ok
delete ConSol Ok
Iniial retrytimes68
Compression Ratio 0.300224
.............................................................................................best 186   Information Ratio:0.954068
SA end up correctly
Add Times=541
Discard Times=367
HR Times=0
.............IP: 133
2013-09-15_21-44_BestStrucULSAkmeans2indN195_m11_cor-0.0.txt
ULSAkmeans2i_Cluster_N195_FR0.95.txt
delete matrixComputer Ok
delete ConSol Ok
Iniial retrytimes69
Compression Ratio 0.300224
...............................................................................................best 186   Information Ratio:0.962215
SA end up correctly
Add Times=575
Discard Times=400
HR Times=0
.............IP: 133
2013-09-15_21-44_BestStrucULSAkmeans2indN195_m11_cor-0.0.txt
ULSAkmeans2i_Cluster_N195_FR0.95.txt
delete matrixComputer Ok
delete ConSol Ok
Iniial retrytimes180
Compression Ratio 0.300224
............................................................................................best 186   Information Ratio:0.968094
SA end up correctly
Add Times=497
Discard Times=322
HR Times=0
.............IP: 133
2013-09-15_21-45_BestStrucULSAkmeans2indN195_m11_cor-0.0.txt
ULSAkmeans2i_Cluster_N195_FR0.95.txt
delete matrixComputer Ok
delete ConSol Ok
Close Fid Ok
Computing Time 299.880000 
release Memory Ok
End time is 日 9月 15 21:45:36 CST 2013
Computing time is 306 sec
