Working directory is /home/mouda/Work/Thesis/figures_src/Simulatorsrc/runSimulation/runHN/runHN_FR.95_CR.48_N195_Finsed/KM_MC
running on host mini133
Start time is 一 9月 16 11:57:53 CST 2013
Directory is /home/mouda/Work/Thesis/figures_src/Simulatorsrc/runSimulation/runHN/runHN_FR.95_CR.48_N195_Finsed/KM_MC
Iniial retrytimes183
Compression Ratio 0.477365
............................................................................................best 186   Information Ratio:0.961444
SA end up correctly
Add Times=559
Discard Times=382
HR Times=0
.............IP: 133
2013-09-16_11-58_BestStrucULSAkmeans2indN195_m9_cor-0.0.txt
ULSAkmeans2i_Cluster_N195_FR0.95.txt
delete matrixComputer Ok
delete ConSol Ok
Iniial retrytimes57
Compression Ratio 0.477365
..............................................................................................best 186   Information Ratio:0.994287
SA end up correctly
Add Times=537
Discard Times=360
HR Times=0
.............IP: 133
2013-09-16_11-59_BestStrucULSAkmeans2indN195_m9_cor-0.0.txt
ULSAkmeans2i_Cluster_N195_FR0.95.txt
delete matrixComputer Ok
delete ConSol Ok
Iniial retrytimes28
Compression Ratio 0.477365
................................................................................................best 186   Information Ratio:0.982685
SA end up correctly
Add Times=623
Discard Times=449
HR Times=0
.............IP: 133
2013-09-16_11-59_BestStrucULSAkmeans2indN195_m9_cor-0.0.txt
ULSAkmeans2i_Cluster_N195_FR0.95.txt
delete matrixComputer Ok
delete ConSol Ok
Iniial retrytimes15
Compression Ratio 0.477365
.............................................................................................best 186   Information Ratio:0.992809
SA end up correctly
Add Times=535
Discard Times=358
HR Times=0
.............IP: 133
2013-09-16_12-00_BestStrucULSAkmeans2indN195_m9_cor-0.0.txt
ULSAkmeans2i_Cluster_N195_FR0.95.txt
delete matrixComputer Ok
delete ConSol Ok
Iniial retrytimes186
Compression Ratio 0.477365
.........................................................................................best 186   Information Ratio:0.973977
SA end up correctly
Add Times=608
Discard Times=431
HR Times=0
.............IP: 133
2013-09-16_12-01_BestStrucULSAkmeans2indN195_m9_cor-0.0.txt
ULSAkmeans2i_Cluster_N195_FR0.95.txt
delete matrixComputer Ok
delete ConSol Ok
Iniial retrytimes24
Compression Ratio 0.477365
...............................................................................................best 186   Information Ratio:0.971448
SA end up correctly
Add Times=648
Discard Times=471
HR Times=0
.............IP: 133
2013-09-16_12-02_BestStrucULSAkmeans2indN195_m9_cor-0.0.txt
ULSAkmeans2i_Cluster_N195_FR0.95.txt
delete matrixComputer Ok
delete ConSol Ok
Close Fid Ok
Computing Time 247.940000 
release Memory Ok
End time is 一 9月 16 12:02:07 CST 2013
Computing time is 254 sec
