Working directory is /home/mouda/Work/Thesis/figures_src/Simulatorsrc/runSimulation/runHN/runHN_FR.95_CR.48_N195_Finsed/KM_MC
running on host mini134
Start time is 一 9月 16 11:52:25 CST 2013
Directory is /home/mouda/Work/Thesis/figures_src/Simulatorsrc/runSimulation/runHN/runHN_FR.95_CR.48_N195_Finsed/KM_MC
Iniial retrytimes60
Compression Ratio 0.477365
...........................................................................................best 186   Information Ratio:0.976566
SA end up correctly
Add Times=584
Discard Times=409
HR Times=0
.............IP: 134
2013-09-16_11-53_BestStrucULSAkmeans2indN195_m11_cor-0.0.txt
ULSAkmeans2i_Cluster_N195_FR0.95.txt
delete matrixComputer Ok
delete ConSol Ok
Iniial retrytimes43
Compression Ratio 0.477365
...............................................................................................best 186   Information Ratio:0.974319
SA end up correctly
Add Times=552
Discard Times=377
HR Times=0
.............IP: 134
2013-09-16_11-54_BestStrucULSAkmeans2indN195_m11_cor-0.0.txt
ULSAkmeans2i_Cluster_N195_FR0.95.txt
delete matrixComputer Ok
delete ConSol Ok
Iniial retrytimes102
Compression Ratio 0.477365
...........................................................................................best 186   Information Ratio:0.979239
SA end up correctly
Add Times=655
Discard Times=480
HR Times=0
.............IP: 134
2013-09-16_11-55_BestStrucULSAkmeans2indN195_m11_cor-0.0.txt
ULSAkmeans2i_Cluster_N195_FR0.95.txt
delete matrixComputer Ok
delete ConSol Ok
Iniial retrytimes47
Compression Ratio 0.477365
...............................................................................................best 186   Information Ratio:0.992193
SA end up correctly
Add Times=535
Discard Times=360
HR Times=0
.............IP: 134
2013-09-16_11-56_BestStrucULSAkmeans2indN195_m11_cor-0.0.txt
ULSAkmeans2i_Cluster_N195_FR0.95.txt
delete matrixComputer Ok
delete ConSol Ok
Iniial retrytimes183
Compression Ratio 0.477365
...........................................................................................best 186   Information Ratio:0.985999
SA end up correctly
Add Times=580
Discard Times=405
HR Times=0
.............IP: 134
2013-09-16_11-57_BestStrucULSAkmeans2indN195_m11_cor-0.0.txt
ULSAkmeans2i_Cluster_N195_FR0.95.txt
delete matrixComputer Ok
delete ConSol Ok
Iniial retrytimes157
Compression Ratio 0.477365
..............................................................................................best 186   Information Ratio:0.971939
SA end up correctly
Add Times=459
Discard Times=284
HR Times=0
.............IP: 134
2013-09-16_11-57_BestStrucULSAkmeans2indN195_m11_cor-0.0.txt
ULSAkmeans2i_Cluster_N195_FR0.95.txt
delete matrixComputer Ok
delete ConSol Ok
Close Fid Ok
Computing Time 324.030000 
release Memory Ok
End time is 一 9月 16 11:57:56 CST 2013
Computing time is 331 sec
