Working directory is /home/mouda/Work/Thesis/figures_src/Simulatorsrc/runSimulation/runHN/runHN_FR.95_CR.48_N195_Finsed/KM_MC
running on host mini134
Start time is 一 9月 16 11:52:25 CST 2013
Directory is /home/mouda/Work/Thesis/figures_src/Simulatorsrc/runSimulation/runHN/runHN_FR.95_CR.48_N195_Finsed/KM_MC
Iniial retrytimes60
Compression Ratio 0.477365
..............................................................................................best 186   Information Ratio:0.990634
SA end up correctly
Add Times=647
Discard Times=475
HR Times=0
.............IP: 134
2013-09-16_11-53_BestStrucULSAkmeans2indN195_m13_cor-0.0.txt
ULSAkmeans2i_Cluster_N195_FR0.95.txt
delete matrixComputer Ok
delete ConSol Ok
Iniial retrytimes38
Compression Ratio 0.477365
...........................................................................................best 186   Information Ratio:0.976921
SA end up correctly
Add Times=523
Discard Times=350
HR Times=0
.............IP: 134
2013-09-16_11-53_BestStrucULSAkmeans2indN195_m13_cor-0.0.txt
ULSAkmeans2i_Cluster_N195_FR0.95.txt
delete matrixComputer Ok
delete ConSol Ok
Iniial retrytimes191
Compression Ratio 0.477365
...............................................................................................best 186   Information Ratio:0.978632
SA end up correctly
Add Times=612
Discard Times=439
HR Times=0
.............IP: 134
2013-09-16_11-55_BestStrucULSAkmeans2indN195_m13_cor-0.0.txt
ULSAkmeans2i_Cluster_N195_FR0.95.txt
delete matrixComputer Ok
delete ConSol Ok
Iniial retrytimes147
Compression Ratio 0.477365
................................................................................................best 186   Information Ratio:0.969313
SA end up correctly
Add Times=602
Discard Times=429
HR Times=0
.............IP: 134
2013-09-16_11-56_BestStrucULSAkmeans2indN195_m13_cor-0.0.txt
ULSAkmeans2i_Cluster_N195_FR0.95.txt
delete matrixComputer Ok
delete ConSol Ok
Iniial retrytimes156
Compression Ratio 0.477365
...........................................................................................best 186   Information Ratio:0.966513
SA end up correctly
Add Times=581
Discard Times=409
HR Times=0
.............IP: 134
2013-09-16_11-57_BestStrucULSAkmeans2indN195_m13_cor-0.0.txt
ULSAkmeans2i_Cluster_N195_FR0.95.txt
delete matrixComputer Ok
delete ConSol Ok
Iniial retrytimes64
Compression Ratio 0.477365
............................................................................................best 186   Information Ratio:0.97733
SA end up correctly
Add Times=620
Discard Times=448
HR Times=0
.............IP: 134
2013-09-16_11-58_BestStrucULSAkmeans2indN195_m13_cor-0.0.txt
ULSAkmeans2i_Cluster_N195_FR0.95.txt
delete matrixComputer Ok
delete ConSol Ok
Close Fid Ok
Computing Time 331.380000 
release Memory Ok
End time is 一 9月 16 11:58:04 CST 2013
Computing time is 339 sec
