Working directory is /home/mouda/Work/Thesis/figures_src/Simulatorsrc/runSimulation/runHN/runHN_FR.95_CR.48_N195_Finsed/KM_MC
running on host mini135
Start time is 一 9月 16 11:49:29 CST 2013
Directory is /home/mouda/Work/Thesis/figures_src/Simulatorsrc/runSimulation/runHN/runHN_FR.95_CR.48_N195_Finsed/KM_MC
Iniial retrytimes42
Compression Ratio 0.477365
............................................................................................best 186   Information Ratio:0.980066
SA end up correctly
Add Times=665
Discard Times=496
HR Times=0
.............IP: 135
2013-09-16_11-51_BestStrucULSAkmeans2indN195_m17_cor-0.0.txt
ULSAkmeans2i_Cluster_N195_FR0.95.txt
delete matrixComputer Ok
delete ConSol Ok
Iniial retrytimes173
Compression Ratio 0.477365
...............................................................................................best 186   Information Ratio:0.966712
SA end up correctly
Add Times=641
Discard Times=472
HR Times=0
.............IP: 135
2013-09-16_11-52_BestStrucULSAkmeans2indN195_m17_cor-0.0.txt
ULSAkmeans2i_Cluster_N195_FR0.95.txt
delete matrixComputer Ok
delete ConSol Ok
Iniial retrytimes48
Compression Ratio 0.477365
..............................................................................................best 186   Information Ratio:0.967592
SA end up correctly
Add Times=655
Discard Times=486
HR Times=0
.............IP: 135
2013-09-16_11-53_BestStrucULSAkmeans2indN195_m17_cor-0.0.txt
ULSAkmeans2i_Cluster_N195_FR0.95.txt
delete matrixComputer Ok
delete ConSol Ok
Iniial retrytimes42
Compression Ratio 0.477365
.....................................................................................best 186   Information Ratio:0.963599
SA end up correctly
Add Times=658
Discard Times=489
HR Times=0
.............IP: 135
2013-09-16_11-55_BestStrucULSAkmeans2indN195_m17_cor-0.0.txt
ULSAkmeans2i_Cluster_N195_FR0.95.txt
delete matrixComputer Ok
delete ConSol Ok
Iniial retrytimes59
Compression Ratio 0.477365
.............................................................................................best 186   Information Ratio:0.963345
SA end up correctly
Add Times=675
Discard Times=506
HR Times=0
.............IP: 135
2013-09-16_11-56_BestStrucULSAkmeans2indN195_m17_cor-0.0.txt
ULSAkmeans2i_Cluster_N195_FR0.95.txt
delete matrixComputer Ok
delete ConSol Ok
Iniial retrytimes51
Compression Ratio 0.477365
.............................................................................................best 186   Information Ratio:0.964066
SA end up correctly
Add Times=573
Discard Times=404
HR Times=0
.............IP: 135
2013-09-16_11-57_BestStrucULSAkmeans2indN195_m17_cor-0.0.txt
ULSAkmeans2i_Cluster_N195_FR0.95.txt
delete matrixComputer Ok
delete ConSol Ok
Close Fid Ok
Computing Time 448.350000 
release Memory Ok
End time is 一 9月 16 11:57:05 CST 2013
Computing time is 456 sec
