Working directory is /home/mouda/Work/Thesis/figures_src/Simulatorsrc/runSimulation/runHN/runHN_FR.95_CR.48_N195_Finsed/KM_MC
running on host mini132
Start time is Mon Sep 16 11:54:17 CST 2013
Directory is /home/mouda/Work/Thesis/figures_src/Simulatorsrc/runSimulation/runHN/runHN_FR.95_CR.48_N195_Finsed/KM_MC
Iniial retrytimes192
Compression Ratio 0.477365
.............................................................................................best 186   Information Ratio:0.984767
SA end up correctly
Add Times=417
Discard Times=234
HR Times=0
.............IP: 132
2013-09-16_11-54_BestStrucULSAkmeans2indN195_m3_cor-0.0.txt
ULSAkmeans2i_Cluster_N195_FR0.95.txt
delete matrixComputer Ok
delete ConSol Ok
Iniial retrytimes145
Compression Ratio 0.477365
.................................................................................................best 186   Information Ratio:0.965221
SA end up correctly
Add Times=389
Discard Times=206
HR Times=0
.............IP: 132
2013-09-16_11-54_BestStrucULSAkmeans2indN195_m3_cor-0.0.txt
ULSAkmeans2i_Cluster_N195_FR0.95.txt
delete matrixComputer Ok
delete ConSol Ok
Iniial retrytimes184
Compression Ratio 0.477365
...............................................................................................best 186   Information Ratio:0.975256
SA end up correctly
Add Times=447
Discard Times=264
HR Times=0
.............IP: 132
2013-09-16_11-55_BestStrucULSAkmeans2indN195_m3_cor-0.0.txt
ULSAkmeans2i_Cluster_N195_FR0.95.txt
delete matrixComputer Ok
delete ConSol Ok
Iniial retrytimes79
Compression Ratio 0.477365
..........................................................................................best 186   Information Ratio:0.997393
SA end up correctly
Add Times=376
Discard Times=193
HR Times=0
.............IP: 132
2013-09-16_11-55_BestStrucULSAkmeans2indN195_m3_cor-0.0.txt
ULSAkmeans2i_Cluster_N195_FR0.95.txt
delete matrixComputer Ok
delete ConSol Ok
Iniial retrytimes49
Compression Ratio 0.477365
............................................................................................best 186   Information Ratio:0.977764
SA end up correctly
Add Times=355
Discard Times=172
HR Times=0
.............IP: 132
2013-09-16_11-55_BestStrucULSAkmeans2indN195_m3_cor-0.0.txt
ULSAkmeans2i_Cluster_N195_FR0.95.txt
delete matrixComputer Ok
delete ConSol Ok
Iniial retrytimes14
Compression Ratio 0.477365
.............................................................................................best 186   Information Ratio:0.979825
SA end up correctly
Add Times=406
Discard Times=223
HR Times=0
.............IP: 132
2013-09-16_11-56_BestStrucULSAkmeans2indN195_m3_cor-0.0.txt
ULSAkmeans2i_Cluster_N195_FR0.95.txt
delete matrixComputer Ok
delete ConSol Ok
Close Fid Ok
Computing Time 117.600000 
release Memory Ok
End time is Mon Sep 16 11:56:20 CST 2013
Computing time is 123 sec
