Working directory is /home/mouda/Work/Thesis/figures_src/Simulatorsrc/runSimulation/runHN/runHN_FR.95_CR.48_N195_Finsed/KM_MC
running on host mini136
Start time is 一 9月 16 11:52:44 CST 2013
Directory is /home/mouda/Work/Thesis/figures_src/Simulatorsrc/runSimulation/runHN/runHN_FR.95_CR.48_N195_Finsed/KM_MC
Iniial retrytimes7
Compression Ratio 0.477365
...............................................................................................best 186   Information Ratio:0.98042
SA end up correctly
Add Times=572
Discard Times=408
HR Times=0
.............IP: 136
2013-09-16_11-55_BestStrucULSAkmeans2indN195_m21_cor-0.0.txt
ULSAkmeans2i_Cluster_N195_FR0.95.txt
delete matrixComputer Ok
delete ConSol Ok
Iniial retrytimes150
Compression Ratio 0.477365
............................................................................................best 186   Information Ratio:0.982574
SA end up correctly
Add Times=665
Discard Times=500
HR Times=0
.............IP: 136
2013-09-16_11-57_BestStrucULSAkmeans2indN195_m21_cor-0.0.txt
ULSAkmeans2i_Cluster_N195_FR0.95.txt
delete matrixComputer Ok
delete ConSol Ok
Iniial retrytimes56
Compression Ratio 0.477365
.............................................................................................best 186   Information Ratio:0.973701
SA end up correctly
Add Times=635
Discard Times=470
HR Times=0
.............IP: 136
2013-09-16_11-58_BestStrucULSAkmeans2indN195_m21_cor-0.0.txt
ULSAkmeans2i_Cluster_N195_FR0.95.txt
delete matrixComputer Ok
delete ConSol Ok
Iniial retrytimes153
Compression Ratio 0.477365
............................................................................................best 186   Information Ratio:0.976067
SA end up correctly
Add Times=596
Discard Times=431
HR Times=0
.............IP: 136
2013-09-16_12-00_BestStrucULSAkmeans2indN195_m21_cor-0.0.txt
ULSAkmeans2i_Cluster_N195_FR0.95.txt
delete matrixComputer Ok
delete ConSol Ok
Iniial retrytimes0
Compression Ratio 0.477365
...............................................................................................best 186   Information Ratio:0.976692
SA end up correctly
Add Times=715
Discard Times=550
HR Times=0
.............IP: 136
2013-09-16_12-02_BestStrucULSAkmeans2indN195_m21_cor-0.0.txt
ULSAkmeans2i_Cluster_N195_FR0.95.txt
delete matrixComputer Ok
delete ConSol Ok
Iniial retrytimes57
Compression Ratio 0.477365
.............................................................................................best 186   Information Ratio:0.982221
SA end up correctly
Add Times=662
Discard Times=499
HR Times=0
.............IP: 136
2013-09-16_12-04_BestStrucULSAkmeans2indN195_m21_cor-0.0.txt
ULSAkmeans2i_Cluster_N195_FR0.95.txt
delete matrixComputer Ok
delete ConSol Ok
Close Fid Ok
Computing Time 671.090000 
release Memory Ok
End time is 一 9月 16 12:04:03 CST 2013
Computing time is 679 sec
