Working directory is /home/mouda/Work/Thesis/figures_src/Simulatorsrc/runSimulation/runHN/runHN_FR.95_CR.48_N195_Finsed/KM_MC
running on host mini133
Start time is 一 9月 16 11:57:51 CST 2013
Directory is /home/mouda/Work/Thesis/figures_src/Simulatorsrc/runSimulation/runHN/runHN_FR.95_CR.48_N195_Finsed/KM_MC
Iniial retrytimes178
Compression Ratio 0.477365
.............................................................................................best 186   Information Ratio:0.990193
SA end up correctly
Add Times=500
Discard Times=321
HR Times=0
.............IP: 133
2013-09-16_11-58_BestStrucULSAkmeans2indN195_m7_cor-0.0.txt
ULSAkmeans2i_Cluster_N195_FR0.95.txt
delete matrixComputer Ok
delete ConSol Ok
Iniial retrytimes174
Compression Ratio 0.477365
...........................................................................................best 186   Information Ratio:0.993303
SA end up correctly
Add Times=551
Discard Times=372
HR Times=0
.............IP: 133
2013-09-16_11-58_BestStrucULSAkmeans2indN195_m7_cor-0.0.txt
ULSAkmeans2i_Cluster_N195_FR0.95.txt
delete matrixComputer Ok
delete ConSol Ok
Iniial retrytimes83
Compression Ratio 0.477365
..............................................................................................best 186   Information Ratio:0.986413
SA end up correctly
Add Times=597
Discard Times=418
HR Times=0
.............IP: 133
2013-09-16_11-59_BestStrucULSAkmeans2indN195_m7_cor-0.0.txt
ULSAkmeans2i_Cluster_N195_FR0.95.txt
delete matrixComputer Ok
delete ConSol Ok
Iniial retrytimes171
Compression Ratio 0.477365
........................................................................................best 186   Information Ratio:0.995473
SA end up correctly
Add Times=552
Discard Times=373
HR Times=0
.............IP: 133
2013-09-16_11-59_BestStrucULSAkmeans2indN195_m7_cor-0.0.txt
ULSAkmeans2i_Cluster_N195_FR0.95.txt
delete matrixComputer Ok
delete ConSol Ok
Iniial retrytimes84
Compression Ratio 0.477365
............................................................................................best 186   Information Ratio:0.968968
SA end up correctly
Add Times=501
Discard Times=322
HR Times=0
.............IP: 133
2013-09-16_12-00_BestStrucULSAkmeans2indN195_m7_cor-0.0.txt
ULSAkmeans2i_Cluster_N195_FR0.95.txt
delete matrixComputer Ok
delete ConSol Ok
Iniial retrytimes190
Compression Ratio 0.477365
...............................................................................................best 186   Information Ratio:0.973934
SA end up correctly
Add Times=536
Discard Times=357
HR Times=0
.............IP: 133
2013-09-16_12-01_BestStrucULSAkmeans2indN195_m7_cor-0.0.txt
ULSAkmeans2i_Cluster_N195_FR0.95.txt
delete matrixComputer Ok
delete ConSol Ok
Close Fid Ok
Computing Time 198.010000 
release Memory Ok
End time is 一 9月 16 12:01:15 CST 2013
Computing time is 204 sec
