Working directory is /home/mouda/Work/Thesis/figures_src/Simulatorsrc/winULSAkmeans2i_MC/bin/Release/runHN_FR.95CR.48RanMore__Finsed
running on host mini133
Start time is 四 9月 12 14:32:27 CST 2013
Directory is /home/mouda/Work/Thesis/figures_src/Simulatorsrc/winULSAkmeans2i_MC/bin/Release/runHN_FR.95CR.48RanMore__Finsed
Iniial retrytimes26
Compression Ratio 0.477355
............................................................................................best 186   Information Ratio:0.975093
SA end up correctly
Add Times=629
Discard Times=464
HR Times=0
.............IP: 133
2013-09-12_14-35_BestStrucULSAkmeans2indN195_m21_cor0.0.txt
ULSAkmeans2i_Cluster_N195_FR0.95.txt
delete matrixComputer Ok
delete ConSol Ok
Close Fid Ok
Computing Time 170.200000 
release Memory Ok
Iniial retrytimes41
Compression Ratio 0.477355
........................................................................................best 186   Information Ratio:0.986587
SA end up correctly
Add Times=573
Discard Times=408
HR Times=0
.............IP: 133
2013-09-12_14-36_BestStrucULSAkmeans2indN195_m21_cor0.0.txt
ULSAkmeans2i_Cluster_N195_FR0.95.txt
delete matrixComputer Ok
delete ConSol Ok
Close Fid Ok
Computing Time 76.390000 
release Memory Ok
Iniial retrytimes23
Compression Ratio 0.477355
................................................................................................best 186   Information Ratio:0.97283
SA end up correctly
Add Times=662
Discard Times=497
HR Times=0
.............IP: 133
2013-09-12_14-39_BestStrucULSAkmeans2indN195_m21_cor0.0.txt
ULSAkmeans2i_Cluster_N195_FR0.95.txt
delete matrixComputer Ok
delete ConSol Ok
Close Fid Ok
Computing Time 156.300000 
release Memory Ok
Iniial retrytimes143
Compression Ratio 0.477355
...........................................................................................best 186   Information Ratio:0.966635
SA end up correctly
Add Times=620
Discard Times=455
HR Times=0
.............IP: 133
2013-09-12_14-41_BestStrucULSAkmeans2indN195_m21_cor0.0.txt
ULSAkmeans2i_Cluster_N195_FR0.95.txt
delete matrixComputer Ok
delete ConSol Ok
Close Fid Ok
Computing Time 128.900000 
release Memory Ok
Iniial retrytimes121
Compression Ratio 0.477355
...............................................................................................best 186   Information Ratio:0.96964
SA end up correctly
Add Times=646
Discard Times=482
HR Times=0
.............IP: 133
2013-09-12_14-43_BestStrucULSAkmeans2indN195_m21_cor0.0.txt
ULSAkmeans2i_Cluster_N195_FR0.95.txt
delete matrixComputer Ok
delete ConSol Ok
Close Fid Ok
Computing Time 126.560000 
release Memory Ok
Iniial retrytimes178
The 180 can't be initialized bykmeans
Close Fid Ok
Computing Time 0.000000 
release Memory Ok
End time is 四 9月 12 14:43:31 CST 2013
Computing time is 664 sec
