Working directory is /home/mouda/Work/Thesis/figures_src/Simulatorsrc/winULSAkmeans2i_MC/bin/Release/runHN_FR.95CR.48RanMore__Finsed
running on host mini130
Start time is Thu Sep 12 14:34:42 CST 2013
Directory is /home/mouda/Work/Thesis/figures_src/Simulatorsrc/winULSAkmeans2i_MC/bin/Release/runHN_FR.95CR.48RanMore__Finsed
Iniial retrytimes95
Compression Ratio 0.477355
..............................................................................................best 186   Information Ratio:1.00377
SA end up correctly
Add Times=616
Discard Times=439
HR Times=0
.............IP: 130
2013-09-12_14-35_BestStrucULSAkmeans2indN195_m9_cor0.0.txt
ULSAkmeans2i_Cluster_N195_FR0.95.txt
delete matrixComputer Ok
delete ConSol Ok
Close Fid Ok
Computing Time 63.550000 
release Memory Ok
Iniial retrytimes89
Compression Ratio 0.477355
.................................................................................................best 186   Information Ratio:0.968281
SA end up correctly
Add Times=560
Discard Times=383
HR Times=0
.............IP: 130
2013-09-12_14-36_BestStrucULSAkmeans2indN195_m9_cor0.0.txt
ULSAkmeans2i_Cluster_N195_FR0.95.txt
delete matrixComputer Ok
delete ConSol Ok
Close Fid Ok
Computing Time 52.410000 
release Memory Ok
Iniial retrytimes55
Compression Ratio 0.477355
..............................................................................................best 186   Information Ratio:0.976469
SA end up correctly
Add Times=559
Discard Times=382
HR Times=0
.............IP: 130
2013-09-12_14-37_BestStrucULSAkmeans2indN195_m9_cor0.0.txt
ULSAkmeans2i_Cluster_N195_FR0.95.txt
delete matrixComputer Ok
delete ConSol Ok
Close Fid Ok
Computing Time 60.820000 
release Memory Ok
Iniial retrytimes139
Compression Ratio 0.477355
..............................................................................................best 186   Information Ratio:0.98501
SA end up correctly
Add Times=527
Discard Times=350
HR Times=0
.............IP: 130
2013-09-12_14-38_BestStrucULSAkmeans2indN195_m9_cor0.0.txt
ULSAkmeans2i_Cluster_N195_FR0.95.txt
delete matrixComputer Ok
delete ConSol Ok
Close Fid Ok
Computing Time 71.070000 
release Memory Ok
Iniial retrytimes98
Compression Ratio 0.477355
.................................................................................................best 186   Information Ratio:0.971136
SA end up correctly
Add Times=665
Discard Times=488
HR Times=0
.............IP: 130
2013-09-12_14-39_BestStrucULSAkmeans2indN195_m9_cor0.0.txt
ULSAkmeans2i_Cluster_N195_FR0.95.txt
delete matrixComputer Ok
delete ConSol Ok
Close Fid Ok
Computing Time 55.110000 
release Memory Ok
Iniial retrytimes180
Compression Ratio 0.477355
.............................................................................................best 186   Information Ratio:0.97971
SA end up correctly
Add Times=672
Discard Times=494
HR Times=0
.............IP: 130
2013-09-12_14-40_BestStrucULSAkmeans2indN195_m9_cor0.0.txt
ULSAkmeans2i_Cluster_N195_FR0.95.txt
delete matrixComputer Ok
delete ConSol Ok
Close Fid Ok
Computing Time 47.550000 
release Memory Ok
End time is Thu Sep 12 14:40:37 CST 2013
Computing time is 355 sec
