Working directory is /home/mouda/Work/Thesis/figures_src/Simulatorsrc/winULSAkmeans2i_MC/bin/Release/runHN_FR.95CR.48RanMore__Finsed
running on host miniAMPL
Start time is Thu Sep 12 14:34:41 CST 2013
Directory is /home/mouda/Work/Thesis/figures_src/Simulatorsrc/winULSAkmeans2i_MC/bin/Release/runHN_FR.95CR.48RanMore__Finsed
Iniial retrytimes39
Compression Ratio 0.477355
.............................................................................................best 186   Information Ratio:0.985501
SA end up correctly
Add Times=502
Discard Times=321
HR Times=0
.............IP: 1
2013-09-12_14-35_BestStrucULSAkmeans2indN195_m5_cor0.0.txt
ULSAkmeans2i_Cluster_N195_FR0.95.txt
delete matrixComputer Ok
delete ConSol Ok
Close Fid Ok
Computing Time 40.860000 
release Memory Ok
Iniial retrytimes105
Compression Ratio 0.477355
..............................................................................................best 186   Information Ratio:1.00254
SA end up correctly
Add Times=515
Discard Times=334
HR Times=0
.............IP: 1
2013-09-12_14-35_BestStrucULSAkmeans2indN195_m5_cor0.0.txt
ULSAkmeans2i_Cluster_N195_FR0.95.txt
delete matrixComputer Ok
delete ConSol Ok
Close Fid Ok
Computing Time 34.970000 
release Memory Ok
Iniial retrytimes39
Compression Ratio 0.477355
.............................................................................................best 186   Information Ratio:0.974498
SA end up correctly
Add Times=486
Discard Times=305
HR Times=0
.............IP: 1
2013-09-12_14-36_BestStrucULSAkmeans2indN195_m5_cor0.0.txt
ULSAkmeans2i_Cluster_N195_FR0.95.txt
delete matrixComputer Ok
delete ConSol Ok
Close Fid Ok
Computing Time 37.780000 
release Memory Ok
Iniial retrytimes28
Compression Ratio 0.477355
...........................................................................................best 186   Information Ratio:0.980135
SA end up correctly
Add Times=487
Discard Times=306
HR Times=0
.............IP: 1
2013-09-12_14-37_BestStrucULSAkmeans2indN195_m5_cor0.0.txt
ULSAkmeans2i_Cluster_N195_FR0.95.txt
delete matrixComputer Ok
delete ConSol Ok
Close Fid Ok
Computing Time 37.280000 
release Memory Ok
Iniial retrytimes187
Compression Ratio 0.477355
..............................................................................................best 186   Information Ratio:0.991352
SA end up correctly
Add Times=460
Discard Times=279
HR Times=0
.............IP: 1
2013-09-12_14-37_BestStrucULSAkmeans2indN195_m5_cor0.0.txt
ULSAkmeans2i_Cluster_N195_FR0.95.txt
delete matrixComputer Ok
delete ConSol Ok
Close Fid Ok
Computing Time 38.840000 
release Memory Ok
Iniial retrytimes25
Compression Ratio 0.477355
..........................................................................................best 186   Information Ratio:0.993748
SA end up correctly
Add Times=463
Discard Times=282
HR Times=0
.............IP: 1
2013-09-12_14-38_BestStrucULSAkmeans2indN195_m5_cor0.0.txt
ULSAkmeans2i_Cluster_N195_FR0.95.txt
delete matrixComputer Ok
delete ConSol Ok
Close Fid Ok
Computing Time 38.890000 
release Memory Ok
End time is Thu Sep 12 14:38:36 CST 2013
Computing time is 235 sec
