Working directory is /home/mouda/Work/Thesis/figures_src/Simulatorsrc/winULSAkmeans2i_MC/bin/Release/runHN_FR.95CR.48RanMore__Finsed
running on host mini134
Start time is 四 9月 12 14:27:04 CST 2013
Directory is /home/mouda/Work/Thesis/figures_src/Simulatorsrc/winULSAkmeans2i_MC/bin/Release/runHN_FR.95CR.48RanMore__Finsed
Iniial retrytimes85
Compression Ratio 0.477355
............................................................................................best 186   Information Ratio:0.981013
SA end up correctly
Add Times=793
Discard Times=630
HR Times=0
.............IP: 134
2013-09-12_14-28_BestStrucULSAkmeans2indN195_m23_cor0.0.txt
ULSAkmeans2i_Cluster_N195_FR0.95.txt
delete matrixComputer Ok
delete ConSol Ok
Close Fid Ok
Computing Time 103.590000 
release Memory Ok
Iniial retrytimes67
Compression Ratio 0.477355
.............................................................................................best 186   Information Ratio:0.98916
SA end up correctly
Add Times=686
Discard Times=523
HR Times=0
.............IP: 134
2013-09-12_14-30_BestStrucULSAkmeans2indN195_m23_cor0.0.txt
ULSAkmeans2i_Cluster_N195_FR0.95.txt
delete matrixComputer Ok
delete ConSol Ok
Close Fid Ok
Computing Time 86.950000 
release Memory Ok
Iniial retrytimes154
Compression Ratio 0.477355
.............................................................................................best 186   Information Ratio:0.995
SA end up correctly
Add Times=710
Discard Times=548
HR Times=0
.............IP: 134
2013-09-12_14-33_BestStrucULSAkmeans2indN195_m23_cor0.0.txt
ULSAkmeans2i_Cluster_N195_FR0.95.txt
delete matrixComputer Ok
delete ConSol Ok
Close Fid Ok
Computing Time 171.500000 
release Memory Ok
Iniial retrytimes93
Compression Ratio 0.477355
..................................................................................................best 186   Information Ratio:0.970873
SA end up correctly
Add Times=717
Discard Times=554
HR Times=0
.............IP: 134
2013-09-12_14-36_BestStrucULSAkmeans2indN195_m23_cor0.0.txt
ULSAkmeans2i_Cluster_N195_FR0.95.txt
delete matrixComputer Ok
delete ConSol Ok
Close Fid Ok
Computing Time 181.660000 
release Memory Ok
Iniial retrytimes88
Compression Ratio 0.477355
................................................................................................best 186   Information Ratio:0.972898
SA end up correctly
Add Times=727
Discard Times=565
HR Times=0
.............IP: 134
2013-09-12_14-37_BestStrucULSAkmeans2indN195_m23_cor0.0.txt
ULSAkmeans2i_Cluster_N195_FR0.95.txt
delete matrixComputer Ok
delete ConSol Ok
Close Fid Ok
Computing Time 91.910000 
release Memory Ok
Iniial retrytimes36
Compression Ratio 0.477355
.............................................................................................best 186   Information Ratio:0.985838
SA end up correctly
Add Times=670
Discard Times=507
HR Times=0
.............IP: 134
2013-09-12_14-40_BestStrucULSAkmeans2indN195_m23_cor0.0.txt
ULSAkmeans2i_Cluster_N195_FR0.95.txt
delete matrixComputer Ok
delete ConSol Ok
Close Fid Ok
Computing Time 153.920000 
release Memory Ok
End time is 四 9月 12 14:40:20 CST 2013
Computing time is 796 sec
