Working directory is /home/mouda/Work/Thesis/figures_src/Simulatorsrc/winULSAkmeans2i_MC/bin/Release/runHN_FR.95CR.48RanMore__Finsed
running on host miniAMPL
Start time is Thu Sep 12 14:34:40 CST 2013
Directory is /home/mouda/Work/Thesis/figures_src/Simulatorsrc/winULSAkmeans2i_MC/bin/Release/runHN_FR.95CR.48RanMore__Finsed
Iniial retrytimes67
Compression Ratio 0.477355
................................................................................................best 186   Information Ratio:0.978651
SA end up correctly
Add Times=326
Discard Times=143
HR Times=0
.............IP: 1
2013-09-12_14-35_BestStrucULSAkmeans2indN195_m3_cor0.0.txt
ULSAkmeans2i_Cluster_N195_FR0.95.txt
delete matrixComputer Ok
delete ConSol Ok
Close Fid Ok
Computing Time 27.520000 
release Memory Ok
Iniial retrytimes2
Compression Ratio 0.477355
..............................................................................................best 186   Information Ratio:0.974843
SA end up correctly
Add Times=333
Discard Times=150
HR Times=0
.............IP: 1
2013-09-12_14-35_BestStrucULSAkmeans2indN195_m3_cor0.0.txt
ULSAkmeans2i_Cluster_N195_FR0.95.txt
delete matrixComputer Ok
delete ConSol Ok
Close Fid Ok
Computing Time 28.000000 
release Memory Ok
Iniial retrytimes189
Compression Ratio 0.477355
................................................................................................best 186   Information Ratio:0.982678
SA end up correctly
Add Times=430
Discard Times=247
HR Times=0
.............IP: 1
2013-09-12_14-36_BestStrucULSAkmeans2indN195_m3_cor0.0.txt
ULSAkmeans2i_Cluster_N195_FR0.95.txt
delete matrixComputer Ok
delete ConSol Ok
Close Fid Ok
Computing Time 26.390000 
release Memory Ok
Iniial retrytimes22
Compression Ratio 0.477355
.............................................................................................best 186   Information Ratio:0.977001
SA end up correctly
Add Times=402
Discard Times=219
HR Times=0
.............IP: 1
2013-09-12_14-36_BestStrucULSAkmeans2indN195_m3_cor0.0.txt
ULSAkmeans2i_Cluster_N195_FR0.95.txt
delete matrixComputer Ok
delete ConSol Ok
Close Fid Ok
Computing Time 29.290000 
release Memory Ok
Iniial retrytimes23
Compression Ratio 0.477355
..........................................................................................best 186   Information Ratio:0.986904
SA end up correctly
Add Times=388
Discard Times=205
HR Times=0
.............IP: 1
2013-09-12_14-37_BestStrucULSAkmeans2indN195_m3_cor0.0.txt
ULSAkmeans2i_Cluster_N195_FR0.95.txt
delete matrixComputer Ok
delete ConSol Ok
Close Fid Ok
Computing Time 28.530000 
release Memory Ok
Iniial retrytimes78
Compression Ratio 0.477355
................................................................................................best 186   Information Ratio:0.983452
SA end up correctly
Add Times=402
Discard Times=219
HR Times=0
.............IP: 1
2013-09-12_14-37_BestStrucULSAkmeans2indN195_m3_cor0.0.txt
ULSAkmeans2i_Cluster_N195_FR0.95.txt
delete matrixComputer Ok
delete ConSol Ok
Close Fid Ok
Computing Time 30.400000 
release Memory Ok
End time is Thu Sep 12 14:37:37 CST 2013
Computing time is 177 sec
