Working directory is /home/mouda/Work/Thesis/figures_src/Simulatorsrc/winULSAkmeans2i_MC/bin/Release/runHN_FR.95CR.48RanMore__Finsed
running on host mini131
Start time is Thu Sep 12 14:34:43 CST 2013
Directory is /home/mouda/Work/Thesis/figures_src/Simulatorsrc/winULSAkmeans2i_MC/bin/Release/runHN_FR.95CR.48RanMore__Finsed
Iniial retrytimes3
Compression Ratio 0.477355
...............................................................................................best 186   Information Ratio:1.00264
SA end up correctly
Add Times=604
Discard Times=431
HR Times=0
.............IP: 131
2013-09-12_14-37_BestStrucULSAkmeans2indN195_m13_cor0.0.txt
ULSAkmeans2i_Cluster_N195_FR0.95.txt
delete matrixComputer Ok
delete ConSol Ok
Close Fid Ok
Computing Time 164.330000 
release Memory Ok
Iniial retrytimes75
Compression Ratio 0.477355
................................................................................................best 186   Information Ratio:0.983899
SA end up correctly
Add Times=601
Discard Times=428
HR Times=0
.............IP: 131
2013-09-12_14-39_BestStrucULSAkmeans2indN195_m13_cor0.0.txt
ULSAkmeans2i_Cluster_N195_FR0.95.txt
delete matrixComputer Ok
delete ConSol Ok
Close Fid Ok
Computing Time 115.680000 
release Memory Ok
Iniial retrytimes188
The 180 can't be initialized bykmeans
Close Fid Ok
Computing Time 0.000000 
release Memory Ok
Iniial retrytimes188
The 180 can't be initialized bykmeans
Close Fid Ok
Computing Time 0.000000 
release Memory Ok
Iniial retrytimes188
The 180 can't be initialized bykmeans
Close Fid Ok
Computing Time 0.000000 
release Memory Ok
Iniial retrytimes188
The 180 can't be initialized bykmeans
Close Fid Ok
Computing Time 0.000000 
release Memory Ok
End time is Thu Sep 12 14:39:25 CST 2013
Computing time is 282 sec
