Working directory is /home/mouda/Work/Thesis/figures_src/Simulatorsrc/runSimulation/runCR/runCR_FR.95_Finsed/KM_DC
running on host mini132
Start time is Sun Sep 15 21:24:42 CST 2013
Directory is /home/mouda/Work/Thesis/figures_src/Simulatorsrc/runSimulation/runCR/runCR_FR.95_Finsed/KM_DC
Iniial retrytimes189
indEntropy10.0471 all entropy:1959.18
Compression Ratio 0.250074 indEntropy 10.0471
....................................................................................................best 180   Information Ratio:0.950701
SA end up correctly
Add Times=727
Discard Times=740
HR Times=0
2013-09-15_21-26_Best4b2Struc2ndN195_m11_cor-0.3.txt
ULSAkmeans4b2_Cluster_N195_BW180.0PW0.001_FR0.95.txt
Iniial retrytimes62
indEntropy10.0471 all entropy:1959.18
Compression Ratio 0.250074 indEntropy 10.0471
....................................................................................................best 183   Information Ratio:0.952307
SA end up correctly
Add Times=677
Discard Times=688
HR Times=0
2013-09-15_21-27_Best4b2Struc2ndN195_m11_cor-0.3.txt
ULSAkmeans4b2_Cluster_N195_BW180.0PW0.001_FR0.95.txt
Iniial retrytimes172
indEntropy10.0471 all entropy:1959.18
Compression Ratio 0.250074 indEntropy 10.0471
....................................................................................................best 183   Information Ratio:0.950814
SA end up correctly
Add Times=544
Discard Times=558
HR Times=0
2013-09-15_21-28_Best4b2Struc2ndN195_m11_cor-0.3.txt
ULSAkmeans4b2_Cluster_N195_BW180.0PW0.001_FR0.95.txt
Iniial retrytimes138
indEntropy10.0471 all entropy:1959.18
Compression Ratio 0.250074 indEntropy 10.0471
....................................................................................................best 178   Information Ratio:0.951195
SA end up correctly
Add Times=680
Discard Times=697
HR Times=0
2013-09-15_21-29_Best4b2Struc2ndN195_m11_cor-0.3.txt
ULSAkmeans4b2_Cluster_N195_BW180.0PW0.001_FR0.95.txt
Iniial retrytimes47
indEntropy10.0471 all entropy:1959.18
Compression Ratio 0.250074 indEntropy 10.0471
....................................................................................................best 180   Information Ratio:0.95264
SA end up correctly
Add Times=641
Discard Times=658
HR Times=0
2013-09-15_21-31_Best4b2Struc2ndN195_m11_cor-0.3.txt
ULSAkmeans4b2_Cluster_N195_BW180.0PW0.001_FR0.95.txt
Iniial retrytimes19
indEntropy10.0471 all entropy:1959.18
Compression Ratio 0.250074 indEntropy 10.0471
....................................................................................................best 180   Information Ratio:0.950274
SA end up correctly
Add Times=703
Discard Times=718
HR Times=0
2013-09-15_21-32_Best4b2Struc2ndN195_m11_cor-0.3.txt
ULSAkmeans4b2_Cluster_N195_BW180.0PW0.001_FR0.95.txt
Computing Time 467.300000 
End time is Sun Sep 15 21:32:35 CST 2013
Computing time is 473 sec
