Working directory is /home/mouda/Work/Thesis/figures_src/Simulatorsrc/runSimulation/runCR/runCR_FR.95_Finsed/KM_DC
running on host mini134
Start time is 日 9月 15 21:22:47 CST 2013
Directory is /home/mouda/Work/Thesis/figures_src/Simulatorsrc/runSimulation/runCR/runCR_FR.95_Finsed/KM_DC
Iniial retrytimes7
indEntropy10.0471 all entropy:1959.18
Compression Ratio 0.40034 indEntropy 10.0471
....................................................................................................best 162   Information Ratio:0.950977
SA end up correctly
Add Times=698
Discard Times=731
HR Times=0
2013-09-15_21-24_Best4b2Struc2ndN195_m11_cor-0.1.txt
ULSAkmeans4b2_Cluster_N195_BW180.0PW0.001_FR0.95.txt
Iniial retrytimes166
indEntropy10.0471 all entropy:1959.18
Compression Ratio 0.40034 indEntropy 10.0471
....................................................................................................best 169   Information Ratio:0.950866
SA end up correctly
Add Times=671
Discard Times=704
HR Times=0
2013-09-15_21-26_Best4b2Struc2ndN195_m11_cor-0.1.txt
ULSAkmeans4b2_Cluster_N195_BW180.0PW0.001_FR0.95.txt
Iniial retrytimes125
indEntropy10.0471 all entropy:1959.18
Compression Ratio 0.40034 indEntropy 10.0471
....................................................................................................best 167   Information Ratio:0.950224
SA end up correctly
Add Times=536
Discard Times=562
HR Times=0
2013-09-15_21-27_Best4b2Struc2ndN195_m11_cor-0.1.txt
ULSAkmeans4b2_Cluster_N195_BW180.0PW0.001_FR0.95.txt
Iniial retrytimes150
indEntropy10.0471 all entropy:1959.18
Compression Ratio 0.40034 indEntropy 10.0471
....................................................................................................best 168   Information Ratio:0.95225
SA end up correctly
Add Times=709
Discard Times=739
HR Times=0
2013-09-15_21-29_Best4b2Struc2ndN195_m11_cor-0.1.txt
ULSAkmeans4b2_Cluster_N195_BW180.0PW0.001_FR0.95.txt
Iniial retrytimes100
indEntropy10.0471 all entropy:1959.18
Compression Ratio 0.40034 indEntropy 10.0471
....................................................................................................best 168   Information Ratio:0.950643
SA end up correctly
Add Times=688
Discard Times=716
HR Times=0
2013-09-15_21-30_Best4b2Struc2ndN195_m11_cor-0.1.txt
ULSAkmeans4b2_Cluster_N195_BW180.0PW0.001_FR0.95.txt
Iniial retrytimes15
indEntropy10.0471 all entropy:1959.18
Compression Ratio 0.40034 indEntropy 10.0471
....................................................................................................best 164   Information Ratio:0.9506
SA end up correctly
Add Times=525
Discard Times=554
HR Times=0
2013-09-15_21-32_Best4b2Struc2ndN195_m11_cor-0.1.txt
ULSAkmeans4b2_Cluster_N195_BW180.0PW0.001_FR0.95.txt
Computing Time 593.250000 
End time is 日 9月 15 21:32:45 CST 2013
Computing time is 598 sec
