Working directory is /home/mouda/Work/Thesis/figures_src/Simulatorsrc/runSimulation/runCR/runCR_FR.95_Finsed/KM_DC
running on host mini133
Start time is 日 9月 15 21:28:13 CST 2013
Directory is /home/mouda/Work/Thesis/figures_src/Simulatorsrc/runSimulation/runCR/runCR_FR.95_Finsed/KM_DC
Iniial retrytimes73
indEntropy10.0471 all entropy:1959.18
Compression Ratio 0.300224 indEntropy 10.0471
....................................................................................................best 177   Information Ratio:0.950265
SA end up correctly
Add Times=632
Discard Times=649
HR Times=0
2013-09-15_21-29_Best4b2Struc2ndN195_m11_cor-0.1.txt
ULSAkmeans4b2_Cluster_N195_BW180.0PW0.001_FR0.95.txt
Iniial retrytimes70
indEntropy10.0471 all entropy:1959.18
Compression Ratio 0.300224 indEntropy 10.0471
....................................................................................................best 180   Information Ratio:0.951055
SA end up correctly
Add Times=594
Discard Times=610
HR Times=0
2013-09-15_21-31_Best4b2Struc2ndN195_m11_cor-0.1.txt
ULSAkmeans4b2_Cluster_N195_BW180.0PW0.001_FR0.95.txt
Iniial retrytimes25
indEntropy10.0471 all entropy:1959.18
Compression Ratio 0.300224 indEntropy 10.0471
....................................................................................................best 175   Information Ratio:0.951655
SA end up correctly
Add Times=594
Discard Times=613
HR Times=0
2013-09-15_21-32_Best4b2Struc2ndN195_m11_cor-0.1.txt
ULSAkmeans4b2_Cluster_N195_BW180.0PW0.001_FR0.95.txt
Iniial retrytimes53
indEntropy10.0471 all entropy:1959.18
Compression Ratio 0.300224 indEntropy 10.0471
....................................................................................................best 175   Information Ratio:0.952096
SA end up correctly
Add Times=509
Discard Times=529
HR Times=0
2013-09-15_21-34_Best4b2Struc2ndN195_m11_cor-0.1.txt
ULSAkmeans4b2_Cluster_N195_BW180.0PW0.001_FR0.95.txt
Iniial retrytimes5
indEntropy10.0471 all entropy:1959.18
Compression Ratio 0.300224 indEntropy 10.0471
....................................................................................................best 181   Information Ratio:0.953275
SA end up correctly
Add Times=653
Discard Times=672
HR Times=0
2013-09-15_21-36_Best4b2Struc2ndN195_m11_cor-0.1.txt
ULSAkmeans4b2_Cluster_N195_BW180.0PW0.001_FR0.95.txt
Iniial retrytimes130
indEntropy10.0471 all entropy:1959.18
Compression Ratio 0.300224 indEntropy 10.0471
....................................................................................................best 174   Information Ratio:0.950414
SA end up correctly
Add Times=602
Discard Times=624
HR Times=0
2013-09-15_21-37_Best4b2Struc2ndN195_m11_cor-0.1.txt
ULSAkmeans4b2_Cluster_N195_BW180.0PW0.001_FR0.95.txt
Computing Time 541.740000 
End time is 日 9月 15 21:37:21 CST 2013
Computing time is 548 sec
