Working directory is /home/mouda/Work/Thesis/figures_src/Simulatorsrc/runSimulation/runCR/runCR_FR.95_Finsed/SA_MC
running on host miniAMPL
Start time is Sun Sep 15 21:01:51 CST 2013
Directory is /home/mouda/Work/Thesis/figures_src/Simulatorsrc/runSimulation/runCR/runCR_FR.95_Finsed/SA_MC
Compression Ratio 0.250074 indEntropy 10.0471
....................Cand Size=1
Tried to Join 7-th head:154 to 10-th Cluster
Estimate Gain -0.252948 first tier gain=0.00487775Second tier cost=-0.257825
with estimate payoff=8.87754
...Cand Size=1
Tried to Join 4-th head:67 to 2-th Cluster
Estimate Gain -0.308279 first tier gain=0.00763099Second tier cost=-0.31591
with estimate payoff=10.0869
..Tried to Isolate 99 from 0-th head to be 4-th head
Estimate Gain -0.00436002 first tier Cost=-0.00642836;second tier gain=0.00206834
with estimate payoff=12.0026
.Tried to Isolate 135 from 3-th head to be 4-th head
Estimate Gain -0.00335362 first tier Cost=-0.00454169;second tier gain=0.00118806
with estimate payoff=9.07238
.....Tried to Isolate 138 from 3-th head to be 7-th head
Estimate Gain -0.00304872 first tier Cost=-0.00454169;second tier gain=0.00149297
with estimate payoff=10.9556
Cand Size=1
Tried to Join 7-th head:138 to 2-th Cluster
Estimate Gain -0.0982897 first tier gain=0.301248Second tier cost=-0.399538
with estimate payoff=11.3066
.Tried to Isolate 133 from 12-th head to be 7-th head
Estimate Gain -0.00447463 first tier Cost=-0.00454169;second tier gain=6.70585e-05
with estimate payoff=9.3547
...Cand Size=1
Tried to Join 11-th head:52 to 2-th Cluster
Estimate Gain -0.395987 first tier gain=0.00634061Second tier cost=-0.402328
with estimate payoff=10.3519
Tried to Isolate 137 from 14-th head to be 11-th head
Estimate Gain -0.00451863 first tier Cost=-0.00454169;second tier gain=2.30578e-05
with estimate payoff=10.0565
...Cand Size=1
Tried to Join 10-th head:185 to 2-th Cluster
Estimate Gain -1.47024 first tier gain=-0.000754315Second tier cost=-1.46948
with estimate payoff=25.4584
.Tried to Isolate 134 from 8-th head to be 10-th head
Estimate Gain -0.00187057 first tier Cost=-0.00454169;second tier gain=0.00267112
with estimate payoff=12.0073
.................Cand Size=1
Tried to Join 3-th head:29 to 9-th Cluster
Estimate Gain -0.370658 first tier gain=0.0117786Second tier cost=-0.382436
with estimate payoff=10.5177
Cand Size=1
Tried to Join 3-th head:29 to 2-th Cluster
Estimate Gain -0.225521 first tier gain=0.0164543Second tier cost=-0.241975
with estimate payoff=10.2728
.Tried to Isolate 136 from 8-th head to be 3-th head
Estimate Gain -0.00435791 first tier Cost=-0.00454169;second tier gain=0.000183774
with estimate payoff=10.1988
...................................Cand Size=1
Tried to Join 12-th head:10 to 9-th Cluster
Estimate Gain -0.208148 first tier gain=0.000937425Second tier cost=-0.209086
with estimate payoff=10.4479
.Tried to Isolate 140 from 4-th head to be 12-th head
Estimate Gain -0.00427387 first tier Cost=-0.00454169;second tier gain=0.000267812
with estimate payoff=10.1543
.......best 186   Information Ratio:0.970086
SA end up correctly
Add Times=2188
Discard Times=2197
HR Times=645
2013-09-15_21-24_Best2i2Struc2ndN195_m15_cor0.0_r500.0.txt
ULSA2i2_Cluster_N195_BW180.0PW0.001_FR0.95_r500.0.txt
Compression Ratio 0.250074 indEntropy 10.0471
....................Cand Size=2
Tried to Join 2-th head:173 to 10-th Cluster
Estimate Gain -0.171959 first tier gain=0.0250853Second tier cost=-0.197045
with estimate payoff=11.4818
Tried to Isolate 142 from 12-th head to be 2-th head
Estimate Gain -0.00409784 first tier Cost=-0.00454169;second tier gain=0.000443843
with estimate payoff=11.4806
.Cand Size=1
Tried to Join 4-th head:141 to 10-th Cluster
Estimate Gain -0.196509 first tier gain=0.00043561Second tier cost=-0.196945
with estimate payoff=12.257
.Tried to Isolate 112 from 6-th head to be 4-th head
Estimate Gain -0.00571213 first tier Cost=-0.00588713;second tier gain=0.000175003
with estimate payoff=15.7782
......Cand Size=1
Tried to Join 10-th head:92 to 1-th Cluster
Estimate Gain -0.335211 first tier gain=-0.0042146Second tier cost=-0.330997
with estimate payoff=11.4575
..Tried to Isolate 134 from 4-th head to be 10-th head
Estimate Gain -0.00425974 first tier Cost=-0.00454169;second tier gain=0.000281944
with estimate payoff=10.8159
.Tried to Isolate 135 from 3-th head to be 10-th head
Estimate Gain -0.00404253 first tier Cost=-0.00454169;second tier gain=0.000499153
with estimate payoff=10.8894
......................Cand Size=1
Tried to Join 0-th head:10 to 1-th Cluster
Estimate Gain -0.372108 first tier gain=0.00130325Second tier cost=-0.373411
with estimate payoff=10.4159
Cand Size=1
Tried to Join 3-th head:173 to 1-th Cluster
Estimate Gain -0.35484 first tier gain=0.0269722Second tier cost=-0.381812
with estimate payoff=10.9596
.Tried to Isolate 134 from 4-th head to be 0-th head
Estimate Gain -0.00427707 first tier Cost=-0.00454169;second tier gain=0.000264616
with estimate payoff=10.9349
..Tried to Isolate 56 from 10-th head to be 0-th head
Estimate Gain -0.00328214 first tier Cost=-0.0101947;second tier gain=0.00691257
with estimate payoff=10.0911
Cand Size=1
Tried to Join 0-th head:56 to 7-th Cluster
Estimate Gain 0.153464 first tier gain=0.46946Second tier cost=-0.315996
with estimate payoff=9.48215
.Tried to Isolate 133 from 2-th head to be 3-th head
Estimate Gain -0.00454023 first tier Cost=-0.00454169;second tier gain=1.45645e-06
with estimate payoff=10.186
Cand Size=1
Tried to Join 3-th head:133 to 7-th Cluster
Estimate Gain -0.259859 first tier gain=0.0468361Second tier cost=-0.306695
with estimate payoff=10.3959
Cand Size=1
Tried to Join 3-th head:133 to 1-th Cluster
Estimate Gain -0.266473 first tier gain=0.0462345Second tier cost=-0.312707
with estimate payoff=10.1877
Cand Size=1
Tried to Join 3-th head:133 to 1-th Cluster
Estimate Gain -0.266589 first tier gain=0.0462345Second tier cost=-0.312823
with estimate payoff=10.2144
......................Cand Size=1
Tried to Join 12-th head:10 to 7-th Cluster
Estimate Gain -0.231286 first tier gain=0.00221609Second tier cost=-0.233503
with estimate payoff=9.95533
Tried to Isolate 194 from 8-th head to be 12-th head
Estimate Gain -0.00529233 first tier Cost=-0.0054564;second tier gain=0.000164065
with estimate payoff=9.99811
.Tried to Isolate 134 from 8-th head to be 12-th head
Estimate Gain -0.00438197 first tier Cost=-0.00454169;second tier gain=0.000159719
with estimate payoff=9.6526
Tried to Isolate 135 from 0-th head to be 12-th head
Estimate Gain -0.00410423 first tier Cost=-0.00454169;second tier gain=0.000437454
with estimate payoff=9.34913
.Cand Size=1
Tried to Join 12-th head:135 to 7-th Cluster
Estimate Gain -0.0985367 first tier gain=0.0882764Second tier cost=-0.186813
with estimate payoff=9.53179
.Tried to Isolate 56 from 0-th head to be 12-th head
Estimate Gain -0.00131878 first tier Cost=-0.0101947;second tier gain=0.00887592
with estimate payoff=13.8935
.......best 186   Information Ratio:0.962212
SA end up correctly
Add Times=2148
Discard Times=2159
HR Times=610
2013-09-15_21-36_Best2i2Struc2ndN195_m15_cor0.0_r500.0.txt
ULSA2i2_Cluster_N195_BW180.0PW0.001_FR0.95_r500.0.txt
Compression Ratio 0.250074 indEntropy 10.0471
.....Cand Size=1
Tried to Join 10-th head:10 to 7-th Cluster
Estimate Gain -0.31992 first tier gain=0.000916879Second tier cost=-0.320836
with estimate payoff=14.1172
.Tried to Isolate 136 from 1-th head to be 10-th head
Estimate Gain -0.00431864 first tier Cost=-0.00454169;second tier gain=0.000223042
with estimate payoff=13.2749
.Cand Size=1
Tried to Join 10-th head:136 to 5-th Cluster
Estimate Gain 0.0130568 first tier gain=0.224155Second tier cost=-0.211098
with estimate payoff=13.1176
Tried to Isolate 136 from 5-th head to be 10-th head
Estimate Gain 0.154797 first tier Cost=-0.136458;second tier gain=0.291255
with estimate payoff=63.0166
.....................Cand Size=1
Tried to Join 2-th head:190 to 7-th Cluster
Estimate Gain -0.188439 first tier gain=0.0176509Second tier cost=-0.20609
with estimate payoff=11.4128
.Tried to Isolate 73 from 3-th head to be 2-th head
Estimate Gain -0.00155226 first tier Cost=-0.00653705;second tier gain=0.00498479
with estimate payoff=17.7188
Cand Size=1
Tried to Join 2-th head:73 to 0-th Cluster
Estimate Gain -0.888993 first tier gain=0.130073Second tier cost=-1.01907
with estimate payoff=18.4123
....Tried to Isolate 138 from 3-th head to be 2-th head
Estimate Gain 0.000420429 first tier Cost=-0.00454169;second tier gain=0.00496212
with estimate payoff=15.9375
Cand Size=1
Tried to Join 2-th head:138 to 4-th Cluster
Estimate Gain -0.761856 first tier gain=0.297127Second tier cost=-1.05898
with estimate payoff=18.0983
.Tried to Isolate 101 from 0-th head to be 2-th head
Estimate Gain 0.011666 first tier Cost=-0.00588713;second tier gain=0.0175531
with estimate payoff=16.9974
....Cand Size=1
Tried to Join 0-th head:89 to 1-th Cluster
Estimate Gain -0.246073 first tier gain=0.00840608Second tier cost=-0.254479
with estimate payoff=9.43795
.Tried to Isolate 134 from 10-th head to be 0-th head
Estimate Gain -0.00423491 first tier Cost=-0.00454169;second tier gain=0.000306776
with estimate payoff=9.41278
.Cand Size=1
Tried to Join 4-th head:155 to 7-th Cluster
Estimate Gain -0.223401 first tier gain=0.00540376Second tier cost=-0.228804
with estimate payoff=9.6645
..Tried to Isolate 135 from 3-th head to be 4-th head
Estimate Gain -0.00427093 first tier Cost=-0.00454169;second tier gain=0.000270762
with estimate payoff=9.30791
.....................................Cand Size=2
Tried to Join 7-th head:155 to 1-th Cluster
Estimate Gain -0.269305 first tier gain=0.00642896Second tier cost=-0.275734
with estimate payoff=9.00915
..Cand Size=1
Tried to Join 7-th head:155 to 1-th Cluster
Estimate Gain -0.276029 first tier gain=0.005072Second tier cost=-0.281101
with estimate payoff=9.5573
.............Cand Size=1
Tried to Join 3-th head:80 to 6-th Cluster
Estimate Gain -0.304468 first tier gain=0.00604868Second tier cost=-0.310517
with estimate payoff=10.3061
best 186   Information Ratio:0.971886
SA end up correctly
Add Times=2130
Discard Times=2139
HR Times=596
2013-09-15_21-46_Best2i2Struc2ndN195_m15_cor0.0_r500.0.txt
ULSA2i2_Cluster_N195_BW180.0PW0.001_FR0.95_r500.0.txt
Compression Ratio 0.250074 indEntropy 10.0471
...............Cand Size=1
Tried to Join 4-th head:185 to 10-th Cluster
Estimate Gain -0.288598 first tier gain=0.00105169Second tier cost=-0.28965
with estimate payoff=10.3075
....Tried to Isolate 139 from 3-th head to be 4-th head
Estimate Gain -0.00289883 first tier Cost=-0.00454169;second tier gain=0.00164285
with estimate payoff=11.6872
.......Cand Size=2
Tried to Join 0-th head:193 to 2-th Cluster
Estimate Gain -0.448197 first tier gain=0.000820865Second tier cost=-0.449018
with estimate payoff=11.7929
.Cand Size=1
Tried to Join 10-th head:126 to 11-th Cluster
Estimate Gain -0.519403 first tier gain=-0.0264661Second tier cost=-0.492937
with estimate payoff=12.8609
...Tried to Isolate 133 from 12-th head to be 0-th head
Estimate Gain -0.00405711 first tier Cost=-0.00454169;second tier gain=0.000484573
with estimate payoff=10.3752
Tried to Isolate 132 from 8-th head to be 10-th head
Estimate Gain -0.00440825 first tier Cost=-0.00454169;second tier gain=0.000133436
with estimate payoff=10.3446
.Tried to Isolate 136 from 8-th head to be 10-th head
Estimate Gain -0.00442385 first tier Cost=-0.00454169;second tier gain=0.000117839
with estimate payoff=11.2065
..........Cand Size=1
Tried to Join 11-th head:151 to 12-th Cluster
Estimate Gain -0.586417 first tier gain=0.0176521Second tier cost=-0.60407
with estimate payoff=16.6672
.Tried to Isolate 133 from 0-th head to be 11-th head
Estimate Gain -0.0044835 first tier Cost=-0.00454169;second tier gain=5.81832e-05
with estimate payoff=15.4879
............Cand Size=1
Tried to Join 7-th head:185 to 2-th Cluster
Estimate Gain -0.367155 first tier gain=0.0010629Second tier cost=-0.368218
with estimate payoff=11.3889
Tried to Isolate 135 from 3-th head to be 7-th head
Estimate Gain -0.00406336 first tier Cost=-0.00454169;second tier gain=0.000478324
with estimate payoff=11.026
....Cand Size=1
Tried to Join 12-th head:193 to 2-th Cluster
Estimate Gain -0.322264 first tier gain=0.00589789Second tier cost=-0.328162
with estimate payoff=10.8141
..Tried to Isolate 134 from 8-th head to be 12-th head
Estimate Gain -0.00420141 first tier Cost=-0.00454169;second tier gain=0.000340275
with estimate payoff=9.93201
..........Cand Size=1
Tried to Join 6-th head:151 to 9-th Cluster
Estimate Gain -0.236145 first tier gain=0.0172318Second tier cost=-0.253377
with estimate payoff=10.4253
Cand Size=2
Tried to Join 6-th head:151 to 0-th Cluster
Estimate Gain -0.257244 first tier gain=0.0083572Second tier cost=-0.265602
with estimate payoff=10.2935
.....Tried to Isolate 193 from 0-th head to be 6-th head
Estimate Gain -0.0054355 first tier Cost=-0.0054564;second tier gain=2.0897e-05
with estimate payoff=9.93476
..............Cand Size=1
Tried to Join 6-th head:10 to 2-th Cluster
Estimate Gain -0.294097 first tier gain=0.00295553Second tier cost=-0.297053
with estimate payoff=9.76105
..Tried to Isolate 134 from 12-th head to be 6-th head
Estimate Gain -0.00433177 first tier Cost=-0.00454169;second tier gain=0.000209921
with estimate payoff=9.47712
.Tried to Isolate 134 from 12-th head to be 6-th head
Estimate Gain -0.00428487 first tier Cost=-0.00454169;second tier gain=0.00025682
with estimate payoff=9.00456
..best 186   Information Ratio:0.963783
SA end up correctly
Add Times=2198
Discard Times=2209
HR Times=652
2013-09-15_21-59_Best2i2Struc2ndN195_m15_cor0.0_r500.0.txt
ULSA2i2_Cluster_N195_BW180.0PW0.001_FR0.95_r500.0.txt
Compression Ratio 0.250074 indEntropy 10.0471
....................Cand Size=2
Tried to Join 2-th head:111 to 4-th Cluster
Estimate Gain -0.247273 first tier gain=0.004677Second tier cost=-0.25195
with estimate payoff=10.419
.Cand Size=1
Tried to Join 1-th head:55 to 10-th Cluster
Estimate Gain -0.272048 first tier gain=0.0143263Second tier cost=-0.286374
with estimate payoff=10.0109
Tried to Isolate 83 from 9-th head to be 1-th head
Estimate Gain -0.00352162 first tier Cost=-0.00741545;second tier gain=0.00389383
with estimate payoff=9.84653
Tried to Isolate 142 from 12-th head to be 2-th head
Estimate Gain -0.00445265 first tier Cost=-0.00454169;second tier gain=8.90347e-05
with estimate payoff=10.0737
Cand Size=2
Tried to Join 1-th head:83 to 4-th Cluster
Estimate Gain -0.161359 first tier gain=0.179794Second tier cost=-0.341153
with estimate payoff=11.4262
Cand Size=1
Tried to Join 5-th head:155 to 10-th Cluster
Estimate Gain -0.391598 first tier gain=0.00601018Second tier cost=-0.397608
with estimate payoff=11.168
.Tried to Isolate 83 from 4-th head to be 1-th head
Estimate Gain 0.00278976 first tier Cost=-0.0449132;second tier gain=0.047703
with estimate payoff=12.4267
.Cand Size=1
Tried to Join 1-th head:83 to 4-th Cluster
Estimate Gain -0.0414544 first tier gain=0.181151Second tier cost=-0.222606
with estimate payoff=9.24509
....Tried to Isolate 139 from 3-th head to be 1-th head
Estimate Gain -0.00315623 first tier Cost=-0.00454169;second tier gain=0.00138546
with estimate payoff=10.2148
Tried to Isolate 140 from 13-th head to be 5-th head
Estimate Gain -0.00318229 first tier Cost=-0.00454169;second tier gain=0.00135939
with estimate payoff=10.0454
..Cand Size=1
Tried to Join 5-th head:140 to 11-th Cluster
Estimate Gain -0.711122 first tier gain=0.136872Second tier cost=-0.847994
with estimate payoff=14.9697
..Cand Size=1
Tried to Join 11-th head:126 to 10-th Cluster
Estimate Gain -0.422609 first tier gain=-0.00593787Second tier cost=-0.416671
with estimate payoff=11.0072
.........Cand Size=1
Tried to Join 10-th head:74 to 4-th Cluster
Estimate Gain -0.600925 first tier gain=0.000687138Second tier cost=-0.601612
with estimate payoff=11.946
...Tried to Isolate 148 from 2-th head to be 10-th head
Estimate Gain -0.00439941 first tier Cost=-0.00454169;second tier gain=0.000142276
with estimate payoff=9.70788
..Cand Size=1
Tried to Join 0-th head:10 to 4-th Cluster
Estimate Gain -0.62017 first tier gain=0.000937426Second tier cost=-0.621107
with estimate payoff=11.7314
...Tried to Isolate 110 from 10-th head to be 0-th head
Estimate Gain 0.00595703 first tier Cost=-0.00588713;second tier gain=0.0118442
with estimate payoff=14.5641
Cand Size=1
Tried to Join 0-th head:110 to 11-th Cluster
Estimate Gain -0.345198 first tier gain=0.0609309Second tier cost=-0.406128
with estimate payoff=10.2725
Tried to Isolate 137 from 14-th head to be 0-th head
Estimate Gain -0.00447821 first tier Cost=-0.00454169;second tier gain=6.34784e-05
with estimate payoff=12.8203
..............Cand Size=3
Tried to Join 7-th head:29 to 4-th Cluster
Estimate Gain -0.417858 first tier gain=0.0141957Second tier cost=-0.432054
with estimate payoff=10.4158
...Tried to Isolate 131 from 13-th head to be 7-th head
Estimate Gain -0.00318655 first tier Cost=-0.00454169;second tier gain=0.00135514
with estimate payoff=9.69425
.......Cand Size=1
Tried to Join 3-th head:107 to 4-th Cluster
Estimate Gain -0.432918 first tier gain=0.00651408Second tier cost=-0.439432
with estimate payoff=12.2051
.Tried to Isolate 133 from 10-th head to be 3-th head
Estimate Gain -0.00349313 first tier Cost=-0.00454169;second tier gain=0.00104855
with estimate payoff=11.8321
..Tried to Isolate 100 from 13-th head to be 3-th head
Estimate Gain -0.00425149 first tier Cost=-0.00588713;second tier gain=0.00163564
with estimate payoff=10.6005
.Cand Size=1
Tried to Join 2-th head:10 to 4-th Cluster
Estimate Gain -0.29775 first tier gain=0.00199151Second tier cost=-0.299741
with estimate payoff=10.3791
.Tried to Isolate 131 from 7-th head to be 2-th head
Estimate Gain -0.00218438 first tier Cost=-0.00454169;second tier gain=0.00235731
with estimate payoff=10.8651
...Tried to Isolate 135 from 5-th head to be 2-th head
Estimate Gain -0.00428458 first tier Cost=-0.00454169;second tier gain=0.000257109
with estimate payoff=10.8317
Cand Size=2
Tried to Join 2-th head:135 to 11-th Cluster
Estimate Gain -0.329494 first tier gain=0.0905486Second tier cost=-0.420042
with estimate payoff=11.2414
..Tried to Isolate 135 from 5-th head to be 2-th head
Estimate Gain -0.00343027 first tier Cost=-0.00454169;second tier gain=0.00111141
with estimate payoff=9.82832
.Tried to Isolate 105 from 13-th head to be 3-th head
Estimate Gain -0.00497036 first tier Cost=-0.00588713;second tier gain=0.000916774
with estimate payoff=10.1191
Cand Size=3
Tried to Join 2-th head:135 to 4-th Cluster
Estimate Gain -0.263328 first tier gain=0.0882764Second tier cost=-0.351605
with estimate payoff=10.3481
Tried to Isolate 65 from 13-th head to be 2-th head
Estimate Gain -0.00138225 first tier Cost=-0.00653705;second tier gain=0.0051548
with estimate payoff=11.4411
Cand Size=2
Tried to Join 2-th head:65 to 9-th Cluster
Estimate Gain -0.245771 first tier gain=0.299987Second tier cost=-0.545757
with estimate payoff=12.4334
.Cand Size=1
Tried to Join 3-th head:105 to 1-th Cluster
Estimate Gain -0.532886 first tier gain=0.00463959Second tier cost=-0.537525
with estimate payoff=12.2943
..Tried to Isolate 134 from 8-th head to be 2-th head
Estimate Gain -0.00415001 first tier Cost=-0.00454169;second tier gain=0.000391678
with estimate payoff=11.0654
....Tried to Isolate 134 from 2-th head to be 3-th head
Estimate Gain -0.00447284 first tier Cost=-0.00454169;second tier gain=6.88513e-05
with estimate payoff=10.7006
.Cand Size=1
Tried to Join 11-th head:126 to 4-th Cluster
Estimate Gain -0.843143 first tier gain=-0.000805932Second tier cost=-0.842337
with estimate payoff=15.572
Tried to Isolate 150 from 12-th head to be 11-th head
Estimate Gain -0.00535074 first tier Cost=-0.00681387;second tier gain=0.00146313
with estimate payoff=14.7375
.Cand Size=1
Tried to Join 3-th head:134 to 4-th Cluster
Estimate Gain -0.495056 first tier gain=0.0997418Second tier cost=-0.594798
with estimate payoff=13.4235
.Tried to Isolate 131 from 7-th head to be 3-th head
Estimate Gain -0.00452471 first tier Cost=-0.00454169;second tier gain=1.69724e-05
with estimate payoff=22.9472
.Tried to Isolate 131 from 7-th head to be 3-th head
Estimate Gain -0.00447158 first tier Cost=-0.00454169;second tier gain=7.01048e-05
with estimate payoff=22.7107
Tried to Isolate 132 from 8-th head to be 3-th head
Estimate Gain -0.00450631 first tier Cost=-0.00454169;second tier gain=3.53746e-05
with estimate payoff=22.9075
.Tried to Isolate 98 from 4-th head to be 3-th head
Estimate Gain -0.00325984 first tier Cost=-0.00642836;second tier gain=0.00316852
with estimate payoff=16.9143
best 186   Information Ratio:0.967676
SA end up correctly
Add Times=2079
Discard Times=2089
HR Times=652
2013-09-15_22-09_Best2i2Struc2ndN195_m15_cor0.0_r500.0.txt
ULSA2i2_Cluster_N195_BW180.0PW0.001_FR0.95_r500.0.txt
Compression Ratio 0.250074 indEntropy 10.0471
.......Cand Size=1
Tried to Join 8-th head:122 to 10-th Cluster
Estimate Gain -0.133201 first tier gain=0.0403077Second tier cost=-0.173509
with estimate payoff=11.8759
Tried to Isolate 122 from 10-th head to be 8-th head
Estimate Gain -0.00287393 first tier Cost=-0.0133261;second tier gain=0.0104522
with estimate payoff=27.147
.....Cand Size=3
Tried to Join 8-th head:122 to 2-th Cluster
Estimate Gain -0.2369 first tier gain=0.0347092Second tier cost=-0.271609
with estimate payoff=11.9611
Tried to Isolate 145 from 3-th head to be 8-th head
Estimate Gain -0.00410359 first tier Cost=-0.00454169;second tier gain=0.000438095
with estimate payoff=12.73
Cand Size=3
Tried to Join 8-th head:145 to 4-th Cluster
Estimate Gain -0.386925 first tier gain=0.0738491Second tier cost=-0.460775
with estimate payoff=13.8244
Tried to Isolate 67 from 4-th head to be 8-th head
Estimate Gain 0.0671824 first tier Cost=-0.0283734;second tier gain=0.0955557
with estimate payoff=15.0292
..Cand Size=1
Tried to Join 7-th head:98 to 10-th Cluster
Estimate Gain -1.35796 first tier gain=0.00133094Second tier cost=-1.3593
with estimate payoff=24.1947
...Tried to Isolate 105 from 5-th head to be 7-th head
Estimate Gain -0.00518423 first tier Cost=-0.00588713;second tier gain=0.000702903
with estimate payoff=20.8858
Cand Size=1
Tried to Join 7-th head:105 to 2-th Cluster
Estimate Gain -0.625548 first tier gain=0.0166883Second tier cost=-0.642237
with estimate payoff=17.2014
.Tried to Isolate 155 from 4-th head to be 7-th head
Estimate Gain 1.26801 first tier Cost=-0.0332752;second tier gain=1.30129
with estimate payoff=72.9473
.......Cand Size=2
Tried to Join 0-th head:89 to 7-th Cluster
Estimate Gain -0.372966 first tier gain=0.00748914Second tier cost=-0.380455
with estimate payoff=10.5679
Tried to Isolate 147 from 6-th head to be 0-th head
Estimate Gain 0.0026346 first tier Cost=-0.00681387;second tier gain=0.00944847
with estimate payoff=18.089
....Cand Size=2
Tried to Join 7-th head:185 to 10-th Cluster
Estimate Gain -0.32352 first tier gain=0.000502345Second tier cost=-0.324022
with estimate payoff=11.4073
Tried to Isolate 82 from 0-th head to be 7-th head
Estimate Gain -0.00177677 first tier Cost=-0.00741545;second tier gain=0.00563868
with estimate payoff=11.0304
..Cand Size=2
Tried to Join 2-th head:74 to 3-th Cluster
Estimate Gain -1.29417 first tier gain=-0.0135636Second tier cost=-1.2806
with estimate payoff=21.7187
Tried to Isolate 12 from 0-th head to be 2-th head
Estimate Gain 0.00437619 first tier Cost=-0.00743979;second tier gain=0.011816
with estimate payoff=21.6927
....Cand Size=2
Tried to Join 2-th head:12 to 11-th Cluster
Estimate Gain -0.87379 first tier gain=0.369223Second tier cost=-1.24301
with estimate payoff=22.8196
Cand Size=1
Tried to Join 2-th head:12 to 11-th Cluster
Estimate Gain -0.894179 first tier gain=0.369223Second tier cost=-1.2634
with estimate payoff=22.9605
Cand Size=1
Tried to Join 2-th head:12 to 11-th Cluster
Estimate Gain -0.894669 first tier gain=0.369223Second tier cost=-1.26389
with estimate payoff=23.0106
..Cand Size=1
Tried to Join 2-th head:12 to 11-th Cluster
Estimate Gain -0.773759 first tier gain=0.369223Second tier cost=-1.14298
with estimate payoff=19.9219
..Tried to Isolate 11 from 0-th head to be 2-th head
Estimate Gain 0.00231143 first tier Cost=-0.00743979;second tier gain=0.00975122
with estimate payoff=20.361
..Cand Size=2
Tried to Join 9-th head:155 to 11-th Cluster
Estimate Gain -0.650389 first tier gain=0.00600907Second tier cost=-0.656398
with estimate payoff=17.4832
Cand Size=1
Tried to Join 10-th head:98 to 3-th Cluster
Estimate Gain -0.687768 first tier gain=0.000197423Second tier cost=-0.687965
with estimate payoff=18.6083
.Tried to Isolate 136 from 2-th head to be 9-th head
Estimate Gain -0.00449994 first tier Cost=-0.00454169;second tier gain=4.17458e-05
with estimate payoff=15.24
.Tried to Isolate 130 from 14-th head to be 10-th head
Estimate Gain -0.00436841 first tier Cost=-0.00454169;second tier gain=0.000173278
with estimate payoff=16.552
Tried to Isolate 194 from 9-th head to be 10-th head
Estimate Gain -0.00187755 first tier Cost=-0.0054564;second tier gain=0.00357884
with estimate payoff=16.3723
...............Cand Size=1
Tried to Join 6-th head:10 to 11-th Cluster
Estimate Gain -0.41981 first tier gain=0.000126758Second tier cost=-0.419937
with estimate payoff=13.1331
.Tried to Isolate 132 from 10-th head to be 6-th head
Estimate Gain -0.00434072 first tier Cost=-0.00454169;second tier gain=0.000200962
with estimate payoff=14.9347
Tried to Isolate 134 from 9-th head to be 6-th head
Estimate Gain -0.00452771 first tier Cost=-0.00454169;second tier gain=1.39794e-05
with estimate payoff=13.0006
.Cand Size=1
Tried to Join 6-th head:134 to 3-th Cluster
Estimate Gain -0.291131 first tier gain=0.0988151Second tier cost=-0.389946
with estimate payoff=12.6485
Tried to Isolate 131 from 5-th head to be 6-th head
Estimate Gain -0.00407004 first tier Cost=-0.00454169;second tier gain=0.000471642
with estimate payoff=12.8525
..Tried to Isolate 130 from 14-th head to be 6-th head
Estimate Gain -0.00350465 first tier Cost=-0.00454169;second tier gain=0.00103704
with estimate payoff=14.1436
Tried to Isolate 131 from 5-th head to be 6-th head
Estimate Gain -0.00432232 first tier Cost=-0.00454169;second tier gain=0.00021937
with estimate payoff=13.3991
.Cand Size=1
Tried to Join 6-th head:131 to 11-th Cluster
Estimate Gain 0.0388261 first tier gain=0.436733Second tier cost=-0.397907
with estimate payoff=13.6272
..Tried to Isolate 105 from 5-th head to be 6-th head
Estimate Gain -0.00383285 first tier Cost=-0.00588713;second tier gain=0.00205428
with estimate payoff=17.1476
.Cand Size=1
Tried to Join 6-th head:105 to 3-th Cluster
Estimate Gain -0.645451 first tier gain=0.0227715Second tier cost=-0.668222
with estimate payoff=16.2844
.Cand Size=1
Tried to Join 0-th head:193 to 3-th Cluster
Estimate Gain -0.563431 first tier gain=0.00685455Second tier cost=-0.570285
with estimate payoff=15.7718
Tried to Isolate 134 from 9-th head to be 0-th head
Estimate Gain -0.00452951 first tier Cost=-0.00454169;second tier gain=1.21738e-05
with estimate payoff=15.4666
Cand Size=1
Tried to Join 0-th head:134 to 11-th Cluster
Estimate Gain -0.309603 first tier gain=0.101087Second tier cost=-0.41069
with estimate payoff=13.7422
.......Cand Size=1
Tried to Join 3-th head:10 to 11-th Cluster
Estimate Gain -0.394583 first tier gain=0.00130661Second tier cost=-0.39589
with estimate payoff=13.3005
...Tried to Isolate 133 from 12-th head to be 3-th head
Estimate Gain -0.00419279 first tier Cost=-0.00454169;second tier gain=0.000348892
with estimate payoff=12.8344
.Tried to Isolate 131 from 5-th head to be 3-th head
Estimate Gain -0.00372529 first tier Cost=-0.00454169;second tier gain=0.000816398
with estimate payoff=12.9596
.Tried to Isolate 132 from 10-th head to be 3-th head
Estimate Gain -0.00446429 first tier Cost=-0.00454169;second tier gain=7.73932e-05
with estimate payoff=12.2749
Tried to Isolate 134 from 0-th head to be 3-th head
Estimate Gain -0.00450521 first tier Cost=-0.00454169;second tier gain=3.64763e-05
with estimate payoff=12.1906
.Cand Size=1
Tried to Join 3-th head:134 to 7-th Cluster
Estimate Gain -0.301575 first tier gain=0.0912372Second tier cost=-0.392812
with estimate payoff=13.6564
.Cand Size=1
Tried to Join 3-th head:134 to 7-th Cluster
Estimate Gain -0.280401 first tier gain=0.0981892Second tier cost=-0.37859
with estimate payoff=13.3972
..Tried to Isolate 149 from 10-th head to be 3-th head
Estimate Gain -0.00406736 first tier Cost=-0.00681387;second tier gain=0.00274651
with estimate payoff=15.9078
Cand Size=1
Tried to Join 3-th head:149 to 11-th Cluster
Estimate Gain -0.59421 first tier gain=0.142162Second tier cost=-0.736372
with estimate payoff=16.8266
..Cand Size=2
Tried to Join 3-th head:149 to 1-th Cluster
Estimate Gain -0.391366 first tier gain=0.133848Second tier cost=-0.525214
with estimate payoff=14.5551
.Cand Size=1
Tried to Join 7-th head:10 to 6-th Cluster
Estimate Gain -0.660858 first tier gain=-0.00201378Second tier cost=-0.658844
with estimate payoff=15.4292
...Tried to Isolate 131 from 5-th head to be 7-th head
Estimate Gain -0.00407198 first tier Cost=-0.00454169;second tier gain=0.000469711
with estimate payoff=13.88
..Tried to Isolate 194 from 10-th head to be 7-th head
Estimate Gain -0.00134394 first tier Cost=-0.0054564;second tier gain=0.00411246
with estimate payoff=14.644
.Tried to Isolate 194 from 10-th head to be 7-th head
Estimate Gain -0.00246556 first tier Cost=-0.0054564;second tier gain=0.00299084
with estimate payoff=13.9947
..Tried to Isolate 134 from 10-th head to be 7-th head
Estimate Gain -0.0044145 first tier Cost=-0.00454169;second tier gain=0.000127186
with estimate payoff=15.07
best 186   Information Ratio:0.958528
SA end up correctly
Add Times=2026
Discard Times=2036
HR Times=592
2013-09-15_22-26_Best2i2Struc2ndN195_m15_cor0.0_r500.0.txt
ULSA2i2_Cluster_N195_BW180.0PW0.001_FR0.95_r500.0.txt
Computing Time 779.422704 
End time is Sun Sep 15 22:26:39 CST 2013
Computing time is 5088 sec
