Working directory is /home/mouda/Work/Thesis/figures_src/Simulatorsrc/winULSA2i2_MC/bin/Release/runHN_FR.95_CR.48_N195_Finsed
running on host mini132
Start time is Wed Sep 11 15:44:03 CST 2013
Directory is /home/mouda/Work/Thesis/figures_src/Simulatorsrc/winULSA2i2_MC/bin/Release/runHN_FR.95_CR.48_N195_Finsed
Compression Ratio 0.477365 indEntropy 10.0471
.....................................................................................Cand Size=1
Tried to Join 4-th head:193 to 0-th Cluster
Estimate Gain -0.573279 first tier gain=0.00395701Second tier cost=-0.577236
with estimate payoff=10.5195
Cand Size=1
Tried to Join 4-th head:193 to 0-th Cluster
Estimate Gain -0.593376 first tier gain=-0.000968452Second tier cost=-0.592407
with estimate payoff=9.88672
....best 186   Information Ratio:0.992991
SA end up correctly
Add Times=1793
Discard Times=1802
HR Times=533
2013-09-11_15-47_Best2i2Struc2ndN195_m7_cor0.0_r500.0.txt
ULSA2i2_Cluster_N195_BW180.0PW0.001_FR0.95_r500.0.txt
Compression Ratio 0.477365 indEntropy 10.0471
............................................................................................best 186   Information Ratio:0.97825
SA end up correctly
Add Times=1961
Discard Times=1971
HR Times=578
2013-09-11_15-52_Best2i2Struc2ndN195_m7_cor0.0_r500.0.txt
ULSA2i2_Cluster_N195_BW180.0PW0.001_FR0.95_r500.0.txt
Compression Ratio 0.477365 indEntropy 10.0471
........................................Cand Size=1
Tried to Join 4-th head:98 to 1-th Cluster
Estimate Gain -0.475051 first tier gain=0.00179314Second tier cost=-0.476844
with estimate payoff=10.0649
..Tried to Isolate 98 from 1-th head to be 4-th head
Estimate Gain 0.0135949 first tier Cost=-0.00642836;second tier gain=0.0200233
with estimate payoff=9.44589
..................................................best 186   Information Ratio:0.980639
SA end up correctly
Add Times=1914
Discard Times=1923
HR Times=562
2013-09-11_15-56_Best2i2Struc2ndN195_m7_cor0.0_r500.0.txt
ULSA2i2_Cluster_N195_BW180.0PW0.001_FR0.95_r500.0.txt
Compression Ratio 0.477365 indEntropy 10.0471
................................................................................................best 186   Information Ratio:0.970173
SA end up correctly
Add Times=1899
Discard Times=1908
HR Times=520
2013-09-11_16-01_Best2i2Struc2ndN195_m7_cor0.0_r500.0.txt
ULSA2i2_Cluster_N195_BW180.0PW0.001_FR0.95_r500.0.txt
Compression Ratio 0.477365 indEntropy 10.0471
...............................................................................................best 186   Information Ratio:0.973338
SA end up correctly
Add Times=1966
Discard Times=1974
HR Times=602
2013-09-11_16-06_Best2i2Struc2ndN195_m7_cor0.0_r500.0.txt
ULSA2i2_Cluster_N195_BW180.0PW0.001_FR0.95_r500.0.txt
Compression Ratio 0.477365 indEntropy 10.0471
............................................................................................best 186   Information Ratio:0.998511
SA end up correctly
Add Times=1820
Discard Times=1830
HR Times=551
2013-09-11_16-10_Best2i2Struc2ndN195_m7_cor0.0_r500.0.txt
ULSA2i2_Cluster_N195_BW180.0PW0.001_FR0.95_r500.0.txt
Computing Time 1553.880000 
End time is Wed Sep 11 16:10:10 CST 2013
Computing time is 1567 sec
