Working directory is /home/mouda/Work/Thesis/figures_src/Simulatorsrc/winULSA2i2_MC/bin/Release/runHN_FR.95_CR.48_N195_Finsed
running on host miniAMPL
Start time is Wed Sep 11 15:49:52 CST 2013
Directory is /home/mouda/Work/Thesis/figures_src/Simulatorsrc/winULSA2i2_MC/bin/Release/runHN_FR.95_CR.48_N195_Finsed
Compression Ratio 0.477365 indEntropy 10.0471
...................................................................................best 186   Information Ratio:0.988886
SA end up correctly
Add Times=825
Discard Times=834
HR Times=239
2013-09-11_15-54_Best2i2Struc2ndN195_m3_cor0.0_r500.0.txt
ULSA2i2_Cluster_N195_BW180.0PW0.001_FR0.95_r500.0.txt
Compression Ratio 0.477365 indEntropy 10.0471
..............................................................................................best 186   Information Ratio:0.9901
SA end up correctly
Add Times=799
Discard Times=808
HR Times=241
2013-09-11_15-58_Best2i2Struc2ndN195_m3_cor0.0_r500.0.txt
ULSA2i2_Cluster_N195_BW180.0PW0.001_FR0.95_r500.0.txt
Compression Ratio 0.477365 indEntropy 10.0471
............................................................................................best 186   Information Ratio:0.989159
SA end up correctly
Add Times=748
Discard Times=757
HR Times=266
2013-09-11_16-02_Best2i2Struc2ndN195_m3_cor0.0_r500.0.txt
ULSA2i2_Cluster_N195_BW180.0PW0.001_FR0.95_r500.0.txt
Compression Ratio 0.477365 indEntropy 10.0471
..............................................................................................best 186   Information Ratio:0.987047
SA end up correctly
Add Times=757
Discard Times=766
HR Times=229
2013-09-11_16-07_Best2i2Struc2ndN195_m3_cor0.0_r500.0.txt
ULSA2i2_Cluster_N195_BW180.0PW0.001_FR0.95_r500.0.txt
Compression Ratio 0.477365 indEntropy 10.0471
.........................................................................................best 186   Information Ratio:0.989964
SA end up correctly
Add Times=744
Discard Times=753
HR Times=223
2013-09-11_16-11_Best2i2Struc2ndN195_m3_cor0.0_r500.0.txt
ULSA2i2_Cluster_N195_BW180.0PW0.001_FR0.95_r500.0.txt
Compression Ratio 0.477365 indEntropy 10.0471
................................................................................................best 186   Information Ratio:0.992291
SA end up correctly
Add Times=817
Discard Times=826
HR Times=292
2013-09-11_16-15_Best2i2Struc2ndN195_m3_cor0.0_r500.0.txt
ULSA2i2_Cluster_N195_BW180.0PW0.001_FR0.95_r500.0.txt
Computing Time 1538.650000 
End time is Wed Sep 11 16:15:59 CST 2013
Computing time is 1567 sec
