Working directory is /home/mouda/Work/Thesis/figures_src/Simulatorsrc/winULSA2i2_MC/bin/Release/runHN_FR.95_CR.48_N195_Finsed
running on host mini137
Start time is 三 9月 11 15:44:11 CST 2013
Directory is /home/mouda/Work/Thesis/figures_src/Simulatorsrc/winULSA2i2_MC/bin/Release/runHN_FR.95_CR.48_N195_Finsed
Compression Ratio 0.477365 indEntropy 10.0471
....Cand Size=1
Tried to Join 10-th head:10 to 8-th Cluster
Estimate Gain -0.127794 first tier gain=0.00324743Second tier cost=-0.131041
with estimate payoff=13.6151
.......Tried to Isolate 114 from 9-th head to be 10-th head
Estimate Gain -0.00588037 first tier Cost=-0.00588713;second tier gain=6.7621e-06
with estimate payoff=11.4921
.Cand Size=2
Tried to Join 10-th head:114 to 8-th Cluster
Estimate Gain 0.193922 first tier gain=0.371789Second tier cost=-0.177866
with estimate payoff=11.6395
....Cand Size=1
Tried to Join 16-th head:185 to 8-th Cluster
Estimate Gain -0.262279 first tier gain=-0.000306477Second tier cost=-0.261972
with estimate payoff=11.2762
.Tried to Isolate 135 from 3-th head to be 10-th head
Estimate Gain -0.00407066 first tier Cost=-0.00454169;second tier gain=0.000471024
with estimate payoff=11.1935
.Cand Size=3
Tried to Join 10-th head:135 to 3-th Cluster
Estimate Gain -0.170632 first tier gain=0.0881967Second tier cost=-0.258829
with estimate payoff=11.4658
Tried to Isolate 142 from 12-th head to be 10-th head
Estimate Gain -0.00429845 first tier Cost=-0.00454169;second tier gain=0.000243233
with estimate payoff=10.8125
..Cand Size=1
Tried to Join 2-th head:74 to 8-th Cluster
Estimate Gain -0.29654 first tier gain=0.00221646Second tier cost=-0.298757
with estimate payoff=12.0899
Tried to Isolate 146 from 18-th head to be 2-th head
Estimate Gain -0.00423515 first tier Cost=-0.00454169;second tier gain=0.000306536
with estimate payoff=11.6836
.Tried to Isolate 110 from 10-th head to be 16-th head
Estimate Gain -0.000763288 first tier Cost=-0.00588713;second tier gain=0.00512384
with estimate payoff=12.2041
.Cand Size=1
Tried to Join 4-th head:154 to 0-th Cluster
Estimate Gain -0.382415 first tier gain=0.00541707Second tier cost=-0.387832
with estimate payoff=12.3202
.Tried to Isolate 137 from 14-th head to be 4-th head
Estimate Gain -0.00454035 first tier Cost=-0.00454169;second tier gain=1.33684e-06
with estimate payoff=12.6485
..........Cand Size=2
Tried to Join 7-th head:155 to 0-th Cluster
Estimate Gain -0.452593 first tier gain=0.00609278Second tier cost=-0.458686
with estimate payoff=12.0813
Cand Size=1
Tried to Join 11-th head:10 to 0-th Cluster
Estimate Gain -0.477477 first tier gain=0.00172916Second tier cost=-0.479206
with estimate payoff=12.1479
.Tried to Isolate 105 from 17-th head to be 7-th head
Estimate Gain -0.00411479 first tier Cost=-0.00588713;second tier gain=0.00177235
with estimate payoff=12.3122
.Tried to Isolate 135 from 3-th head to be 11-th head
Estimate Gain -0.00390086 first tier Cost=-0.00454169;second tier gain=0.00064083
with estimate payoff=10.012
...Cand Size=1
Tried to Join 5-th head:47 to 0-th Cluster
Estimate Gain -0.624864 first tier gain=0.00951498Second tier cost=-0.634379
with estimate payoff=14.4697
.Cand Size=1
Tried to Join 1-th head:84 to 8-th Cluster
Estimate Gain -0.373565 first tier gain=0.011453Second tier cost=-0.385018
with estimate payoff=12.31
.Tried to Isolate 144 from 16-th head to be 1-th head
Estimate Gain -0.0045394 first tier Cost=-0.00454169;second tier gain=2.28753e-06
with estimate payoff=12.9762
.Tried to Isolate 138 from 3-th head to be 5-th head
Estimate Gain -0.00444996 first tier Cost=-0.00454169;second tier gain=9.17287e-05
with estimate payoff=15.0313
.Cand Size=1
Tried to Join 5-th head:138 to 8-th Cluster
Estimate Gain -0.188782 first tier gain=0.303135Second tier cost=-0.491917
with estimate payoff=14.1752
Tried to Isolate 133 from 10-th head to be 5-th head
Estimate Gain -0.00452913 first tier Cost=-0.00454169;second tier gain=1.25595e-05
with estimate payoff=14.5334
.Cand Size=1
Tried to Join 5-th head:133 to 12-th Cluster
Estimate Gain -0.609393 first tier gain=0.0420581Second tier cost=-0.651451
with estimate payoff=16.9778
Tried to Isolate 161 from 11-th head to be 5-th head
Estimate Gain 0.01104 first tier Cost=-0.0101165;second tier gain=0.0211564
with estimate payoff=16.3087
................Cand Size=1
Tried to Join 7-th head:69 to 0-th Cluster
Estimate Gain -0.146591 first tier gain=0.034398Second tier cost=-0.180989
with estimate payoff=11.4838
Tried to Isolate 134 from 2-th head to be 7-th head
Estimate Gain -0.00449371 first tier Cost=-0.00454169;second tier gain=4.79748e-05
with estimate payoff=11.9317
.....Cand Size=2
Tried to Join 14-th head:111 to 0-th Cluster
Estimate Gain -0.147 first tier gain=0.00478646Second tier cost=-0.151787
with estimate payoff=9.82704
Tried to Isolate 100 from 13-th head to be 14-th head
Estimate Gain -0.00628071 first tier Cost=-0.00642836;second tier gain=0.000147647
with estimate payoff=9.53584
.Cand Size=1
Tried to Join 14-th head:100 to 8-th Cluster
Estimate Gain 0.151014 first tier gain=0.301363Second tier cost=-0.150349
with estimate payoff=9.68826
....Tried to Isolate 135 from 5-th head to be 14-th head
Estimate Gain -0.00437316 first tier Cost=-0.00454169;second tier gain=0.00016853
with estimate payoff=9.8648
Cand Size=2
Tried to Join 14-th head:135 to 8-th Cluster
Estimate Gain -0.17749 first tier gain=0.0905486Second tier cost=-0.268038
with estimate payoff=10.1958
.Tried to Isolate 132 from 7-th head to be 14-th head
Estimate Gain -0.00338687 first tier Cost=-0.00454169;second tier gain=0.00115482
with estimate payoff=14.281
Cand Size=2
Tried to Join 14-th head:132 to 0-th Cluster
Estimate Gain -0.403055 first tier gain=0.316082Second tier cost=-0.719137
with estimate payoff=14.8244
...Tried to Isolate 132 from 0-th head to be 14-th head
Estimate Gain 0.00751607 first tier Cost=-0.00454169;second tier gain=0.0120578
with estimate payoff=12.4425
....Cand Size=1
Tried to Join 12-th head:10 to 0-th Cluster
Estimate Gain -0.408064 first tier gain=0.00137317Second tier cost=-0.409437
with estimate payoff=12.7783
Tried to Isolate 133 from 10-th head to be 12-th head
Estimate Gain -0.00434969 first tier Cost=-0.00454169;second tier gain=0.000191998
with estimate payoff=12.8244
.Cand Size=1
Tried to Join 12-th head:133 to 15-th Cluster
Estimate Gain -0.399525 first tier gain=0.0380506Second tier cost=-0.437576
with estimate payoff=12.8927
Cand Size=1
Tried to Join 12-th head:133 to 15-th Cluster
Estimate Gain -0.399858 first tier gain=0.0380508Second tier cost=-0.437909
with estimate payoff=12.853
..Cand Size=1
Tried to Join 18-th head:122 to 0-th Cluster
Estimate Gain -0.379844 first tier gain=0.0407384Second tier cost=-0.420582
with estimate payoff=12.873
.......Cand Size=1
Tried to Join 16-th head:10 to 0-th Cluster
Estimate Gain -0.415092 first tier gain=0.00219828Second tier cost=-0.41729
with estimate payoff=11.5631
Tried to Isolate 134 from 14-th head to be 16-th head
Estimate Gain -0.00439055 first tier Cost=-0.00454169;second tier gain=0.000151137
with estimate payoff=11.102
.Tried to Isolate 105 from 17-th head to be 16-th head
Estimate Gain -0.00426756 first tier Cost=-0.00588713;second tier gain=0.00161958
with estimate payoff=11.2788
Cand Size=1
Tried to Join 16-th head:105 to 0-th Cluster
Estimate Gain -0.406738 first tier gain=0.0223631Second tier cost=-0.429101
with estimate payoff=11.6801
.Tried to Isolate 131 from 9-th head to be 16-th head
Estimate Gain -0.00386768 first tier Cost=-0.00454169;second tier gain=0.000674005
with estimate payoff=12.3124
...Tried to Isolate 132 from 14-th head to be 16-th head
Estimate Gain -0.00445212 first tier Cost=-0.00454169;second tier gain=8.95709e-05
with estimate payoff=11.681
.Tried to Isolate 133 from 12-th head to be 16-th head
Estimate Gain -0.004412 first tier Cost=-0.00454169;second tier gain=0.000129684
with estimate payoff=11.3614
..best 186   Information Ratio:0.9897
SA end up correctly
Add Times=2142
Discard Times=2151
HR Times=643
2013-09-11_15-53_Best2i2Struc2ndN195_m19_cor0.0_r500.0.txt
ULSA2i2_Cluster_N195_BW180.0PW0.001_FR0.95_r500.0.txt
Compression Ratio 0.477365 indEntropy 10.0471
................Cand Size=1
Tried to Join 16-th head:185 to 10-th Cluster
Estimate Gain -0.255804 first tier gain=0.00138539Second tier cost=-0.25719
with estimate payoff=11.007
...Tried to Isolate 147 from 6-th head to be 16-th head
Estimate Gain -0.00451708 first tier Cost=-0.00454169;second tier gain=2.46035e-05
with estimate payoff=10.2598
Cand Size=4
Tried to Join 16-th head:147 to 8-th Cluster
Estimate Gain -0.016924 first tier gain=0.182631Second tier cost=-0.199555
with estimate payoff=10.5911
Cand Size=3
Tried to Join 11-th head:10 to 4-th Cluster
Estimate Gain -0.2358 first tier gain=0.00083315Second tier cost=-0.236633
with estimate payoff=10.9226
Tried to Isolate 149 from 18-th head to be 11-th head
Estimate Gain -0.0044747 first tier Cost=-0.00454169;second tier gain=6.69863e-05
with estimate payoff=10.6466
Cand Size=2
Tried to Join 11-th head:149 to 10-th Cluster
Estimate Gain -0.0885359 first tier gain=0.145036Second tier cost=-0.233572
with estimate payoff=10.8719
Tried to Isolate 146 from 18-th head to be 11-th head
Estimate Gain -0.00425823 first tier Cost=-0.00454169;second tier gain=0.000283458
with estimate payoff=10.4103
.Cand Size=1
Tried to Join 2-th head:107 to 10-th Cluster
Estimate Gain -0.269996 first tier gain=0.00907635Second tier cost=-0.279073
with estimate payoff=10.6796
.Tried to Isolate 11 from 6-th head to be 2-th head
Estimate Gain -0.00568423 first tier Cost=-0.00743979;second tier gain=0.00175556
with estimate payoff=11.3011
.Cand Size=1
Tried to Join 2-th head:11 to 10-th Cluster
Estimate Gain -0.164505 first tier gain=0.154511Second tier cost=-0.319016
with estimate payoff=11.5002
Tried to Isolate 135 from 13-th head to be 2-th head
Estimate Gain -0.00451106 first tier Cost=-0.00454169;second tier gain=3.06304e-05
with estimate payoff=10.805
.Cand Size=1
Tried to Join 2-th head:135 to 10-th Cluster
Estimate Gain -0.245496 first tier gain=0.0885532Second tier cost=-0.33405
with estimate payoff=11.672
.Tried to Isolate 99 from 7-th head to be 16-th head
Estimate Gain -0.00356446 first tier Cost=-0.00642836;second tier gain=0.0028639
with estimate payoff=10.1915
...Tried to Isolate 138 from 13-th head to be 16-th head
Estimate Gain -0.00353944 first tier Cost=-0.00454169;second tier gain=0.00100224
with estimate payoff=11.4595
.Cand Size=1
Tried to Join 16-th head:138 to 8-th Cluster
Estimate Gain -0.0323216 first tier gain=0.28853Second tier cost=-0.320852
with estimate payoff=11.9916
Tried to Isolate 138 from 8-th head to be 16-th head
Estimate Gain 0.0147767 first tier Cost=-0.00454169;second tier gain=0.0193184
with estimate payoff=14.094
.Cand Size=2
Tried to Join 16-th head:138 to 10-th Cluster
Estimate Gain 0.0967468 first tier gain=0.303135Second tier cost=-0.206388
with estimate payoff=10.3966
.Cand Size=1
Tried to Join 18-th head:122 to 3-th Cluster
Estimate Gain -0.311552 first tier gain=0.022773Second tier cost=-0.334325
with estimate payoff=11.8414
Tried to Isolate 132 from 15-th head to be 16-th head
Estimate Gain -0.00448158 first tier Cost=-0.00454169;second tier gain=6.01059e-05
with estimate payoff=11.9095
.....Tried to Isolate 136 from 15-th head to be 16-th head
Estimate Gain -0.00452229 first tier Cost=-0.00454169;second tier gain=1.93961e-05
with estimate payoff=10.0639
Tried to Isolate 101 from 0-th head to be 18-th head
Estimate Gain -0.00622759 first tier Cost=-0.00642836;second tier gain=0.000200769
with estimate payoff=10.3183
...Cand Size=1
Tried to Join 8-th head:8 to 10-th Cluster
Estimate Gain -1.44873 first tier gain=0.0114902Second tier cost=-1.46022
with estimate payoff=26.7144
.Tried to Isolate 112 from 16-th head to be 8-th head
Estimate Gain -0.00483644 first tier Cost=-0.00588713;second tier gain=0.00105069
with estimate payoff=15.9359
.Cand Size=1
Tried to Join 3-th head:111 to 10-th Cluster
Estimate Gain -0.458724 first tier gain=0.00711759Second tier cost=-0.465842
with estimate payoff=13.0774
..Tried to Isolate 137 from 14-th head to be 3-th head
Estimate Gain -0.00391593 first tier Cost=-0.00454169;second tier gain=0.000625755
with estimate payoff=12.5189
.....Cand Size=2
Tried to Join 13-th head:2 to 10-th Cluster
Estimate Gain -0.677182 first tier gain=0.0128869Second tier cost=-0.690069
with estimate payoff=14.9186
.Cand Size=2
Tried to Join 8-th head:94 to 11-th Cluster
Estimate Gain -0.932251 first tier gain=0.0169838Second tier cost=-0.949234
with estimate payoff=17.2303
Tried to Isolate 194 from 16-th head to be 8-th head
Estimate Gain -0.00350228 first tier Cost=-0.0054564;second tier gain=0.00195411
with estimate payoff=23.1615
Cand Size=1
Tried to Join 8-th head:194 to 15-th Cluster
Estimate Gain -1.40836 first tier gain=0.138841Second tier cost=-1.5472
with estimate payoff=23.4675
Tried to Isolate 129 from 16-th head to be 8-th head
Estimate Gain 0.0777643 first tier Cost=-0.0170042;second tier gain=0.0947685
with estimate payoff=23.1507
.Cand Size=1
Tried to Join 8-th head:129 to 0-th Cluster
Estimate Gain -0.687961 first tier gain=0.340969Second tier cost=-1.02893
with estimate payoff=18.3227
Tried to Isolate 116 from 14-th head to be 8-th head
Estimate Gain -0.00355488 first tier Cost=-0.0114893;second tier gain=0.0079344
with estimate payoff=17.451
Cand Size=1
Tried to Join 8-th head:116 to 4-th Cluster
Estimate Gain -0.466924 first tier gain=0.367397Second tier cost=-0.834322
with estimate payoff=17.6384
.Cand Size=1
Tried to Join 0-th head:25 to 18-th Cluster
Estimate Gain -0.524356 first tier gain=0.00599899Second tier cost=-0.530355
with estimate payoff=12.9376
.Tried to Isolate 133 from 12-th head to be 0-th head
Estimate Gain -0.00452297 first tier Cost=-0.00454169;second tier gain=1.87214e-05
with estimate payoff=12.5718
...Tried to Isolate 129 from 3-th head to be 8-th head
Estimate Gain -0.00278486 first tier Cost=-0.00454169;second tier gain=0.00175683
with estimate payoff=12.109
Tried to Isolate 116 from 4-th head to be 8-th head
Estimate Gain -0.00232765 first tier Cost=-0.0114893;second tier gain=0.00916163
with estimate payoff=12.1004
..Cand Size=1
Tried to Join 10-th head:55 to 4-th Cluster
Estimate Gain -0.238576 first tier gain=0.0136356Second tier cost=-0.252211
with estimate payoff=11.7668
Tried to Isolate 27 from 8-th head to be 10-th head
Estimate Gain 0.00929896 first tier Cost=-0.0143918;second tier gain=0.0236908
with estimate payoff=11.4573
Tried to Isolate 193 from 18-th head to be 13-th head
Estimate Gain -0.0054563 first tier Cost=-0.0054564;second tier gain=9.86154e-08
with estimate payoff=11.1334
.Cand Size=2
Tried to Join 10-th head:27 to 4-th Cluster
Estimate Gain 0.0122015 first tier gain=0.255358Second tier cost=-0.243156
with estimate payoff=11.4862
.Tried to Isolate 133 from 0-th head to be 10-th head
Estimate Gain -0.00452026 first tier Cost=-0.00454169;second tier gain=2.14239e-05
with estimate payoff=11.2307
.Cand Size=1
Tried to Join 10-th head:133 to 13-th Cluster
Estimate Gain -0.160977 first tier gain=0.0414401Second tier cost=-0.202417
with estimate payoff=10.3624
Cand Size=2
Tried to Join 10-th head:133 to 13-th Cluster
Estimate Gain -0.171294 first tier gain=0.0414401Second tier cost=-0.212734
with estimate payoff=10.4596
.Tried to Isolate 135 from 2-th head to be 10-th head
Estimate Gain -0.00432489 first tier Cost=-0.00454169;second tier gain=0.000216799
with estimate payoff=11.6109
..Cand Size=2
Tried to Join 10-th head:135 to 4-th Cluster
Estimate Gain -0.201122 first tier gain=0.0882774Second tier cost=-0.289399
with estimate payoff=10.7791
....Cand Size=2
Tried to Join 13-th head:25 to 4-th Cluster
Estimate Gain -0.232853 first tier gain=0.00771491Second tier cost=-0.240568
with estimate payoff=11.0761
.Tried to Isolate 130 from 11-th head to be 13-th head
Estimate Gain -0.00454079 first tier Cost=-0.00454169;second tier gain=8.92607e-07
with estimate payoff=10.8905
Cand Size=1
Tried to Join 11-th head:122 to 1-th Cluster
Estimate Gain -0.224582 first tier gain=0.0398128Second tier cost=-0.264395
with estimate payoff=11.182
Tried to Isolate 131 from 9-th head to be 11-th head
Estimate Gain -0.00426317 first tier Cost=-0.00454169;second tier gain=0.000278516
with estimate payoff=11.2216
.Tried to Isolate 192 from 18-th head to be 11-th head
Estimate Gain -0.00543803 first tier Cost=-0.0054564;second tier gain=1.83658e-05
with estimate payoff=10.8826
Cand Size=2
Tried to Join 11-th head:192 to 18-th Cluster
Estimate Gain -0.274109 first tier gain=0.0165395Second tier cost=-0.290649
with estimate payoff=11.2275
Tried to Isolate 193 from 18-th head to be 11-th head
Estimate Gain -0.00530709 first tier Cost=-0.0054564;second tier gain=0.000149314
with estimate payoff=10.4545
.Cand Size=1
Tried to Join 11-th head:193 to 18-th Cluster
Estimate Gain -0.253101 first tier gain=0.00549814Second tier cost=-0.258599
with estimate payoff=10.4378
.Cand Size=1
Tried to Join 11-th head:193 to 7-th Cluster
Estimate Gain -0.235335 first tier gain=0.0018755Second tier cost=-0.23721
with estimate payoff=10.4782
.Cand Size=1
Tried to Join 18-th head:192 to 1-th Cluster
Estimate Gain -0.220822 first tier gain=0.0100957Second tier cost=-0.230918
with estimate payoff=10.1875
.Tried to Isolate 132 from 15-th head to be 18-th head
Estimate Gain -0.00451564 first tier Cost=-0.00454169;second tier gain=2.60477e-05
with estimate payoff=10.7184
Cand Size=1
Tried to Join 18-th head:132 to 14-th Cluster
Estimate Gain 0.0857308 first tier gain=0.314123Second tier cost=-0.228392
with estimate payoff=10.7786
Tried to Isolate 134 from 15-th head to be 18-th head
Estimate Gain -0.00446883 first tier Cost=-0.00454169;second tier gain=7.28532e-05
with estimate payoff=10.0035
.Tried to Isolate 132 from 14-th head to be 18-th head
Estimate Gain -0.00441022 first tier Cost=-0.00454169;second tier gain=0.000131466
with estimate payoff=10.6425
Tried to Isolate 10 from 11-th head to be 18-th head
Estimate Gain -0.0036371 first tier Cost=-0.00743979;second tier gain=0.00380269
with estimate payoff=10.5825
.Cand Size=1
Tried to Join 18-th head:10 to 14-th Cluster
Estimate Gain -0.32015 first tier gain=6.65105e-05Second tier cost=-0.320217
with estimate payoff=11.0858
Tried to Isolate 101 from 11-th head to be 18-th head
Estimate Gain 0.00865215 first tier Cost=-0.00588713;second tier gain=0.0145393
with estimate payoff=10.2474
...Cand Size=1
Tried to Join 11-th head:193 to 7-th Cluster
Estimate Gain -0.518452 first tier gain=0.0018755Second tier cost=-0.520327
with estimate payoff=13.0854
Tried to Isolate 25 from 18-th head to be 11-th head
Estimate Gain 0.232217 first tier Cost=-0.0143918;second tier gain=0.246609
with estimate payoff=17.9321
..Cand Size=2
Tried to Join 18-th head:101 to 4-th Cluster
Estimate Gain -0.171758 first tier gain=0.0133235Second tier cost=-0.185081
with estimate payoff=7.90172
Tried to Isolate 132 from 15-th head to be 18-th head
Estimate Gain -0.00389531 first tier Cost=-0.00454169;second tier gain=0.000646377
with estimate payoff=9.49521
.Cand Size=1
Tried to Join 8-th head:61 to 7-th Cluster
Estimate Gain -0.314336 first tier gain=0.0409234Second tier cost=-0.35526
with estimate payoff=10.9956
...Cand Size=1
Tried to Join 11-th head:25 to 1-th Cluster
Estimate Gain -0.206798 first tier gain=0.00993159Second tier cost=-0.21673
with estimate payoff=9.83601
Tried to Isolate 133 from 12-th head to be 11-th head
Estimate Gain -0.00316513 first tier Cost=-0.00454169;second tier gain=0.00137655
with estimate payoff=11.5591
Cand Size=2
Tried to Join 11-th head:133 to 14-th Cluster
Estimate Gain -0.332266 first tier gain=0.0462345Second tier cost=-0.3785
with estimate payoff=11.9638
.Tried to Isolate 76 from 12-th head to be 11-th head
Estimate Gain -0.00441776 first tier Cost=-0.00741545;second tier gain=0.00299769
with estimate payoff=11.9699
.Cand Size=1
Tried to Join 11-th head:76 to 4-th Cluster
Estimate Gain -0.146438 first tier gain=0.243833Second tier cost=-0.390271
with estimate payoff=10.8386
Tried to Isolate 131 from 9-th head to be 11-th head
Estimate Gain -0.00441014 first tier Cost=-0.00454169;second tier gain=0.000131546
with estimate payoff=11.1699
Tried to Isolate 137 from 3-th head to be 11-th head
Estimate Gain -0.00449309 first tier Cost=-0.00454169;second tier gain=4.85971e-05
with estimate payoff=11.6566
Cand Size=2
Tried to Join 11-th head:137 to 14-th Cluster
Estimate Gain -0.327665 first tier gain=0.0986907Second tier cost=-0.426356
with estimate payoff=11.1791
.Tried to Isolate 189 from 3-th head to be 11-th head
Estimate Gain 0.0772186 first tier Cost=-0.0857155;second tier gain=0.162934
with estimate payoff=50.1199
.Cand Size=2
Tried to Join 11-th head:189 to 14-th Cluster
Estimate Gain -0.434821 first tier gain=0.39591Second tier cost=-0.830731
with estimate payoff=14.4897
Tried to Isolate 149 from 18-th head to be 11-th head
Estimate Gain 0.00174307 first tier Cost=-0.00681387;second tier gain=0.00855693
with estimate payoff=13.5434
.Cand Size=2
Tried to Join 11-th head:149 to 16-th Cluster
Estimate Gain -0.659555 first tier gain=0.133848Second tier cost=-0.793404
with estimate payoff=13.8471
Tried to Isolate 107 from 14-th head to be 11-th head
Estimate Gain -0.00318559 first tier Cost=-0.00588713;second tier gain=0.00270155
with estimate payoff=9.48718
Cand Size=2
Tried to Join 7-th head:155 to 4-th Cluster
Estimate Gain -0.417151 first tier gain=0.00730814Second tier cost=-0.424459
with estimate payoff=9.86024
.Tried to Isolate 194 from 18-th head to be 7-th head
Estimate Gain -0.00518106 first tier Cost=-0.0054564;second tier gain=0.000275339
with estimate payoff=9.53942
.Tried to Isolate 132 from 18-th head to be 7-th head
Estimate Gain -0.00407549 first tier Cost=-0.00454169;second tier gain=0.000466192
with estimate payoff=9.14617
Tried to Isolate 134 from 18-th head to be 7-th head
Estimate Gain -0.00407315 first tier Cost=-0.00454169;second tier gain=0.000468541
with estimate payoff=8.80995
.Cand Size=1
Tried to Join 7-th head:134 to 14-th Cluster
Estimate Gain -0.262719 first tier gain=0.101088Second tier cost=-0.363807
with estimate payoff=9.28003
Cand Size=1
Tried to Join 7-th head:134 to 14-th Cluster
Estimate Gain -0.201457 first tier gain=0.101088Second tier cost=-0.302545
with estimate payoff=9.56017
..Cand Size=2
Tried to Join 7-th head:134 to 4-th Cluster
Estimate Gain -0.167537 first tier gain=0.0997418Second tier cost=-0.267279
with estimate payoff=9.10753
Cand Size=2
Tried to Join 7-th head:134 to 4-th Cluster
Estimate Gain -0.167543 first tier gain=0.0997418Second tier cost=-0.267285
with estimate payoff=9.10754
Cand Size=2
Tried to Join 7-th head:134 to 4-th Cluster
Estimate Gain -0.166055 first tier gain=0.0997418Second tier cost=-0.265797
with estimate payoff=9.09409
Tried to Isolate 132 from 18-th head to be 7-th head
Estimate Gain 0.145786 first tier Cost=-0.00454169;second tier gain=0.150328
with estimate payoff=109.349
.best 186   Information Ratio:0.983298
SA end up correctly
Add Times=2222
Discard Times=2231
HR Times=641
2013-09-11_16-02_Best2i2Struc2ndN195_m19_cor0.0_r500.0.txt
ULSA2i2_Cluster_N195_BW180.0PW0.001_FR0.95_r500.0.txt
Compression Ratio 0.477365 indEntropy 10.0471
..............Cand Size=1
Tried to Join 4-th head:141 to 8-th Cluster
Estimate Gain -0.217549 first tier gain=0.000670737Second tier cost=-0.21822
with estimate payoff=9.98542
..Cand Size=2
Tried to Join 2-th head:111 to 8-th Cluster
Estimate Gain -0.206811 first tier gain=0.00568988Second tier cost=-0.212501
with estimate payoff=10.3729
.Cand Size=1
Tried to Join 16-th head:80 to 10-th Cluster
Estimate Gain -0.219823 first tier gain=0.00333834Second tier cost=-0.223162
with estimate payoff=10.2583
.....Tried to Isolate 150 from 6-th head to be 2-th head
Estimate Gain -0.00444276 first tier Cost=-0.00454169;second tier gain=9.89296e-05
with estimate payoff=8.63273
Cand Size=2
Tried to Join 2-th head:150 to 6-th Cluster
Estimate Gain -0.146312 first tier gain=0.120749Second tier cost=-0.267062
with estimate payoff=9.00294
.Cand Size=2
Tried to Join 11-th head:151 to 7-th Cluster
Estimate Gain -0.252008 first tier gain=0.0070436Second tier cost=-0.259052
with estimate payoff=8.87402
Cand Size=2
Tried to Join 10-th head:193 to 8-th Cluster
Estimate Gain -0.311562 first tier gain=0.00709226Second tier cost=-0.318655
with estimate payoff=9.64784
Tried to Isolate 117 from 12-th head to be 2-th head
Estimate Gain -0.00547225 first tier Cost=-0.00588713;second tier gain=0.000414883
with estimate payoff=8.77266
Cand Size=2
Tried to Join 2-th head:117 to 8-th Cluster
Estimate Gain -0.00751527 first tier gain=0.197831Second tier cost=-0.205346
with estimate payoff=8.53821
.Cand Size=1
Tried to Join 1-th head:92 to 17-th Cluster
Estimate Gain -0.298304 first tier gain=-0.0232615Second tier cost=-0.275042
with estimate payoff=9.15066
.Tried to Isolate 136 from 15-th head to be 1-th head
Estimate Gain -0.00363137 first tier Cost=-0.00454169;second tier gain=0.000910313
with estimate payoff=11.4692
Tried to Isolate 134 from 18-th head to be 2-th head
Estimate Gain -0.00335553 first tier Cost=-0.00454169;second tier gain=0.00118616
with estimate payoff=20.3185
.Cand Size=1
Tried to Join 2-th head:134 to 7-th Cluster
Estimate Gain -1.34338 first tier gain=0.0934565Second tier cost=-1.43683
with estimate payoff=21.8941
.Tried to Isolate 58 from 1-th head to be 2-th head
Estimate Gain 0.292502 first tier Cost=-0.0188462;second tier gain=0.311348
with estimate payoff=32.04
.Tried to Isolate 10 from 7-th head to be 4-th head
Estimate Gain -0.00164844 first tier Cost=-0.01573;second tier gain=0.0140815
with estimate payoff=11.6783
Cand Size=2
Tried to Join 2-th head:58 to 17-th Cluster
Estimate Gain -0.40893 first tier gain=0.0654034Second tier cost=-0.474334
with estimate payoff=11.4928
.Cand Size=1
Tried to Join 4-th head:10 to 7-th Cluster
Estimate Gain -0.745399 first tier gain=-0.00464017Second tier cost=-0.740759
with estimate payoff=14.7005
..Tried to Isolate 192 from 0-th head to be 2-th head
Estimate Gain -0.00544399 first tier Cost=-0.0054564;second tier gain=1.24132e-05
with estimate payoff=15.3943
Cand Size=1
Tried to Join 2-th head:192 to 0-th Cluster
Estimate Gain -0.722844 first tier gain=0.0197334Second tier cost=-0.742578
with estimate payoff=16.1106
.....Tried to Isolate 137 from 14-th head to be 2-th head
Estimate Gain -0.00413159 first tier Cost=-0.00454169;second tier gain=0.000410092
with estimate payoff=9.87
Tried to Isolate 139 from 13-th head to be 4-th head
Estimate Gain -0.00409574 first tier Cost=-0.00454169;second tier gain=0.000445949
with estimate payoff=9.00942
.Cand Size=2
Tried to Join 2-th head:137 to 18-th Cluster
Estimate Gain -0.149682 first tier gain=0.0996784Second tier cost=-0.249361
with estimate payoff=8.79707
.Tried to Isolate 28 from 6-th head to be 2-th head
Estimate Gain 0.0980029 first tier Cost=-0.13812;second tier gain=0.236123
with estimate payoff=213.716
..Tried to Isolate 51 from 14-th head to be 10-th head
Estimate Gain 0.00029988 first tier Cost=-0.0140079;second tier gain=0.0143078
with estimate payoff=16.7086
.Tried to Isolate 33 from 10-th head to be 11-th head
Estimate Gain 0.539346 first tier Cost=-0.0778371;second tier gain=0.617183
with estimate payoff=33.3557
.Tried to Isolate 165 from 14-th head to be 16-th head
Estimate Gain -0.00211091 first tier Cost=-0.0105498;second tier gain=0.0084389
with estimate payoff=16.563
..Cand Size=2
Tried to Join 16-th head:165 to 7-th Cluster
Estimate Gain -0.693232 first tier gain=0.413886Second tier cost=-1.10712
with estimate payoff=18.3328
Cand Size=1
Tried to Join 6-th head:10 to 8-th Cluster
Estimate Gain -1.14235 first tier gain=-0.00634828Second tier cost=-1.136
with estimate payoff=18.9221
Tried to Isolate 98 from 7-th head to be 6-th head
Estimate Gain 0.000820003 first tier Cost=-0.00642836;second tier gain=0.00724836
with estimate payoff=11.4174
.Cand Size=1
Tried to Join 6-th head:98 to 8-th Cluster
Estimate Gain -0.441209 first tier gain=-0.00568568Second tier cost=-0.435523
with estimate payoff=10.9143
Tried to Isolate 130 from 1-th head to be 16-th head
Estimate Gain -0.00209056 first tier Cost=-0.00454169;second tier gain=0.00245113
with estimate payoff=10.4892
.Cand Size=1
Tried to Join 6-th head:98 to 7-th Cluster
Estimate Gain -0.570284 first tier gain=0.00175671Second tier cost=-0.57204
with estimate payoff=12.6242
..Tried to Isolate 133 from 12-th head to be 6-th head
Estimate Gain -0.00454159 first tier Cost=-0.00454169;second tier gain=9.27556e-08
with estimate payoff=9.9901
Cand Size=1
Tried to Join 6-th head:133 to 7-th Cluster
Estimate Gain -0.287083 first tier gain=0.0468362Second tier cost=-0.333919
with estimate payoff=10.2065
....Tried to Isolate 131 from 9-th head to be 6-th head
Estimate Gain -0.00453136 first tier Cost=-0.00454169;second tier gain=1.03255e-05
with estimate payoff=9.3511
Cand Size=2
Tried to Join 6-th head:131 to 18-th Cluster
Estimate Gain 0.165774 first tier gain=0.43108Second tier cost=-0.265306
with estimate payoff=9.62892
Cand Size=1
Tried to Join 6-th head:131 to 18-th Cluster
Estimate Gain 0.164574 first tier gain=0.43108Second tier cost=-0.266506
with estimate payoff=9.6593
...Cand Size=1
Tried to Join 13-th head:29 to 7-th Cluster
Estimate Gain -0.246563 first tier gain=0.0161317Second tier cost=-0.262695
with estimate payoff=11.134
.Cand Size=1
Tried to Join 13-th head:29 to 18-th Cluster
Estimate Gain -0.249205 first tier gain=0.0164709Second tier cost=-0.265676
with estimate payoff=11.159
.Tried to Isolate 136 from 1-th head to be 13-th head
Estimate Gain -0.00451945 first tier Cost=-0.00454169;second tier gain=2.2238e-05
with estimate payoff=11.0045
............Cand Size=2
Tried to Join 0-th head:10 to 18-th Cluster
Estimate Gain -0.280248 first tier gain=0.00357118Second tier cost=-0.28382
with estimate payoff=11.4888
Tried to Isolate 134 from 1-th head to be 0-th head
Estimate Gain -0.00453385 first tier Cost=-0.00454169;second tier gain=7.83486e-06
with estimate payoff=11.5994
.Cand Size=1
Tried to Join 0-th head:134 to 18-th Cluster
Estimate Gain -0.187264 first tier gain=0.101088Second tier cost=-0.288352
with estimate payoff=11.9042
.Cand Size=1
Tried to Join 0-th head:134 to 18-th Cluster
Estimate Gain -0.152671 first tier gain=0.101088Second tier cost=-0.253758
with estimate payoff=11.7544
Tried to Isolate 78 from 1-th head to be 0-th head
Estimate Gain 0.15232 first tier Cost=-0.00741545;second tier gain=0.159735
with estimate payoff=32.4897
.Cand Size=2
Tried to Join 16-th head:146 to 8-th Cluster
Estimate Gain -0.318286 first tier gain=0.0465863Second tier cost=-0.364872
with estimate payoff=11.7261
.Tried to Isolate 183 from 0-th head to be 16-th head
Estimate Gain 0.00719671 first tier Cost=-0.00948836;second tier gain=0.0166851
with estimate payoff=30.3331
Tried to Isolate 146 from 8-th head to be 16-th head
Estimate Gain 0.10547 first tier Cost=-0.106105;second tier gain=0.211576
with estimate payoff=30.1429
Cand Size=2
Tried to Join 16-th head:146 to 7-th Cluster
Estimate Gain -0.333163 first tier gain=0.04109Second tier cost=-0.374253
with estimate payoff=11.4071
Tried to Isolate 146 from 7-th head to be 16-th head
Estimate Gain 0.0177533 first tier Cost=-0.00681387;second tier gain=0.0245671
with estimate payoff=18.0163
.Cand Size=2
Tried to Join 16-th head:146 to 9-th Cluster
Estimate Gain -0.282974 first tier gain=0.0428503Second tier cost=-0.325824
with estimate payoff=11.0584
Cand Size=2
Tried to Join 16-th head:146 to 9-th Cluster
Estimate Gain -0.281549 first tier gain=0.0428503Second tier cost=-0.324399
with estimate payoff=11.0058
Tried to Isolate 52 from 18-th head to be 16-th head
Estimate Gain -0.00286619 first tier Cost=-0.0140079;second tier gain=0.0111417
with estimate payoff=9.26026
....Cand Size=1
Tried to Join 14-th head:190 to 16-th Cluster
Estimate Gain -0.237235 first tier gain=0.0166219Second tier cost=-0.253857
with estimate payoff=9.60134
Tried to Isolate 138 from 4-th head to be 14-th head
Estimate Gain -0.0036366 first tier Cost=-0.00454169;second tier gain=0.000905088
with estimate payoff=9.50737
...Cand Size=1
Tried to Join 1-th head:58 to 8-th Cluster
Estimate Gain -0.150999 first tier gain=0.0816841Second tier cost=-0.232683
with estimate payoff=11.1463
.Cand Size=1
Tried to Join 1-th head:58 to 8-th Cluster
Estimate Gain -0.182203 first tier gain=0.0816841Second tier cost=-0.263887
with estimate payoff=10.5329
.Cand Size=1
Tried to Join 18-th head:134 to 9-th Cluster
Estimate Gain -0.158964 first tier gain=0.0950792Second tier cost=-0.254043
with estimate payoff=9.93943
.Cand Size=1
Tried to Join 18-th head:134 to 8-th Cluster
Estimate Gain -0.135143 first tier gain=0.0988151Second tier cost=-0.233958
with estimate payoff=9.29385
.Tried to Isolate 133 from 12-th head to be 18-th head
Estimate Gain -0.00454156 first tier Cost=-0.00454169;second tier gain=1.2635e-07
with estimate payoff=13.9461
Tried to Isolate 184 from 1-th head to be 18-th head
Estimate Gain 0.0610871 first tier Cost=-0.00948836;second tier gain=0.0705755
with estimate payoff=13.7352
Cand Size=1
Tried to Join 18-th head:184 to 9-th Cluster
Estimate Gain -0.27986 first tier gain=0.109153Second tier cost=-0.389012
with estimate payoff=11.6951
..Tried to Isolate 136 from 13-th head to be 18-th head
Estimate Gain -0.00449344 first tier Cost=-0.00454169;second tier gain=4.82416e-05
with estimate payoff=10.6886
.Cand Size=2
Tried to Join 18-th head:136 to 16-th Cluster
Estimate Gain 0.0420886 first tier gain=0.290303Second tier cost=-0.248215
with estimate payoff=10.7208
..Cand Size=2
Tried to Join 18-th head:136 to 16-th Cluster
Estimate Gain 0.0582497 first tier gain=0.290303Second tier cost=-0.232054
with estimate payoff=10.8271
..Cand Size=1
Tried to Join 7-th head:10 to 8-th Cluster
Estimate Gain -0.249464 first tier gain=0.00159823Second tier cost=-0.251062
with estimate payoff=11.8006
.Tried to Isolate 134 from 1-th head to be 7-th head
Estimate Gain -0.00451992 first tier Cost=-0.00454169;second tier gain=2.17662e-05
with estimate payoff=12.7269
Cand Size=1
Tried to Join 7-th head:134 to 16-th Cluster
Estimate Gain -0.24497 first tier gain=0.101087Second tier cost=-0.346057
with estimate payoff=12.9206
.best 186   Information Ratio:0.991481
SA end up correctly
Add Times=2183
Discard Times=2191
HR Times=600
2013-09-11_16-14_Best2i2Struc2ndN195_m19_cor0.0_r500.0.txt
ULSA2i2_Cluster_N195_BW180.0PW0.001_FR0.95_r500.0.txt
Compression Ratio 0.477365 indEntropy 10.0471
.........Cand Size=1
Tried to Join 10-th head:185 to 16-th Cluster
Estimate Gain -0.253662 first tier gain=-0.0028129Second tier cost=-0.250849
with estimate payoff=12.6966
.Tried to Isolate 138 from 3-th head to be 10-th head
Estimate Gain -0.00401413 first tier Cost=-0.00454169;second tier gain=0.000527552
with estimate payoff=12.109
....Cand Size=2
Tried to Join 2-th head:74 to 16-th Cluster
Estimate Gain -0.194162 first tier gain=-0.00229435Second tier cost=-0.191868
with estimate payoff=12.1533
.Tried to Isolate 137 from 14-th head to be 2-th head
Estimate Gain -0.0037489 first tier Cost=-0.00454169;second tier gain=0.000792784
with estimate payoff=12.0783
....Cand Size=1
Tried to Join 0-th head:101 to 11-th Cluster
Estimate Gain -0.281892 first tier gain=0.00914262Second tier cost=-0.291035
with estimate payoff=13.238
..Tried to Isolate 136 from 15-th head to be 0-th head
Estimate Gain -0.00446572 first tier Cost=-0.00454169;second tier gain=7.59637e-05
with estimate payoff=11.448
.Cand Size=2
Tried to Join 1-th head:191 to 4-th Cluster
Estimate Gain -0.257 first tier gain=0.0132601Second tier cost=-0.27026
with estimate payoff=12.0816
..Tried to Isolate 138 from 13-th head to be 1-th head
Estimate Gain -0.00429815 first tier Cost=-0.00454169;second tier gain=0.000243534
with estimate payoff=12.8294
Cand Size=1
Tried to Join 1-th head:138 to 8-th Cluster
Estimate Gain 0.116977 first tier gain=0.301248Second tier cost=-0.184271
with estimate payoff=12.6129
Cand Size=1
Tried to Join 11-th head:193 to 4-th Cluster
Estimate Gain -0.256275 first tier gain=0.00660604Second tier cost=-0.262881
with estimate payoff=13.6693
.Tried to Isolate 141 from 4-th head to be 1-th head
Estimate Gain -0.00453896 first tier Cost=-0.00454169;second tier gain=2.73118e-06
with estimate payoff=11.9765
Tried to Isolate 108 from 9-th head to be 11-th head
Estimate Gain -0.00563186 first tier Cost=-0.00588713;second tier gain=0.000255277
with estimate payoff=12.3913
..Cand Size=1
Tried to Join 1-th head:185 to 8-th Cluster
Estimate Gain -0.245508 first tier gain=-0.000306477Second tier cost=-0.245202
with estimate payoff=12.7523
..Tried to Isolate 104 from 17-th head to be 1-th head
Estimate Gain -0.00585055 first tier Cost=-0.00588713;second tier gain=3.65861e-05
with estimate payoff=14.3367
.Tried to Isolate 104 from 17-th head to be 1-th head
Estimate Gain -0.00583329 first tier Cost=-0.00588713;second tier gain=5.38379e-05
with estimate payoff=13.4687
Cand Size=1
Tried to Join 14-th head:74 to 8-th Cluster
Estimate Gain -0.234729 first tier gain=0.00253814Second tier cost=-0.237267
with estimate payoff=14.4603
.....Tried to Isolate 135 from 13-th head to be 14-th head
Estimate Gain -0.00443359 first tier Cost=-0.00454169;second tier gain=0.000108092
with estimate payoff=13.7444
Cand Size=1
Tried to Join 14-th head:135 to 8-th Cluster
Estimate Gain -0.153725 first tier gain=0.0905486Second tier cost=-0.244273
with estimate payoff=13.9319
Tried to Isolate 134 from 0-th head to be 14-th head
Estimate Gain -0.00446615 first tier Cost=-0.00454169;second tier gain=7.55376e-05
with estimate payoff=15.7884
..Cand Size=1
Tried to Join 3-th head:42 to 4-th Cluster
Estimate Gain -0.529608 first tier gain=0.0220446Second tier cost=-0.551652
with estimate payoff=16.0507
..Tried to Isolate 193 from 4-th head to be 3-th head
Estimate Gain -0.00361698 first tier Cost=-0.0054564;second tier gain=0.00183942
with estimate payoff=16.5418
.Cand Size=1
Tried to Join 3-th head:193 to 4-th Cluster
Estimate Gain -0.710061 first tier gain=0.0111682Second tier cost=-0.721229
with estimate payoff=16.9084
.Tried to Isolate 137 from 2-th head to be 3-th head
Estimate Gain -0.00450169 first tier Cost=-0.00454169;second tier gain=4.00015e-05
with estimate payoff=16.0924
Cand Size=2
Tried to Join 3-th head:137 to 8-th Cluster
Estimate Gain -0.391169 first tier gain=0.0996779Second tier cost=-0.490847
with estimate payoff=13.7593
.Tried to Isolate 116 from 2-th head to be 3-th head
Estimate Gain 0.109039 first tier Cost=-0.0114893;second tier gain=0.120529
with estimate payoff=45.0182
......Cand Size=2
Tried to Join 4-th head:10 to 8-th Cluster
Estimate Gain -0.349124 first tier gain=0.00158523Second tier cost=-0.350709
with estimate payoff=12.4468
.Cand Size=1
Tried to Join 15-th head:74 to 8-th Cluster
Estimate Gain -0.330848 first tier gain=0.00259748Second tier cost=-0.333446
with estimate payoff=12.2386
.Tried to Isolate 132 from 3-th head to be 4-th head
Estimate Gain -0.00443929 first tier Cost=-0.00454169;second tier gain=0.000102396
with estimate payoff=11.8995
Tried to Isolate 131 from 9-th head to be 4-th head
Estimate Gain -0.00441534 first tier Cost=-0.00454169;second tier gain=0.000126345
with estimate payoff=10.995
.Cand Size=2
Tried to Join 4-th head:131 to 8-th Cluster
Estimate Gain 0.127021 first tier gain=0.434737Second tier cost=-0.307716
with estimate payoff=11.2448
Cand Size=3
Tried to Join 4-th head:131 to 8-th Cluster
Estimate Gain 0.133825 first tier gain=0.434846Second tier cost=-0.301021
with estimate payoff=11.1797
Tried to Isolate 79 from 9-th head to be 4-th head
Estimate Gain 0.000843516 first tier Cost=-0.00741545;second tier gain=0.00825896
with estimate payoff=14.9302
.Tried to Isolate 133 from 12-th head to be 15-th head
Estimate Gain -0.00440028 first tier Cost=-0.00454169;second tier gain=0.00014141
with estimate payoff=16.4333
Tried to Isolate 132 from 3-th head to be 15-th head
Estimate Gain -0.00453403 first tier Cost=-0.00454169;second tier gain=7.65618e-06
with estimate payoff=16.5428
Tried to Isolate 134 from 18-th head to be 15-th head
Estimate Gain -0.00453862 first tier Cost=-0.00454169;second tier gain=3.06321e-06
with estimate payoff=17.9285
..Cand Size=1
Tried to Join 13-th head:29 to 16-th Cluster
Estimate Gain -0.761163 first tier gain=0.0151475Second tier cost=-0.776311
with estimate payoff=17.2461
.Cand Size=1
Tried to Join 18-th head:49 to 16-th Cluster
Estimate Gain -0.612573 first tier gain=0.0582026Second tier cost=-0.670776
with estimate payoff=14.2372
Tried to Isolate 137 from 2-th head to be 13-th head
Estimate Gain -0.00448682 first tier Cost=-0.00454169;second tier gain=5.48673e-05
with estimate payoff=15.8396
Cand Size=1
Tried to Join 5-th head:67 to 7-th Cluster
Estimate Gain -0.828783 first tier gain=0.00333418Second tier cost=-0.832117
with estimate payoff=17.1772
..Tried to Isolate 132 from 3-th head to be 5-th head
Estimate Gain -0.00453223 first tier Cost=-0.00454169;second tier gain=9.4606e-06
with estimate payoff=15.2944
.Tried to Isolate 131 from 9-th head to be 5-th head
Estimate Gain -0.00452847 first tier Cost=-0.00454169;second tier gain=1.32162e-05
with estimate payoff=11.049
....Tried to Isolate 131 from 9-th head to be 5-th head
Estimate Gain -0.00423748 first tier Cost=-0.00454169;second tier gain=0.000304209
with estimate payoff=11.2338
Tried to Isolate 133 from 12-th head to be 5-th head
Estimate Gain -0.00446099 first tier Cost=-0.00454169;second tier gain=8.06994e-05
with estimate payoff=10.909
Cand Size=1
Tried to Join 5-th head:133 to 7-th Cluster
Estimate Gain -0.226165 first tier gain=0.0481937Second tier cost=-0.274359
with estimate payoff=10.5845
Tried to Isolate 70 from 6-th head to be 5-th head
Estimate Gain -0.0025323 first tier Cost=-0.00653705;second tier gain=0.00400476
with estimate payoff=11.144
..Tried to Isolate 131 from 9-th head to be 18-th head
Estimate Gain -0.00273659 first tier Cost=-0.00454169;second tier gain=0.0018051
with estimate payoff=10.314
Tried to Isolate 135 from 10-th head to be 18-th head
Estimate Gain -0.00452844 first tier Cost=-0.00454169;second tier gain=1.32501e-05
with estimate payoff=10.265
.Tried to Isolate 137 from 13-th head to be 18-th head
Estimate Gain -0.0045409 first tier Cost=-0.00454169;second tier gain=7.86369e-07
with estimate payoff=10.0164
.Cand Size=1
Tried to Join 18-th head:137 to 8-th Cluster
Estimate Gain -0.334653 first tier gain=0.0995684Second tier cost=-0.434222
with estimate payoff=10.8878
.....Cand Size=1
Tried to Join 0-th head:122 to 7-th Cluster
Estimate Gain -0.239909 first tier gain=0.0403077Second tier cost=-0.280217
with estimate payoff=11.2973
Tried to Isolate 136 from 15-th head to be 0-th head
Estimate Gain -0.00441752 first tier Cost=-0.00454169;second tier gain=0.00012417
with estimate payoff=10.1888
...Cand Size=1
Tried to Join 7-th head:10 to 8-th Cluster
Estimate Gain -0.298155 first tier gain=0.00179341Second tier cost=-0.299948
with estimate payoff=13.8234
Tried to Isolate 134 from 15-th head to be 7-th head
Estimate Gain -0.0039164 first tier Cost=-0.00454169;second tier gain=0.000625287
with estimate payoff=13.5558
Cand Size=1
Tried to Join 7-th head:134 to 8-th Cluster
Estimate Gain -0.18381 first tier gain=0.0992006Second tier cost=-0.28301
with estimate payoff=13.5395
...........Cand Size=1
Tried to Join 8-th head:92 to 2-th Cluster
Estimate Gain -0.337181 first tier gain=-0.00165323Second tier cost=-0.335527
with estimate payoff=11.3448
.7-th new Interference=1.4357e-13
7-th cluster Original Inteference=4.06678e-14
7-th new Interference=1.4357e-13
7-th cluster Original Inteference=4.06678e-14
7-th new Interference=1.4357e-13
7-th cluster Original Inteference=4.06678e-14
7-th new Interference=1.4357e-13
7-th cluster Original Inteference=4.06678e-14
7-th new Interference=1.4357e-13
7-th cluster Original Inteference=4.06678e-14
7-th new Interference=1.4357e-13
7-th cluster Original Inteference=4.06678e-14
7-th new Interference=1.4357e-13
7-th cluster Original Inteference=4.06678e-14
7-th new Interference=1.4357e-13
7-th cluster Original Inteference=4.06678e-14
7-th new Interference=1.4357e-13
7-th cluster Original Inteference=4.06678e-14
7-th new Interference=1.4357e-13
7-th cluster Original Inteference=4.06678e-14
7-th new Interference=1.4357e-13
7-th cluster Original Inteference=4.06678e-14
7-th new Interference=1.4357e-13
7-th cluster Original Inteference=4.06678e-14
7-th new Interference=1.4357e-13
7-th cluster Original Inteference=4.06678e-14
7-th new Interference=1.4357e-13
7-th cluster Original Inteference=4.06678e-14
7-th new Interference=1.4357e-13
7-th cluster Original Inteference=4.06678e-14
7-th new Interference=1.4357e-13
7-th cluster Original Inteference=4.06678e-14
7-th new Interference=1.4357e-13
7-th cluster Original Inteference=4.06678e-14
7-th new Interference=1.4357e-13
7-th cluster Original Inteference=4.06678e-14
7-th new Interference=1.4357e-13
7-th cluster Original Inteference=4.06678e-14
7-th new Interference=1.4357e-13
7-th cluster Original Inteference=4.06678e-14
7-th new Interference=1.4357e-13
7-th cluster Original Inteference=4.06678e-14
7-th new Interference=1.4357e-13
7-th cluster Original Inteference=4.06678e-14
7-th new Interference=1.4357e-13
7-th cluster Original Inteference=4.06678e-14
7-th new Interference=1.4357e-13
7-th cluster Original Inteference=4.06678e-14
7-th new Interference=1.4357e-13
7-th cluster Original Inteference=4.06678e-14
7-th new Interference=1.4357e-13
7-th cluster Original Inteference=4.06678e-14
7-th new Interference=1.4357e-13
7-th cluster Original Inteference=4.06678e-14
7-th new Interference=1.4357e-13
7-th cluster Original Inteference=4.06678e-14
7-th new Interference=1.4357e-13
7-th cluster Original Inteference=4.06678e-14
7-th new Interference=1.4357e-13
7-th cluster Original Inteference=4.06678e-14
7-th new Interference=1.4357e-13
7-th cluster Original Inteference=4.06678e-14
7-th new Interference=1.4357e-13
7-th cluster Original Inteference=4.06678e-14
7-th new Interference=1.4357e-13
7-th cluster Original Inteference=4.06678e-14
7-th new Interference=1.4357e-13
7-th cluster Original Inteference=4.06678e-14
7-th new Interference=1.4357e-13
7-th cluster Original Inteference=4.06678e-14
7-th new Interference=1.4357e-13
7-th cluster Original Inteference=4.06678e-14
7-th new Interference=1.4357e-13
7-th cluster Original Inteference=4.06678e-14
7-th new Interference=1.4357e-13
7-th cluster Original Inteference=4.06678e-14
7-th new Interference=1.4357e-13
7-th cluster Original Inteference=4.06678e-14
7-th new Interference=1.4357e-13
7-th cluster Original Inteference=4.06678e-14
7-th new Interference=1.4357e-13
7-th cluster Original Inteference=4.06678e-14
7-th new Interference=1.4357e-13
7-th cluster Original Inteference=4.06678e-14
7-th new Interference=1.4357e-13
7-th cluster Original Inteference=4.06678e-14
7-th new Interference=1.4357e-13
7-th cluster Original Inteference=4.06678e-14
7-th new Interference=1.4357e-13
7-th cluster Original Inteference=4.06678e-14
7-th new Interference=1.4357e-13
7-th cluster Original Inteference=4.06678e-14
7-th new Interference=1.4357e-13
7-th cluster Original Inteference=4.06678e-14
7-th new Interference=1.4357e-13
7-th cluster Original Inteference=4.06678e-14
7-th new Interference=1.4357e-13
7-th cluster Original Inteference=4.06678e-14
7-th new Interference=1.4357e-13
7-th cluster Original Inteference=4.06678e-14
7-th new Interference=1.4357e-13
7-th cluster Original Inteference=4.06678e-14
7-th new Interference=1.4357e-13
7-th cluster Original Inteference=4.06678e-14
7-th new Interference=1.4357e-13
7-th cluster Original Inteference=4.06678e-14
7-th new Interference=1.4357e-13
7-th cluster Original Inteference=4.06678e-14
7-th new Interference=1.4357e-13
7-th cluster Original Inteference=4.06678e-14
7-th new Interference=1.4357e-13
7-th cluster Original Inteference=4.06678e-14
7-th new Interference=1.4357e-13
7-th cluster Original Inteference=4.06678e-14
7-th new Interference=1.4357e-13
7-th cluster Original Inteference=4.06678e-14
7-th new Interference=1.4357e-13
7-th cluster Original Inteference=4.06678e-14
7-th new Interference=1.4357e-13
7-th cluster Original Inteference=4.06678e-14
7-th new Interference=1.4357e-13
7-th cluster Original Inteference=4.06678e-14
7-th new Interference=1.4357e-13
7-th cluster Original Inteference=4.06678e-14
7-th new Interference=1.4357e-13
7-th cluster Original Inteference=4.06678e-14
7-th new Interference=1.4357e-13
7-th cluster Original Inteference=4.06678e-14
7-th new Interference=1.4357e-13
7-th cluster Original Inteference=4.06678e-14
Tried to Isolate 135 from 10-th head to be 8-th head
Estimate Gain -0.00453174 first tier Cost=-0.00454169;second tier gain=9.94767e-06
with estimate payoff=11.328
.Cand Size=1
Tried to Join 8-th head:135 to 2-th Cluster
Estimate Gain -0.276256 first tier gain=0.0886619Second tier cost=-0.364918
with estimate payoff=11.7894
.Tried to Isolate 194 from 7-th head to be 8-th head
Estimate Gain -0.00540971 first tier Cost=-0.0054564;second tier gain=4.66864e-05
with estimate payoff=12.9437
.Tried to Isolate 137 from 13-th head to be 8-th head
Estimate Gain -0.00441802 first tier Cost=-0.00454169;second tier gain=0.000123671
with estimate payoff=14.5259
.Cand Size=2
Tried to Join 8-th head:137 to 16-th Cluster
Estimate Gain -0.466351 first tier gain=0.100649Second tier cost=-0.567
with estimate payoff=14.9343
..best 186   Information Ratio:0.970753
SA end up correctly
Add Times=2086
Discard Times=2095
HR Times=618
2013-09-11_16-24_Best2i2Struc2ndN195_m19_cor0.0_r500.0.txt
ULSA2i2_Cluster_N195_BW180.0PW0.001_FR0.95_r500.0.txt
Compression Ratio 0.477365 indEntropy 10.0471
....Cand Size=1
Tried to Join 4-th head:120 to 2-th Cluster
Estimate Gain -0.182064 first tier gain=-0.015029Second tier cost=-0.167035
with estimate payoff=13.0297
Tried to Isolate 141 from 16-th head to be 4-th head
Estimate Gain -0.00451537 first tier Cost=-0.00454169;second tier gain=2.63121e-05
with estimate payoff=14.2801
Cand Size=1
Tried to Join 4-th head:141 to 16-th Cluster
Estimate Gain -0.314163 first tier gain=0.001694Second tier cost=-0.315857
with estimate payoff=14.5907
Tried to Isolate 143 from 12-th head to be 4-th head
Estimate Gain -0.0045048 first tier Cost=-0.00454169;second tier gain=3.68879e-05
with estimate payoff=13.8471
.......Cand Size=1
Tried to Join 10-th head:193 to 8-th Cluster
Estimate Gain -0.176922 first tier gain=0.0061983Second tier cost=-0.18312
with estimate payoff=12.3087
.Tried to Isolate 99 from 9-th head to be 10-th head
Estimate Gain -0.0049942 first tier Cost=-0.00642836;second tier gain=0.00143416
with estimate payoff=12.159
.Cand Size=1
Tried to Join 10-th head:99 to 8-th Cluster
Estimate Gain 0.186713 first tier gain=0.413973Second tier cost=-0.227259
with estimate payoff=12.6928
.Tried to Isolate 135 from 3-th head to be 10-th head
Estimate Gain -0.00446856 first tier Cost=-0.00454169;second tier gain=7.31227e-05
with estimate payoff=17.3788
Cand Size=1
Tried to Join 10-th head:135 to 3-th Cluster
Estimate Gain -0.643275 first tier gain=0.0901005Second tier cost=-0.733375
with estimate payoff=18.0806
Tried to Isolate 98 from 8-th head to be 10-th head
Estimate Gain -0.00111038 first tier Cost=-0.00642836;second tier gain=0.00531798
with estimate payoff=17.0639
.Cand Size=1
Tried to Join 10-th head:98 to 16-th Cluster
Estimate Gain -0.629557 first tier gain=-0.0163917Second tier cost=-0.613165
with estimate payoff=16.1906
...............Cand Size=2
Tried to Join 16-th head:75 to 10-th Cluster
Estimate Gain -0.139786 first tier gain=0.02382Second tier cost=-0.163606
with estimate payoff=9.78938
..Tried to Isolate 109 from 14-th head to be 16-th head
Estimate Gain -0.00569284 first tier Cost=-0.00588713;second tier gain=0.000194294
with estimate payoff=11.2079
.....Cand Size=1
Tried to Join 1-th head:55 to 8-th Cluster
Estimate Gain -0.320085 first tier gain=0.0144847Second tier cost=-0.33457
with estimate payoff=13.0341
.Tried to Isolate 134 from 15-th head to be 1-th head
Estimate Gain -0.00447601 first tier Cost=-0.00454169;second tier gain=6.56778e-05
with estimate payoff=12.0055
.Cand Size=1
Tried to Join 1-th head:134 to 8-th Cluster
Estimate Gain -0.198539 first tier gain=0.101087Second tier cost=-0.299626
with estimate payoff=11.6453
.Tried to Isolate 140 from 13-th head to be 1-th head
Estimate Gain -0.00445668 first tier Cost=-0.00454169;second tier gain=8.50103e-05
with estimate payoff=9.87622
..Cand Size=4
Tried to Join 10-th head:155 to 17-th Cluster
Estimate Gain -0.340854 first tier gain=0.00679785Second tier cost=-0.347652
with estimate payoff=11.6981
.Tried to Isolate 145 from 13-th head to be 10-th head
Estimate Gain -0.0043936 first tier Cost=-0.00454169;second tier gain=0.000148091
with estimate payoff=11.5187
Cand Size=2
Tried to Join 4-th head:151 to 17-th Cluster
Estimate Gain -0.228666 first tier gain=0.0185964Second tier cost=-0.247263
with estimate payoff=11.2323
Tried to Isolate 142 from 12-th head to be 4-th head
Estimate Gain -0.00438431 first tier Cost=-0.00454169;second tier gain=0.00015738
with estimate payoff=13.1426
.Cand Size=1
Tried to Join 11-th head:10 to 8-th Cluster
Estimate Gain -0.479826 first tier gain=0.000520129Second tier cost=-0.480346
with estimate payoff=14.1318
Cand Size=1
Tried to Join 11-th head:10 to 8-th Cluster
Estimate Gain -0.46947 first tier gain=0.000550464Second tier cost=-0.47002
with estimate payoff=13.9698
.Cand Size=1
Tried to Join 11-th head:10 to 8-th Cluster
Estimate Gain -0.429776 first tier gain=0.00348435Second tier cost=-0.433261
with estimate payoff=13.1936
.Tried to Isolate 132 from 16-th head to be 11-th head
Estimate Gain -0.00446638 first tier Cost=-0.00454169;second tier gain=7.5308e-05
with estimate payoff=12.9245
.Cand Size=1
Tried to Join 11-th head:132 to 8-th Cluster
Estimate Gain -0.0972907 first tier gain=0.316996Second tier cost=-0.414287
with estimate payoff=12.1744
Tried to Isolate 99 from 9-th head to be 11-th head
Estimate Gain -0.00368804 first tier Cost=-0.00642836;second tier gain=0.00274032
with estimate payoff=11.8142
..Tried to Isolate 134 from 16-th head to be 11-th head
Estimate Gain -0.00404335 first tier Cost=-0.00454169;second tier gain=0.000498341
with estimate payoff=11.5515
.Cand Size=1
Tried to Join 11-th head:134 to 17-th Cluster
Estimate Gain -0.199117 first tier gain=0.100173Second tier cost=-0.299289
with estimate payoff=10.3071
..Cand Size=1
Tried to Join 2-th head:111 to 17-th Cluster
Estimate Gain -0.256439 first tier gain=0.00476594Second tier cost=-0.261205
with estimate payoff=9.72117
Tried to Isolate 132 from 8-th head to be 2-th head
Estimate Gain 0.0229815 first tier Cost=-0.119271;second tier gain=0.142253
with estimate payoff=15.7948
......Cand Size=1
Tried to Join 18-th head:49 to 8-th Cluster
Estimate Gain -0.173405 first tier gain=0.0562556Second tier cost=-0.229661
with estimate payoff=10.1581
Tried to Isolate 106 from 14-th head to be 18-th head
Estimate Gain -0.00583013 first tier Cost=-0.00588713;second tier gain=5.70015e-05
with estimate payoff=9.37944
.Cand Size=1
Tried to Join 18-th head:106 to 17-th Cluster
Estimate Gain 0.0259978 first tier gain=0.243218Second tier cost=-0.217221
with estimate payoff=10.1638
Tried to Isolate 131 from 9-th head to be 18-th head
Estimate Gain -0.00452671 first tier Cost=-0.00454169;second tier gain=1.49742e-05
with estimate payoff=12.2909
...Tried to Isolate 104 from 5-th head to be 18-th head
Estimate Gain -0.00567275 first tier Cost=-0.00588713;second tier gain=0.000214386
with estimate payoff=11.2918
Cand Size=2
Tried to Join 18-th head:104 to 17-th Cluster
Estimate Gain -0.074616 first tier gain=0.148694Second tier cost=-0.22331
with estimate payoff=11.3641
Tried to Isolate 103 from 6-th head to be 18-th head
Estimate Gain -0.00558649 first tier Cost=-0.00588713;second tier gain=0.000300641
with estimate payoff=11.7452
..........Cand Size=1
Tried to Join 3-th head:107 to 17-th Cluster
Estimate Gain -0.254793 first tier gain=0.00658457Second tier cost=-0.261377
with estimate payoff=10.8321
.Tried to Isolate 134 from 11-th head to be 3-th head
Estimate Gain -0.00450186 first tier Cost=-0.00454169;second tier gain=3.98301e-05
with estimate payoff=10.2014
.......Cand Size=1
Tried to Join 15-th head:84 to 17-th Cluster
Estimate Gain -0.215474 first tier gain=0.0101448Second tier cost=-0.225619
with estimate payoff=10.7865
...Tried to Isolate 135 from 1-th head to be 15-th head
Estimate Gain -0.00432911 first tier Cost=-0.00454169;second tier gain=0.000212575
with estimate payoff=9.71676
Cand Size=1
Tried to Join 15-th head:135 to 8-th Cluster
Estimate Gain -0.178754 first tier gain=0.0905486Second tier cost=-0.269302
with estimate payoff=10.48
Cand Size=1
Tried to Join 15-th head:135 to 8-th Cluster
Estimate Gain -0.179189 first tier gain=0.0905486Second tier cost=-0.269738
with estimate payoff=10.4995
......Cand Size=2
Tried to Join 18-th head:151 to 8-th Cluster
Estimate Gain -0.236581 first tier gain=0.0195253Second tier cost=-0.256106
with estimate payoff=9.84343
.......best 186   Information Ratio:0.980434
SA end up correctly
Add Times=2242
Discard Times=2251
HR Times=653
2013-09-11_16-32_Best2i2Struc2ndN195_m19_cor0.0_r500.0.txt
ULSA2i2_Cluster_N195_BW180.0PW0.001_FR0.95_r500.0.txt
Compression Ratio 0.477365 indEntropy 10.0471
........Cand Size=1
Tried to Join 4-th head:155 to 16-th Cluster
Estimate Gain -0.155249 first tier gain=0.00546583Second tier cost=-0.160715
with estimate payoff=9.96905
..Tried to Isolate 144 from 0-th head to be 4-th head
Estimate Gain -0.00451516 first tier Cost=-0.00454169;second tier gain=2.65282e-05
with estimate payoff=10.3404
Cand Size=1
Tried to Join 4-th head:144 to 10-th Cluster
Estimate Gain -0.273569 first tier gain=0.023265Second tier cost=-0.296834
with estimate payoff=10.6926
.Tried to Isolate 11 from 6-th head to be 4-th head
Estimate Gain -0.00579152 first tier Cost=-0.00743979;second tier gain=0.00164827
with estimate payoff=10.4748
............Cand Size=1
Tried to Join 7-th head:67 to 16-th Cluster
Estimate Gain -0.198975 first tier gain=0.00673025Second tier cost=-0.205705
with estimate payoff=10.6574
.Cand Size=3
Tried to Join 2-th head:111 to 16-th Cluster
Estimate Gain -0.230749 first tier gain=0.00566998Second tier cost=-0.236419
with estimate payoff=11.5656
.Cand Size=1
Tried to Join 10-th head:10 to 16-th Cluster
Estimate Gain -0.221831 first tier gain=0.00136331Second tier cost=-0.223194
with estimate payoff=11.7995
...Tried to Isolate 144 from 0-th head to be 2-th head
Estimate Gain -0.00446361 first tier Cost=-0.00454169;second tier gain=7.8074e-05
with estimate payoff=10.4418
Tried to Isolate 162 from 2-th head to be 7-th head
Estimate Gain 0.0154904 first tier Cost=-0.00681387;second tier gain=0.0223042
with estimate payoff=15.0604
..Tried to Isolate 10 from 0-th head to be 10-th head
Estimate Gain -0.00240158 first tier Cost=-0.00743979;second tier gain=0.00503821
with estimate payoff=10.8137
Cand Size=3
Tried to Join 2-th head:144 to 8-th Cluster
Estimate Gain -0.198312 first tier gain=0.0268469Second tier cost=-0.225159
with estimate payoff=11.1075
Cand Size=2
Tried to Join 1-th head:8 to 17-th Cluster
Estimate Gain -1.7759 first tier gain=-0.00620635Second tier cost=-1.7697
with estimate payoff=28.0715
Cand Size=1
Tried to Join 10-th head:10 to 16-th Cluster
Estimate Gain -1.08756 first tier gain=0.00215236Second tier cost=-1.08971
with estimate payoff=20.4277
.....Tried to Isolate 135 from 3-th head to be 1-th head
Estimate Gain -0.00374336 first tier Cost=-0.00454169;second tier gain=0.000798324
with estimate payoff=9.21366
Tried to Isolate 131 from 9-th head to be 2-th head
Estimate Gain -0.0044693 first tier Cost=-0.00454169;second tier gain=7.23884e-05
with estimate payoff=9.7884
.Tried to Isolate 130 from 18-th head to be 2-th head
Estimate Gain -0.00438743 first tier Cost=-0.00454169;second tier gain=0.00015426
with estimate payoff=9.38305
Cand Size=1
Tried to Join 2-th head:130 to 16-th Cluster
Estimate Gain -0.206953 first tier gain=0.0843721Second tier cost=-0.291325
with estimate payoff=9.79815
.Tried to Isolate 129 from 15-th head to be 10-th head
Estimate Gain -0.00451156 first tier Cost=-0.00454169;second tier gain=3.01231e-05
with estimate payoff=9.41963
...Tried to Isolate 132 from 15-th head to be 10-th head
Estimate Gain -0.00451885 first tier Cost=-0.00454169;second tier gain=2.2837e-05
with estimate payoff=9.68716
.Tried to Isolate 135 from 1-th head to be 10-th head
Estimate Gain -0.00430994 first tier Cost=-0.00454169;second tier gain=0.000231747
with estimate payoff=9.32115
..Cand Size=2
Tried to Join 17-th head:67 to 16-th Cluster
Estimate Gain -0.531085 first tier gain=0.00617324Second tier cost=-0.537259
with estimate payoff=14.3764
Tried to Isolate 137 from 2-th head to be 17-th head
Estimate Gain -0.00447585 first tier Cost=-0.00454169;second tier gain=6.58338e-05
with estimate payoff=13.4081
..........Cand Size=1
Tried to Join 16-th head:185 to 8-th Cluster
Estimate Gain -0.309826 first tier gain=-0.000174106Second tier cost=-0.309652
with estimate payoff=9.60491
Tried to Isolate 102 from 10-th head to be 16-th head
Estimate Gain -0.00531124 first tier Cost=-0.00588713;second tier gain=0.000575894
with estimate payoff=9.46792
.Tried to Isolate 130 from 2-th head to be 16-th head
Estimate Gain -0.00448299 first tier Cost=-0.00454169;second tier gain=5.86919e-05
with estimate payoff=9.35273
......Tried to Isolate 135 from 1-th head to be 16-th head
Estimate Gain -0.00439672 first tier Cost=-0.00454169;second tier gain=0.000144967
with estimate payoff=9.79784
.Cand Size=1
Tried to Join 16-th head:135 to 8-th Cluster
Estimate Gain -0.142312 first tier gain=0.0905486Second tier cost=-0.23286
with estimate payoff=9.9493
Tried to Isolate 134 from 15-th head to be 16-th head
Estimate Gain -0.00454091 first tier Cost=-0.00454169;second tier gain=7.74358e-07
with estimate payoff=12.3125
....Cand Size=1
Tried to Join 3-th head:2 to 14-th Cluster
Estimate Gain -0.994523 first tier gain=0.0246219Second tier cost=-1.01914
with estimate payoff=17.1674
.Cand Size=1
Tried to Join 14-th head:74 to 8-th Cluster
Estimate Gain -0.764855 first tier gain=0.00384861Second tier cost=-0.768704
with estimate payoff=14.4997
Tried to Isolate 138 from 10-th head to be 3-th head
Estimate Gain 0.000222442 first tier Cost=-0.00454169;second tier gain=0.00476413
with estimate payoff=15.7595
.Tried to Isolate 136 from 16-th head to be 14-th head
Estimate Gain -0.0045404 first tier Cost=-0.00454169;second tier gain=1.28381e-06
with estimate payoff=16.8095
Cand Size=2
Tried to Join 3-th head:138 to 13-th Cluster
Estimate Gain -0.750549 first tier gain=0.300863Second tier cost=-1.05141
with estimate payoff=18.4472
.Cand Size=2
Tried to Join 3-th head:138 to 13-th Cluster
Estimate Gain -0.296527 first tier gain=0.300863Second tier cost=-0.59739
with estimate payoff=14.1398
.Cand Size=1
Tried to Join 11-th head:10 to 9-th Cluster
Estimate Gain -0.483375 first tier gain=-0.00297054Second tier cost=-0.480405
with estimate payoff=12.7629
..Tried to Isolate 194 from 14-th head to be 3-th head
Estimate Gain -0.00543726 first tier Cost=-0.0054564;second tier gain=1.91391e-05
with estimate payoff=10.1593
Tried to Isolate 65 from 10-th head to be 3-th head
Estimate Gain -0.0050578 first tier Cost=-0.00653705;second tier gain=0.00147926
with estimate payoff=10.2341
.Tried to Isolate 131 from 7-th head to be 11-th head
Estimate Gain -0.00447634 first tier Cost=-0.00454169;second tier gain=6.5344e-05
with estimate payoff=10.7345
Cand Size=1
Tried to Join 18-th head:146 to 13-th Cluster
Estimate Gain -0.273494 first tier gain=0.0479438Second tier cost=-0.321438
with estimate payoff=10.321
.Tried to Isolate 149 from 2-th head to be 11-th head
Estimate Gain -0.00335559 first tier Cost=-0.00681387;second tier gain=0.00345828
with estimate payoff=24.2832
Tried to Isolate 132 from 14-th head to be 18-th head
Estimate Gain -0.00453739 first tier Cost=-0.00454169;second tier gain=4.29209e-06
with estimate payoff=13.0741
.Cand Size=2
Tried to Join 18-th head:132 to 9-th Cluster
Estimate Gain -0.248573 first tier gain=0.310988Second tier cost=-0.559561
with estimate payoff=13.6498
Cand Size=1
Tried to Join 11-th head:149 to 6-th Cluster
Estimate Gain -0.582244 first tier gain=0.133848Second tier cost=-0.716092
with estimate payoff=15.1795
.Tried to Isolate 133 from 0-th head to be 11-th head
Estimate Gain -0.0045364 first tier Cost=-0.00454169;second tier gain=5.28543e-06
with estimate payoff=14.3672
.Tried to Isolate 133 from 0-th head to be 11-th head
Estimate Gain -0.0045391 first tier Cost=-0.00454169;second tier gain=2.58671e-06
with estimate payoff=14.5093
Tried to Isolate 132 from 9-th head to be 18-th head
Estimate Gain -0.00406366 first tier Cost=-0.00454169;second tier gain=0.000478029
with estimate payoff=15.065
.....Tried to Isolate 132 from 14-th head to be 18-th head
Estimate Gain -0.00440373 first tier Cost=-0.00454169;second tier gain=0.000137959
with estimate payoff=11.6194
...Cand Size=2
Tried to Join 6-th head:84 to 12-th Cluster
Estimate Gain -0.268369 first tier gain=0.00817552Second tier cost=-0.276545
with estimate payoff=11.8332
..Tried to Isolate 132 from 14-th head to be 6-th head
Estimate Gain -0.00447536 first tier Cost=-0.00454169;second tier gain=6.63283e-05
with estimate payoff=11.5258
Tried to Isolate 194 from 14-th head to be 6-th head
Estimate Gain -0.0053994 first tier Cost=-0.0054564;second tier gain=5.70028e-05
with estimate payoff=11.557
.Cand Size=2
Tried to Join 17-th head:111 to 8-th Cluster
Estimate Gain -0.251456 first tier gain=0.00569654Second tier cost=-0.257153
with estimate payoff=11.0496
.Tried to Isolate 131 from 7-th head to be 6-th head
Estimate Gain -0.00355253 first tier Cost=-0.00454169;second tier gain=0.000989155
with estimate payoff=10.901
.Tried to Isolate 134 from 14-th head to be 6-th head
Estimate Gain -0.0045035 first tier Cost=-0.00454169;second tier gain=3.81863e-05
with estimate payoff=10.881
Tried to Isolate 194 from 14-th head to be 17-th head
Estimate Gain -0.00542027 first tier Cost=-0.0054564;second tier gain=3.61267e-05
with estimate payoff=11.2316
Tried to Isolate 194 from 14-th head to be 17-th head
Estimate Gain -0.00544592 first tier Cost=-0.0054564;second tier gain=1.04819e-05
with estimate payoff=11.674
Tried to Isolate 72 from 3-th head to be 17-th head
Estimate Gain -0.0021472 first tier Cost=-0.0121724;second tier gain=0.0100252
with estimate payoff=11.6517
Tried to Isolate 138 from 10-th head to be 18-th head
Estimate Gain -0.00285666 first tier Cost=-0.00454169;second tier gain=0.00168503
with estimate payoff=11.3638
.Cand Size=4
Tried to Join 18-th head:138 to 13-th Cluster
Estimate Gain 0.0118664 first tier gain=0.30222Second tier cost=-0.290354
with estimate payoff=11.1366
Cand Size=3
Tried to Join 6-th head:134 to 8-th Cluster
Estimate Gain -0.218151 first tier gain=0.0992145Second tier cost=-0.317366
with estimate payoff=11.3475
.Cand Size=3
Tried to Join 6-th head:134 to 8-th Cluster
Estimate Gain -0.216175 first tier gain=0.0992091Second tier cost=-0.315384
with estimate payoff=11.2753
...Cand Size=2
Tried to Join 12-th head:10 to 0-th Cluster
Estimate Gain -0.434452 first tier gain=-0.00552127Second tier cost=-0.428931
with estimate payoff=13.2455
.Tried to Isolate 193 from 0-th head to be 6-th head
Estimate Gain -0.0053873 first tier Cost=-0.0054564;second tier gain=6.90959e-05
with estimate payoff=10.5059
Cand Size=2
Tried to Join 16-th head:146 to 13-th Cluster
Estimate Gain -0.246457 first tier gain=0.0479438Second tier cost=-0.294401
with estimate payoff=10.8873
Cand Size=2
Tried to Join 6-th head:193 to 0-th Cluster
Estimate Gain -0.278714 first tier gain=0.00467712Second tier cost=-0.283391
with estimate payoff=10.0616
.Tried to Isolate 137 from 2-th head to be 6-th head
Estimate Gain -0.00401549 first tier Cost=-0.00454169;second tier gain=0.000526194
with estimate payoff=9.27458
.best 186   Information Ratio:0.981183
SA end up correctly
Add Times=2210
Discard Times=2220
HR Times=643
2013-09-11_16-42_Best2i2Struc2ndN195_m19_cor0.0_r500.0.txt
ULSA2i2_Cluster_N195_BW180.0PW0.001_FR0.95_r500.0.txt
Computing Time -807.807296 
End time is 三 9月 11 16:42:34 CST 2013
Computing time is 3503 sec
