Working directory is /home/mouda/Work/Thesis/figures_src/Simulatorsrc/winULSA2i2_MC/bin/Release/runHN_FR.95_CR.48_N195_Finsed
running on host mini135
Start time is 三 9月 11 15:39:10 CST 2013
Directory is /home/mouda/Work/Thesis/figures_src/Simulatorsrc/winULSA2i2_MC/bin/Release/runHN_FR.95_CR.48_N195_Finsed
Compression Ratio 0.477365 indEntropy 10.0471
......................Cand Size=1
Tried to Join 11-th head:25 to 0-th Cluster
Estimate Gain -0.227178 first tier gain=0.00245212Second tier cost=-0.22963
with estimate payoff=9.98579
...Tried to Isolate 140 from 7-th head to be 11-th head
Estimate Gain -0.00435461 first tier Cost=-0.00454169;second tier gain=0.000187081
with estimate payoff=10.5257
....Cand Size=1
Tried to Join 10-th head:126 to 1-th Cluster
Estimate Gain -1.255 first tier gain=-0.00353717Second tier cost=-1.25146
with estimate payoff=19.4177
.Tried to Isolate 96 from 11-th head to be 10-th head
Estimate Gain 0.0016044 first tier Cost=-0.0155994;second tier gain=0.0172038
with estimate payoff=19.2891
.Cand Size=1
Tried to Join 10-th head:96 to 4-th Cluster
Estimate Gain -0.450373 first tier gain=0.321383Second tier cost=-0.771755
with estimate payoff=15.4559
.Tried to Isolate 79 from 11-th head to be 10-th head
Estimate Gain 0.0697208 first tier Cost=-0.00741545;second tier gain=0.0771363
with estimate payoff=21.4224
Cand Size=1
Tried to Join 0-th head:10 to 9-th Cluster
Estimate Gain -8.18293 first tier gain=-0.00666426Second tier cost=-8.17626
with estimate payoff=97.9389
..Tried to Isolate 132 from 8-th head to be 0-th head
Estimate Gain -0.00453364 first tier Cost=-0.00454169;second tier gain=8.04163e-06
with estimate payoff=12.618
....................Cand Size=1
Tried to Join 6-th head:25 to 4-th Cluster
Estimate Gain -0.418402 first tier gain=0.00903785Second tier cost=-0.42744
with estimate payoff=10.2651
.Tried to Isolate 99 from 10-th head to be 6-th head
Estimate Gain -0.00392185 first tier Cost=-0.00642836;second tier gain=0.00250651
with estimate payoff=10.9862
Cand Size=1
Tried to Join 6-th head:99 to 1-th Cluster
Estimate Gain -0.0058708 first tier gain=0.413973Second tier cost=-0.419843
with estimate payoff=10.0387
......Cand Size=1
Tried to Join 2-th head:111 to 1-th Cluster
Estimate Gain -0.254895 first tier gain=0.0057783Second tier cost=-0.260674
with estimate payoff=11.2411
...Tried to Isolate 105 from 10-th head to be 2-th head
Estimate Gain 0.00307368 first tier Cost=-0.00588713;second tier gain=0.00896081
with estimate payoff=19.328
Cand Size=1
Tried to Join 2-th head:105 to 1-th Cluster
Estimate Gain -1.29751 first tier gain=0.023636Second tier cost=-1.32114
with estimate payoff=20.3184
.Tried to Isolate 102 from 10-th head to be 2-th head
Estimate Gain 0.00132281 first tier Cost=-0.00588713;second tier gain=0.00720995
with estimate payoff=16.7975
.............Cand Size=1
Tried to Join 1-th head:126 to 11-th Cluster
Estimate Gain -0.49068 first tier gain=-0.00160006Second tier cost=-0.48908
with estimate payoff=10.4871
.Tried to Isolate 134 from 8-th head to be 1-th head
Estimate Gain -0.00443671 first tier Cost=-0.00454169;second tier gain=0.000104976
with estimate payoff=10.7897
...................best 186   Information Ratio:0.995153
SA end up correctly
Add Times=2199
Discard Times=2210
HR Times=634
2013-09-11_15-50_Best2i2Struc2ndN195_m13_cor0.0_r500.0.txt
ULSA2i2_Cluster_N195_BW180.0PW0.001_FR0.95_r500.0.txt
Compression Ratio 0.477365 indEntropy 10.0471
.............Cand Size=2
Tried to Join 4-th head:175 to 0-th Cluster
Estimate Gain -0.402319 first tier gain=0.0023243Second tier cost=-0.404644
with estimate payoff=10.723
..Tried to Isolate 138 from 3-th head to be 4-th head
Estimate Gain -0.00410987 first tier Cost=-0.00454169;second tier gain=0.000431813
with estimate payoff=10.6527
..............Cand Size=1
Tried to Join 3-th head:29 to 0-th Cluster
Estimate Gain -0.629777 first tier gain=0.0155692Second tier cost=-0.645347
with estimate payoff=13.2569
..Tried to Isolate 147 from 6-th head to be 3-th head
Estimate Gain -0.0038779 first tier Cost=-0.00454169;second tier gain=0.000663785
with estimate payoff=10.3347
Cand Size=1
Tried to Join 3-th head:147 to 0-th Cluster
Estimate Gain -0.154043 first tier gain=0.192774Second tier cost=-0.346817
with estimate payoff=10.7457
Tried to Isolate 24 from 6-th head to be 3-th head
Estimate Gain 0.0182701 first tier Cost=-0.0329304;second tier gain=0.0512005
with estimate payoff=19.1474
.........................Cand Size=2
Tried to Join 9-th head:67 to 0-th Cluster
Estimate Gain -0.471579 first tier gain=0.00705373Second tier cost=-0.478633
with estimate payoff=10.1193
.Tried to Isolate 135 from 4-th head to be 9-th head
Estimate Gain -0.00392149 first tier Cost=-0.00454169;second tier gain=0.000620198
with estimate payoff=8.99962
.Cand Size=1
Tried to Join 9-th head:135 to 10-th Cluster
Estimate Gain -0.243034 first tier gain=0.0876748Second tier cost=-0.330709
with estimate payoff=9.50269
Tried to Isolate 131 from 11-th head to be 9-th head
Estimate Gain -0.00391252 first tier Cost=-0.00454169;second tier gain=0.000629168
with estimate payoff=9.80184
.......Cand Size=1
Tried to Join 12-th head:10 to 10-th Cluster
Estimate Gain -0.507258 first tier gain=0.00357118Second tier cost=-0.510829
with estimate payoff=11.6855
.Tried to Isolate 104 from 7-th head to be 12-th head
Estimate Gain -0.00546189 first tier Cost=-0.00588713;second tier gain=0.000425239
with estimate payoff=10.9386
...Cand Size=1
Tried to Join 1-th head:84 to 10-th Cluster
Estimate Gain -0.379314 first tier gain=0.0114531Second tier cost=-0.390767
with estimate payoff=11.1816
Tried to Isolate 194 from 8-th head to be 1-th head
Estimate Gain -0.00545272 first tier Cost=-0.0054564;second tier gain=3.68158e-06
with estimate payoff=9.96144
Cand Size=1
Tried to Join 1-th head:194 to 8-th Cluster
Estimate Gain -0.130714 first tier gain=0.190805Second tier cost=-0.32152
with estimate payoff=10.2745
Tried to Isolate 131 from 9-th head to be 1-th head
Estimate Gain -0.00396641 first tier Cost=-0.00454169;second tier gain=0.000575272
with estimate payoff=9.64621
..Tried to Isolate 104 from 12-th head to be 1-th head
Estimate Gain -0.000910126 first tier Cost=-0.00588713;second tier gain=0.00497701
with estimate payoff=10.8866
Cand Size=1
Tried to Join 1-th head:104 to 0-th Cluster
Estimate Gain -0.157592 first tier gain=0.148694Second tier cost=-0.306286
with estimate payoff=10.8129
.Cand Size=1
Tried to Join 1-th head:104 to 2-th Cluster
Estimate Gain -0.190814 first tier gain=0.13197Second tier cost=-0.322783
with estimate payoff=10.2529
Cand Size=1
Tried to Join 1-th head:104 to 2-th Cluster
Estimate Gain -0.190837 first tier gain=0.13197Second tier cost=-0.322806
with estimate payoff=10.2529
.......Cand Size=1
Tried to Join 0-th head:185 to 10-th Cluster
Estimate Gain -0.398825 first tier gain=-0.00968335Second tier cost=-0.389141
with estimate payoff=11.1465
...Cand Size=2
Tried to Join 10-th head:8 to 2-th Cluster
Estimate Gain -0.46107 first tier gain=0.00665119Second tier cost=-0.467722
with estimate payoff=10.6714
.Cand Size=1
Tried to Join 0-th head:185 to 2-th Cluster
Estimate Gain -0.956972 first tier gain=-0.00340737Second tier cost=-0.953565
with estimate payoff=15.8296
.Tried to Isolate 99 from 9-th head to be 0-th head
Estimate Gain -0.00197358 first tier Cost=-0.00642836;second tier gain=0.00445478
with estimate payoff=13.5024
Tried to Isolate 132 from 8-th head to be 0-th head
Estimate Gain -0.00441351 first tier Cost=-0.00454169;second tier gain=0.000128173
with estimate payoff=11.7837
Tried to Isolate 131 from 9-th head to be 10-th head
Estimate Gain -0.00016627 first tier Cost=-0.00454169;second tier gain=0.00437542
with estimate payoff=11.7899
..Tried to Isolate 194 from 0-th head to be 10-th head
Estimate Gain -0.00545333 first tier Cost=-0.0054564;second tier gain=3.06884e-06
with estimate payoff=12.8318
Cand Size=1
Tried to Join 10-th head:194 to 2-th Cluster
Estimate Gain -0.252295 first tier gain=0.213125Second tier cost=-0.46542
with estimate payoff=12.8479
Cand Size=1
Tried to Join 10-th head:194 to 2-th Cluster
Estimate Gain -0.252903 first tier gain=0.213125Second tier cost=-0.466028
with estimate payoff=12.8672
Cand Size=1
Tried to Join 10-th head:194 to 2-th Cluster
Estimate Gain -0.252923 first tier gain=0.213125Second tier cost=-0.466048
with estimate payoff=12.8672
.Cand Size=1
Tried to Join 10-th head:194 to 2-th Cluster
Estimate Gain -0.865994 first tier gain=0.213125Second tier cost=-1.07912
with estimate payoff=19.7701
.Cand Size=1
Tried to Join 10-th head:194 to 2-th Cluster
Estimate Gain -0.207385 first tier gain=0.213125Second tier cost=-0.42051
with estimate payoff=12.4026
..Tried to Isolate 135 from 7-th head to be 10-th head
Estimate Gain -0.00444765 first tier Cost=-0.00454169;second tier gain=9.40415e-05
with estimate payoff=11.9778
.......best 186   Information Ratio:0.998283
SA end up correctly
Add Times=2100
Discard Times=2109
HR Times=615
2013-09-11_15-57_Best2i2Struc2ndN195_m13_cor0.0_r500.0.txt
ULSA2i2_Cluster_N195_BW180.0PW0.001_FR0.95_r500.0.txt
Compression Ratio 0.477365 indEntropy 10.0471
..............Cand Size=2
Tried to Join 0-th head:192 to 10-th Cluster
Estimate Gain -0.32727 first tier gain=0.0119693Second tier cost=-0.33924
with estimate payoff=8.93616
.Cand Size=2
Tried to Join 1-th head:8 to 10-th Cluster
Estimate Gain -0.265054 first tier gain=0.0112331Second tier cost=-0.276287
with estimate payoff=7.88479
Tried to Isolate 163 from 6-th head to be 0-th head
Estimate Gain -0.00413557 first tier Cost=-0.00454169;second tier gain=0.000406119
with estimate payoff=7.31047
.Tried to Isolate 162 from 9-th head to be 1-th head
Estimate Gain -0.00428393 first tier Cost=-0.00454169;second tier gain=0.000257752
with estimate payoff=7.81842
.Cand Size=2
Tried to Join 1-th head:162 to 11-th Cluster
Estimate Gain -0.272515 first tier gain=0.0950203Second tier cost=-0.367535
with estimate payoff=8.74833
.Cand Size=2
Tried to Join 4-th head:154 to 0-th Cluster
Estimate Gain -0.279889 first tier gain=-0.00548289Second tier cost=-0.274406
with estimate payoff=7.29912
Cand Size=1
Tried to Join 10-th head:126 to 11-th Cluster
Estimate Gain -0.304185 first tier gain=-0.0117848Second tier cost=-0.2924
with estimate payoff=7.90134
.Tried to Isolate 159 from 12-th head to be 1-th head
Estimate Gain -0.0043804 first tier Cost=-0.00454169;second tier gain=0.000161282
with estimate payoff=8.01122
Cand Size=1
Tried to Join 1-th head:159 to 11-th Cluster
Estimate Gain -0.158462 first tier gain=0.343886Second tier cost=-0.502348
with estimate payoff=11.2933
.Tried to Isolate 52 from 0-th head to be 1-th head
Estimate Gain -0.00460411 first tier Cost=-0.0140079;second tier gain=0.00940378
with estimate payoff=11.5762
.Cand Size=1
Tried to Join 1-th head:52 to 0-th Cluster
Estimate Gain -0.503514 first tier gain=0.0012517Second tier cost=-0.504766
with estimate payoff=12.3595
Tried to Isolate 80 from 7-th head to be 1-th head
Estimate Gain 0.0692414 first tier Cost=-0.0397365;second tier gain=0.108978
with estimate payoff=11.9147
Cand Size=1
Tried to Join 1-th head:80 to 0-th Cluster
Estimate Gain -0.601195 first tier gain=-0.000254714Second tier cost=-0.60094
with estimate payoff=12.3988
.Tried to Isolate 57 from 0-th head to be 1-th head
Estimate Gain 0.00105194 first tier Cost=-0.0101947;second tier gain=0.0112466
with estimate payoff=12.6737
Tried to Isolate 126 from 0-th head to be 4-th head
Estimate Gain 0.00179763 first tier Cost=-0.0114893;second tier gain=0.0132869
with estimate payoff=12.225
.Tried to Isolate 138 from 7-th head to be 10-th head
Estimate Gain -0.00221963 first tier Cost=-0.00454169;second tier gain=0.00232206
with estimate payoff=11.9427
..........Cand Size=1
Tried to Join 11-th head:193 to 12-th Cluster
Estimate Gain -1.14739 first tier gain=0.00494126Second tier cost=-1.15233
with estimate payoff=17.8765
..Tried to Isolate 27 from 2-th head to be 11-th head
Estimate Gain -0.00410605 first tier Cost=-0.0143918;second tier gain=0.0102858
with estimate payoff=15.9249
......Cand Size=1
Tried to Join 7-th head:80 to 5-th Cluster
Estimate Gain -0.871137 first tier gain=0.00309862Second tier cost=-0.874236
with estimate payoff=15.4498
.Cand Size=1
Tried to Join 4-th head:126 to 7-th Cluster
Estimate Gain -0.746021 first tier gain=-0.00600289Second tier cost=-0.740018
with estimate payoff=13.4224
.Cand Size=1
Tried to Join 4-th head:126 to 7-th Cluster
Estimate Gain -0.675533 first tier gain=-0.0052407Second tier cost=-0.670292
with estimate payoff=12.6212
.Tried to Isolate 133 from 12-th head to be 4-th head
Estimate Gain -0.00355286 first tier Cost=-0.00454169;second tier gain=0.000988826
with estimate payoff=10.9299
........Cand Size=1
Tried to Join 3-th head:74 to 0-th Cluster
Estimate Gain -0.516448 first tier gain=0.00253827Second tier cost=-0.518986
with estimate payoff=9.41525
....Tried to Isolate 183 from 6-th head to be 3-th head
Estimate Gain -0.000114451 first tier Cost=-0.00948836;second tier gain=0.0093739
with estimate payoff=8.34514
...Tried to Isolate 134 from 8-th head to be 3-th head
Estimate Gain -0.00397454 first tier Cost=-0.00454169;second tier gain=0.00056715
with estimate payoff=8.45233
...Cand Size=1
Tried to Join 7-th head:154 to 0-th Cluster
Estimate Gain -0.498014 first tier gain=0.00562313Second tier cost=-0.503637
with estimate payoff=9.62578
Tried to Isolate 138 from 11-th head to be 7-th head
Estimate Gain -0.00384436 first tier Cost=-0.00454169;second tier gain=0.000697323
with estimate payoff=10.9138
.................Cand Size=1
Tried to Join 6-th head:151 to 0-th Cluster
Estimate Gain -0.384338 first tier gain=0.0185894Second tier cost=-0.402927
with estimate payoff=8.95902
....Cand Size=1
Tried to Join 0-th head:185 to 1-th Cluster
Estimate Gain -0.406432 first tier gain=-0.00100011Second tier cost=-0.405432
with estimate payoff=9.10383
.Cand Size=1
Tried to Join 6-th head:151 to 0-th Cluster
Estimate Gain -0.37698 first tier gain=0.0185922Second tier cost=-0.395573
with estimate payoff=9.18358
.Cand Size=2
Tried to Join 6-th head:151 to 3-th Cluster
Estimate Gain -0.40409 first tier gain=0.00468554Second tier cost=-0.408776
with estimate payoff=8.88688
.Cand Size=1
Tried to Join 0-th head:185 to 5-th Cluster
Estimate Gain -0.398025 first tier gain=-0.00256021Second tier cost=-0.395465
with estimate payoff=8.70697
.Tried to Isolate 12 from 4-th head to be 0-th head
Estimate Gain 0.000957999 first tier Cost=-0.00743979;second tier gain=0.00839779
with estimate payoff=8.36647
..Tried to Isolate 133 from 4-th head to be 0-th head
Estimate Gain -0.00419656 first tier Cost=-0.00454169;second tier gain=0.000345125
with estimate payoff=8.13933
best 186   Information Ratio:0.982825
SA end up correctly
Add Times=2084
Discard Times=2093
HR Times=611
2013-09-11_16-15_Best2i2Struc2ndN195_m13_cor0.0_r500.0.txt
ULSA2i2_Cluster_N195_BW180.0PW0.001_FR0.95_r500.0.txt
Compression Ratio 0.477365 indEntropy 10.0471
.....................Cand Size=2
Tried to Join 11-th head:89 to 10-th Cluster
Estimate Gain -0.109509 first tier gain=0.00842117Second tier cost=-0.117931
with estimate payoff=9.2959
.Tried to Isolate 170 from 2-th head to be 11-th head
Estimate Gain -0.00405406 first tier Cost=-0.00454169;second tier gain=0.000487631
with estimate payoff=9.31406
Cand Size=4
Tried to Join 11-th head:170 to 2-th Cluster
Estimate Gain 0.110908 first tier gain=0.261195Second tier cost=-0.150287
with estimate payoff=9.65133
.Tried to Isolate 99 from 9-th head to be 11-th head
Estimate Gain -0.00225846 first tier Cost=-0.00741545;second tier gain=0.00515699
with estimate payoff=8.9291
..Cand Size=1
Tried to Join 4-th head:185 to 10-th Cluster
Estimate Gain -0.663386 first tier gain=0.00146362Second tier cost=-0.664849
with estimate payoff=13.6073
....Tried to Isolate 135 from 3-th head to be 4-th head
Estimate Gain -0.00430338 first tier Cost=-0.00454169;second tier gain=0.000238308
with estimate payoff=8.04212
...........Cand Size=1
Tried to Join 5-th head:175 to 10-th Cluster
Estimate Gain -0.28626 first tier gain=0.00493809Second tier cost=-0.291198
with estimate payoff=8.39788
..Cand Size=1
Tried to Join 3-th head:174 to 10-th Cluster
Estimate Gain -0.281541 first tier gain=0.0363424Second tier cost=-0.317883
with estimate payoff=8.05502
Tried to Isolate 56 from 4-th head to be 3-th head
Estimate Gain -0.00124625 first tier Cost=-0.0101947;second tier gain=0.00894845
with estimate payoff=18.1265
....Tried to Isolate 62 from 3-th head to be 5-th head
Estimate Gain 0.000990554 first tier Cost=-0.0188462;second tier gain=0.0198368
with estimate payoff=10.5057
.Cand Size=1
Tried to Join 3-th head:56 to 10-th Cluster
Estimate Gain -0.0444287 first tier gain=0.470817Second tier cost=-0.515246
with estimate payoff=9.42654
Cand Size=1
Tried to Join 12-th head:193 to 11-th Cluster
Estimate Gain -2.6349 first tier gain=0.00493404Second tier cost=-2.63983
with estimate payoff=33.5646
..Tried to Isolate 136 from 8-th head to be 3-th head
Estimate Gain -0.00244531 first tier Cost=-0.00454169;second tier gain=0.00209638
with estimate payoff=12.4775
....Tried to Isolate 99 from 9-th head to be 12-th head
Estimate Gain -0.00213057 first tier Cost=-0.00642836;second tier gain=0.00429779
with estimate payoff=10.6191
.Cand Size=1
Tried to Join 0-th head:154 to 10-th Cluster
Estimate Gain -0.372864 first tier gain=0.00555885Second tier cost=-0.378423
with estimate payoff=9.80531
Cand Size=1
Tried to Join 10-th head:98 to 2-th Cluster
Estimate Gain -0.503822 first tier gain=-0.00743245Second tier cost=-0.496389
with estimate payoff=11.4957
.Tried to Isolate 132 from 8-th head to be 0-th head
Estimate Gain -0.00450912 first tier Cost=-0.00454169;second tier gain=3.25712e-05
with estimate payoff=10.3936
.Cand Size=1
Tried to Join 0-th head:132 to 1-th Cluster
Estimate Gain -0.292051 first tier gain=0.31511Second tier cost=-0.607161
with estimate payoff=11.5839
.Tried to Isolate 102 from 4-th head to be 0-th head
Estimate Gain -0.00388282 first tier Cost=-0.00588713;second tier gain=0.00200431
with estimate payoff=9.35021
Tried to Isolate 95 from 7-th head to be 0-th head
Estimate Gain -0.00421022 first tier Cost=-0.00642836;second tier gain=0.00221814
with estimate payoff=9.9953
Tried to Isolate 136 from 3-th head to be 0-th head
Estimate Gain -0.0020807 first tier Cost=-0.00454169;second tier gain=0.00246098
with estimate payoff=9.79016
Tried to Isolate 104 from 7-th head to be 10-th head
Estimate Gain -0.00442524 first tier Cost=-0.00588713;second tier gain=0.00146189
with estimate payoff=10.1208
...Cand Size=1
Tried to Join 1-th head:92 to 2-th Cluster
Estimate Gain -4.28987 first tier gain=0.000857332Second tier cost=-4.29073
with estimate payoff=52.6589
Tried to Isolate 137 from 5-th head to be 1-th head
Estimate Gain -0.00452993 first tier Cost=-0.00454169;second tier gain=1.17563e-05
with estimate payoff=48.4683
Cand Size=1
Tried to Join 1-th head:137 to 5-th Cluster
Estimate Gain -5.23433 first tier gain=0.10084Second tier cost=-5.33517
with estimate payoff=64.2774
.Tried to Isolate 100 from 7-th head to be 1-th head
Estimate Gain -0.00386043 first tier Cost=-0.00642836;second tier gain=0.00256793
with estimate payoff=17.8541
Cand Size=2
Tried to Join 1-th head:100 to 9-th Cluster
Estimate Gain -0.44967 first tier gain=0.297242Second tier cost=-0.746912
with estimate payoff=14.4177
Tried to Isolate 135 from 4-th head to be 1-th head
Estimate Gain -0.00383502 first tier Cost=-0.00454169;second tier gain=0.000706668
with estimate payoff=20.2249
...Cand Size=1
Tried to Join 2-th head:98 to 9-th Cluster
Estimate Gain -0.98004 first tier gain=-0.00279168Second tier cost=-0.977248
with estimate payoff=16.1734
..Cand Size=2
Tried to Join 5-th head:111 to 9-th Cluster
Estimate Gain -1.32438 first tier gain=0.000963247Second tier cost=-1.32534
with estimate payoff=20.1789
...Tried to Isolate 133 from 11-th head to be 2-th head
Estimate Gain -0.00419905 first tier Cost=-0.00454169;second tier gain=0.000342641
with estimate payoff=11.6381
.Tried to Isolate 136 from 0-th head to be 5-th head
Estimate Gain -0.00397152 first tier Cost=-0.00454169;second tier gain=0.000570164
with estimate payoff=22.2787
.......Cand Size=1
Tried to Join 6-th head:185 to 9-th Cluster
Estimate Gain -0.378896 first tier gain=-0.00230023Second tier cost=-0.376595
with estimate payoff=9.78802
.Tried to Isolate 129 from 8-th head to be 6-th head
Estimate Gain -0.00429691 first tier Cost=-0.00454169;second tier gain=0.000244774
with estimate payoff=8.61728
..Tried to Isolate 132 from 5-th head to be 6-th head
Estimate Gain -0.00446009 first tier Cost=-0.00454169;second tier gain=8.15981e-05
with estimate payoff=9.06686
..Tried to Isolate 136 from 5-th head to be 6-th head
Estimate Gain -0.00450461 first tier Cost=-0.00454169;second tier gain=3.70748e-05
with estimate payoff=8.5257
..........Cand Size=1
Tried to Join 11-th head:193 to 3-th Cluster
Estimate Gain -0.308503 first tier gain=0.00791855Second tier cost=-0.316422
with estimate payoff=8.5212
.Cand Size=1
Tried to Join 11-th head:193 to 3-th Cluster
Estimate Gain -0.340613 first tier gain=0.00609423Second tier cost=-0.346707
with estimate payoff=8.65838
.best 186   Information Ratio:0.980968
SA end up correctly
Add Times=2179
Discard Times=2188
HR Times=621
2013-09-11_16-24_Best2i2Struc2ndN195_m13_cor0.0_r500.0.txt
ULSA2i2_Cluster_N195_BW180.0PW0.001_FR0.95_r500.0.txt
Compression Ratio 0.477365 indEntropy 10.0471
...............Cand Size=1
Tried to Join 0-th head:101 to 10-th Cluster
Estimate Gain -0.29884 first tier gain=0.0123444Second tier cost=-0.311184
with estimate payoff=8.62276
.Tried to Isolate 146 from 8-th head to be 0-th head
Estimate Gain -0.00382831 first tier Cost=-0.00454169;second tier gain=0.000713372
with estimate payoff=8.27149
....Cand Size=1
Tried to Join 10-th head:92 to 4-th Cluster
Estimate Gain -0.310789 first tier gain=-4.59951e-05Second tier cost=-0.310743
with estimate payoff=7.72788
Tried to Isolate 148 from 11-th head to be 10-th head
Estimate Gain -0.00406059 first tier Cost=-0.00454169;second tier gain=0.0004811
with estimate payoff=7.96023
........Cand Size=1
Tried to Join 11-th head:192 to 1-th Cluster
Estimate Gain -0.307319 first tier gain=-0.00258914Second tier cost=-0.30473
with estimate payoff=7.42777
Tried to Isolate 192 from 1-th head to be 11-th head
Estimate Gain 0.00122874 first tier Cost=-0.00948836;second tier gain=0.0107171
with estimate payoff=12.3676
Cand Size=1
Tried to Join 11-th head:192 to 1-th Cluster
Estimate Gain -0.286442 first tier gain=-0.00258914Second tier cost=-0.283852
with estimate payoff=7.10921
.Tried to Isolate 142 from 10-th head to be 11-th head
Estimate Gain -0.00383985 first tier Cost=-0.00454169;second tier gain=0.000701835
with estimate payoff=8.25829
......Cand Size=1
Tried to Join 4-th head:98 to 5-th Cluster
Estimate Gain -0.454286 first tier gain=-0.00568823Second tier cost=-0.448597
with estimate payoff=10.0172
..Cand Size=1
Tried to Join 12-th head:193 to 2-th Cluster
Estimate Gain -0.619097 first tier gain=0.00781167Second tier cost=-0.626909
with estimate payoff=10.6792
.Tried to Isolate 12 from 11-th head to be 4-th head
Estimate Gain -0.00284633 first tier Cost=-0.00743979;second tier gain=0.00459346
with estimate payoff=11.0829
Tried to Isolate 101 from 10-th head to be 12-th head
Estimate Gain -0.00427701 first tier Cost=-0.00642836;second tier gain=0.00215135
with estimate payoff=11.4373
..............................Cand Size=1
Tried to Join 6-th head:151 to 12-th Cluster
Estimate Gain -0.339846 first tier gain=0.0156599Second tier cost=-0.355506
with estimate payoff=9.20599
Tried to Isolate 150 from 4-th head to be 6-th head
Estimate Gain -0.00391129 first tier Cost=-0.00681387;second tier gain=0.00290258
with estimate payoff=11.3868
Cand Size=1
Tried to Join 12-th head:193 to 2-th Cluster
Estimate Gain -4.62988 first tier gain=0.00497137Second tier cost=-4.63485
with estimate payoff=56.2684
.Tried to Isolate 184 from 6-th head to be 12-th head
Estimate Gain 0.45787 first tier Cost=-0.00948836;second tier gain=0.467358
with estimate payoff=23.9416
.Cand Size=1
Tried to Join 6-th head:150 to 11-th Cluster
Estimate Gain -1.65683 first tier gain=0.0763218Second tier cost=-1.73316
with estimate payoff=24.3075
Cand Size=1
Tried to Join 6-th head:150 to 11-th Cluster
Estimate Gain -2.03155 first tier gain=0.0763216Second tier cost=-2.10787
with estimate payoff=28.7514
..Tried to Isolate 133 from 10-th head to be 6-th head
Estimate Gain -0.00422997 first tier Cost=-0.00454169;second tier gain=0.000311718
with estimate payoff=12.0022
...................best 186   Information Ratio:0.967016
SA end up correctly
Add Times=2228
Discard Times=2241
HR Times=663
2013-09-11_16-30_Best2i2Struc2ndN195_m13_cor0.0_r500.0.txt
ULSA2i2_Cluster_N195_BW180.0PW0.001_FR0.95_r500.0.txt
Compression Ratio 0.477365 indEntropy 10.0471
.......................Cand Size=1
Tried to Join 11-th head:10 to 10-th Cluster
Estimate Gain -0.288769 first tier gain=0.00187009Second tier cost=-0.290639
with estimate payoff=7.09288
.Tried to Isolate 156 from 12-th head to be 11-th head
Estimate Gain -0.00441465 first tier Cost=-0.00454169;second tier gain=0.000127032
with estimate payoff=6.52052
....Cand Size=2
Tried to Join 0-th head:89 to 5-th Cluster
Estimate Gain -4.65246 first tier gain=0.00261278Second tier cost=-4.65507
with estimate payoff=58.4203
Tried to Isolate 90 from 12-th head to be 0-th head
Estimate Gain 1.39926 first tier Cost=-0.142383;second tier gain=1.54165
with estimate payoff=52.6566
Cand Size=2
Tried to Join 0-th head:90 to 4-th Cluster
Estimate Gain -3.31144 first tier gain=0.0503695Second tier cost=-3.36181
with estimate payoff=44.9806
Tried to Isolate 143 from 12-th head to be 0-th head
Estimate Gain 0.134882 first tier Cost=-0.0114893;second tier gain=0.146371
with estimate payoff=49.2237
.Cand Size=2
Tried to Join 0-th head:143 to 10-th Cluster
Estimate Gain -3.75593 first tier gain=0.209177Second tier cost=-3.96511
with estimate payoff=51.4693
..Tried to Isolate 157 from 11-th head to be 0-th head
Estimate Gain 0.267723 first tier Cost=-0.0670284;second tier gain=0.334752
with estimate payoff=20.9569
Cand Size=1
Tried to Join 0-th head:157 to 4-th Cluster
Estimate Gain -0.503451 first tier gain=0.184752Second tier cost=-0.688203
with estimate payoff=12.5548
.Tried to Isolate 135 from 3-th head to be 0-th head
Estimate Gain -0.00430463 first tier Cost=-0.00454169;second tier gain=0.000237052
with estimate payoff=11.1166
....Cand Size=1
Tried to Join 4-th head:80 to 5-th Cluster
Estimate Gain -0.395442 first tier gain=0.00561784Second tier cost=-0.40106
with estimate payoff=10.2845
.Tried to Isolate 136 from 8-th head to be 4-th head
Estimate Gain -0.00314155 first tier Cost=-0.00454169;second tier gain=0.00140014
with estimate payoff=9.34402
..Cand Size=1
Tried to Join 10-th head:126 to 2-th Cluster
Estimate Gain -0.343441 first tier gain=-0.00143043Second tier cost=-0.342011
with estimate payoff=10.3925
.Tried to Isolate 138 from 3-th head to be 10-th head
Estimate Gain -0.00394463 first tier Cost=-0.00454169;second tier gain=0.000597057
with estimate payoff=9.84333
Cand Size=1
Tried to Join 10-th head:138 to 5-th Cluster
Estimate Gain -0.0456179 first tier gain=0.300863Second tier cost=-0.346481
with estimate payoff=10.5819
.....Tried to Isolate 132 from 4-th head to be 10-th head
Estimate Gain -0.00426643 first tier Cost=-0.00454169;second tier gain=0.000275252
with estimate payoff=10.5416
.Tried to Isolate 135 from 7-th head to be 10-th head
Estimate Gain -0.00415383 first tier Cost=-0.00454169;second tier gain=0.00038786
with estimate payoff=9.69306
..Tried to Isolate 132 from 4-th head to be 10-th head
Estimate Gain -0.00435111 first tier Cost=-0.00454169;second tier gain=0.000190575
with estimate payoff=9.90651
Tried to Isolate 192 from 12-th head to be 10-th head
Estimate Gain -0.00497388 first tier Cost=-0.0054564;second tier gain=0.000482523
with estimate payoff=9.7765
.........Cand Size=1
Tried to Join 10-th head:10 to 2-th Cluster
Estimate Gain -0.327546 first tier gain=0.00196411Second tier cost=-0.32951
with estimate payoff=8.71681
.......Tried to Isolate 138 from 3-th head to be 10-th head
Estimate Gain -0.00351039 first tier Cost=-0.00454169;second tier gain=0.0010313
with estimate payoff=7.55509
..Cand Size=1
Tried to Join 2-th head:92 to 6-th Cluster
Estimate Gain -0.45675 first tier gain=-0.00558212Second tier cost=-0.451168
with estimate payoff=9.66366
....Tried to Isolate 54 from 0-th head to be 2-th head
Estimate Gain -0.00410993 first tier Cost=-0.0101947;second tier gain=0.00608477
with estimate payoff=10.5046
Cand Size=1
Tried to Join 2-th head:54 to 5-th Cluster
Estimate Gain -0.0635035 first tier gain=0.47512Second tier cost=-0.538623
with estimate payoff=10.5462
Tried to Isolate 96 from 10-th head to be 2-th head
Estimate Gain -0.00234394 first tier Cost=-0.00642836;second tier gain=0.00408442
with estimate payoff=9.93089
.....................Cand Size=1
Tried to Join 6-th head:10 to 5-th Cluster
Estimate Gain -0.326374 first tier gain=0.00211402Second tier cost=-0.328488
with estimate payoff=8.84407
.Tried to Isolate 193 from 5-th head to be 6-th head
Estimate Gain -0.00519772 first tier Cost=-0.0054564;second tier gain=0.000258675
with estimate payoff=8.40415
best 186   Information Ratio:0.973414
SA end up correctly
Add Times=2200
Discard Times=2209
HR Times=615
2013-09-11_16-38_Best2i2Struc2ndN195_m13_cor0.0_r500.0.txt
ULSA2i2_Cluster_N195_BW180.0PW0.001_FR0.95_r500.0.txt
Computing Time -772.667296 
End time is 三 9月 11 16:38:10 CST 2013
Computing time is 3540 sec
