Working directory is /home/mouda/Work/Thesis/figures_src/Simulatorsrc/winULSA2i2_MC/bin/Release/runHN_FR.95_CR.48_N195_Finsed
running on host mini138
Start time is Wed Sep 11 15:42:13 CST 2013
Directory is /home/mouda/Work/Thesis/figures_src/Simulatorsrc/winULSA2i2_MC/bin/Release/runHN_FR.95_CR.48_N195_Finsed
Compression Ratio 0.477365 indEntropy 10.0471
................Cand Size=1
Tried to Join 22-th head:153 to 16-th Cluster
Estimate Gain -0.075757 first tier gain=0.0255517Second tier cost=-0.101309
with estimate payoff=14.1681
.Tried to Isolate 153 from 16-th head to be 22-th head
Estimate Gain -0.00543407 first tier Cost=-0.00681387;second tier gain=0.0013798
with estimate payoff=13.8094
Cand Size=1
Tried to Join 22-th head:153 to 16-th Cluster
Estimate Gain -0.0766091 first tier gain=0.024194Second tier cost=-0.100803
with estimate payoff=13.585
.Tried to Isolate 141 from 16-th head to be 22-th head
Estimate Gain 0.00438788 first tier Cost=-0.00454169;second tier gain=0.00892957
with estimate payoff=13.927
...Cand Size=1
Tried to Join 16-th head:153 to 4-th Cluster
Estimate Gain -0.123359 first tier gain=0.0215195Second tier cost=-0.144879
with estimate payoff=14.2152
....Cand Size=1
Tried to Join 4-th head:154 to 22-th Cluster
Estimate Gain -0.124661 first tier gain=0.00484141Second tier cost=-0.129502
with estimate payoff=12.5687
Tried to Isolate 138 from 3-th head to be 4-th head
Estimate Gain -0.00452223 first tier Cost=-0.00454169;second tier gain=1.9454e-05
with estimate payoff=12.5817
.Cand Size=4
Tried to Join 4-th head:138 to 22-th Cluster
Estimate Gain 0.197497 first tier gain=0.300863Second tier cost=-0.103366
with estimate payoff=11.2624
Cand Size=3
Tried to Join 11-th head:30 to 10-th Cluster
Estimate Gain -0.101775 first tier gain=0.0262514Second tier cost=-0.128027
with estimate payoff=11.7372
Cand Size=2
Tried to Join 7-th head:105 to 21-th Cluster
Estimate Gain -0.11436 first tier gain=0.0124476Second tier cost=-0.126807
with estimate payoff=11.5595
.Cand Size=1
Tried to Join 16-th head:151 to 10-th Cluster
Estimate Gain -0.36391 first tier gain=0.0139087Second tier cost=-0.377819
with estimate payoff=14.4121
Tried to Isolate 138 from 22-th head to be 4-th head
Estimate Gain 0.000271212 first tier Cost=-0.0170042;second tier gain=0.0172754
with estimate payoff=14.2148
Cand Size=1
Tried to Join 4-th head:138 to 8-th Cluster
Estimate Gain 0.145813 first tier gain=0.301248Second tier cost=-0.155435
with estimate payoff=12.144
Tried to Isolate 138 from 8-th head to be 4-th head
Estimate Gain 0.00473542 first tier Cost=-0.0170042;second tier gain=0.0217396
with estimate payoff=13.6517
....Tried to Isolate 135 from 19-th head to be 7-th head
Estimate Gain -0.00446966 first tier Cost=-0.00454169;second tier gain=7.20284e-05
with estimate payoff=14.4193
.Cand Size=1
Tried to Join 10-th head:10 to 8-th Cluster
Estimate Gain -0.217632 first tier gain=0.00196411Second tier cost=-0.219596
with estimate payoff=13.2577
...Tried to Isolate 67 from 5-th head to be 10-th head
Estimate Gain -0.00554313 first tier Cost=-0.00653705;second tier gain=0.000993919
with estimate payoff=14.1193
..Cand Size=1
Tried to Join 22-th head:141 to 20-th Cluster
Estimate Gain -0.260454 first tier gain=-0.0157042Second tier cost=-0.24475
with estimate payoff=13.7206
Tried to Isolate 59 from 10-th head to be 11-th head
Estimate Gain -0.00340281 first tier Cost=-0.0188462;second tier gain=0.0154434
with estimate payoff=16.571
Tried to Isolate 75 from 20-th head to be 16-th head
Estimate Gain -0.00428651 first tier Cost=-0.00741545;second tier gain=0.00312894
with estimate payoff=16.5294
Cand Size=2
Tried to Join 11-th head:59 to 0-th Cluster
Estimate Gain -0.532184 first tier gain=0.0216287Second tier cost=-0.553812
with estimate payoff=16.9249
.Cand Size=1
Tried to Join 16-th head:75 to 8-th Cluster
Estimate Gain -0.553639 first tier gain=0.0232629Second tier cost=-0.576902
with estimate payoff=16.6157
Cand Size=1
Tried to Join 16-th head:75 to 8-th Cluster
Estimate Gain -0.561107 first tier gain=0.0232629Second tier cost=-0.584369
with estimate payoff=16.7874
.Cand Size=1
Tried to Join 16-th head:75 to 8-th Cluster
Estimate Gain -0.381694 first tier gain=0.0232632Second tier cost=-0.404957
with estimate payoff=14.9089
...Tried to Isolate 69 from 17-th head to be 11-th head
Estimate Gain -0.006476 first tier Cost=-0.00653705;second tier gain=6.10507e-05
with estimate payoff=11.7906
..Tried to Isolate 134 from 15-th head to be 22-th head
Estimate Gain -0.00430268 first tier Cost=-0.00454169;second tier gain=0.000239003
with estimate payoff=12.4379
.Cand Size=2
Tried to Join 22-th head:134 to 5-th Cluster
Estimate Gain -0.0710836 first tier gain=0.0988151Second tier cost=-0.169899
with estimate payoff=12.6218
Tried to Isolate 18 from 15-th head to be 22-th head
Estimate Gain 0.213262 first tier Cost=-0.0619904;second tier gain=0.275253
with estimate payoff=82.8657
Cand Size=3
Tried to Join 22-th head:18 to 5-th Cluster
Estimate Gain -4.60879 first tier gain=0.42836Second tier cost=-5.03715
with estimate payoff=65.5257
.Tried to Isolate 179 from 5-th head to be 22-th head
Estimate Gain -0.00188403 first tier Cost=-0.0219364;second tier gain=0.0200524
with estimate payoff=16.0955
.Cand Size=3
Tried to Join 22-th head:179 to 8-th Cluster
Estimate Gain -0.219805 first tier gain=0.311282Second tier cost=-0.531087
with estimate payoff=16.7954
Tried to Isolate 18 from 5-th head to be 22-th head
Estimate Gain 0.0306207 first tier Cost=-0.0283589;second tier gain=0.0589795
with estimate payoff=26.9753
...Cand Size=1
Tried to Join 11-th head:69 to 20-th Cluster
Estimate Gain -0.773041 first tier gain=0.0293Second tier cost=-0.802341
with estimate payoff=19.3115
.....Cand Size=1
Tried to Join 3-th head:2 to 8-th Cluster
Estimate Gain -0.282525 first tier gain=0.0247112Second tier cost=-0.307236
with estimate payoff=12.5871
.Tried to Isolate 98 from 5-th head to be 3-th head
Estimate Gain 0.0198057 first tier Cost=-0.00642836;second tier gain=0.026234
with estimate payoff=12.103
Tried to Isolate 193 from 0-th head to be 11-th head
Estimate Gain -0.00545343 first tier Cost=-0.0054564;second tier gain=2.96845e-06
with estimate payoff=11.0586
Cand Size=4
Tried to Join 4-th head:169 to 0-th Cluster
Estimate Gain -0.0754153 first tier gain=0.14864Second tier cost=-0.224055
with estimate payoff=10.7863
.Cand Size=5
Tried to Join 4-th head:169 to 16-th Cluster
Estimate Gain -0.12047 first tier gain=0.133226Second tier cost=-0.253696
with estimate payoff=11.1316
Cand Size=2
Tried to Join 23-th head:137 to 3-th Cluster
Estimate Gain -0.197594 first tier gain=0.100218Second tier cost=-0.297812
with estimate payoff=11.5016
Tried to Isolate 101 from 0-th head to be 4-th head
Estimate Gain -0.00588427 first tier Cost=-0.00588713;second tier gain=2.86213e-06
with estimate payoff=11.5021
.Cand Size=3
Tried to Join 20-th head:69 to 11-th Cluster
Estimate Gain -0.361004 first tier gain=0.0274263Second tier cost=-0.38843
with estimate payoff=12.9867
Cand Size=2
Tried to Join 18-th head:146 to 11-th Cluster
Estimate Gain -0.443959 first tier gain=0.04109Second tier cost=-0.485049
with estimate payoff=13.9713
..Tried to Isolate 194 from 5-th head to be 18-th head
Estimate Gain -0.00398955 first tier Cost=-0.0054564;second tier gain=0.00146685
with estimate payoff=12.5288
.Cand Size=3
Tried to Join 19-th head:29 to 21-th Cluster
Estimate Gain -0.290569 first tier gain=0.0053972Second tier cost=-0.295966
with estimate payoff=12.1909
.Tried to Isolate 132 from 15-th head to be 18-th head
Estimate Gain -0.00453846 first tier Cost=-0.00454169;second tier gain=3.22688e-06
with estimate payoff=14.7084
Tried to Isolate 98 from 3-th head to be 19-th head
Estimate Gain -0.00227572 first tier Cost=-0.00642836;second tier gain=0.00415264
with estimate payoff=15.647
.Cand Size=2
Tried to Join 0-th head:10 to 4-th Cluster
Estimate Gain -0.498709 first tier gain=-0.00753933Second tier cost=-0.491169
with estimate payoff=15.1411
Cand Size=1
Tried to Join 19-th head:98 to 21-th Cluster
Estimate Gain -0.301043 first tier gain=-0.00957723Second tier cost=-0.291466
with estimate payoff=13.1876
....Tried to Isolate 131 from 9-th head to be 0-th head
Estimate Gain -0.00445183 first tier Cost=-0.00454169;second tier gain=8.98608e-05
with estimate payoff=10.0075
.Cand Size=1
Tried to Join 11-th head:10 to 3-th Cluster
Estimate Gain -0.203502 first tier gain=-0.0024868Second tier cost=-0.201016
with estimate payoff=9.91261
...Tried to Isolate 131 from 9-th head to be 0-th head
Estimate Gain -0.0040288 first tier Cost=-0.00454169;second tier gain=0.000512883
with estimate payoff=10.2214
Tried to Isolate 132 from 18-th head to be 0-th head
Estimate Gain -0.00449995 first tier Cost=-0.00454169;second tier gain=4.17395e-05
with estimate payoff=9.99175
.Tried to Isolate 104 from 17-th head to be 11-th head
Estimate Gain -0.00588158 first tier Cost=-0.00588713;second tier gain=5.55154e-06
with estimate payoff=10.5817
Cand Size=2
Tried to Join 11-th head:104 to 21-th Cluster
Estimate Gain -0.0742773 first tier gain=0.150966Second tier cost=-0.225243
with estimate payoff=10.7873
Cand Size=1
Tried to Join 5-th head:58 to 12-th Cluster
Estimate Gain -0.385242 first tier gain=0.0741062Second tier cost=-0.459348
with estimate payoff=13.6264
..Tried to Isolate 161 from 21-th head to be 5-th head
Estimate Gain 0.00639525 first tier Cost=-0.0101165;second tier gain=0.0165117
with estimate payoff=13.1945
Cand Size=1
Tried to Join 5-th head:161 to 8-th Cluster
Estimate Gain -0.0776135 first tier gain=0.304822Second tier cost=-0.382436
with estimate payoff=12.8325
Cand Size=1
Tried to Join 5-th head:161 to 10-th Cluster
Estimate Gain -0.0861085 first tier gain=0.299307Second tier cost=-0.385416
with estimate payoff=12.8274
.Tried to Isolate 126 from 21-th head to be 11-th head
Estimate Gain -0.00313568 first tier Cost=-0.0170042;second tier gain=0.0138685
with estimate payoff=12.5149
Cand Size=2
Tried to Join 5-th head:161 to 10-th Cluster
Estimate Gain 0.00644707 first tier gain=0.299307Second tier cost=-0.29286
with estimate payoff=11.9012
.Tried to Isolate 135 from 7-th head to be 19-th head
Estimate Gain -0.00448594 first tier Cost=-0.00454169;second tier gain=5.57512e-05
with estimate payoff=16.7096
Tried to Isolate 106 from 18-th head to be 20-th head
Estimate Gain -0.00588652 first tier Cost=-0.00588713;second tier gain=6.09102e-07
with estimate payoff=16.7803
..Tried to Isolate 96 from 19-th head to be 23-th head
Estimate Gain -0.000755531 first tier Cost=-0.00642836;second tier gain=0.00567283
with estimate payoff=16.0349
.Cand Size=1
Tried to Join 23-th head:96 to 8-th Cluster
Estimate Gain 0.0594794 first tier gain=0.316707Second tier cost=-0.257228
with estimate payoff=13.449
Cand Size=1
Tried to Join 23-th head:96 to 8-th Cluster
Estimate Gain 0.059508 first tier gain=0.316707Second tier cost=-0.257199
with estimate payoff=13.5609
......Cand Size=1
Tried to Join 13-th head:105 to 10-th Cluster
Estimate Gain -0.182059 first tier gain=0.0175621Second tier cost=-0.199621
with estimate payoff=12.967
.Tried to Isolate 133 from 24-th head to be 13-th head
Estimate Gain -0.00447119 first tier Cost=-0.00454169;second tier gain=7.04945e-05
with estimate payoff=12.7582
Cand Size=2
Tried to Join 13-th head:133 to 3-th Cluster
Estimate Gain -0.150708 first tier gain=0.0468363Second tier cost=-0.197544
with estimate payoff=12.9878
.Cand Size=2
Tried to Join 13-th head:133 to 3-th Cluster
Estimate Gain -0.138442 first tier gain=0.0468363Second tier cost=-0.185278
with estimate payoff=12.6669
Cand Size=2
Tried to Join 13-th head:133 to 3-th Cluster
Estimate Gain -0.150307 first tier gain=0.0468363Second tier cost=-0.197144
with estimate payoff=12.841
..Cand Size=1
Tried to Join 11-th head:84 to 3-th Cluster
Estimate Gain -0.200105 first tier gain=0.0087895Second tier cost=-0.208895
with estimate payoff=12.8573
Cand Size=1
Tried to Join 11-th head:84 to 3-th Cluster
Estimate Gain -0.189661 first tier gain=0.00879082Second tier cost=-0.198452
with estimate payoff=12.5477
Tried to Isolate 131 from 9-th head to be 11-th head
Estimate Gain -0.00444306 first tier Cost=-0.00454169;second tier gain=9.863e-05
with estimate payoff=14.7756
.Tried to Isolate 131 from 9-th head to be 11-th head
Estimate Gain -0.00442272 first tier Cost=-0.00454169;second tier gain=0.000118968
with estimate payoff=13.7283
Tried to Isolate 132 from 0-th head to be 11-th head
Estimate Gain -0.0045378 first tier Cost=-0.00454169;second tier gain=3.88814e-06
with estimate payoff=12.2648
Cand Size=1
Tried to Join 11-th head:132 to 3-th Cluster
Estimate Gain 0.130649 first tier gain=0.314724Second tier cost=-0.184075
with estimate payoff=12.2456
...best 186   Information Ratio:0.980891
SA end up correctly
Add Times=2026
Discard Times=2035
HR Times=635
2013-09-11_15-51_Best2i2Struc2ndN195_m25_cor0.0_r500.0.txt
ULSA2i2_Cluster_N195_BW180.0PW0.001_FR0.95_r500.0.txt
Compression Ratio 0.477365 indEntropy 10.0471
............Cand Size=1
Tried to Join 16-th head:98 to 10-th Cluster
Estimate Gain -0.119178 first tier gain=-0.00588714Second tier cost=-0.113291
with estimate payoff=13.7693
.Tried to Isolate 134 from 15-th head to be 16-th head
Estimate Gain -0.0045125 first tier Cost=-0.00454169;second tier gain=2.91831e-05
with estimate payoff=13.9294
.Tried to Isolate 140 from 19-th head to be 16-th head
Estimate Gain -0.00451109 first tier Cost=-0.00454169;second tier gain=3.06008e-05
with estimate payoff=12.3795
.Cand Size=3
Tried to Join 16-th head:140 to 10-th Cluster
Estimate Gain -0.0726722 first tier gain=0.129103Second tier cost=-0.201776
with estimate payoff=12.6382
Cand Size=2
Tried to Join 22-th head:103 to 21-th Cluster
Estimate Gain -0.896913 first tier gain=0.0213833Second tier cost=-0.918297
with estimate payoff=20.4701
.Cand Size=1
Tried to Join 2-th head:2 to 3-th Cluster
Estimate Gain -1.02351 first tier gain=0.00652013Second tier cost=-1.03003
with estimate payoff=21.4507
Tried to Isolate 161 from 19-th head to be 2-th head
Estimate Gain -0.0042873 first tier Cost=-0.00681387;second tier gain=0.00252657
with estimate payoff=19.4652
.Tried to Isolate 143 from 12-th head to be 16-th head
Estimate Gain -0.00453888 first tier Cost=-0.00454169;second tier gain=2.80374e-06
with estimate payoff=22.7391
Tried to Isolate 89 from 10-th head to be 22-th head
Estimate Gain -0.00435667 first tier Cost=-0.00741545;second tier gain=0.00305878
with estimate payoff=22.6946
Cand Size=4
Tried to Join 2-th head:161 to 8-th Cluster
Estimate Gain -0.841949 first tier gain=0.31177Second tier cost=-1.15372
with estimate payoff=22.0738
.Cand Size=1
Tried to Join 22-th head:89 to 8-th Cluster
Estimate Gain -1.19393 first tier gain=0.00845271Second tier cost=-1.20238
with estimate payoff=23.6085
Tried to Isolate 140 from 10-th head to be 2-th head
Estimate Gain 0.0398891 first tier Cost=-0.119271;second tier gain=0.15916
with estimate payoff=39.4962
.Cand Size=1
Tried to Join 2-th head:140 to 19-th Cluster
Estimate Gain -0.209572 first tier gain=0.148108Second tier cost=-0.35768
with estimate payoff=14.2946
...Tried to Isolate 137 from 14-th head to be 2-th head
Estimate Gain -0.00453681 first tier Cost=-0.00454169;second tier gain=4.87176e-06
with estimate payoff=13.3169
..Tried to Isolate 139 from 19-th head to be 22-th head
Estimate Gain -0.00440799 first tier Cost=-0.00454169;second tier gain=0.0001337
with estimate payoff=13.9776
.Cand Size=3
Tried to Join 2-th head:137 to 4-th Cluster
Estimate Gain -0.224758 first tier gain=0.0992915Second tier cost=-0.324049
with estimate payoff=13.6375
.Tried to Isolate 131 from 9-th head to be 2-th head
Estimate Gain -0.00452438 first tier Cost=-0.00454169;second tier gain=1.73046e-05
with estimate payoff=14.1772
Tried to Isolate 133 from 12-th head to be 2-th head
Estimate Gain -0.00449909 first tier Cost=-0.00454169;second tier gain=4.25982e-05
with estimate payoff=12.9656
.Cand Size=2
Tried to Join 22-th head:139 to 10-th Cluster
Estimate Gain -0.231391 first tier gain=0.0547183Second tier cost=-0.286109
with estimate payoff=12.0606
Tried to Isolate 96 from 19-th head to be 22-th head
Estimate Gain 0.0195355 first tier Cost=-0.00642836;second tier gain=0.0259639
with estimate payoff=40.1737
.Cand Size=1
Tried to Join 2-th head:133 to 4-th Cluster
Estimate Gain -3.07885 first tier gain=0.0481937Second tier cost=-3.12704
with estimate payoff=43.2676
Tried to Isolate 140 from 19-th head to be 2-th head
Estimate Gain -0.00448356 first tier Cost=-0.00454169;second tier gain=5.8124e-05
with estimate payoff=63.949
.Cand Size=1
Tried to Join 2-th head:140 to 8-th Cluster
Estimate Gain -5.32361 first tier gain=0.134985Second tier cost=-5.45859
with estimate payoff=69.0932
Tried to Isolate 141 from 4-th head to be 2-th head
Estimate Gain -0.00453287 first tier Cost=-0.00454169;second tier gain=8.81755e-06
with estimate payoff=63.7272
Cand Size=1
Tried to Join 2-th head:141 to 3-th Cluster
Estimate Gain -4.99609 first tier gain=-0.0252182Second tier cost=-4.97087
with estimate payoff=63.4555
.Tried to Isolate 107 from 23-th head to be 2-th head
Estimate Gain -0.00588287 first tier Cost=-0.00588713;second tier gain=4.25938e-06
with estimate payoff=45.7017
Cand Size=1
Tried to Join 2-th head:107 to 21-th Cluster
Estimate Gain -3.64375 first tier gain=-0.00216163Second tier cost=-3.64159
with estimate payoff=49.0841
Cand Size=1
Tried to Join 2-th head:107 to 8-th Cluster
Estimate Gain -3.59246 first tier gain=0.00578553Second tier cost=-3.59824
with estimate payoff=48.5729
.Tried to Isolate 134 from 15-th head to be 2-th head
Estimate Gain -0.00454119 first tier Cost=-0.00454169;second tier gain=4.94537e-07
with estimate payoff=45.8821
Cand Size=2
Tried to Join 2-th head:134 to 21-th Cluster
Estimate Gain -3.28528 first tier gain=0.0900595Second tier cost=-3.37534
with estimate payoff=46.3692
.Tried to Isolate 104 from 17-th head to be 2-th head
Estimate Gain -0.00575158 first tier Cost=-0.00588713;second tier gain=0.000135551
with estimate payoff=43.9243
Cand Size=2
Tried to Join 7-th head:69 to 8-th Cluster
Estimate Gain -3.52562 first tier gain=0.0351948Second tier cost=-3.56082
with estimate payoff=48.4463
Cand Size=1
Tried to Join 7-th head:69 to 8-th Cluster
Estimate Gain -0.158979 first tier gain=0.0351948Second tier cost=-0.194174
with estimate payoff=11.2557
..Tried to Isolate 22 from 12-th head to be 2-th head
Estimate Gain 0.0603305 first tier Cost=-0.0329304;second tier gain=0.0932609
with estimate payoff=28.3558
.Tried to Isolate 134 from 15-th head to be 7-th head
Estimate Gain -0.00454164 first tier Cost=-0.00454169;second tier gain=4.78816e-08
with estimate payoff=18.174
......Cand Size=1
Tried to Join 4-th head:98 to 3-th Cluster
Estimate Gain -0.234434 first tier gain=0.00217278Second tier cost=-0.236607
with estimate payoff=10.903
.Tried to Isolate 136 from 7-th head to be 4-th head
Estimate Gain -0.00448644 first tier Cost=-0.00454169;second tier gain=5.52467e-05
with estimate payoff=10.3884
Cand Size=2
Tried to Join 4-th head:136 to 3-th Cluster
Estimate Gain 0.0193657 first tier gain=0.289389Second tier cost=-0.270023
with estimate payoff=10.6443
Tried to Isolate 132 from 7-th head to be 4-th head
Estimate Gain -0.00318003 first tier Cost=-0.00454169;second tier gain=0.00136166
with estimate payoff=11.6862
Cand Size=1
Tried to Join 23-th head:107 to 8-th Cluster
Estimate Gain -0.204297 first tier gain=0.0103453Second tier cost=-0.214642
with estimate payoff=10.381
Tried to Isolate 135 from 19-th head to be 23-th head
Estimate Gain -0.00443802 first tier Cost=-0.00454169;second tier gain=0.000103666
with estimate payoff=10.8758
Cand Size=3
Tried to Join 23-th head:135 to 8-th Cluster
Estimate Gain -0.109186 first tier gain=0.0905486Second tier cost=-0.199735
with estimate payoff=11.7569
.Tried to Isolate 140 from 19-th head to be 23-th head
Estimate Gain -0.00378963 first tier Cost=-0.00454169;second tier gain=0.000752055
with estimate payoff=14.9986
Cand Size=3
Tried to Join 23-th head:140 to 3-th Cluster
Estimate Gain -0.411207 first tier gain=0.135957Second tier cost=-0.547165
with estimate payoff=15.4343
Cand Size=2
Tried to Join 21-th head:8 to 5-th Cluster
Estimate Gain -0.567024 first tier gain=0.00518018Second tier cost=-0.572204
with estimate payoff=15.7253
Cand Size=2
Tried to Join 0-th head:192 to 3-th Cluster
Estimate Gain -0.724582 first tier gain=0.0111969Second tier cost=-0.735779
with estimate payoff=17.3504
.Cand Size=1
Tried to Join 10-th head:193 to 11-th Cluster
Estimate Gain -0.769311 first tier gain=-0.0137482Second tier cost=-0.755563
with estimate payoff=18.1104
.Tried to Isolate 194 from 7-th head to be 0-th head
Estimate Gain -0.00536052 first tier Cost=-0.0054564;second tier gain=9.58805e-05
with estimate payoff=15.2247
Cand Size=1
Tried to Join 0-th head:194 to 3-th Cluster
Estimate Gain -0.126263 first tier gain=0.214097Second tier cost=-0.34036
with estimate payoff=12.7683
.Tried to Isolate 51 from 4-th head to be 0-th head
Estimate Gain 0.0164765 first tier Cost=-0.0140079;second tier gain=0.0304844
with estimate payoff=29.9166
Tried to Isolate 132 from 4-th head to be 10-th head
Estimate Gain 0.0138593 first tier Cost=-0.00454169;second tier gain=0.0184009
with estimate payoff=14.4449
Tried to Isolate 98 from 3-th head to be 21-th head
Estimate Gain -0.00342532 first tier Cost=-0.00642836;second tier gain=0.00300304
with estimate payoff=13.2182
.Cand Size=2
Tried to Join 15-th head:58 to 8-th Cluster
Estimate Gain -0.439859 first tier gain=0.0839577Second tier cost=-0.523817
with estimate payoff=16.7656
Tried to Isolate 106 from 0-th head to be 15-th head
Estimate Gain 0.00520625 first tier Cost=-0.00588713;second tier gain=0.0110934
with estimate payoff=16.7523
Cand Size=2
Tried to Join 0-th head:51 to 8-th Cluster
Estimate Gain 0.0753504 first tier gain=0.407194Second tier cost=-0.331843
with estimate payoff=13.3398
.Tried to Isolate 132 from 10-th head to be 0-th head
Estimate Gain -0.00116319 first tier Cost=-0.00454169;second tier gain=0.0033785
with estimate payoff=14.7597
.Tried to Isolate 51 from 8-th head to be 23-th head
Estimate Gain 0.000178174 first tier Cost=-0.0140079;second tier gain=0.0141861
with estimate payoff=14.7247
Cand Size=4
Tried to Join 23-th head:51 to 4-th Cluster
Estimate Gain 0.28311 first tier gain=0.502831Second tier cost=-0.219721
with estimate payoff=13.3737
Cand Size=3
Tried to Join 10-th head:129 to 21-th Cluster
Estimate Gain 0.136375 first tier gain=0.347822Second tier cost=-0.211448
with estimate payoff=13.0182
Cand Size=2
Tried to Join 0-th head:132 to 21-th Cluster
Estimate Gain 0.114333 first tier gain=0.316082Second tier cost=-0.201748
with estimate payoff=12.5195
....Tried to Isolate 133 from 16-th head to be 0-th head
Estimate Gain -0.0045304 first tier Cost=-0.00454169;second tier gain=1.12824e-05
with estimate payoff=12.4622
Cand Size=3
Tried to Join 0-th head:133 to 8-th Cluster
Estimate Gain -0.177002 first tier gain=0.0491083Second tier cost=-0.226111
with estimate payoff=12.6934
.Cand Size=1
Tried to Join 21-th head:98 to 3-th Cluster
Estimate Gain -1.98866 first tier gain=-0.00419216Second tier cost=-1.98446
with estimate payoff=32.1038
Tried to Isolate 117 from 16-th head to be 0-th head
Estimate Gain 0.157829 first tier Cost=-0.0114893;second tier gain=0.169319
with estimate payoff=30.1358
.Tried to Isolate 132 from 4-th head to be 10-th head
Estimate Gain -0.00453699 first tier Cost=-0.00454169;second tier gain=4.69209e-06
with estimate payoff=12.8298
.Tried to Isolate 193 from 24-th head to be 21-th head
Estimate Gain -0.00543717 first tier Cost=-0.0054564;second tier gain=1.92297e-05
with estimate payoff=12.8569
...Tried to Isolate 103 from 11-th head to be 23-th head
Estimate Gain -0.00587553 first tier Cost=-0.00588713;second tier gain=1.16059e-05
with estimate payoff=12.503
..Cand Size=1
Tried to Join 21-th head:193 to 8-th Cluster
Estimate Gain -0.18145 first tier gain=0.00789966Second tier cost=-0.189349
with estimate payoff=12.6373
.Tried to Isolate 133 from 16-th head to be 21-th head
Estimate Gain -0.00453916 first tier Cost=-0.00454169;second tier gain=2.52271e-06
with estimate payoff=12.258
.Cand Size=3
Tried to Join 21-th head:133 to 8-th Cluster
Estimate Gain -0.127573 first tier gain=0.0491083Second tier cost=-0.176681
with estimate payoff=12.3105
..Tried to Isolate 131 from 9-th head to be 21-th head
Estimate Gain -0.00443821 first tier Cost=-0.00454169;second tier gain=0.000103472
with estimate payoff=12.1543
.Cand Size=1
Tried to Join 18-th head:122 to 8-th Cluster
Estimate Gain -0.301259 first tier gain=0.0398326Second tier cost=-0.341091
with estimate payoff=12.1564
.Cand Size=1
Tried to Join 24-th head:89 to 8-th Cluster
Estimate Gain -0.193828 first tier gain=0.00847438Second tier cost=-0.202303
with estimate payoff=10.5551
Tried to Isolate 134 from 7-th head to be 18-th head
Estimate Gain -0.00453851 first tier Cost=-0.00454169;second tier gain=3.17285e-06
with estimate payoff=10.5254
Cand Size=1
Tried to Join 18-th head:134 to 8-th Cluster
Estimate Gain -0.115976 first tier gain=0.101088Second tier cost=-0.217064
with estimate payoff=10.864
..Tried to Isolate 132 from 10-th head to be 18-th head
Estimate Gain -0.00330115 first tier Cost=-0.00454169;second tier gain=0.00124053
with estimate payoff=11.911
Tried to Isolate 95 from 17-th head to be 21-th head
Estimate Gain -0.00642519 first tier Cost=-0.00642836;second tier gain=3.16552e-06
with estimate payoff=11.7767
...Tried to Isolate 104 from 17-th head to be 24-th head
Estimate Gain -0.00557542 first tier Cost=-0.00588713;second tier gain=0.000311714
with estimate payoff=16.7098
Cand Size=3
Tried to Join 24-th head:104 to 8-th Cluster
Estimate Gain -0.581423 first tier gain=0.150966Second tier cost=-0.732389
with estimate payoff=17.2353
Cand Size=1
Tried to Join 19-th head:29 to 3-th Cluster
Estimate Gain -0.819626 first tier gain=0.0149215Second tier cost=-0.834548
with estimate payoff=18.3731
Cand Size=2
Tried to Join 16-th head:110 to 5-th Cluster
Estimate Gain -0.448311 first tier gain=0.0568106Second tier cost=-0.505121
with estimate payoff=14.4523
Tried to Isolate 99 from 0-th head to be 16-th head
Estimate Gain -0.00639702 first tier Cost=-0.00642836;second tier gain=3.1343e-05
with estimate payoff=14.2833
.Cand Size=2
Tried to Join 16-th head:99 to 3-th Cluster
Estimate Gain -0.161809 first tier gain=0.413587Second tier cost=-0.575396
with estimate payoff=15.6914
Tried to Isolate 104 from 8-th head to be 16-th head
Estimate Gain 0.00468628 first tier Cost=-0.00588713;second tier gain=0.0105734
with estimate payoff=14.7181
..Tried to Isolate 98 from 3-th head to be 19-th head
Estimate Gain -0.00560371 first tier Cost=-0.00642836;second tier gain=0.000824654
with estimate payoff=15.5118
..Tried to Isolate 95 from 21-th head to be 24-th head
Estimate Gain 0.0113952 first tier Cost=-0.0129454;second tier gain=0.0243405
with estimate payoff=25.2171
...Cand Size=2
Tried to Join 23-th head:133 to 3-th Cluster
Estimate Gain -0.689371 first tier gain=0.0468361Second tier cost=-0.736207
with estimate payoff=18.0252
..Cand Size=1
Tried to Join 19-th head:98 to 3-th Cluster
Estimate Gain -0.396308 first tier gain=0.00217278Second tier cost=-0.398481
with estimate payoff=14.5495
Tried to Isolate 134 from 10-th head to be 19-th head
Estimate Gain -0.00454161 first tier Cost=-0.00454169;second tier gain=7.55866e-08
with estimate payoff=14.1294
Tried to Isolate 72 from 21-th head to be 23-th head
Estimate Gain -0.00188821 first tier Cost=-0.0121724;second tier gain=0.0102842
with estimate payoff=16.7926
Cand Size=2
Tried to Join 23-th head:72 to 8-th Cluster
Estimate Gain -1.64778 first tier gain=0.300118Second tier cost=-1.9479
with estimate payoff=29.8833
.Tried to Isolate 104 from 16-th head to be 23-th head
Estimate Gain 0.0120427 first tier Cost=-0.00588713;second tier gain=0.0179298
with estimate payoff=27.9874
..Cand Size=1
Tried to Join 23-th head:104 to 3-th Cluster
Estimate Gain -0.282917 first tier gain=0.150051Second tier cost=-0.432969
with estimate payoff=13.1065
Cand Size=1
Tried to Join 11-th head:89 to 8-th Cluster
Estimate Gain -0.425316 first tier gain=0.00656928Second tier cost=-0.431886
with estimate payoff=13.4069
.Tried to Isolate 135 from 22-th head to be 11-th head
Estimate Gain -0.00406005 first tier Cost=-0.00454169;second tier gain=0.000481641
with estimate payoff=14.4791
Cand Size=1
Tried to Join 11-th head:135 to 3-th Cluster
Estimate Gain -0.473208 first tier gain=0.0896346Second tier cost=-0.562842
with estimate payoff=15.3251
...Cand Size=1
Tried to Join 3-th head:185 to 5-th Cluster
Estimate Gain -0.354528 first tier gain=-0.000490445Second tier cost=-0.354038
with estimate payoff=12.9366
..Tried to Isolate 99 from 9-th head to be 3-th head
Estimate Gain 0.00253711 first tier Cost=-0.00642836;second tier gain=0.00896547
with estimate payoff=12.9177
....Cand Size=1
Tried to Join 22-th head:29 to 8-th Cluster
Estimate Gain -0.561254 first tier gain=0.00660415Second tier cost=-0.567859
with estimate payoff=17.4449
..Tried to Isolate 134 from 19-th head to be 22-th head
Estimate Gain -0.00453989 first tier Cost=-0.00454169;second tier gain=1.79432e-06
with estimate payoff=17.1325
Tried to Isolate 134 from 19-th head to be 22-th head
Estimate Gain -0.00454074 first tier Cost=-0.00454169;second tier gain=9.4978e-07
with estimate payoff=17.0235
best 186   Information Ratio:0.984194
SA end up correctly
Add Times=2054
Discard Times=2063
HR Times=617
2013-09-11_16-02_Best2i2Struc2ndN195_m25_cor0.0_r500.0.txt
ULSA2i2_Cluster_N195_BW180.0PW0.001_FR0.95_r500.0.txt
Compression Ratio 0.477365 indEntropy 10.0471
...........Cand Size=1
Tried to Join 17-th head:87 to 10-th Cluster
Estimate Gain -0.0287488 first tier gain=0.0816338Second tier cost=-0.110383
with estimate payoff=13.2847
.Tried to Isolate 144 from 0-th head to be 17-th head
Estimate Gain -0.00440485 first tier Cost=-0.00454169;second tier gain=0.000136834
with estimate payoff=16.3268
.Cand Size=1
Tried to Join 17-th head:144 to 16-th Cluster
Estimate Gain -0.124576 first tier gain=0.0278263Second tier cost=-0.152403
with estimate payoff=15.2318
.Tried to Isolate 56 from 23-th head to be 17-th head
Estimate Gain -0.00103658 first tier Cost=-0.0101947;second tier gain=0.00915812
with estimate payoff=15.4487
.....Cand Size=1
Tried to Join 4-th head:155 to 16-th Cluster
Estimate Gain -0.109511 first tier gain=0.00648155Second tier cost=-0.115992
with estimate payoff=12.9801
.Cand Size=1
Tried to Join 10-th head:193 to 16-th Cluster
Estimate Gain -0.126469 first tier gain=0.00708953Second tier cost=-0.133558
with estimate payoff=13.1601
.Tried to Isolate 145 from 3-th head to be 4-th head
Estimate Gain -0.00454081 first tier Cost=-0.00454169;second tier gain=8.79922e-07
with estimate payoff=13.5233
Cand Size=2
Tried to Join 4-th head:145 to 21-th Cluster
Estimate Gain -0.0631406 first tier gain=0.0704222Second tier cost=-0.133563
with estimate payoff=13.7172
...Tried to Isolate 146 from 18-th head to be 4-th head
Estimate Gain -0.00454157 first tier Cost=-0.00454169;second tier gain=1.14161e-07
with estimate payoff=13.0896
Cand Size=2
Tried to Join 4-th head:146 to 16-th Cluster
Estimate Gain -0.126958 first tier gain=0.04109Second tier cost=-0.168048
with estimate payoff=13.2146
Tried to Isolate 146 from 16-th head to be 4-th head
Estimate Gain -0.00433004 first tier Cost=-0.00454169;second tier gain=0.000211649
with estimate payoff=15.0878
Tried to Isolate 103 from 11-th head to be 10-th head
Estimate Gain -0.00642829 first tier Cost=-0.00642836;second tier gain=6.61516e-08
with estimate payoff=13.1417
.Cand Size=3
Tried to Join 4-th head:146 to 8-th Cluster
Estimate Gain -0.115676 first tier gain=0.0469729Second tier cost=-0.162649
with estimate payoff=13.6858
Tried to Isolate 146 from 8-th head to be 4-th head
Estimate Gain -0.00450236 first tier Cost=-0.00454169;second tier gain=3.93233e-05
with estimate payoff=14.5177
....Cand Size=1
Tried to Join 3-th head:29 to 16-th Cluster
Estimate Gain -0.16524 first tier gain=0.0135562Second tier cost=-0.178796
with estimate payoff=12.174
Tried to Isolate 134 from 15-th head to be 3-th head
Estimate Gain -0.00453674 first tier Cost=-0.00454169;second tier gain=4.946e-06
with estimate payoff=13.0083
.Cand Size=1
Tried to Join 0-th head:192 to 7-th Cluster
Estimate Gain -0.320503 first tier gain=0.00645291Second tier cost=-0.326956
with estimate payoff=14.6616
.Tried to Isolate 79 from 13-th head to be 0-th head
Estimate Gain -0.00257366 first tier Cost=-0.00741545;second tier gain=0.00484179
with estimate payoff=14.6778
Cand Size=1
Tried to Join 0-th head:79 to 8-th Cluster
Estimate Gain -0.00139253 first tier gain=0.353438Second tier cost=-0.354831
with estimate payoff=15.3485
.Tried to Isolate 132 from 3-th head to be 0-th head
Estimate Gain -0.00453126 first tier Cost=-0.00454169;second tier gain=1.04264e-05
with estimate payoff=13.6688
..Tried to Isolate 132 from 3-th head to be 0-th head
Estimate Gain -0.00453774 first tier Cost=-0.00454169;second tier gain=3.94975e-06
with estimate payoff=13.6353
..Cand Size=1
Tried to Join 3-th head:58 to 20-th Cluster
Estimate Gain -0.16411 first tier gain=0.0830416Second tier cost=-0.247152
with estimate payoff=13.3193
.Tried to Isolate 80 from 20-th head to be 3-th head
Estimate Gain 0.034855 first tier Cost=-0.00741545;second tier gain=0.0422705
with estimate payoff=15.495
Cand Size=3
Tried to Join 2-th head:107 to 16-th Cluster
Estimate Gain -0.390779 first tier gain=0.00588741Second tier cost=-0.396666
with estimate payoff=15.2581
.Tried to Isolate 141 from 20-th head to be 2-th head
Estimate Gain 0.0402967 first tier Cost=-0.00454169;second tier gain=0.0448384
with estimate payoff=16.5161
Cand Size=2
Tried to Join 2-th head:141 to 3-th Cluster
Estimate Gain -0.462557 first tier gain=-0.00199311Second tier cost=-0.460564
with estimate payoff=16.3025
..Cand Size=1
Tried to Join 4-th head:146 to 8-th Cluster
Estimate Gain -0.320589 first tier gain=0.0469742Second tier cost=-0.367564
with estimate payoff=13.3301
.Tried to Isolate 134 from 20-th head to be 2-th head
Estimate Gain -0.00454168 first tier Cost=-0.00454169;second tier gain=9.90115e-09
with estimate payoff=13.299
Cand Size=3
Tried to Join 2-th head:134 to 3-th Cluster
Estimate Gain -0.26567 first tier gain=0.0955125Second tier cost=-0.361183
with estimate payoff=13.8498
Tried to Isolate 103 from 22-th head to be 4-th head
Estimate Gain -0.00583887 first tier Cost=-0.00588713;second tier gain=4.82623e-05
with estimate payoff=13.3707
.Cand Size=3
Tried to Join 20-th head:58 to 11-th Cluster
Estimate Gain -0.270576 first tier gain=0.0761878Second tier cost=-0.346764
with estimate payoff=13.8836
Tried to Isolate 97 from 22-th head to be 20-th head
Estimate Gain -0.00642622 first tier Cost=-0.00642836;second tier gain=2.14262e-06
with estimate payoff=16.9036
Cand Size=2
Tried to Join 4-th head:103 to 3-th Cluster
Estimate Gain -0.670345 first tier gain=0.029858Second tier cost=-0.700203
with estimate payoff=18.168
.Cand Size=3
Tried to Join 20-th head:97 to 3-th Cluster
Estimate Gain -0.753044 first tier gain=0.0349576Second tier cost=-0.788002
with estimate payoff=19.302
Cand Size=1
Tried to Join 4-th head:103 to 16-th Cluster
Estimate Gain -1.00437 first tier gain=0.0330185Second tier cost=-1.03738
with estimate payoff=21.379
Cand Size=1
Tried to Join 19-th head:2 to 8-th Cluster
Estimate Gain -1.032 first tier gain=0.0206792Second tier cost=-1.05268
with estimate payoff=21.6191
.Tried to Isolate 131 from 9-th head to be 4-th head
Estimate Gain -0.00453993 first tier Cost=-0.00454169;second tier gain=1.76071e-06
with estimate payoff=20.5845
..Tried to Isolate 132 from 2-th head to be 19-th head
Estimate Gain -0.00165942 first tier Cost=-0.00454169;second tier gain=0.00288227
with estimate payoff=21.0797
.Tried to Isolate 99 from 9-th head to be 20-th head
Estimate Gain -0.00577273 first tier Cost=-0.00642836;second tier gain=0.000655635
with estimate payoff=16.2558
Cand Size=2
Tried to Join 20-th head:99 to 11-th Cluster
Estimate Gain -1.00037 first tier gain=0.407456Second tier cost=-1.40782
with estimate payoff=24.596
..Cand Size=2
Tried to Join 18-th head:122 to 8-th Cluster
Estimate Gain -0.330013 first tier gain=0.0417202Second tier cost=-0.371733
with estimate payoff=13.5272
.Cand Size=1
Tried to Join 16-th head:10 to 8-th Cluster
Estimate Gain -0.289838 first tier gain=0.00357118Second tier cost=-0.293409
with estimate payoff=13.0515
Tried to Isolate 135 from 17-th head to be 16-th head
Estimate Gain -0.00432947 first tier Cost=-0.00454169;second tier gain=0.000212219
with estimate payoff=12.7169
.Cand Size=1
Tried to Join 16-th head:135 to 17-th Cluster
Estimate Gain -0.221395 first tier gain=0.0932009Second tier cost=-0.314596
with estimate payoff=13.6269
.Cand Size=1
Tried to Join 3-th head:34 to 11-th Cluster
Estimate Gain -0.262401 first tier gain=0.0107845Second tier cost=-0.273185
with estimate payoff=13.2408
.Tried to Isolate 136 from 15-th head to be 3-th head
Estimate Gain -0.00450722 first tier Cost=-0.00454169;second tier gain=3.4463e-05
with estimate payoff=12.7499
.Tried to Isolate 102 from 13-th head to be 16-th head
Estimate Gain -0.00537613 first tier Cost=-0.00588713;second tier gain=0.000511006
with estimate payoff=13.3555
...Tried to Isolate 108 from 4-th head to be 16-th head
Estimate Gain -0.00538207 first tier Cost=-0.00588713;second tier gain=0.000505065
with estimate payoff=13.8203
Tried to Isolate 100 from 4-th head to be 20-th head
Estimate Gain -0.00576544 first tier Cost=-0.00642836;second tier gain=0.000662924
with estimate payoff=14.1403
.Cand Size=3
Tried to Join 16-th head:108 to 8-th Cluster
Estimate Gain 0.199961 first tier gain=0.452111Second tier cost=-0.25215
with estimate payoff=13.7884
.Cand Size=3
Tried to Join 16-th head:108 to 5-th Cluster
Estimate Gain 0.188771 first tier gain=0.446103Second tier cost=-0.257332
with estimate payoff=12.378
Cand Size=2
Tried to Join 20-th head:100 to 11-th Cluster
Estimate Gain -0.0778886 first tier gain=0.295481Second tier cost=-0.37337
with estimate payoff=13.3576
.Tried to Isolate 10 from 11-th head to be 16-th head
Estimate Gain -0.00289686 first tier Cost=-0.00743979;second tier gain=0.00454293
with estimate payoff=13.6823
Cand Size=2
Tried to Join 21-th head:52 to 8-th Cluster
Estimate Gain -0.436158 first tier gain=0.00543516Second tier cost=-0.441593
with estimate payoff=14.1046
...Cand Size=2
Tried to Join 0-th head:146 to 7-th Cluster
Estimate Gain -0.340109 first tier gain=0.0479438Second tier cost=-0.388053
with estimate payoff=12.9527
Cand Size=1
Tried to Join 16-th head:10 to 11-th Cluster
Estimate Gain -0.422121 first tier gain=-0.00196927Second tier cost=-0.420152
with estimate payoff=14.0403
.Tried to Isolate 134 from 2-th head to be 0-th head
Estimate Gain -0.00454143 first tier Cost=-0.00454169;second tier gain=2.522e-07
with estimate payoff=14.3416
.Tried to Isolate 103 from 22-th head to be 0-th head
Estimate Gain -0.00588672 first tier Cost=-0.00588713;second tier gain=4.1746e-07
with estimate payoff=13.0576
..Tried to Isolate 132 from 19-th head to be 0-th head
Estimate Gain -0.00453786 first tier Cost=-0.00454169;second tier gain=3.82672e-06
with estimate payoff=12.8198
Tried to Isolate 135 from 17-th head to be 0-th head
Estimate Gain -0.00434321 first tier Cost=-0.00454169;second tier gain=0.000198477
with estimate payoff=12.6683
.Tried to Isolate 137 from 23-th head to be 16-th head
Estimate Gain -0.00432107 first tier Cost=-0.00454169;second tier gain=0.000220621
with estimate payoff=12.7611
.Tried to Isolate 134 from 2-th head to be 20-th head
Estimate Gain -0.00454168 first tier Cost=-0.00454169;second tier gain=6.40728e-09
with estimate payoff=13.125
..Cand Size=2
Tried to Join 20-th head:134 to 8-th Cluster
Estimate Gain -0.228229 first tier gain=0.101087Second tier cost=-0.329317
with estimate payoff=13.0391
Tried to Isolate 133 from 12-th head to be 20-th head
Estimate Gain -0.00453486 first tier Cost=-0.00454169;second tier gain=6.8246e-06
with estimate payoff=12.6443
.Cand Size=1
Tried to Join 2-th head:58 to 7-th Cluster
Estimate Gain -0.236367 first tier gain=0.0830416Second tier cost=-0.319409
with estimate payoff=12.9737
Tried to Isolate 106 from 18-th head to be 20-th head
Estimate Gain -0.00539873 first tier Cost=-0.00588713;second tier gain=0.000488401
with estimate payoff=13.6643
.Tried to Isolate 100 from 4-th head to be 20-th head
Estimate Gain -0.00566619 first tier Cost=-0.00642836;second tier gain=0.000762174
with estimate payoff=13.44
Cand Size=1
Tried to Join 20-th head:100 to 8-th Cluster
Estimate Gain -0.0107444 first tier gain=0.30325Second tier cost=-0.313994
with estimate payoff=13.593
.Tried to Isolate 99 from 4-th head to be 21-th head
Estimate Gain -0.00396884 first tier Cost=-0.00642836;second tier gain=0.00245952
with estimate payoff=12.6833
.Cand Size=2
Tried to Join 21-th head:99 to 8-th Cluster
Estimate Gain 0.148055 first tier gain=0.413973Second tier cost=-0.265918
with estimate payoff=13.4799
Tried to Isolate 134 from 2-th head to be 21-th head
Estimate Gain -0.00454126 first tier Cost=-0.00454169;second tier gain=4.25569e-07
with estimate payoff=13.9567
.Cand Size=2
Tried to Join 21-th head:134 to 7-th Cluster
Estimate Gain -0.206638 first tier gain=0.0988151Second tier cost=-0.305453
with estimate payoff=13.7994
Cand Size=2
Tried to Join 21-th head:134 to 7-th Cluster
Estimate Gain -0.206513 first tier gain=0.0988151Second tier cost=-0.305328
with estimate payoff=13.7993
Cand Size=2
Tried to Join 21-th head:134 to 7-th Cluster
Estimate Gain -0.205405 first tier gain=0.0988151Second tier cost=-0.30422
with estimate payoff=13.8197
.Cand Size=1
Tried to Join 21-th head:134 to 7-th Cluster
Estimate Gain -0.19886 first tier gain=0.0988151Second tier cost=-0.297675
with estimate payoff=13.6139
Cand Size=1
Tried to Join 21-th head:134 to 7-th Cluster
Estimate Gain -0.198374 first tier gain=0.0988151Second tier cost=-0.297189
with estimate payoff=13.5977
.Cand Size=1
Tried to Join 14-th head:74 to 8-th Cluster
Estimate Gain -0.540566 first tier gain=0.00253814Second tier cost=-0.543104
with estimate payoff=16.433
Tried to Isolate 193 from 11-th head to be 14-th head
Estimate Gain -0.00545633 first tier Cost=-0.0054564;second tier gain=7.02062e-08
with estimate payoff=15.4493
Cand Size=2
Tried to Join 14-th head:193 to 8-th Cluster
Estimate Gain -0.533185 first tier gain=0.00609423Second tier cost=-0.53928
with estimate payoff=15.689
..Tried to Isolate 132 from 3-th head to be 14-th head
Estimate Gain -0.00453676 first tier Cost=-0.00454169;second tier gain=4.92676e-06
with estimate payoff=13.2321
Cand Size=2
Tried to Join 14-th head:132 to 7-th Cluster
Estimate Gain 0.0934775 first tier gain=0.316082Second tier cost=-0.222604
with estimate payoff=13.5325
..Cand Size=1
Tried to Join 14-th head:132 to 7-th Cluster
Estimate Gain 0.0924672 first tier gain=0.316082Second tier cost=-0.223614
with estimate payoff=13.1518
Tried to Isolate 194 from 19-th head to be 21-th head
Estimate Gain -0.00543989 first tier Cost=-0.0054564;second tier gain=1.65136e-05
with estimate payoff=13.458
.Tried to Isolate 134 from 2-th head to be 21-th head
Estimate Gain -0.0045385 first tier Cost=-0.00454169;second tier gain=3.18901e-06
with estimate payoff=12.7524
.Cand Size=3
Tried to Join 14-th head:132 to 7-th Cluster
Estimate Gain 0.143546 first tier gain=0.316082Second tier cost=-0.172536
with estimate payoff=12.9408
Tried to Isolate 131 from 4-th head to be 14-th head
Estimate Gain -0.00453154 first tier Cost=-0.00454169;second tier gain=1.01502e-05
with estimate payoff=15.1045
.Tried to Isolate 98 from 7-th head to be 14-th head
Estimate Gain -0.00525837 first tier Cost=-0.00642836;second tier gain=0.00116999
with estimate payoff=14.9093
Cand Size=2
Tried to Join 21-th head:134 to 8-th Cluster
Estimate Gain -0.18137 first tier gain=0.101087Second tier cost=-0.282457
with estimate payoff=13.9458
Cand Size=2
Tried to Join 21-th head:134 to 8-th Cluster
Estimate Gain -0.181002 first tier gain=0.101087Second tier cost=-0.282089
with estimate payoff=13.9386
.Cand Size=2
Tried to Join 21-th head:134 to 8-th Cluster
Estimate Gain -0.181847 first tier gain=0.101087Second tier cost=-0.282934
with estimate payoff=14.0292
.Cand Size=3
Tried to Join 21-th head:134 to 11-th Cluster
Estimate Gain -0.195402 first tier gain=0.0926836Second tier cost=-0.288085
with estimate payoff=13.9112
Cand Size=3
Tried to Join 21-th head:134 to 11-th Cluster
Estimate Gain -0.18834 first tier gain=0.0926836Second tier cost=-0.281024
with estimate payoff=13.8901
Cand Size=3
Tried to Join 21-th head:134 to 11-th Cluster
Estimate Gain -0.189419 first tier gain=0.0926836Second tier cost=-0.282102
with estimate payoff=13.734
.Cand Size=3
Tried to Join 21-th head:134 to 11-th Cluster
Estimate Gain -0.189788 first tier gain=0.0926836Second tier cost=-0.282472
with estimate payoff=13.8576
Cand Size=3
Tried to Join 21-th head:134 to 11-th Cluster
Estimate Gain -0.187323 first tier gain=0.0926836Second tier cost=-0.280007
with estimate payoff=13.9964
Cand Size=3
Tried to Join 9-th head:93 to 5-th Cluster
Estimate Gain -0.753469 first tier gain=0.0184728Second tier cost=-0.771942
with estimate payoff=18.9226
.Cand Size=2
Tried to Join 14-th head:98 to 5-th Cluster
Estimate Gain -0.334546 first tier gain=-0.00813733Second tier cost=-0.326408
with estimate payoff=13.9563
Tried to Isolate 132 from 7-th head to be 9-th head
Estimate Gain 0.00385517 first tier Cost=-0.00454169;second tier gain=0.00839686
with estimate payoff=13.842
Tried to Isolate 193 from 11-th head to be 14-th head
Estimate Gain -0.00436334 first tier Cost=-0.0054564;second tier gain=0.00109306
with estimate payoff=13.4039
Cand Size=3
Tried to Join 9-th head:132 to 7-th Cluster
Estimate Gain 0.067654 first tier gain=0.316082Second tier cost=-0.248428
with estimate payoff=12.7022
.Cand Size=2
Tried to Join 14-th head:193 to 8-th Cluster
Estimate Gain -0.366747 first tier gain=0.00496164Second tier cost=-0.371708
with estimate payoff=14.2854
Cand Size=2
Tried to Join 14-th head:193 to 8-th Cluster
Estimate Gain -0.368265 first tier gain=0.00496164Second tier cost=-0.373226
with estimate payoff=14.2874
Tried to Isolate 134 from 11-th head to be 9-th head
Estimate Gain 0.293194 first tier Cost=-0.270154;second tier gain=0.563347
with estimate payoff=37.3958
Tried to Isolate 194 from 19-th head to be 14-th head
Estimate Gain -0.00539434 first tier Cost=-0.0054564;second tier gain=6.20542e-05
with estimate payoff=16.8544
Cand Size=3
Tried to Join 14-th head:194 to 15-th Cluster
Estimate Gain -0.453674 first tier gain=0.209358Second tier cost=-0.663033
with estimate payoff=17.2264
.best 186   Information Ratio:0.985917
SA end up correctly
Add Times=2049
Discard Times=2058
HR Times=628
2013-09-11_16-13_Best2i2Struc2ndN195_m25_cor0.0_r500.0.txt
ULSA2i2_Cluster_N195_BW180.0PW0.001_FR0.95_r500.0.txt
Compression Ratio 0.477365 indEntropy 10.0471
..........Cand Size=1
Tried to Join 7-th head:105 to 16-th Cluster
Estimate Gain -0.11386 first tier gain=0.022298Second tier cost=-0.136158
with estimate payoff=13.6597
.Cand Size=1
Tried to Join 16-th head:98 to 10-th Cluster
Estimate Gain -0.13585 first tier gain=-0.00096813Second tier cost=-0.134882
with estimate payoff=13.5861
.Tried to Isolate 145 from 3-th head to be 7-th head
Estimate Gain -0.00453783 first tier Cost=-0.00454169;second tier gain=3.85357e-06
with estimate payoff=13.4215
Tried to Isolate 146 from 18-th head to be 16-th head
Estimate Gain -0.00451856 first tier Cost=-0.00454169;second tier gain=2.31219e-05
with estimate payoff=13.4397
Cand Size=3
Tried to Join 7-th head:145 to 20-th Cluster
Estimate Gain -0.0644131 first tier gain=0.0630968Second tier cost=-0.12751
with estimate payoff=13.8787
..Cand Size=1
Tried to Join 16-th head:146 to 10-th Cluster
Estimate Gain -0.203328 first tier gain=0.0459604Second tier cost=-0.249289
with estimate payoff=15.4013
Tried to Isolate 135 from 19-th head to be 7-th head
Estimate Gain -0.00451281 first tier Cost=-0.00454169;second tier gain=2.88806e-05
with estimate payoff=16.5646
Cand Size=1
Tried to Join 7-th head:135 to 2-th Cluster
Estimate Gain -0.469844 first tier gain=0.0656513Second tier cost=-0.535495
with estimate payoff=17.0377
.Tried to Isolate 131 from 9-th head to be 7-th head
Estimate Gain -0.00428725 first tier Cost=-0.00454169;second tier gain=0.000254436
with estimate payoff=16.4108
...Tried to Isolate 135 from 19-th head to be 16-th head
Estimate Gain -0.00439589 first tier Cost=-0.00454169;second tier gain=0.000145801
with estimate payoff=13.0687
..Cand Size=2
Tried to Join 16-th head:135 to 2-th Cluster
Estimate Gain -0.122709 first tier gain=0.081765Second tier cost=-0.204474
with estimate payoff=13.6987
Cand Size=1
Tried to Join 10-th head:10 to 0-th Cluster
Estimate Gain -0.91397 first tier gain=-0.00571923Second tier cost=-0.908251
with estimate payoff=21.4179
.Tried to Isolate 139 from 19-th head to be 10-th head
Estimate Gain -0.00306867 first tier Cost=-0.00454169;second tier gain=0.00147302
with estimate payoff=20.834
Cand Size=1
Tried to Join 10-th head:139 to 21-th Cluster
Estimate Gain -0.858387 first tier gain=0.0512985Second tier cost=-0.909685
with estimate payoff=21.3473
Tried to Isolate 102 from 19-th head to be 10-th head
Estimate Gain -0.0042834 first tier Cost=-0.00642836;second tier gain=0.00214497
with estimate payoff=16.9513
..Tried to Isolate 133 from 24-th head to be 16-th head
Estimate Gain -0.00454145 first tier Cost=-0.00454169;second tier gain=2.40167e-07
with estimate payoff=16.1864
.Cand Size=1
Tried to Join 10-th head:19 to 4-th Cluster
Estimate Gain -0.379153 first tier gain=0.214329Second tier cost=-0.593482
with estimate payoff=15.973
...Tried to Isolate 134 from 15-th head to be 10-th head
Estimate Gain -0.00453277 first tier Cost=-0.00454169;second tier gain=8.91458e-06
with estimate payoff=11.668
.........Cand Size=2
Tried to Join 15-th head:38 to 8-th Cluster
Estimate Gain -0.755809 first tier gain=0.0959955Second tier cost=-0.851805
with estimate payoff=17.6
.Cand Size=1
Tried to Join 11-th head:153 to 5-th Cluster
Estimate Gain -1.01907 first tier gain=0.0188355Second tier cost=-1.0379
with estimate payoff=18.9562
..Cand Size=2
Tried to Join 5-th head:67 to 4-th Cluster
Estimate Gain -1.06204 first tier gain=0.00627168Second tier cost=-1.06831
with estimate payoff=19.4553
.Tried to Isolate 133 from 16-th head to be 5-th head
Estimate Gain -0.00453591 first tier Cost=-0.00454169;second tier gain=5.7813e-06
with estimate payoff=12.5707
.Cand Size=1
Tried to Join 0-th head:10 to 21-th Cluster
Estimate Gain -0.526067 first tier gain=-0.00799483Second tier cost=-0.518072
with estimate payoff=13.4519
.Tried to Isolate 193 from 24-th head to be 0-th head
Estimate Gain -0.00543742 first tier Cost=-0.0054564;second tier gain=1.89833e-05
with estimate payoff=12.6107
Cand Size=1
Tried to Join 0-th head:193 to 24-th Cluster
Estimate Gain -0.859935 first tier gain=0.00571439Second tier cost=-0.86565
with estimate payoff=17.7565
.Tried to Isolate 132 from 10-th head to be 0-th head
Estimate Gain -0.00403428 first tier Cost=-0.00454169;second tier gain=0.000507407
with estimate payoff=18.8371
Tried to Isolate 18 from 10-th head to be 11-th head
Estimate Gain 0.0394468 first tier Cost=-0.0283589;second tier gain=0.0678057
with estimate payoff=19.3352
Cand Size=1
Tried to Join 11-th head:18 to 21-th Cluster
Estimate Gain 0.1055 first tier gain=0.419443Second tier cost=-0.313943
with estimate payoff=11.7225
..Tried to Isolate 134 from 10-th head to be 11-th head
Estimate Gain -0.00453422 first tier Cost=-0.00454169;second tier gain=7.46262e-06
with estimate payoff=17.4651
Tried to Isolate 130 from 18-th head to be 15-th head
Estimate Gain -0.00453369 first tier Cost=-0.00454169;second tier gain=7.9969e-06
with estimate payoff=18.2156
Cand Size=1
Tried to Join 11-th head:134 to 20-th Cluster
Estimate Gain -0.693598 first tier gain=0.0825344Second tier cost=-0.776132
with estimate payoff=17.3965
.Tried to Isolate 129 from 10-th head to be 11-th head
Estimate Gain 0.445862 first tier Cost=-0.119271;second tier gain=0.565133
with estimate payoff=48.7046
Cand Size=1
Tried to Join 11-th head:129 to 17-th Cluster
Estimate Gain -0.723446 first tier gain=0.325101Second tier cost=-1.04855
with estimate payoff=19.3194
.Tried to Isolate 74 from 8-th head to be 11-th head
Estimate Gain -0.00417089 first tier Cost=-0.00653705;second tier gain=0.00236616
with estimate payoff=17.918
Cand Size=3
Tried to Join 19-th head:16 to 24-th Cluster
Estimate Gain -1.00767 first tier gain=0.0209191Second tier cost=-1.02858
with estimate payoff=18.9034
Cand Size=1
Tried to Join 11-th head:74 to 8-th Cluster
Estimate Gain -2.22217 first tier gain=0.0010224Second tier cost=-2.22319
with estimate payoff=32.6826
.Tried to Isolate 100 from 13-th head to be 11-th head
Estimate Gain -0.0030153 first tier Cost=-0.00642836;second tier gain=0.00341306
with estimate payoff=30.2899
Cand Size=1
Tried to Join 11-th head:100 to 9-th Cluster
Estimate Gain -1.92683 first tier gain=0.295619Second tier cost=-2.22245
with estimate payoff=32.4808
...Cand Size=1
Tried to Join 2-th head:107 to 8-th Cluster
Estimate Gain -1.97203 first tier gain=0.00663518Second tier cost=-1.97867
with estimate payoff=29.2095
Tried to Isolate 131 from 7-th head to be 2-th head
Estimate Gain -0.00452182 first tier Cost=-0.00454169;second tier gain=1.98707e-05
with estimate payoff=27.5522
.Cand Size=1
Tried to Join 9-th head:67 to 4-th Cluster
Estimate Gain -2.25089 first tier gain=0.00677336Second tier cost=-2.25767
with estimate payoff=32.6314
.Tried to Isolate 135 from 3-th head to be 2-th head
Estimate Gain -0.00451703 first tier Cost=-0.00454169;second tier gain=2.46542e-05
with estimate payoff=64.4077
.Tried to Isolate 101 from 24-th head to be 9-th head
Estimate Gain -0.00588521 first tier Cost=-0.00588713;second tier gain=1.91963e-06
with estimate payoff=64.4446
Cand Size=1
Tried to Join 9-th head:101 to 4-th Cluster
Estimate Gain -5.44187 first tier gain=0.0120855Second tier cost=-5.45395
with estimate payoff=68.0822
.Tried to Isolate 136 from 20-th head to be 9-th head
Estimate Gain 0.0150039 first tier Cost=-0.00454169;second tier gain=0.0195456
with estimate payoff=63.4851
Tried to Isolate 106 from 23-th head to be 11-th head
Estimate Gain -0.00588041 first tier Cost=-0.00588713;second tier gain=6.7231e-06
with estimate payoff=57.9301
Cand Size=3
Tried to Join 9-th head:136 to 8-th Cluster
Estimate Gain -4.64463 first tier gain=0.28465Second tier cost=-4.92928
with estimate payoff=62.934
....Cand Size=1
Tried to Join 20-th head:29 to 4-th Cluster
Estimate Gain -0.249607 first tier gain=0.0150474Second tier cost=-0.264655
with estimate payoff=11.1667
Tried to Isolate 132 from 0-th head to be 9-th head
Estimate Gain -0.00452347 first tier Cost=-0.00454169;second tier gain=1.82174e-05
with estimate payoff=11.3796
.Tried to Isolate 132 from 0-th head to be 9-th head
Estimate Gain -0.00450569 first tier Cost=-0.00454169;second tier gain=3.59933e-05
with estimate payoff=11.2864
.Tried to Isolate 67 from 7-th head to be 9-th head
Estimate Gain -0.00586516 first tier Cost=-0.00653705;second tier gain=0.000671896
with estimate payoff=11.0901
....Tried to Isolate 134 from 10-th head to be 15-th head
Estimate Gain -0.00452378 first tier Cost=-0.00454169;second tier gain=1.79026e-05
with estimate payoff=10.6357
Cand Size=2
Tried to Join 15-th head:134 to 8-th Cluster
Estimate Gain -0.147959 first tier gain=0.101087Second tier cost=-0.249046
with estimate payoff=10.8483
Cand Size=2
Tried to Join 18-th head:146 to 21-th Cluster
Estimate Gain -1.11566 first tier gain=0.0376892Second tier cost=-1.15334
with estimate payoff=20.6865
Tried to Isolate 137 from 23-th head to be 15-th head
Estimate Gain -0.00454056 first tier Cost=-0.00454169;second tier gain=1.12478e-06
with estimate payoff=19.5255
Tried to Isolate 132 from 10-th head to be 18-th head
Estimate Gain -0.00143159 first tier Cost=-0.00454169;second tier gain=0.0031101
with estimate payoff=17.151
Tried to Isolate 193 from 24-th head to be 19-th head
Estimate Gain -0.00545637 first tier Cost=-0.0054564;second tier gain=2.99442e-08
with estimate payoff=17.0539
..Cand Size=2
Tried to Join 15-th head:137 to 19-th Cluster
Estimate Gain -0.138555 first tier gain=0.0937952Second tier cost=-0.232351
with estimate payoff=11.3284
..Tried to Isolate 102 from 13-th head to be 15-th head
Estimate Gain -0.00578522 first tier Cost=-0.00588713;second tier gain=0.000101913
with estimate payoff=11.3197
.Cand Size=2
Tried to Join 15-th head:102 to 8-th Cluster
Estimate Gain -0.0294567 first tier gain=0.201876Second tier cost=-0.231332
with estimate payoff=12.8867
Cand Size=1
Tried to Join 24-th head:10 to 19-th Cluster
Estimate Gain -0.838818 first tier gain=-0.00154371Second tier cost=-0.837274
with estimate payoff=19.5642
..Tried to Isolate 104 from 13-th head to be 15-th head
Estimate Gain -0.0051188 first tier Cost=-0.00588713;second tier gain=0.000768337
with estimate payoff=11.5896
.Cand Size=2
Tried to Join 15-th head:104 to 4-th Cluster
Estimate Gain -0.125648 first tier gain=0.148694Second tier cost=-0.274342
with estimate payoff=11.8749
Cand Size=1
Tried to Join 14-th head:111 to 9-th Cluster
Estimate Gain -0.943534 first tier gain=0.000940053Second tier cost=-0.944474
with estimate payoff=19.3971
.Tried to Isolate 81 from 13-th head to be 15-th head
Estimate Gain 0.00347965 first tier Cost=-0.00741545;second tier gain=0.0108951
with estimate payoff=21.3047
.Tried to Isolate 136 from 10-th head to be 20-th head
Estimate Gain -0.00453818 first tier Cost=-0.00454169;second tier gain=3.51146e-06
with estimate payoff=11.3768
.Cand Size=3
Tried to Join 20-th head:136 to 4-th Cluster
Estimate Gain -6.96339e-05 first tier gain=0.288031Second tier cost=-0.288101
with estimate payoff=12.1628
Tried to Isolate 102 from 8-th head to be 20-th head
Estimate Gain -0.00537484 first tier Cost=-0.00588713;second tier gain=0.000512289
with estimate payoff=12.9894
.Tried to Isolate 194 from 18-th head to be 24-th head
Estimate Gain -0.00537207 first tier Cost=-0.0054564;second tier gain=8.43334e-05
with estimate payoff=12.3774
Cand Size=3
Tried to Join 24-th head:194 to 8-th Cluster
Estimate Gain -0.165447 first tier gain=0.215011Second tier cost=-0.380458
with estimate payoff=12.6867
.Cand Size=2
Tried to Join 20-th head:102 to 13-th Cluster
Estimate Gain -0.113511 first tier gain=0.226215Second tier cost=-0.339726
with estimate payoff=11.8036
.Cand Size=1
Tried to Join 15-th head:81 to 4-th Cluster
Estimate Gain -0.196454 first tier gain=0.0924588Second tier cost=-0.288913
with estimate payoff=11.1797
.Tried to Isolate 133 from 16-th head to be 20-th head
Estimate Gain -0.00451645 first tier Cost=-0.00454169;second tier gain=2.52392e-05
with estimate payoff=10.8783
.Tried to Isolate 131 from 7-th head to be 24-th head
Estimate Gain -0.00404203 first tier Cost=-0.00454169;second tier gain=0.000499658
with estimate payoff=10.9792
Cand Size=1
Tried to Join 20-th head:133 to 8-th Cluster
Estimate Gain -0.226294 first tier gain=0.0491083Second tier cost=-0.275402
with estimate payoff=11.1986
.Cand Size=1
Tried to Join 20-th head:133 to 8-th Cluster
Estimate Gain -0.229283 first tier gain=0.0491083Second tier cost=-0.278391
with estimate payoff=11.4947
Tried to Isolate 31 from 16-th head to be 20-th head
Estimate Gain 0.0194372 first tier Cost=-0.0143918;second tier gain=0.033829
with estimate payoff=26.3344
..Tried to Isolate 104 from 13-th head to be 24-th head
Estimate Gain -0.00585223 first tier Cost=-0.00588713;second tier gain=3.49001e-05
with estimate payoff=10.8142
Tried to Isolate 105 from 17-th head to be 24-th head
Estimate Gain -0.00587602 first tier Cost=-0.00588713;second tier gain=1.11089e-05
with estimate payoff=10.6977
Cand Size=2
Tried to Join 24-th head:105 to 19-th Cluster
Estimate Gain -0.29407 first tier gain=0.0207378Second tier cost=-0.314807
with estimate payoff=11.0622
Cand Size=2
Tried to Join 24-th head:105 to 19-th Cluster
Estimate Gain -0.292348 first tier gain=0.0207378Second tier cost=-0.313086
with estimate payoff=11.0605
Cand Size=2
Tried to Join 24-th head:105 to 19-th Cluster
Estimate Gain -0.292348 first tier gain=0.0207378Second tier cost=-0.313086
with estimate payoff=11.0605
.Cand Size=2
Tried to Join 24-th head:105 to 9-th Cluster
Estimate Gain -0.247809 first tier gain=0.0190744Second tier cost=-0.266883
with estimate payoff=10.3774
.Cand Size=2
Tried to Join 24-th head:105 to 9-th Cluster
Estimate Gain -0.207093 first tier gain=0.0190744Second tier cost=-0.226168
with estimate payoff=10.6069
.Cand Size=2
Tried to Join 24-th head:105 to 9-th Cluster
Estimate Gain -0.193339 first tier gain=0.0190744Second tier cost=-0.212413
with estimate payoff=10.6203
Tried to Isolate 104 from 13-th head to be 24-th head
Estimate Gain -0.00380266 first tier Cost=-0.00588713;second tier gain=0.00208447
with estimate payoff=12.2333
Tried to Isolate 130 from 0-th head to be 24-th head
Estimate Gain -0.00452227 first tier Cost=-0.00454169;second tier gain=1.94132e-05
with estimate payoff=10.639
.Cand Size=1
Tried to Join 8-th head:133 to 4-th Cluster
Estimate Gain -0.215866 first tier gain=0.0435335Second tier cost=-0.259399
with estimate payoff=10.9907
Tried to Isolate 117 from 16-th head to be 8-th head
Estimate Gain 0.20554 first tier Cost=-0.0673592;second tier gain=0.2729
with estimate payoff=28.91
.Cand Size=1
Tried to Join 8-th head:117 to 19-th Cluster
Estimate Gain -0.488692 first tier gain=0.195848Second tier cost=-0.684539
with estimate payoff=15.5356
Tried to Isolate 132 from 10-th head to be 8-th head
Estimate Gain -0.00454161 first tier Cost=-0.00454169;second tier gain=7.40316e-08
with estimate payoff=20.9906
..Tried to Isolate 99 from 20-th head to be 8-th head
Estimate Gain 0.0142485 first tier Cost=-0.00642836;second tier gain=0.0206769
with estimate payoff=11.2998
.Cand Size=1
Tried to Join 8-th head:99 to 4-th Cluster
Estimate Gain 0.198394 first tier gain=0.410284Second tier cost=-0.21189
with estimate payoff=10.4477
best 186   Information Ratio:0.983301
SA end up correctly
Add Times=2086
Discard Times=2096
HR Times=613
2013-09-11_16-24_Best2i2Struc2ndN195_m25_cor0.0_r500.0.txt
ULSA2i2_Cluster_N195_BW180.0PW0.001_FR0.95_r500.0.txt
Compression Ratio 0.477365 indEntropy 10.0471
.........Cand Size=1
Tried to Join 20-th head:34 to 2-th Cluster
Estimate Gain -0.128697 first tier gain=-0.000382751Second tier cost=-0.128314
with estimate payoff=13.0305
...Tried to Isolate 141 from 16-th head to be 20-th head
Estimate Gain -0.00453716 first tier Cost=-0.00454169;second tier gain=4.5231e-06
with estimate payoff=11.9165
Cand Size=2
Tried to Join 15-th head:122 to 20-th Cluster
Estimate Gain -0.109479 first tier gain=0.039381Second tier cost=-0.14886
with estimate payoff=11.6402
Tried to Isolate 142 from 24-th head to be 15-th head
Estimate Gain -0.00454025 first tier Cost=-0.00454169;second tier gain=1.43737e-06
with estimate payoff=13.1784
.Cand Size=2
Tried to Join 15-th head:142 to 10-th Cluster
Estimate Gain -0.308881 first tier gain=0.102832Second tier cost=-0.411713
with estimate payoff=14.2522
Tried to Isolate 144 from 0-th head to be 15-th head
Estimate Gain -0.00453878 first tier Cost=-0.00454169;second tier gain=2.90386e-06
with estimate payoff=14.2686
.....Cand Size=2
Tried to Join 16-th head:67 to 4-th Cluster
Estimate Gain -0.14213 first tier gain=0.00207222Second tier cost=-0.144202
with estimate payoff=12.073
Tried to Isolate 140 from 19-th head to be 16-th head
Estimate Gain -0.00449536 first tier Cost=-0.00454169;second tier gain=4.63237e-05
with estimate payoff=12.0911
.Cand Size=1
Tried to Join 10-th head:89 to 11-th Cluster
Estimate Gain -0.549396 first tier gain=0.00346611Second tier cost=-0.552863
with estimate payoff=16.2559
Tried to Isolate 136 from 18-th head to be 10-th head
Estimate Gain -0.0010736 first tier Cost=-0.00454169;second tier gain=0.00346809
with estimate payoff=15.8692
.....Cand Size=1
Tried to Join 19-th head:158 to 8-th Cluster
Estimate Gain -0.375522 first tier gain=0.0911356Second tier cost=-0.466657
with estimate payoff=16.4876
.Cand Size=1
Tried to Join 11-th head:10 to 21-th Cluster
Estimate Gain -0.267119 first tier gain=-0.00798653Second tier cost=-0.259133
with estimate payoff=14.3572
Tried to Isolate 98 from 20-th head to be 11-th head
Estimate Gain -0.00120583 first tier Cost=-0.0129454;second tier gain=0.0117395
with estimate payoff=14.2597
.Cand Size=2
Tried to Join 15-th head:101 to 8-th Cluster
Estimate Gain -0.341018 first tier gain=0.0113529Second tier cost=-0.352371
with estimate payoff=15.0845
Cand Size=1
Tried to Join 11-th head:98 to 21-th Cluster
Estimate Gain -0.413278 first tier gain=-0.00869464Second tier cost=-0.404583
with estimate payoff=15.8435
.Tried to Isolate 111 from 8-th head to be 11-th head
Estimate Gain -0.00266898 first tier Cost=-0.00588713;second tier gain=0.00321815
with estimate payoff=15.0526
Cand Size=1
Tried to Join 11-th head:111 to 21-th Cluster
Estimate Gain -0.419102 first tier gain=-0.00356104Second tier cost=-0.415541
with estimate payoff=15.5966
.Tried to Isolate 138 from 16-th head to be 11-th head
Estimate Gain -0.00454014 first tier Cost=-0.00454169;second tier gain=1.54544e-06
with estimate payoff=15.0066
..Cand Size=1
Tried to Join 11-th head:138 to 21-th Cluster
Estimate Gain -0.0424147 first tier gain=0.291947Second tier cost=-0.334361
with estimate payoff=14.6242
.Tried to Isolate 191 from 21-th head to be 11-th head
Estimate Gain -0.00300069 first tier Cost=-0.0054564;second tier gain=0.00245571
with estimate payoff=17.2017
.Tried to Isolate 134 from 10-th head to be 15-th head
Estimate Gain -0.00453994 first tier Cost=-0.00454169;second tier gain=1.74432e-06
with estimate payoff=13.9267
Cand Size=1
Tried to Join 15-th head:134 to 20-th Cluster
Estimate Gain -0.23592 first tier gain=0.100173Second tier cost=-0.336093
with estimate payoff=14.3178
.Cand Size=2
Tried to Join 24-th head:133 to 3-th Cluster
Estimate Gain -0.48438 first tier gain=0.032654Second tier cost=-0.517034
with estimate payoff=16.1679
...Cand Size=1
Tried to Join 11-th head:191 to 8-th Cluster
Estimate Gain -0.572502 first tier gain=0.0130109Second tier cost=-0.585513
with estimate payoff=17.2115
Tried to Isolate 138 from 16-th head to be 11-th head
Estimate Gain -0.00452822 first tier Cost=-0.00454169;second tier gain=1.3462e-05
with estimate payoff=17.2833
.Tried to Isolate 80 from 20-th head to be 15-th head
Estimate Gain 0.0106058 first tier Cost=-0.00741545;second tier gain=0.0180212
with estimate payoff=15.368
Tried to Isolate 133 from 12-th head to be 24-th head
Estimate Gain -0.00453557 first tier Cost=-0.00454169;second tier gain=6.11368e-06
with estimate payoff=14.7069
....Cand Size=1
Tried to Join 3-th head:29 to 15-th Cluster
Estimate Gain -0.152664 first tier gain=0.01163Second tier cost=-0.164294
with estimate payoff=12.3716
Tried to Isolate 194 from 20-th head to be 3-th head
Estimate Gain 0.00714388 first tier Cost=-0.0054564;second tier gain=0.0126003
with estimate payoff=12.809
Cand Size=1
Tried to Join 3-th head:194 to 4-th Cluster
Estimate Gain -0.000167135 first tier gain=0.207381Second tier cost=-0.207548
with estimate payoff=12.762
.Tried to Isolate 185 from 20-th head to be 3-th head
Estimate Gain 0.0177361 first tier Cost=-0.074105;second tier gain=0.091841
with estimate payoff=52.0857
Cand Size=1
Tried to Join 3-th head:185 to 15-th Cluster
Estimate Gain -0.530186 first tier gain=-0.00382855Second tier cost=-0.526357
with estimate payoff=15.9372
...Cand Size=1
Tried to Join 5-th head:171 to 15-th Cluster
Estimate Gain -0.102159 first tier gain=0.0114612Second tier cost=-0.11362
with estimate payoff=11.0662
.Tried to Isolate 134 from 20-th head to be 3-th head
Estimate Gain -0.0045292 first tier Cost=-0.00454169;second tier gain=1.24824e-05
with estimate payoff=11.0107
.....Cand Size=1
Tried to Join 2-th head:42 to 8-th Cluster
Estimate Gain -0.101987 first tier gain=0.0232166Second tier cost=-0.125204
with estimate payoff=10.562
Tried to Isolate 134 from 20-th head to be 2-th head
Estimate Gain -0.00443951 first tier Cost=-0.00454169;second tier gain=0.000102177
with estimate payoff=10.6847
Cand Size=1
Tried to Join 2-th head:134 to 15-th Cluster
Estimate Gain -0.0211026 first tier gain=0.0955125Second tier cost=-0.116615
with estimate payoff=10.4863
Tried to Isolate 80 from 15-th head to be 2-th head
Estimate Gain 0.00776235 first tier Cost=-0.00741545;second tier gain=0.0151778
with estimate payoff=12.8431
.Tried to Isolate 194 from 18-th head to be 3-th head
Estimate Gain -0.00475008 first tier Cost=-0.0054564;second tier gain=0.000706314
with estimate payoff=18.0815
.Tried to Isolate 86 from 20-th head to be 3-th head
Estimate Gain 0.0256698 first tier Cost=-0.0105885;second tier gain=0.0362584
with estimate payoff=23.6893
Cand Size=2
Tried to Join 3-th head:86 to 21-th Cluster
Estimate Gain -1.18352 first tier gain=0.176057Second tier cost=-1.35958
with estimate payoff=23.5082
..Tried to Isolate 132 from 18-th head to be 3-th head
Estimate Gain -0.00450548 first tier Cost=-0.00454169;second tier gain=3.62094e-05
with estimate payoff=10.0349
Tried to Isolate 132 from 18-th head to be 3-th head
Estimate Gain -0.00448892 first tier Cost=-0.00454169;second tier gain=5.27638e-05
with estimate payoff=9.75079
Cand Size=2
Tried to Join 3-th head:132 to 4-th Cluster
Estimate Gain 0.14896 first tier gain=0.315651Second tier cost=-0.166691
with estimate payoff=9.95422
.Cand Size=1
Tried to Join 3-th head:132 to 8-th Cluster
Estimate Gain 0.163796 first tier gain=0.31511Second tier cost=-0.151314
with estimate payoff=9.91762
.Cand Size=3
Tried to Join 1-th head:48 to 15-th Cluster
Estimate Gain -0.0999248 first tier gain=0.0580464Second tier cost=-0.157971
with estimate payoff=9.69515
Tried to Isolate 133 from 24-th head to be 1-th head
Estimate Gain -0.00452806 first tier Cost=-0.00454169;second tier gain=1.36286e-05
with estimate payoff=10.3424
Cand Size=3
Tried to Join 1-th head:133 to 23-th Cluster
Estimate Gain -0.179173 first tier gain=0.0462345Second tier cost=-0.225407
with estimate payoff=10.5584
.Tried to Isolate 130 from 18-th head to be 1-th head
Estimate Gain -0.00449549 first tier Cost=-0.00454169;second tier gain=4.61957e-05
with estimate payoff=11.6181
..Cand Size=1
Tried to Join 23-th head:52 to 8-th Cluster
Estimate Gain -0.159918 first tier gain=0.00606832Second tier cost=-0.165987
with estimate payoff=10.1833
Cand Size=1
Tried to Join 2-th head:80 to 4-th Cluster
Estimate Gain -0.165487 first tier gain=-0.000531213Second tier cost=-0.164955
with estimate payoff=10.1657
...Tried to Isolate 194 from 18-th head to be 2-th head
Estimate Gain -0.00537177 first tier Cost=-0.0054564;second tier gain=8.46293e-05
with estimate payoff=9.94761
..Tried to Isolate 103 from 12-th head to be 2-th head
Estimate Gain -0.00556418 first tier Cost=-0.00588713;second tier gain=0.000322949
with estimate payoff=10.2108
.Tried to Isolate 133 from 2-th head to be 3-th head
Estimate Gain -0.00432834 first tier Cost=-0.00454169;second tier gain=0.000213345
with estimate payoff=10.2868
..Tried to Isolate 102 from 17-th head to be 5-th head
Estimate Gain -0.00575673 first tier Cost=-0.00588713;second tier gain=0.000130407
with estimate payoff=9.43803
Cand Size=1
Tried to Join 5-th head:102 to 17-th Cluster
Estimate Gain 0.0682957 first tier gain=0.238015Second tier cost=-0.169719
with estimate payoff=9.64528
.Cand Size=2
Tried to Join 15-th head:98 to 7-th Cluster
Estimate Gain -0.243332 first tier gain=0.0012487Second tier cost=-0.24458
with estimate payoff=9.9798
..Cand Size=2
Tried to Join 18-th head:49 to 7-th Cluster
Estimate Gain -0.15603 first tier gain=0.0582026Second tier cost=-0.214233
with estimate payoff=9.45848
.Tried to Isolate 135 from 11-th head to be 5-th head
Estimate Gain -0.00420075 first tier Cost=-0.00454169;second tier gain=0.000340937
with estimate payoff=9.23778
..Tried to Isolate 107 from 21-th head to be 15-th head
Estimate Gain -0.00487707 first tier Cost=-0.00588713;second tier gain=0.00101006
with estimate payoff=13.0496
.Cand Size=2
Tried to Join 15-th head:107 to 22-th Cluster
Estimate Gain -0.249314 first tier gain=0.00101599Second tier cost=-0.25033
with estimate payoff=11.8386
..Cand Size=1
Tried to Join 15-th head:107 to 7-th Cluster
Estimate Gain -0.233783 first tier gain=0.00658457Second tier cost=-0.240367
with estimate payoff=11.1736
.Cand Size=1
Tried to Join 4-th head:155 to 8-th Cluster
Estimate Gain -0.216558 first tier gain=0.0060391Second tier cost=-0.222597
with estimate payoff=11.2201
Cand Size=1
Tried to Join 16-th head:16 to 22-th Cluster
Estimate Gain -0.86958 first tier gain=0.0160487Second tier cost=-0.885628
with estimate payoff=17.6184
.Tried to Isolate 131 from 9-th head to be 4-th head
Estimate Gain -0.00116879 first tier Cost=-0.00454169;second tier gain=0.0033729
with estimate payoff=16.9517
...Tried to Isolate 194 from 20-th head to be 4-th head
Estimate Gain -0.00387054 first tier Cost=-0.0054564;second tier gain=0.00158586
with estimate payoff=12.2878
Cand Size=1
Tried to Join 22-th head:10 to 7-th Cluster
Estimate Gain -0.307478 first tier gain=0.00277126Second tier cost=-0.310249
with estimate payoff=11.8222
Tried to Isolate 136 from 20-th head to be 4-th head
Estimate Gain -0.00333485 first tier Cost=-0.00454169;second tier gain=0.00120683
with estimate payoff=11.4986
Cand Size=2
Tried to Join 4-th head:136 to 8-th Cluster
Estimate Gain 0.0322333 first tier gain=0.290303Second tier cost=-0.25807
with estimate payoff=11.5152
Cand Size=2
Tried to Join 4-th head:136 to 8-th Cluster
Estimate Gain 0.0314137 first tier gain=0.290303Second tier cost=-0.25889
with estimate payoff=11.3894
..Tried to Isolate 135 from 5-th head to be 15-th head
Estimate Gain -0.00420031 first tier Cost=-0.00454169;second tier gain=0.000341381
with estimate payoff=10.7424
Tried to Isolate 134 from 20-th head to be 16-th head
Estimate Gain -0.00397045 first tier Cost=-0.00454169;second tier gain=0.000571242
with estimate payoff=10.8515
Cand Size=3
Tried to Join 4-th head:136 to 8-th Cluster
Estimate Gain 0.0909675 first tier gain=0.290303Second tier cost=-0.199336
with estimate payoff=10.7396
.Tried to Isolate 194 from 20-th head to be 18-th head
Estimate Gain -0.00501291 first tier Cost=-0.0054564;second tier gain=0.00044349
with estimate payoff=11.0829
Cand Size=5
Tried to Join 4-th head:136 to 7-th Cluster
Estimate Gain 0.0824747 first tier gain=0.288031Second tier cost=-0.205556
with estimate payoff=11.0865
Cand Size=3
Tried to Join 18-th head:194 to 21-th Cluster
Estimate Gain -0.508596 first tier gain=0.212138Second tier cost=-0.720734
with estimate payoff=16.229
.Cand Size=1
Tried to Join 15-th head:135 to 5-th Cluster
Estimate Gain -0.657151 first tier gain=0.0905125Second tier cost=-0.747663
with estimate payoff=16.379
...Cand Size=1
Tried to Join 22-th head:10 to 24-th Cluster
Estimate Gain -0.285004 first tier gain=-0.00150756Second tier cost=-0.283496
with estimate payoff=10.7837
...Tried to Isolate 135 from 5-th head to be 4-th head
Estimate Gain -0.00454002 first tier Cost=-0.00454169;second tier gain=1.66236e-06
with estimate payoff=12.9411
.Tried to Isolate 131 from 17-th head to be 15-th head
Estimate Gain -0.00453688 first tier Cost=-0.00454169;second tier gain=4.80324e-06
with estimate payoff=11.8266
.Tried to Isolate 131 from 17-th head to be 15-th head
Estimate Gain -0.00453809 first tier Cost=-0.00454169;second tier gain=3.59166e-06
with estimate payoff=11.5364
Cand Size=1
Tried to Join 24-th head:193 to 7-th Cluster
Estimate Gain -0.396273 first tier gain=0.00666457Second tier cost=-0.402937
with estimate payoff=11.883
.Tried to Isolate 130 from 1-th head to be 15-th head
Estimate Gain -0.0045202 first tier Cost=-0.00454169;second tier gain=2.14844e-05
with estimate payoff=12.0406
Cand Size=3
Tried to Join 15-th head:130 to 7-th Cluster
Estimate Gain -0.336001 first tier gain=0.0843721Second tier cost=-0.420373
with estimate payoff=12.3711
.best 186   Information Ratio:1.00463
SA end up correctly
Add Times=2116
Discard Times=2125
HR Times=683
2013-09-11_16-34_Best2i2Struc2ndN195_m25_cor0.0_r500.0.txt
ULSA2i2_Cluster_N195_BW180.0PW0.001_FR0.95_r500.0.txt
Compression Ratio 0.477365 indEntropy 10.0471
....Cand Size=2
Tried to Join 23-th head:169 to 10-th Cluster
Estimate Gain 0.0676631 first tier gain=0.154146Second tier cost=-0.0864824
with estimate payoff=14.1178
Cand Size=1
Tried to Join 17-th head:87 to 4-th Cluster
Estimate Gain -0.23466 first tier gain=0.0817801Second tier cost=-0.31644
with estimate payoff=16.2207
.Tried to Isolate 138 from 3-th head to be 17-th head
Estimate Gain -0.00440644 first tier Cost=-0.00454169;second tier gain=0.000135247
with estimate payoff=14.9281
.Tried to Isolate 135 from 3-th head to be 23-th head
Estimate Gain -0.00452661 first tier Cost=-0.00454169;second tier gain=1.50724e-05
with estimate payoff=15.833
Cand Size=2
Tried to Join 17-th head:138 to 16-th Cluster
Estimate Gain -0.0235004 first tier gain=0.300863Second tier cost=-0.324363
with estimate payoff=15.7479
.Tried to Isolate 134 from 15-th head to be 17-th head
Estimate Gain -0.00450876 first tier Cost=-0.00454169;second tier gain=3.29224e-05
with estimate payoff=15.1658
...Cand Size=2
Tried to Join 18-th head:122 to 16-th Cluster
Estimate Gain -0.0719055 first tier gain=0.039381Second tier cost=-0.111287
with estimate payoff=12.1901
Cand Size=1
Tried to Join 10-th head:193 to 22-th Cluster
Estimate Gain -0.406235 first tier gain=0.00182256Second tier cost=-0.408058
with estimate payoff=14.5128
...Tried to Isolate 122 from 16-th head to be 10-th head
Estimate Gain 0.00918333 first tier Cost=-0.0114893;second tier gain=0.0206726
with estimate payoff=14.3363
.Cand Size=2
Tried to Join 10-th head:122 to 16-th Cluster
Estimate Gain -0.0742001 first tier gain=0.039381Second tier cost=-0.113581
with estimate payoff=10.1552
.Tried to Isolate 109 from 14-th head to be 10-th head
Estimate Gain -0.00368848 first tier Cost=-0.00642836;second tier gain=0.00273988
with estimate payoff=13.4336
Cand Size=4
Tried to Join 10-th head:109 to 15-th Cluster
Estimate Gain -0.0413645 first tier gain=0.427741Second tier cost=-0.469106
with estimate payoff=13.3592
.Cand Size=2
Tried to Join 20-th head:16 to 8-th Cluster
Estimate Gain -0.333212 first tier gain=0.0238173Second tier cost=-0.35703
with estimate payoff=12.2145
.Tried to Isolate 98 from 16-th head to be 10-th head
Estimate Gain 0.015023 first tier Cost=-0.0105885;second tier gain=0.0256115
with estimate payoff=13.487
Tried to Isolate 153 from 11-th head to be 18-th head
Estimate Gain -0.00454161 first tier Cost=-0.00454169;second tier gain=7.19398e-08
with estimate payoff=11.7773
Cand Size=3
Tried to Join 18-th head:153 to 2-th Cluster
Estimate Gain -0.445383 first tier gain=0.0195187Second tier cost=-0.464901
with estimate payoff=13.3383
.Tried to Isolate 149 from 15-th head to be 18-th head
Estimate Gain -0.00454106 first tier Cost=-0.00454169;second tier gain=6.31159e-07
with estimate payoff=11.0795
Tried to Isolate 148 from 0-th head to be 20-th head
Estimate Gain -0.0045363 first tier Cost=-0.00454169;second tier gain=5.38863e-06
with estimate payoff=11.1791
Cand Size=3
Tried to Join 18-th head:149 to 4-th Cluster
Estimate Gain -0.163096 first tier gain=0.139028Second tier cost=-0.302124
with estimate payoff=11.4777
.Cand Size=1
Tried to Join 10-th head:98 to 17-th Cluster
Estimate Gain -27.2383 first tier gain=-0.0826109Second tier cost=-27.1557
with estimate payoff=306.875
Tried to Isolate 141 from 16-th head to be 10-th head
Estimate Gain -0.00265556 first tier Cost=-0.00454169;second tier gain=0.00188612
with estimate payoff=21.8336
.Cand Size=2
Tried to Join 11-th head:30 to 8-th Cluster
Estimate Gain -1.27526 first tier gain=0.0338284Second tier cost=-1.30908
with estimate payoff=23.0385
.Tried to Isolate 67 from 4-th head to be 11-th head
Estimate Gain 0.0618401 first tier Cost=-0.00653705;second tier gain=0.0683771
with estimate payoff=22.71
.Cand Size=3
Tried to Join 16-th head:122 to 8-th Cluster
Estimate Gain -1.24159 first tier gain=0.0396599Second tier cost=-1.28125
with estimate payoff=22.2565
.Tried to Isolate 132 from 4-th head to be 16-th head
Estimate Gain -0.00452449 first tier Cost=-0.00454169;second tier gain=1.71949e-05
with estimate payoff=9.44348
Tried to Isolate 135 from 23-th head to be 16-th head
Estimate Gain -0.00445104 first tier Cost=-0.00454169;second tier gain=9.06449e-05
with estimate payoff=8.79901
Cand Size=2
Tried to Join 16-th head:135 to 23-th Cluster
Estimate Gain -0.075445 first tier gain=0.0909077Second tier cost=-0.166353
with estimate payoff=9.02116
.Tried to Isolate 194 from 4-th head to be 16-th head
Estimate Gain -0.00537744 first tier Cost=-0.0054564;second tier gain=7.89612e-05
with estimate payoff=8.87301
Tried to Isolate 133 from 24-th head to be 16-th head
Estimate Gain -0.00442294 first tier Cost=-0.00454169;second tier gain=0.000118748
with estimate payoff=8.80924
Cand Size=2
Tried to Join 16-th head:133 to 8-th Cluster
Estimate Gain -0.125997 first tier gain=0.0472216Second tier cost=-0.173218
with estimate payoff=9.15273
Cand Size=2
Tried to Join 0-th head:59 to 10-th Cluster
Estimate Gain -0.143665 first tier gain=0.0225163Second tier cost=-0.166181
with estimate payoff=9.2113
Cand Size=1
Tried to Join 8-th head:92 to 2-th Cluster
Estimate Gain -0.251297 first tier gain=-0.00258626Second tier cost=-0.248711
with estimate payoff=10.0428
..Tried to Isolate 143 from 24-th head to be 0-th head
Estimate Gain -0.00439072 first tier Cost=-0.00454169;second tier gain=0.000150963
with estimate payoff=9.62594
...Cand Size=4
Tried to Join 7-th head:105 to 2-th Cluster
Estimate Gain -0.280792 first tier gain=0.0207622Second tier cost=-0.301555
with estimate payoff=11.1046
Cand Size=3
Tried to Join 21-th head:191 to 22-th Cluster
Estimate Gain -0.399506 first tier gain=0.00687051Second tier cost=-0.406377
with estimate payoff=12.6816
..Tried to Isolate 134 from 17-th head to be 7-th head
Estimate Gain -0.00451018 first tier Cost=-0.00454169;second tier gain=3.15051e-05
with estimate payoff=12.1963
.Tried to Isolate 69 from 2-th head to be 8-th head
Estimate Gain -0.000222786 first tier Cost=-0.00653705;second tier gain=0.00631427
with estimate payoff=11.8931
Cand Size=3
Tried to Join 7-th head:134 to 10-th Cluster
Estimate Gain -0.139728 first tier gain=0.0988151Second tier cost=-0.238544
with estimate payoff=12.2564
.Tried to Isolate 84 from 2-th head to be 7-th head
Estimate Gain 0.00381509 first tier Cost=-0.0105885;second tier gain=0.0144036
with estimate payoff=17.6723
.Cand Size=3
Tried to Join 12-th head:103 to 22-th Cluster
Estimate Gain -0.474059 first tier gain=0.0330185Second tier cost=-0.507078
with estimate payoff=14.7377
Cand Size=2
Tried to Join 8-th head:69 to 22-th Cluster
Estimate Gain -0.481956 first tier gain=0.0322967Second tier cost=-0.514253
with estimate payoff=14.4199
Tried to Isolate 104 from 13-th head to be 8-th head
Estimate Gain -0.00164961 first tier Cost=-0.00588713;second tier gain=0.00423752
with estimate payoff=22.3968
..Cand Size=2
Tried to Join 7-th head:84 to 11-th Cluster
Estimate Gain -2.93558 first tier gain=0.00342695Second tier cost=-2.93901
with estimate payoff=41.3401
.Tried to Isolate 96 from 8-th head to be 7-th head
Estimate Gain 0.0123253 first tier Cost=-0.0326795;second tier gain=0.0450048
with estimate payoff=41.203
...Tried to Isolate 79 from 13-th head to be 12-th head
Estimate Gain -0.00285531 first tier Cost=-0.00741545;second tier gain=0.00456014
with estimate payoff=30.5759
Cand Size=1
Tried to Join 12-th head:79 to 10-th Cluster
Estimate Gain -1.79934 first tier gain=0.35441Second tier cost=-2.15375
with estimate payoff=33.6336
..Tried to Isolate 54 from 13-th head to be 12-th head
Estimate Gain 0.0142412 first tier Cost=-0.0101947;second tier gain=0.0244359
with estimate payoff=24.5314
Cand Size=1
Tried to Join 12-th head:54 to 20-th Cluster
Estimate Gain -0.445827 first tier gain=0.468988Second tier cost=-0.914815
with estimate payoff=19.0746
..Cand Size=1
Tried to Join 22-th head:10 to 10-th Cluster
Estimate Gain -0.457076 first tier gain=0.00275939Second tier cost=-0.459836
with estimate payoff=13.4999
.Tried to Isolate 89 from 20-th head to be 12-th head
Estimate Gain -0.00433686 first tier Cost=-0.0155994;second tier gain=0.0112625
with estimate payoff=15.9853
Cand Size=2
Tried to Join 15-th head:122 to 1-th Cluster
Estimate Gain -0.630448 first tier gain=0.0271819Second tier cost=-0.65763
with estimate payoff=15.2354
.Tried to Isolate 135 from 8-th head to be 15-th head
Estimate Gain -0.0043647 first tier Cost=-0.00454169;second tier gain=0.000176986
with estimate payoff=12.7064
.Cand Size=2
Tried to Join 15-th head:135 to 2-th Cluster
Estimate Gain -0.175285 first tier gain=0.0886619Second tier cost=-0.263947
with estimate payoff=11.2039
.Cand Size=1
Tried to Join 24-th head:153 to 10-th Cluster
Estimate Gain -0.28647 first tier gain=0.024195Second tier cost=-0.310665
with estimate payoff=10.4183
...Cand Size=2
Tried to Join 23-th head:29 to 10-th Cluster
Estimate Gain -0.232515 first tier gain=0.0161317Second tier cost=-0.248646
with estimate payoff=9.81756
Cand Size=1
Tried to Join 11-th head:67 to 2-th Cluster
Estimate Gain -0.29586 first tier gain=0.00577614Second tier cost=-0.301636
with estimate payoff=9.72512
Tried to Isolate 137 from 14-th head to be 11-th head
Estimate Gain -0.00451015 first tier Cost=-0.00454169;second tier gain=3.15393e-05
with estimate payoff=12.3211
...Cand Size=1
Tried to Join 24-th head:151 to 10-th Cluster
Estimate Gain -0.225426 first tier gain=0.0185897Second tier cost=-0.244016
with estimate payoff=9.41895
..Tried to Isolate 134 from 4-th head to be 16-th head
Estimate Gain -0.00419914 first tier Cost=-0.00454169;second tier gain=0.000342544
with estimate payoff=9.88047
.Tried to Isolate 133 from 0-th head to be 18-th head
Estimate Gain -0.00398589 first tier Cost=-0.00454169;second tier gain=0.0005558
with estimate payoff=9.32792
Cand Size=2
Tried to Join 18-th head:133 to 12-th Cluster
Estimate Gain -0.188587 first tier gain=0.0491082Second tier cost=-0.237695
with estimate payoff=9.49018
Tried to Isolate 164 from 0-th head to be 18-th head
Estimate Gain 0.0258622 first tier Cost=-0.0101165;second tier gain=0.0359786
with estimate payoff=67.709
Tried to Isolate 76 from 0-th head to be 21-th head
Estimate Gain 0.0278806 first tier Cost=-0.00741545;second tier gain=0.035296
with estimate payoff=65.4949
Cand Size=3
Tried to Join 21-th head:76 to 10-th Cluster
Estimate Gain -5.41026 first tier gain=0.243833Second tier cost=-5.65409
with estimate payoff=69.0268
..Tried to Isolate 118 from 18-th head to be 21-th head
Estimate Gain 0.0720316 first tier Cost=-0.0114893;second tier gain=0.0835209
with estimate payoff=19.3785
..Cand Size=1
Tried to Join 2-th head:52 to 10-th Cluster
Estimate Gain -0.599794 first tier gain=0.00475408Second tier cost=-0.604549
with estimate payoff=14.376
..Tried to Isolate 132 from 16-th head to be 22-th head
Estimate Gain -0.00452003 first tier Cost=-0.00454169;second tier gain=2.16602e-05
with estimate payoff=12.7974
.Cand Size=2
Tried to Join 3-th head:107 to 10-th Cluster
Estimate Gain -0.400246 first tier gain=0.00746472Second tier cost=-0.40771
with estimate payoff=12.9509
.Cand Size=1
Tried to Join 2-th head:52 to 12-th Cluster
Estimate Gain -0.364909 first tier gain=0.00535468Second tier cost=-0.370264
with estimate payoff=14.121
.Tried to Isolate 133 from 0-th head to be 2-th head
Estimate Gain -0.00417697 first tier Cost=-0.00454169;second tier gain=0.000364713
with estimate payoff=13.5445
Cand Size=2
Tried to Join 2-th head:133 to 20-th Cluster
Estimate Gain -0.416495 first tier gain=0.0463953Second tier cost=-0.46289
with estimate payoff=13.9605
Cand Size=1
Tried to Join 10-th head:185 to 12-th Cluster
Estimate Gain -0.506933 first tier gain=-0.000336691Second tier cost=-0.506596
with estimate payoff=14.7594
......Tried to Isolate 194 from 22-th head to be 2-th head
Estimate Gain -0.0042614 first tier Cost=-0.0054564;second tier gain=0.001195
with estimate payoff=14.0535
Tried to Isolate 194 from 22-th head to be 2-th head
Estimate Gain -0.00439082 first tier Cost=-0.0054564;second tier gain=0.00106557
with estimate payoff=14.0537
.Tried to Isolate 131 from 9-th head to be 3-th head
Estimate Gain -0.00360503 first tier Cost=-0.00454169;second tier gain=0.000936655
with estimate payoff=14.0296
Tried to Isolate 131 from 9-th head to be 3-th head
Estimate Gain -0.0036036 first tier Cost=-0.00454169;second tier gain=0.000938086
with estimate payoff=14.0292
Cand Size=2
Tried to Join 2-th head:194 to 12-th Cluster
Estimate Gain -0.158484 first tier gain=0.213125Second tier cost=-0.371609
with estimate payoff=13.1207
.Tried to Isolate 132 from 22-th head to be 2-th head
Estimate Gain -0.00343551 first tier Cost=-0.00454169;second tier gain=0.00110618
with estimate payoff=11.4506
.Tried to Isolate 194 from 12-th head to be 2-th head
Estimate Gain 0.00529676 first tier Cost=-0.0054564;second tier gain=0.0107532
with estimate payoff=11.635
Tried to Isolate 194 from 12-th head to be 2-th head
Estimate Gain -0.00190313 first tier Cost=-0.0054564;second tier gain=0.00355326
with estimate payoff=11.4075
..Cand Size=1
Tried to Join 7-th head:29 to 12-th Cluster
Estimate Gain -0.328165 first tier gain=0.0108015Second tier cost=-0.338966
with estimate payoff=11.406
..Cand Size=1
Tried to Join 7-th head:29 to 12-th Cluster
Estimate Gain -0.342825 first tier gain=0.0108025Second tier cost=-0.353627
with estimate payoff=11.5999
...Tried to Isolate 131 from 5-th head to be 2-th head
Estimate Gain -0.00315935 first tier Cost=-0.00454169;second tier gain=0.00138233
with estimate payoff=11.6538
Tried to Isolate 130 from 22-th head to be 3-th head
Estimate Gain -0.00442962 first tier Cost=-0.00454169;second tier gain=0.00011207
with estimate payoff=11.8829
Cand Size=4
Tried to Join 2-th head:131 to 11-th Cluster
Estimate Gain 0.0255015 first tier gain=0.429785Second tier cost=-0.404284
with estimate payoff=12.0521
.Tried to Isolate 134 from 16-th head to be 7-th head
Estimate Gain -0.00444422 first tier Cost=-0.00454169;second tier gain=9.74621e-05
with estimate payoff=12.1225
Cand Size=5
Tried to Join 2-th head:131 to 12-th Cluster
Estimate Gain 0.034118 first tier gain=0.436733Second tier cost=-0.402615
with estimate payoff=12.2049
Cand Size=2
Tried to Join 7-th head:134 to 20-th Cluster
Estimate Gain -0.344878 first tier gain=0.0926836Second tier cost=-0.437562
with estimate payoff=12.5905
Tried to Isolate 194 from 16-th head to be 2-th head
Estimate Gain 0.000403134 first tier Cost=-0.0054564;second tier gain=0.00585953
with estimate payoff=11.4459
..Cand Size=1
Tried to Join 6-th head:25 to 12-th Cluster
Estimate Gain -0.361766 first tier gain=0.00797201Second tier cost=-0.369738
with estimate payoff=11.5821
Cand Size=1
Tried to Join 6-th head:25 to 12-th Cluster
Estimate Gain -0.379953 first tier gain=0.00797201Second tier cost=-0.387925
with estimate payoff=11.925
.Tried to Isolate 134 from 20-th head to be 2-th head
Estimate Gain 0.020004 first tier Cost=-0.00454169;second tier gain=0.0245457
with estimate payoff=10.7033
Tried to Isolate 132 from 16-th head to be 7-th head
Estimate Gain -0.0042833 first tier Cost=-0.00454169;second tier gain=0.000258386
with estimate payoff=10.4657
Tried to Isolate 132 from 16-th head to be 7-th head
Estimate Gain -0.00428352 first tier Cost=-0.00454169;second tier gain=0.000258169
with estimate payoff=10.5359
.Cand Size=1
Tried to Join 6-th head:193 to 12-th Cluster
Estimate Gain -0.418097 first tier gain=0.00593257Second tier cost=-0.424029
with estimate payoff=11.1711
.Tried to Isolate 132 from 16-th head to be 7-th head
Estimate Gain -0.00429199 first tier Cost=-0.00454169;second tier gain=0.000249698
with estimate payoff=10.2666
.Cand Size=1
Tried to Join 4-th head:146 to 12-th Cluster
Estimate Gain -0.486065 first tier gain=0.0468635Second tier cost=-0.532929
with estimate payoff=12.5066
.Tried to Isolate 132 from 7-th head to be 4-th head
Estimate Gain -0.00453052 first tier Cost=-0.00454169;second tier gain=1.11696e-05
with estimate payoff=12.0767
..Tried to Isolate 194 from 7-th head to be 4-th head
Estimate Gain -0.00543664 first tier Cost=-0.0054564;second tier gain=1.97613e-05
with estimate payoff=11.5462
.Cand Size=2
Tried to Join 4-th head:194 to 12-th Cluster
Estimate Gain -0.196948 first tier gain=0.215011Second tier cost=-0.411959
with estimate payoff=11.5944
Tried to Isolate 194 from 12-th head to be 4-th head
Estimate Gain 0.00433961 first tier Cost=-0.0054564;second tier gain=0.009796
with estimate payoff=11.2424
best 186   Information Ratio:0.973169
SA end up correctly
Add Times=2082
Discard Times=2093
HR Times=634
2013-09-11_17-01_Best2i2Struc2ndN195_m25_cor0.0_r500.0.txt
ULSA2i2_Cluster_N195_BW180.0PW0.001_FR0.95_r500.0.txt
Computing Time 465.932704 
End time is Wed Sep 11 17:01:50 CST 2013
Computing time is 4777 sec
