Working directory is /home/mouda/Work/Thesis/figures_src/Simulatorsrc/winULSA2i2_MC/bin/Release/runHN_FR.95_CR.48_N195_Finsed
running on host mini132
Start time is Wed Sep 11 15:44:03 CST 2013
Directory is /home/mouda/Work/Thesis/figures_src/Simulatorsrc/winULSA2i2_MC/bin/Release/runHN_FR.95_CR.48_N195_Finsed
Compression Ratio 0.477365 indEntropy 10.0471
...............................................................................................best 186   Information Ratio:0.977282
SA end up correctly
Add Times=1241
Discard Times=1249
HR Times=345
2013-09-11_15-48_Best2i2Struc2ndN195_m5_cor0.0_r500.0.txt
ULSA2i2_Cluster_N195_BW180.0PW0.001_FR0.95_r500.0.txt
Compression Ratio 0.477365 indEntropy 10.0471
.................................................................................................best 186   Information Ratio:0.973662
SA end up correctly
Add Times=1085
Discard Times=1094
HR Times=324
2013-09-11_15-52_Best2i2Struc2ndN195_m5_cor0.0_r500.0.txt
ULSA2i2_Cluster_N195_BW180.0PW0.001_FR0.95_r500.0.txt
Compression Ratio 0.477365 indEntropy 10.0471
........................................................................................best 186   Information Ratio:0.977595
SA end up correctly
Add Times=1423
Discard Times=1432
HR Times=458
2013-09-11_15-56_Best2i2Struc2ndN195_m5_cor0.0_r500.0.txt
ULSA2i2_Cluster_N195_BW180.0PW0.001_FR0.95_r500.0.txt
Compression Ratio 0.477365 indEntropy 10.0471
.......................................................................................best 186   Information Ratio:0.974758
SA end up correctly
Add Times=1447
Discard Times=1455
HR Times=417
2013-09-11_16-00_Best2i2Struc2ndN195_m5_cor0.0_r500.0.txt
ULSA2i2_Cluster_N195_BW180.0PW0.001_FR0.95_r500.0.txt
Compression Ratio 0.477365 indEntropy 10.0471
.........................................................................................best 186   Information Ratio:0.975195
SA end up correctly
Add Times=1327
Discard Times=1336
HR Times=401
2013-09-11_16-04_Best2i2Struc2ndN195_m5_cor0.0_r500.0.txt
ULSA2i2_Cluster_N195_BW180.0PW0.001_FR0.95_r500.0.txt
Compression Ratio 0.477365 indEntropy 10.0471
..................................................................................................best 186   Information Ratio:0.985767
SA end up correctly
Add Times=1421
Discard Times=1430
HR Times=422
2013-09-11_16-08_Best2i2Struc2ndN195_m5_cor0.0_r500.0.txt
ULSA2i2_Cluster_N195_BW180.0PW0.001_FR0.95_r500.0.txt
Computing Time 1470.070000 
End time is Wed Sep 11 16:08:45 CST 2013
Computing time is 1482 sec
