Working directory is /home/mouda/Work/Thesis/figures_src/Simulatorsrc/winULSA2i2_MC/bin/Release/runHN_FR.95_CR.48_N195_Finsed
running on host mini136
Start time is 三 9月 11 15:42:24 CST 2013
Directory is /home/mouda/Work/Thesis/figures_src/Simulatorsrc/winULSA2i2_MC/bin/Release/runHN_FR.95_CR.48_N195_Finsed
Compression Ratio 0.477365 indEntropy 10.0471
.........Cand Size=2
Tried to Join 2-th head:173 to 10-th Cluster
Estimate Gain -0.532482 first tier gain=0.0246988Second tier cost=-0.557181
with estimate payoff=12.828
Tried to Isolate 144 from 0-th head to be 2-th head
Estimate Gain -0.00423889 first tier Cost=-0.00454169;second tier gain=0.000302792
with estimate payoff=12.88
..Cand Size=1
Tried to Join 10-th head:141 to 7-th Cluster
Estimate Gain -0.617211 first tier gain=-0.00160045Second tier cost=-0.61561
with estimate payoff=12.9553
Cand Size=2
Tried to Join 7-th head:154 to 3-th Cluster
Estimate Gain -0.633176 first tier gain=-0.00734112Second tier cost=-0.625834
with estimate payoff=13.1303
...Tried to Isolate 96 from 3-th head to be 7-th head
Estimate Gain -0.00522824 first tier Cost=-0.00642836;second tier gain=0.00120012
with estimate payoff=10.3436
Cand Size=1
Tried to Join 12-th head:151 to 0-th Cluster
Estimate Gain -0.364456 first tier gain=0.00992423Second tier cost=-0.37438
with estimate payoff=10.6772
Tried to Isolate 134 from 8-th head to be 7-th head
Estimate Gain -0.00435057 first tier Cost=-0.00454169;second tier gain=0.00019112
with estimate payoff=10.0879
Tried to Isolate 139 from 3-th head to be 10-th head
Estimate Gain -0.00404128 first tier Cost=-0.00454169;second tier gain=0.000500404
with estimate payoff=9.65995
.Cand Size=2
Tried to Join 7-th head:134 to 4-th Cluster
Estimate Gain -0.180487 first tier gain=0.0950792Second tier cost=-0.275566
with estimate payoff=9.73173
.Cand Size=1
Tried to Join 12-th head:151 to 4-th Cluster
Estimate Gain -0.351356 first tier gain=0.0135102Second tier cost=-0.364866
with estimate payoff=10.8029
.Tried to Isolate 145 from 3-th head to be 12-th head
Estimate Gain -0.00451893 first tier Cost=-0.00454169;second tier gain=2.27595e-05
with estimate payoff=14.7288
Cand Size=1
Tried to Join 12-th head:145 to 5-th Cluster
Estimate Gain -0.850367 first tier gain=0.0462873Second tier cost=-0.896654
with estimate payoff=16.6203
Tried to Isolate 143 from 2-th head to be 12-th head
Estimate Gain -0.00452726 first tier Cost=-0.00454169;second tier gain=1.44234e-05
with estimate payoff=16.1516
.................................Cand Size=2
Tried to Join 3-th head:29 to 4-th Cluster
Estimate Gain -0.3958 first tier gain=0.0142191Second tier cost=-0.410019
with estimate payoff=11.5282
Tried to Isolate 131 from 2-th head to be 3-th head
Estimate Gain -0.000540568 first tier Cost=-0.0114893;second tier gain=0.0109487
with estimate payoff=10.9254
Cand Size=2
Tried to Join 3-th head:131 to 0-th Cluster
Estimate Gain 0.0507336 first tier gain=0.433835Second tier cost=-0.383101
with estimate payoff=11.3387
Tried to Isolate 108 from 5-th head to be 3-th head
Estimate Gain -0.00195628 first tier Cost=-0.00642836;second tier gain=0.00447208
with estimate payoff=11.7302
...Cand Size=1
Tried to Join 0-th head:10 to 1-th Cluster
Estimate Gain -0.377651 first tier gain=0.00346718Second tier cost=-0.381119
with estimate payoff=10.7052
.Tried to Isolate 132 from 8-th head to be 0-th head
Estimate Gain -0.00445262 first tier Cost=-0.00454169;second tier gain=8.90683e-05
with estimate payoff=9.06251
.Tried to Isolate 104 from 13-th head to be 0-th head
Estimate Gain -0.00555735 first tier Cost=-0.00588713;second tier gain=0.00032978
with estimate payoff=8.55666
................Cand Size=1
Tried to Join 11-th head:10 to 1-th Cluster
Estimate Gain -0.345719 first tier gain=0.0035709Second tier cost=-0.34929
with estimate payoff=9.74275
..Tried to Isolate 133 from 12-th head to be 11-th head
Estimate Gain -0.00434067 first tier Cost=-0.00454169;second tier gain=0.000201022
with estimate payoff=9.49422
..........Cand Size=1
Tried to Join 9-th head:67 to 4-th Cluster
Estimate Gain -0.365906 first tier gain=0.00641694Second tier cost=-0.372323
with estimate payoff=10.0136
..Tried to Isolate 134 from 8-th head to be 9-th head
Estimate Gain -0.00326518 first tier Cost=-0.00454169;second tier gain=0.0012765
with estimate payoff=9.35769
.........Cand Size=1
Tried to Join 2-th head:10 to 14-th Cluster
Estimate Gain -0.323819 first tier gain=6.65105e-05Second tier cost=-0.323885
with estimate payoff=13.8533
....Tried to Isolate 137 from 8-th head to be 2-th head
Estimate Gain -0.00409548 first tier Cost=-0.00454169;second tier gain=0.000446207
with estimate payoff=12.0771
Cand Size=1
Tried to Join 2-th head:137 to 4-th Cluster
Estimate Gain -0.226845 first tier gain=0.100649Second tier cost=-0.327494
with estimate payoff=12.1883
.Tried to Isolate 149 from 8-th head to be 2-th head
Estimate Gain -0.00518148 first tier Cost=-0.00681387;second tier gain=0.00163239
with estimate payoff=15.9772
best 186   Information Ratio:1.00041
SA end up correctly
Add Times=2205
Discard Times=2216
HR Times=647
2013-09-11_15-49_Best2i2Struc2ndN195_m15_cor0.0_r500.0.txt
ULSA2i2_Cluster_N195_BW180.0PW0.001_FR0.95_r500.0.txt
Compression Ratio 0.477365 indEntropy 10.0471
.............Cand Size=2
Tried to Join 1-th head:84 to 10-th Cluster
Estimate Gain -0.219869 first tier gain=0.011453Second tier cost=-0.231322
with estimate payoff=9.97034
Tried to Isolate 149 from 8-th head to be 1-th head
Estimate Gain -0.00387139 first tier Cost=-0.00454169;second tier gain=0.000670295
with estimate payoff=10.6603
...Cand Size=1
Tried to Join 7-th head:16 to 2-th Cluster
Estimate Gain -0.218854 first tier gain=-0.00110291Second tier cost=-0.217751
with estimate payoff=10.0141
Tried to Isolate 153 from 11-th head to be 7-th head
Estimate Gain -0.00424933 first tier Cost=-0.00454169;second tier gain=0.000292359
with estimate payoff=9.86911
.Cand Size=1
Tried to Join 7-th head:153 to 11-th Cluster
Estimate Gain -0.199107 first tier gain=0.0237435Second tier cost=-0.22285
with estimate payoff=10.5568
Tried to Isolate 118 from 6-th head to be 7-th head
Estimate Gain -0.00186156 first tier Cost=-0.00642836;second tier gain=0.0045668
with estimate payoff=10.8156
....Cand Size=1
Tried to Join 3-th head:2 to 10-th Cluster
Estimate Gain -0.272416 first tier gain=0.0274917Second tier cost=-0.299908
with estimate payoff=11.2429
..Cand Size=2
Tried to Join 10-th head:126 to 11-th Cluster
Estimate Gain -0.30382 first tier gain=-0.0022867Second tier cost=-0.301534
with estimate payoff=10.5185
Tried to Isolate 134 from 8-th head to be 3-th head
Estimate Gain -0.00450282 first tier Cost=-0.00454169;second tier gain=3.88702e-05
with estimate payoff=9.45259
..Tried to Isolate 104 from 5-th head to be 10-th head
Estimate Gain -0.00415297 first tier Cost=-0.00588713;second tier gain=0.00173416
with estimate payoff=10.5457
..Cand Size=1
Tried to Join 8-th head:146 to 2-th Cluster
Estimate Gain -0.244013 first tier gain=0.047016Second tier cost=-0.291029
with estimate payoff=9.60273
Tried to Isolate 138 from 13-th head to be 8-th head
Estimate Gain -0.00438063 first tier Cost=-0.00454169;second tier gain=0.000161054
with estimate payoff=10.7915
.......................Cand Size=1
Tried to Join 4-th head:98 to 2-th Cluster
Estimate Gain -0.216284 first tier gain=0.00160025Second tier cost=-0.217884
with estimate payoff=7.24366
..Tried to Isolate 194 from 1-th head to be 4-th head
Estimate Gain -0.0049422 first tier Cost=-0.0054564;second tier gain=0.000514203
with estimate payoff=7.75016
....Cand Size=2
Tried to Join 7-th head:151 to 11-th Cluster
Estimate Gain -0.342118 first tier gain=0.0139087Second tier cost=-0.356026
with estimate payoff=9.6571
.Tried to Isolate 194 from 4-th head to be 7-th head
Estimate Gain 0.00844366 first tier Cost=-0.0219364;second tier gain=0.03038
with estimate payoff=12.2909
Cand Size=1
Tried to Join 7-th head:194 to 2-th Cluster
Estimate Gain -0.159066 first tier gain=0.215011Second tier cost=-0.374077
with estimate payoff=10.1486
Tried to Isolate 112 from 3-th head to be 7-th head
Estimate Gain -0.00431091 first tier Cost=-0.00588713;second tier gain=0.00157622
with estimate payoff=10.7772
.Cand Size=1
Tried to Join 7-th head:112 to 2-th Cluster
Estimate Gain -0.326425 first tier gain=0.126504Second tier cost=-0.452929
with estimate payoff=11.1701
..Cand Size=2
Tried to Join 6-th head:8 to 13-th Cluster
Estimate Gain -0.579386 first tier gain=0.00561352Second tier cost=-0.585
with estimate payoff=12.1752
..Tried to Isolate 133 from 12-th head to be 6-th head
Estimate Gain -0.00413569 first tier Cost=-0.00454169;second tier gain=0.000406001
with estimate payoff=10.4171
Cand Size=1
Tried to Join 6-th head:133 to 2-th Cluster
Estimate Gain -0.431347 first tier gain=0.0434552Second tier cost=-0.474802
with estimate payoff=10.8425
.....Cand Size=1
Tried to Join 13-th head:154 to 2-th Cluster
Estimate Gain -0.371132 first tier gain=0.00370001Second tier cost=-0.374832
with estimate payoff=9.81335
.....Cand Size=1
Tried to Join 2-th head:92 to 14-th Cluster
Estimate Gain -0.253963 first tier gain=-0.00258616Second tier cost=-0.251377
with estimate payoff=9.2482
.Tried to Isolate 105 from 5-th head to be 2-th head
Estimate Gain -0.00575331 first tier Cost=-0.00588713;second tier gain=0.000133825
with estimate payoff=9.14406
....Cand Size=1
Tried to Join 9-th head:98 to 3-th Cluster
Estimate Gain -0.297307 first tier gain=-0.000553585Second tier cost=-0.296754
with estimate payoff=8.99032
...Cand Size=1
Tried to Join 3-th head:126 to 13-th Cluster
Estimate Gain -0.28672 first tier gain=-0.00509877Second tier cost=-0.281621
with estimate payoff=8.66313
Tried to Isolate 136 from 4-th head to be 3-th head
Estimate Gain -0.00449287 first tier Cost=-0.00454169;second tier gain=4.88132e-05
with estimate payoff=7.9369
.Tried to Isolate 134 from 4-th head to be 9-th head
Estimate Gain -0.00449161 first tier Cost=-0.00454169;second tier gain=5.00735e-05
with estimate payoff=8.36928
Cand Size=1
Tried to Join 3-th head:136 to 11-th Cluster
Estimate Gain -0.00924582 first tier gain=0.2819Second tier cost=-0.291145
with estimate payoff=8.37138
.......Tried to Isolate 133 from 6-th head to be 9-th head
Estimate Gain -0.00416643 first tier Cost=-0.00454169;second tier gain=0.000375254
with estimate payoff=8.89775
......best 186   Information Ratio:1.0063
SA end up correctly
Add Times=2232
Discard Times=2240
HR Times=650
2013-09-11_15-55_Best2i2Struc2ndN195_m15_cor0.0_r500.0.txt
ULSA2i2_Cluster_N195_BW180.0PW0.001_FR0.95_r500.0.txt
Compression Ratio 0.477365 indEntropy 10.0471
..........Cand Size=2
Tried to Join 7-th head:16 to 4-th Cluster
Estimate Gain -0.171346 first tier gain=0.0115442Second tier cost=-0.18289
with estimate payoff=8.62469
Tried to Isolate 123 from 12-th head to be 7-th head
Estimate Gain -0.00570237 first tier Cost=-0.00588713;second tier gain=0.000184764
with estimate payoff=9.47767
.Cand Size=1
Tried to Join 7-th head:123 to 10-th Cluster
Estimate Gain -0.160551 first tier gain=0.149352Second tier cost=-0.309903
with estimate payoff=9.35795
.Tried to Isolate 149 from 8-th head to be 7-th head
Estimate Gain -0.00449684 first tier Cost=-0.00454169;second tier gain=4.48501e-05
with estimate payoff=10.3537
Cand Size=1
Tried to Join 7-th head:149 to 0-th Cluster
Estimate Gain -0.255096 first tier gain=0.137267Second tier cost=-0.392364
with estimate payoff=10.0598
Tried to Isolate 165 from 14-th head to be 7-th head
Estimate Gain -0.00380613 first tier Cost=-0.00681387;second tier gain=0.00300774
with estimate payoff=14.4226
......Cand Size=1
Tried to Join 5-th head:105 to 10-th Cluster
Estimate Gain -0.718442 first tier gain=0.0227885Second tier cost=-0.741231
with estimate payoff=17.3588
..Tried to Isolate 44 from 7-th head to be 5-th head
Estimate Gain 0.1039 first tier Cost=-0.256196;second tier gain=0.360096
with estimate payoff=34.9026
Cand Size=2
Tried to Join 5-th head:44 to 10-th Cluster
Estimate Gain -0.209102 first tier gain=0.426037Second tier cost=-0.635139
with estimate payoff=13.3859
.Cand Size=1
Tried to Join 0-th head:193 to 10-th Cluster
Estimate Gain -0.653364 first tier gain=0.00708485Second tier cost=-0.660449
with estimate payoff=13.6814
Tried to Isolate 146 from 8-th head to be 0-th head
Estimate Gain -0.00371526 first tier Cost=-0.00454169;second tier gain=0.000826431
with estimate payoff=10.7702
Tried to Isolate 113 from 14-th head to be 5-th head
Estimate Gain -0.00487502 first tier Cost=-0.00588713;second tier gain=0.00101212
with estimate payoff=10.7847
.Cand Size=1
Tried to Join 0-th head:146 to 1-th Cluster
Estimate Gain -1.41764 first tier gain=0.047016Second tier cost=-1.46465
with estimate payoff=23.9059
..Tried to Isolate 143 from 6-th head to be 0-th head
Estimate Gain -0.00452029 first tier Cost=-0.00454169;second tier gain=2.13958e-05
with estimate payoff=16.3466
......Cand Size=1
Tried to Join 10-th head:98 to 4-th Cluster
Estimate Gain -1.41728 first tier gain=-0.0028674Second tier cost=-1.41441
with estimate payoff=23.4711
..Tried to Isolate 55 from 8-th head to be 10-th head
Estimate Gain -0.00477804 first tier Cost=-0.0101947;second tier gain=0.00541666
with estimate payoff=15.7588
.Cand Size=2
Tried to Join 10-th head:191 to 1-th Cluster
Estimate Gain -0.228062 first tier gain=0.0104332Second tier cost=-0.238495
with estimate payoff=9.13434
...Tried to Isolate 10 from 12-th head to be 10-th head
Estimate Gain 0.00225878 first tier Cost=-0.00743979;second tier gain=0.00969857
with estimate payoff=9.36388
..Cand Size=1
Tried to Join 10-th head:10 to 12-th Cluster
Estimate Gain -0.409932 first tier gain=-0.00339337Second tier cost=-0.406539
with estimate payoff=11.4946
.Tried to Isolate 134 from 8-th head to be 10-th head
Estimate Gain -0.00148018 first tier Cost=-0.00454169;second tier gain=0.0030615
with estimate payoff=10.9706
Cand Size=1
Tried to Join 10-th head:134 to 1-th Cluster
Estimate Gain -0.309521 first tier gain=0.0904691Second tier cost=-0.39999
with estimate payoff=11.4281
Tried to Isolate 137 from 14-th head to be 10-th head
Estimate Gain -0.00421464 first tier Cost=-0.00454169;second tier gain=0.000327048
with estimate payoff=10.4795
.Cand Size=2
Tried to Join 10-th head:137 to 4-th Cluster
Estimate Gain -0.181278 first tier gain=0.100649Second tier cost=-0.281927
with estimate payoff=10.8173
Tried to Isolate 122 from 14-th head to be 10-th head
Estimate Gain 0.676538 first tier Cost=-0.0114893;second tier gain=0.688027
with estimate payoff=111.333
...Cand Size=2
Tried to Join 10-th head:122 to 4-th Cluster
Estimate Gain -0.377159 first tier gain=0.0407384Second tier cost=-0.417898
with estimate payoff=10.5758
Cand Size=2
Tried to Join 10-th head:122 to 4-th Cluster
Estimate Gain -0.377151 first tier gain=0.0407384Second tier cost=-0.417889
with estimate payoff=10.5757
..Cand Size=1
Tried to Join 12-th head:10 to 4-th Cluster
Estimate Gain -0.315043 first tier gain=0.00159823Second tier cost=-0.316641
with estimate payoff=10.3787
..Tried to Isolate 134 from 10-th head to be 12-th head
Estimate Gain -0.00446742 first tier Cost=-0.00454169;second tier gain=7.42646e-05
with estimate payoff=9.96775
...........Cand Size=1
Tried to Join 4-th head:185 to 2-th Cluster
Estimate Gain -0.328735 first tier gain=-0.000403918Second tier cost=-0.328331
with estimate payoff=8.55596
.Tried to Isolate 140 from 3-th head to be 4-th head
Estimate Gain -0.00323917 first tier Cost=-0.00454169;second tier gain=0.00130252
with estimate payoff=8.77787
...Cand Size=2
Tried to Join 11-th head:89 to 1-th Cluster
Estimate Gain -0.39558 first tier gain=0.0027513Second tier cost=-0.398331
with estimate payoff=10.8342
Tried to Isolate 137 from 14-th head to be 11-th head
Estimate Gain -0.00440325 first tier Cost=-0.00454169;second tier gain=0.000138433
with estimate payoff=10.5242
.........................best 186   Information Ratio:0.978206
SA end up correctly
Add Times=2178
Discard Times=2187
HR Times=609
2013-09-11_16-04_Best2i2Struc2ndN195_m15_cor0.0_r500.0.txt
ULSA2i2_Cluster_N195_BW180.0PW0.001_FR0.95_r500.0.txt
Compression Ratio 0.477365 indEntropy 10.0471
........Cand Size=1
Tried to Join 2-th head:190 to 10-th Cluster
Estimate Gain -0.231025 first tier gain=0.0112286Second tier cost=-0.242254
with estimate payoff=11.6957
.Tried to Isolate 130 from 8-th head to be 2-th head
Estimate Gain -0.00403224 first tier Cost=-0.00454169;second tier gain=0.000509444
with estimate payoff=11.8344
..Cand Size=1
Tried to Join 10-th head:10 to 0-th Cluster
Estimate Gain -0.251546 first tier gain=-0.00263149Second tier cost=-0.248915
with estimate payoff=10.8162
Tried to Isolate 107 from 8-th head to be 10-th head
Estimate Gain -0.00301304 first tier Cost=-0.00642836;second tier gain=0.00341532
with estimate payoff=11.3851
.......Cand Size=1
Tried to Join 11-th head:30 to 7-th Cluster
Estimate Gain -0.188075 first tier gain=0.0347964Second tier cost=-0.222871
with estimate payoff=9.22504
.Tried to Isolate 98 from 7-th head to be 11-th head
Estimate Gain -0.00335884 first tier Cost=-0.00642836;second tier gain=0.00306952
with estimate payoff=11.1868
.Cand Size=1
Tried to Join 11-th head:98 to 1-th Cluster
Estimate Gain -0.367299 first tier gain=-0.0129411Second tier cost=-0.354358
with estimate payoff=11.6305
.Cand Size=1
Tried to Join 11-th head:98 to 7-th Cluster
Estimate Gain -0.290569 first tier gain=0.00217278Second tier cost=-0.292742
with estimate payoff=10.0686
Tried to Isolate 142 from 12-th head to be 11-th head
Estimate Gain -0.00399916 first tier Cost=-0.00454169;second tier gain=0.000542528
with estimate payoff=10.3695
.....Cand Size=1
Tried to Join 1-th head:84 to 7-th Cluster
Estimate Gain -0.274896 first tier gain=0.0101448Second tier cost=-0.285041
with estimate payoff=10.6746
.Tried to Isolate 130 from 2-th head to be 1-th head
Estimate Gain -0.00449118 first tier Cost=-0.00454169;second tier gain=5.05027e-05
with estimate payoff=11.3941
...Tried to Isolate 134 from 8-th head to be 1-th head
Estimate Gain -0.00442409 first tier Cost=-0.00454169;second tier gain=0.000117597
with estimate payoff=9.88478
Cand Size=1
Tried to Join 1-th head:134 to 7-th Cluster
Estimate Gain -0.154011 first tier gain=0.0997418Second tier cost=-0.253753
with estimate payoff=10.6528
....Cand Size=1
Tried to Join 5-th head:105 to 4-th Cluster
Estimate Gain -0.266572 first tier gain=0.0202337Second tier cost=-0.286806
with estimate payoff=9.4722
..Tried to Isolate 135 from 3-th head to be 5-th head
Estimate Gain -0.00420977 first tier Cost=-0.00454169;second tier gain=0.000331918
with estimate payoff=9.55201
Tried to Isolate 135 from 3-th head to be 5-th head
Estimate Gain -0.00377747 first tier Cost=-0.00454169;second tier gain=0.000764219
with estimate payoff=9.30056
.Cand Size=1
Tried to Join 7-th head:185 to 4-th Cluster
Estimate Gain -0.234454 first tier gain=4.57743e-05Second tier cost=-0.2345
with estimate payoff=9.1636
.Tried to Isolate 104 from 13-th head to be 7-th head
Estimate Gain -0.00572449 first tier Cost=-0.00588713;second tier gain=0.000162646
with estimate payoff=8.85295
.........Cand Size=1
Tried to Join 8-th head:146 to 10-th Cluster
Estimate Gain -0.210622 first tier gain=0.0469523Second tier cost=-0.257574
with estimate payoff=8.01031
Tried to Isolate 140 from 5-th head to be 8-th head
Estimate Gain -0.00404061 first tier Cost=-0.00454169;second tier gain=0.000501073
with estimate payoff=8.06301
.Cand Size=2
Tried to Join 3-th head:2 to 10-th Cluster
Estimate Gain -0.371595 first tier gain=0.0255099Second tier cost=-0.397105
with estimate payoff=9.84553
.Cand Size=1
Tried to Join 3-th head:2 to 4-th Cluster
Estimate Gain -0.518383 first tier gain=0.0252221Second tier cost=-0.543605
with estimate payoff=11.5834
Tried to Isolate 88 from 8-th head to be 3-th head
Estimate Gain -0.00232834 first tier Cost=-0.0155994;second tier gain=0.013271
with estimate payoff=14.1298
......Cand Size=2
Tried to Join 4-th head:185 to 10-th Cluster
Estimate Gain -0.306481 first tier gain=0.00148851Second tier cost=-0.30797
with estimate payoff=9.84268
Tried to Isolate 132 from 1-th head to be 4-th head
Estimate Gain -0.00425016 first tier Cost=-0.00454169;second tier gain=0.000291522
with estimate payoff=9.0608
.............................Cand Size=2
Tried to Join 10-th head:154 to 9-th Cluster
Estimate Gain -0.358419 first tier gain=0.000513077Second tier cost=-0.358932
with estimate payoff=9.99298
.Tried to Isolate 194 from 4-th head to be 10-th head
Estimate Gain -0.00515747 first tier Cost=-0.0054564;second tier gain=0.000298929
with estimate payoff=9.66054
....Cand Size=2
Tried to Join 1-th head:55 to 14-th Cluster
Estimate Gain -0.323037 first tier gain=0.00737087Second tier cost=-0.330408
with estimate payoff=9.29993
..Tried to Isolate 132 from 4-th head to be 1-th head
Estimate Gain -0.00416596 first tier Cost=-0.00454169;second tier gain=0.000375728
with estimate payoff=9.35586
.Tried to Isolate 134 from 4-th head to be 1-th head
Estimate Gain -0.00413695 first tier Cost=-0.00454169;second tier gain=0.000404734
with estimate payoff=9.18146
.Tried to Isolate 131 from 7-th head to be 1-th head
Estimate Gain -0.00216135 first tier Cost=-0.00454169;second tier gain=0.00238034
with estimate payoff=8.97532
..Tried to Isolate 131 from 1-th head to be 10-th head
Estimate Gain -0.00442929 first tier Cost=-0.00454169;second tier gain=0.000112397
with estimate payoff=9.67664
best 186   Information Ratio:0.964072
SA end up correctly
Add Times=2147
Discard Times=2159
HR Times=602
2013-09-11_16-11_Best2i2Struc2ndN195_m15_cor0.0_r500.0.txt
ULSA2i2_Cluster_N195_BW180.0PW0.001_FR0.95_r500.0.txt
Compression Ratio 0.477365 indEntropy 10.0471
..........Cand Size=1
Tried to Join 7-th head:80 to 10-th Cluster
Estimate Gain -0.275548 first tier gain=0.00451811Second tier cost=-0.280067
with estimate payoff=10.4466
..Tried to Isolate 145 from 2-th head to be 7-th head
Estimate Gain -0.00425117 first tier Cost=-0.00454169;second tier gain=0.000290517
with estimate payoff=10.6184
Cand Size=1
Tried to Join 7-th head:145 to 8-th Cluster
Estimate Gain -0.181054 first tier gain=0.0726963Second tier cost=-0.25375
with estimate payoff=11.0123
.Tried to Isolate 147 from 6-th head to be 7-th head
Estimate Gain -0.00452128 first tier Cost=-0.00454169;second tier gain=2.04041e-05
with estimate payoff=11.0399
Cand Size=2
Tried to Join 7-th head:147 to 8-th Cluster
Estimate Gain -0.165305 first tier gain=0.190815Second tier cost=-0.356119
with estimate payoff=9.56459
..Cand Size=1
Tried to Join 10-th head:185 to 4-th Cluster
Estimate Gain -0.844548 first tier gain=-0.00322535Second tier cost=-0.841323
with estimate payoff=14.522
Tried to Isolate 147 from 8-th head to be 7-th head
Estimate Gain 0.0244645 first tier Cost=-0.00454169;second tier gain=0.0290062
with estimate payoff=13.6359
.Cand Size=1
Tried to Join 7-th head:147 to 4-th Cluster
Estimate Gain -0.104796 first tier gain=0.191416Second tier cost=-0.296212
with estimate payoff=8.22623
.Tried to Isolate 11 from 6-th head to be 7-th head
Estimate Gain -0.0041626 first tier Cost=-0.00743979;second tier gain=0.00327719
with estimate payoff=10.9664
.Tried to Isolate 99 from 9-th head to be 10-th head
Estimate Gain -0.00384335 first tier Cost=-0.00642836;second tier gain=0.00258501
with estimate payoff=11.0559
........Cand Size=1
Tried to Join 5-th head:69 to 4-th Cluster
Estimate Gain -0.68948 first tier gain=0.0338638Second tier cost=-0.723344
with estimate payoff=14.9572
Tried to Isolate 138 from 2-th head to be 5-th head
Estimate Gain -0.00265992 first tier Cost=-0.00454169;second tier gain=0.00188177
with estimate payoff=12.764
.Cand Size=2
Tried to Join 5-th head:138 to 2-th Cluster
Estimate Gain -0.120204 first tier gain=0.295641Second tier cost=-0.415845
with estimate payoff=11.6338
..Tried to Isolate 137 from 2-th head to be 5-th head
Estimate Gain -0.00407813 first tier Cost=-0.00454169;second tier gain=0.000463552
with estimate payoff=9.44284
..Cand Size=1
Tried to Join 5-th head:137 to 4-th Cluster
Estimate Gain -0.322332 first tier gain=0.100649Second tier cost=-0.422981
with estimate payoff=9.90962
Tried to Isolate 139 from 3-th head to be 5-th head
Estimate Gain -0.00436343 first tier Cost=-0.00454169;second tier gain=0.000178261
with estimate payoff=14.0478
.......Cand Size=1
Tried to Join 9-th head:155 to 4-th Cluster
Estimate Gain -0.391199 first tier gain=0.00679785Second tier cost=-0.397997
with estimate payoff=10.0189
..Tried to Isolate 139 from 5-th head to be 9-th head
Estimate Gain -0.00442997 first tier Cost=-0.00454169;second tier gain=0.000111716
with estimate payoff=9.13365
.Cand Size=1
Tried to Join 9-th head:139 to 5-th Cluster
Estimate Gain -0.26706 first tier gain=0.0584177Second tier cost=-0.325477
with estimate payoff=9.37332
...Tried to Isolate 132 from 7-th head to be 9-th head
Estimate Gain -0.00448622 first tier Cost=-0.00454169;second tier gain=5.54678e-05
with estimate payoff=8.89697
Cand Size=2
Tried to Join 9-th head:132 to 0-th Cluster
Estimate Gain -0.0145523 first tier gain=0.308593Second tier cost=-0.323145
with estimate payoff=9.11952
Tried to Isolate 148 from 0-th head to be 9-th head
Estimate Gain -0.00318781 first tier Cost=-0.00681387;second tier gain=0.00362606
with estimate payoff=10.3136
...Cand Size=1
Tried to Join 8-th head:126 to 4-th Cluster
Estimate Gain -0.337543 first tier gain=-0.00531544Second tier cost=-0.332227
with estimate payoff=9.57953
Tried to Isolate 135 from 5-th head to be 8-th head
Estimate Gain -0.00352552 first tier Cost=-0.00454169;second tier gain=0.00101617
with estimate payoff=9.30872
......Cand Size=1
Tried to Join 0-th head:126 to 1-th Cluster
Estimate Gain -0.549261 first tier gain=2.45756e-05Second tier cost=-0.549286
with estimate payoff=10.6509
.Tried to Isolate 133 from 12-th head to be 0-th head
Estimate Gain -0.00443226 first tier Cost=-0.00454169;second tier gain=0.000109431
with estimate payoff=10.3448
.......Cand Size=3
Tried to Join 12-th head:193 to 9-th Cluster
Estimate Gain -0.495456 first tier gain=0.00461744Second tier cost=-0.500074
with estimate payoff=9.65697
.Cand Size=1
Tried to Join 3-th head:185 to 1-th Cluster
Estimate Gain -0.515011 first tier gain=-0.000306477Second tier cost=-0.514705
with estimate payoff=10.0461
.Tried to Isolate 99 from 10-th head to be 3-th head
Estimate Gain -0.00428452 first tier Cost=-0.00642836;second tier gain=0.00214384
with estimate payoff=9.73403
Tried to Isolate 135 from 8-th head to be 12-th head
Estimate Gain -0.00394688 first tier Cost=-0.00454169;second tier gain=0.000594807
with estimate payoff=9.78329
Cand Size=2
Tried to Join 12-th head:135 to 2-th Cluster
Estimate Gain -0.422692 first tier gain=0.0905486Second tier cost=-0.513241
with estimate payoff=10.7285
.Tried to Isolate 161 from 5-th head to be 12-th head
Estimate Gain -0.00373192 first tier Cost=-0.0105498;second tier gain=0.00681789
with estimate payoff=11.8082
..Cand Size=1
Tried to Join 4-th head:175 to 2-th Cluster
Estimate Gain -0.551252 first tier gain=0.0050165Second tier cost=-0.556268
with estimate payoff=14.6108
Tried to Isolate 102 from 8-th head to be 4-th head
Estimate Gain -0.00422367 first tier Cost=-0.00588713;second tier gain=0.00166346
with estimate payoff=14.4202
Tried to Isolate 135 from 12-th head to be 4-th head
Estimate Gain 0.011814 first tier Cost=-0.00454169;second tier gain=0.0163557
with estimate payoff=14.4242
..............Cand Size=3
Tried to Join 1-th head:185 to 10-th Cluster
Estimate Gain -0.335374 first tier gain=3.35887e-05Second tier cost=-0.335407
with estimate payoff=11.3555
..Tried to Isolate 161 from 4-th head to be 1-th head
Estimate Gain -0.00370272 first tier Cost=-0.0101165;second tier gain=0.00641373
with estimate payoff=10.5224
....Tried to Isolate 134 from 7-th head to be 1-th head
Estimate Gain -0.00432247 first tier Cost=-0.00454169;second tier gain=0.000219219
with estimate payoff=8.87083
.Cand Size=1
Tried to Join 1-th head:134 to 2-th Cluster
Estimate Gain -0.300179 first tier gain=0.101087Second tier cost=-0.401266
with estimate payoff=9.71329
.Tried to Isolate 80 from 4-th head to be 1-th head
Estimate Gain -0.00206176 first tier Cost=-0.00741545;second tier gain=0.00535369
with estimate payoff=14.1585
.........best 186   Information Ratio:0.989904
SA end up correctly
Add Times=2233
Discard Times=2244
HR Times=631
2013-09-11_16-21_Best2i2Struc2ndN195_m15_cor0.0_r500.0.txt
ULSA2i2_Cluster_N195_BW180.0PW0.001_FR0.95_r500.0.txt
Compression Ratio 0.477365 indEntropy 10.0471
...................Cand Size=1
Tried to Join 10-th head:185 to 2-th Cluster
Estimate Gain -0.233499 first tier gain=0.0014784Second tier cost=-0.234978
with estimate payoff=12.0759
.Tried to Isolate 144 from 12-th head to be 10-th head
Estimate Gain -0.00440353 first tier Cost=-0.00454169;second tier gain=0.00013816
with estimate payoff=11.8777
Cand Size=2
Tried to Join 10-th head:144 to 2-th Cluster
Estimate Gain -0.237005 first tier gain=0.0287337Second tier cost=-0.265739
with estimate payoff=12.0878
.Tried to Isolate 146 from 14-th head to be 10-th head
Estimate Gain -0.00437916 first tier Cost=-0.00454169;second tier gain=0.000162522
with estimate payoff=12.5749
Cand Size=3
Tried to Join 10-th head:146 to 8-th Cluster
Estimate Gain -0.332662 first tier gain=0.0376893Second tier cost=-0.370351
with estimate payoff=11.6804
Cand Size=2
Tried to Join 11-th head:153 to 4-th Cluster
Estimate Gain -0.369051 first tier gain=0.00908334Second tier cost=-0.378134
with estimate payoff=11.7414
....Tried to Isolate 151 from 0-th head to be 10-th head
Estimate Gain -0.000414457 first tier Cost=-0.00681387;second tier gain=0.00639941
with estimate payoff=14.4186
..Tried to Isolate 136 from 1-th head to be 11-th head
Estimate Gain -0.00446983 first tier Cost=-0.00454169;second tier gain=7.18543e-05
with estimate payoff=11.2014
..............Cand Size=1
Tried to Join 2-th head:63 to 7-th Cluster
Estimate Gain -0.299986 first tier gain=0.00136076Second tier cost=-0.301347
with estimate payoff=10.8873
..Cand Size=1
Tried to Join 10-th head:151 to 7-th Cluster
Estimate Gain -0.299631 first tier gain=0.0185895Second tier cost=-0.318221
with estimate payoff=11.4438
..Tried to Isolate 80 from 7-th head to be 2-th head
Estimate Gain 0.0577152 first tier Cost=-0.00741545;second tier gain=0.0651306
with estimate payoff=13.1842
.Cand Size=1
Tried to Join 2-th head:80 to 0-th Cluster
Estimate Gain -0.524837 first tier gain=-0.00171152Second tier cost=-0.523125
with estimate payoff=13.26
.Tried to Isolate 80 from 0-th head to be 2-th head
Estimate Gain 0.0220532 first tier Cost=-0.00741545;second tier gain=0.0294686
with estimate payoff=12.4449
Cand Size=1
Tried to Join 2-th head:80 to 3-th Cluster
Estimate Gain -0.503066 first tier gain=0.00424019Second tier cost=-0.507306
with estimate payoff=12.8485
Tried to Isolate 151 from 7-th head to be 2-th head
Estimate Gain 0.019241 first tier Cost=-0.00681387;second tier gain=0.0260549
with estimate payoff=12.3923
..Cand Size=1
Tried to Join 2-th head:151 to 0-th Cluster
Estimate Gain -0.801837 first tier gain=0.0137983Second tier cost=-0.815636
with estimate payoff=15.8554
Tried to Isolate 185 from 7-th head to be 2-th head
Estimate Gain 0.131892 first tier Cost=-0.0315126;second tier gain=0.163405
with estimate payoff=16.496
.Tried to Isolate 97 from 7-th head to be 10-th head
Estimate Gain 0.0906985 first tier Cost=-0.00642836;second tier gain=0.0971268
with estimate payoff=17.2715
......Cand Size=1
Tried to Join 7-th head:153 to 3-th Cluster
Estimate Gain -0.40601 first tier gain=0.0195188Second tier cost=-0.425529
with estimate payoff=10.7691
.......Cand Size=1
Tried to Join 0-th head:10 to 8-th Cluster
Estimate Gain -0.404907 first tier gain=-0.0115917Second tier cost=-0.393315
with estimate payoff=10.9631
.Tried to Isolate 133 from 12-th head to be 0-th head
Estimate Gain -0.00398828 first tier Cost=-0.00454169;second tier gain=0.000553402
with estimate payoff=10.546
.Tried to Isolate 135 from 13-th head to be 0-th head
Estimate Gain -0.00377776 first tier Cost=-0.00454169;second tier gain=0.000763924
with estimate payoff=11.2869
Cand Size=1
Tried to Join 0-th head:135 to 13-th Cluster
Estimate Gain -0.34489 first tier gain=0.0963248Second tier cost=-0.441215
with estimate payoff=11.7084
.Tried to Isolate 135 from 13-th head to be 0-th head
Estimate Gain -0.00315746 first tier Cost=-0.00454169;second tier gain=0.00138423
with estimate payoff=10.5848
Cand Size=1
Tried to Join 0-th head:135 to 13-th Cluster
Estimate Gain -0.313426 first tier gain=0.0960124Second tier cost=-0.409438
with estimate payoff=11.2084
.Cand Size=1
Tried to Join 8-th head:193 to 3-th Cluster
Estimate Gain -0.434057 first tier gain=0.00612876Second tier cost=-0.440185
with estimate payoff=11.3795
Tried to Isolate 117 from 12-th head to be 0-th head
Estimate Gain 0.0349397 first tier Cost=-0.0673592;second tier gain=0.102299
with estimate payoff=17.3569
Tried to Isolate 133 from 12-th head to be 8-th head
Estimate Gain 0.0117045 first tier Cost=-0.00454169;second tier gain=0.0162462
with estimate payoff=14.5313
Cand Size=2
Tried to Join 0-th head:117 to 4-th Cluster
Estimate Gain -0.649922 first tier gain=0.181467Second tier cost=-0.83139
with estimate payoff=15.7306
.Tried to Isolate 10 from 12-th head to be 0-th head
Estimate Gain 0.0109422 first tier Cost=-0.00743979;second tier gain=0.018382
with estimate payoff=15.0806
....Cand Size=2
Tried to Join 7-th head:103 to 10-th Cluster
Estimate Gain -0.369587 first tier gain=0.0147268Second tier cost=-0.384314
with estimate payoff=11.0298
Tried to Isolate 104 from 9-th head to be 7-th head
Estimate Gain -0.00459593 first tier Cost=-0.00588713;second tier gain=0.0012912
with estimate payoff=10.8005
.Tried to Isolate 96 from 13-th head to be 7-th head
Estimate Gain -0.00544453 first tier Cost=-0.00642836;second tier gain=0.000983833
with estimate payoff=10.5119
..Cand Size=1
Tried to Join 0-th head:10 to 2-th Cluster
Estimate Gain -0.702949 first tier gain=0.0016098Second tier cost=-0.704559
with estimate payoff=15.5509
...Tried to Isolate 99 from 9-th head to be 0-th head
Estimate Gain 0.000765225 first tier Cost=-0.00642836;second tier gain=0.00719358
with estimate payoff=14.1119
Cand Size=1
Tried to Join 0-th head:99 to 2-th Cluster
Estimate Gain -0.177805 first tier gain=0.414945Second tier cost=-0.59275
with estimate payoff=14.3511
.Cand Size=1
Tried to Join 0-th head:99 to 2-th Cluster
Estimate Gain -0.509802 first tier gain=0.413587Second tier cost=-0.923389
with estimate payoff=18.7255
.Tried to Isolate 133 from 8-th head to be 0-th head
Estimate Gain -0.00445033 first tier Cost=-0.00454169;second tier gain=9.13595e-05
with estimate payoff=17.3339
............Cand Size=1
Tried to Join 2-th head:98 to 12-th Cluster
Estimate Gain -0.387921 first tier gain=-0.000988961Second tier cost=-0.386932
with estimate payoff=11.6155
.Tried to Isolate 133 from 0-th head to be 2-th head
Estimate Gain -0.00354049 first tier Cost=-0.00454169;second tier gain=0.0010012
with estimate payoff=9.79557
...Cand Size=2
Tried to Join 2-th head:133 to 3-th Cluster
Estimate Gain -0.398893 first tier gain=0.0462345Second tier cost=-0.445127
with estimate payoff=12.8096
Tried to Isolate 133 from 3-th head to be 2-th head
Estimate Gain 0.0220149 first tier Cost=-0.00454169;second tier gain=0.0265566
with estimate payoff=15.268
.Cand Size=2
Tried to Join 2-th head:133 to 5-th Cluster
Estimate Gain -0.398568 first tier gain=0.0254772Second tier cost=-0.424045
with estimate payoff=13.3349
best 186   Information Ratio:0.980692
SA end up correctly
Add Times=2170
Discard Times=2177
HR Times=657
2013-09-11_16-29_Best2i2Struc2ndN195_m15_cor0.0_r500.0.txt
ULSA2i2_Cluster_N195_BW180.0PW0.001_FR0.95_r500.0.txt
Computing Time -1489.317296 
End time is 三 9月 11 16:29:26 CST 2013
Computing time is 2822 sec
