Working directory is /home/mouda/Work/Thesis/figures_src/Simulatorsrc/winULSA2i2_MC/bin/Release/runHN_FR.95_CR.48_N195_Finsed
running on host mini136
Start time is 三 9月 11 15:42:32 CST 2013
Directory is /home/mouda/Work/Thesis/figures_src/Simulatorsrc/winULSA2i2_MC/bin/Release/runHN_FR.95_CR.48_N195_Finsed
Compression Ratio 0.477365 indEntropy 10.0471
...........Cand Size=1
Tried to Join 10-th head:92 to 16-th Cluster
Estimate Gain -0.121515 first tier gain=-0.00018343Second tier cost=-0.121332
with estimate payoff=10.9095
.Tried to Isolate 143 from 12-th head to be 10-th head
Estimate Gain -0.0042579 first tier Cost=-0.00454169;second tier gain=0.000283784
with estimate payoff=10.7151
.....Cand Size=1
Tried to Join 16-th head:98 to 4-th Cluster
Estimate Gain -0.247694 first tier gain=-0.0028674Second tier cost=-0.244827
with estimate payoff=9.65593
..Tried to Isolate 132 from 15-th head to be 16-th head
Estimate Gain -0.00447222 first tier Cost=-0.00454169;second tier gain=6.94617e-05
with estimate payoff=9.85321
Cand Size=1
Tried to Join 16-th head:132 to 8-th Cluster
Estimate Gain 0.0624975 first tier gain=0.315001Second tier cost=-0.252503
with estimate payoff=9.88315
.Tried to Isolate 140 from 3-th head to be 16-th head
Estimate Gain -0.00404697 first tier Cost=-0.00454169;second tier gain=0.000494713
with estimate payoff=9.01088
....Cand Size=1
Tried to Join 4-th head:185 to 7-th Cluster
Estimate Gain -0.248967 first tier gain=0.00167736Second tier cost=-0.250645
with estimate payoff=9.71698
Cand Size=1
Tried to Join 8-th head:92 to 11-th Cluster
Estimate Gain -0.256696 first tier gain=-0.00777929Second tier cost=-0.248917
with estimate payoff=9.83221
.Tried to Isolate 117 from 12-th head to be 4-th head
Estimate Gain -0.00580273 first tier Cost=-0.00588713;second tier gain=8.44008e-05
with estimate payoff=9.75659
Tried to Isolate 148 from 0-th head to be 8-th head
Estimate Gain -0.00454007 first tier Cost=-0.00454169;second tier gain=1.61589e-06
with estimate payoff=9.76024
Cand Size=1
Tried to Join 8-th head:148 to 11-th Cluster
Estimate Gain -0.299278 first tier gain=0.0236248Second tier cost=-0.322903
with estimate payoff=10.5907
Tried to Isolate 148 from 11-th head to be 8-th head
Estimate Gain -0.0043822 first tier Cost=-0.00454169;second tier gain=0.000159489
with estimate payoff=10.3246
Cand Size=1
Tried to Join 8-th head:148 to 11-th Cluster
Estimate Gain -0.2994 first tier gain=0.0236248Second tier cost=-0.323025
with estimate payoff=10.6181
.Tried to Isolate 149 from 15-th head to be 8-th head
Estimate Gain -0.00451613 first tier Cost=-0.00454169;second tier gain=2.55527e-05
with estimate payoff=10.6582
Cand Size=1
Tried to Join 8-th head:149 to 14-th Cluster
Estimate Gain -0.22648 first tier gain=0.136252Second tier cost=-0.362731
with estimate payoff=11.4585
...Tried to Isolate 150 from 1-th head to be 8-th head
Estimate Gain -0.00397601 first tier Cost=-0.00454169;second tier gain=0.000565681
with estimate payoff=22.3671
..Cand Size=3
Tried to Join 6-th head:151 to 7-th Cluster
Estimate Gain -0.647321 first tier gain=0.0185895Second tier cost=-0.66591
with estimate payoff=12.7913
.Tried to Isolate 148 from 0-th head to be 6-th head
Estimate Gain -0.0044417 first tier Cost=-0.00454169;second tier gain=9.99844e-05
with estimate payoff=13.6407
..Cand Size=1
Tried to Join 2-th head:29 to 7-th Cluster
Estimate Gain -0.602878 first tier gain=0.0161435Second tier cost=-0.619022
with estimate payoff=13.3757
.Tried to Isolate 193 from 11-th head to be 2-th head
Estimate Gain -0.00545219 first tier Cost=-0.0054564;second tier gain=4.20641e-06
with estimate payoff=12.7359
Cand Size=1
Tried to Join 2-th head:193 to 0-th Cluster
Estimate Gain -0.580252 first tier gain=0.00538325Second tier cost=-0.585635
with estimate payoff=13.1298
.Tried to Isolate 130 from 15-th head to be 2-th head
Estimate Gain -0.00438899 first tier Cost=-0.00454169;second tier gain=0.0001527
with estimate payoff=8.82078
.Tried to Isolate 135 from 16-th head to be 2-th head
Estimate Gain -0.00404681 first tier Cost=-0.00454169;second tier gain=0.000494877
with estimate payoff=9.37954
.Cand Size=1
Tried to Join 11-th head:10 to 0-th Cluster
Estimate Gain -0.374982 first tier gain=-0.00150756Second tier cost=-0.373475
with estimate payoff=9.96325
.Tried to Isolate 132 from 15-th head to be 11-th head
Estimate Gain -0.00439231 first tier Cost=-0.00454169;second tier gain=0.000149378
with estimate payoff=9.26354
Tried to Isolate 104 from 5-th head to be 11-th head
Estimate Gain -0.00575294 first tier Cost=-0.00588713;second tier gain=0.000134195
with estimate payoff=9.15824
....Cand Size=1
Tried to Join 0-th head:10 to 7-th Cluster
Estimate Gain -0.356872 first tier gain=0.00275939Second tier cost=-0.359631
with estimate payoff=11.7072
.Tried to Isolate 136 from 15-th head to be 0-th head
Estimate Gain -0.00338214 first tier Cost=-0.00454169;second tier gain=0.00115955
with estimate payoff=11.4026
..Cand Size=1
Tried to Join 16-th head:29 to 9-th Cluster
Estimate Gain -1.82468 first tier gain=0.0104566Second tier cost=-1.83513
with estimate payoff=27.5914
..Tried to Isolate 134 from 1-th head to be 16-th head
Estimate Gain -0.00398227 first tier Cost=-0.00454169;second tier gain=0.000559412
with estimate payoff=24.9243
...Cand Size=1
Tried to Join 16-th head:58 to 7-th Cluster
Estimate Gain -1.748 first tier gain=0.0830416Second tier cost=-1.83104
with estimate payoff=25.8696
Tried to Isolate 188 from 0-th head to be 16-th head
Estimate Gain 0.223415 first tier Cost=-0.0219364;second tier gain=0.245352
with estimate payoff=39.0285
..Cand Size=2
Tried to Join 9-th head:67 to 14-th Cluster
Estimate Gain -1.14709 first tier gain=0.00765434Second tier cost=-1.15475
with estimate payoff=21.3828
Cand Size=2
Tried to Join 9-th head:67 to 14-th Cluster
Estimate Gain -1.14709 first tier gain=0.00765434Second tier cost=-1.15475
with estimate payoff=21.678
Cand Size=1
Tried to Join 6-th head:10 to 14-th Cluster
Estimate Gain -1.15177 first tier gain=0.00357027Second tier cost=-1.15534
with estimate payoff=21.8843
.Tried to Isolate 134 from 0-th head to be 6-th head
Estimate Gain 0.186915 first tier Cost=-0.00454169;second tier gain=0.191456
with estimate payoff=21.362
Cand Size=3
Tried to Join 0-th head:136 to 14-th Cluster
Estimate Gain -0.0312367 first tier gain=0.290303Second tier cost=-0.32154
with estimate payoff=12.2148
Tried to Isolate 106 from 15-th head to be 0-th head
Estimate Gain -0.00460694 first tier Cost=-0.00588713;second tier gain=0.00128019
with estimate payoff=12.0651
Cand Size=1
Tried to Join 0-th head:106 to 7-th Cluster
Estimate Gain -0.150079 first tier gain=0.243218Second tier cost=-0.393297
with estimate payoff=13.061
.......Cand Size=1
Tried to Join 9-th head:155 to 7-th Cluster
Estimate Gain -0.413131 first tier gain=0.00648155Second tier cost=-0.419613
with estimate payoff=10.7021
.Tried to Isolate 103 from 8-th head to be 9-th head
Estimate Gain -0.00584681 first tier Cost=-0.00588713;second tier gain=4.0326e-05
with estimate payoff=9.32545
...Cand Size=1
Tried to Join 10-th head:25 to 7-th Cluster
Estimate Gain -0.306071 first tier gain=0.00771458Second tier cost=-0.313786
with estimate payoff=9.49623
Tried to Isolate 134 from 6-th head to be 10-th head
Estimate Gain -0.0044565 first tier Cost=-0.00454169;second tier gain=8.51841e-05
with estimate payoff=11.7005
.Cand Size=1
Tried to Join 10-th head:134 to 1-th Cluster
Estimate Gain -0.281844 first tier gain=0.0901888Second tier cost=-0.372033
with estimate payoff=10.229
.Tried to Isolate 132 from 15-th head to be 10-th head
Estimate Gain -0.00389547 first tier Cost=-0.00454169;second tier gain=0.00064622
with estimate payoff=8.17685
.Cand Size=1
Tried to Join 3-th head:111 to 14-th Cluster
Estimate Gain -0.238965 first tier gain=0.00568929Second tier cost=-0.244654
with estimate payoff=9.21886
...Tried to Isolate 127 from 0-th head to be 3-th head
Estimate Gain -0.00128022 first tier Cost=-0.0170042;second tier gain=0.015724
with estimate payoff=10.2964
...Cand Size=2
Tried to Join 3-th head:169 to 5-th Cluster
Estimate Gain -0.203727 first tier gain=0.149413Second tier cost=-0.35314
with estimate payoff=10.4522
.Tried to Isolate 134 from 6-th head to be 3-th head
Estimate Gain -0.00453945 first tier Cost=-0.00454169;second tier gain=2.23668e-06
with estimate payoff=11.8602
.Cand Size=2
Tried to Join 3-th head:134 to 14-th Cluster
Estimate Gain -0.535838 first tier gain=0.101088Second tier cost=-0.636926
with estimate payoff=13.2162
.Cand Size=2
Tried to Join 3-th head:134 to 14-th Cluster
Estimate Gain -0.331487 first tier gain=0.101087Second tier cost=-0.432574
with estimate payoff=10.2152
Tried to Isolate 131 from 11-th head to be 3-th head
Estimate Gain -0.00454008 first tier Cost=-0.00454169;second tier gain=1.60961e-06
with estimate payoff=9.97279
...Tried to Isolate 133 from 9-th head to be 3-th head
Estimate Gain -0.0043565 first tier Cost=-0.00454169;second tier gain=0.00018519
with estimate payoff=10.9555
Cand Size=1
Tried to Join 8-th head:25 to 12-th Cluster
Estimate Gain -0.354699 first tier gain=0.00899635Second tier cost=-0.363695
with estimate payoff=11.3058
.....Cand Size=1
Tried to Join 5-th head:67 to 7-th Cluster
Estimate Gain -0.368708 first tier gain=0.00742787Second tier cost=-0.376135
with estimate payoff=10.9709
.Tried to Isolate 132 from 10-th head to be 3-th head
Estimate Gain -0.00450782 first tier Cost=-0.00454169;second tier gain=3.38631e-05
with estimate payoff=11.4375
..Cand Size=1
Tried to Join 6-th head:49 to 1-th Cluster
Estimate Gain -0.252511 first tier gain=0.0480436Second tier cost=-0.300554
with estimate payoff=12.0764
.......best 186   Information Ratio:0.965841
SA end up correctly
Add Times=2245
Discard Times=2255
HR Times=639
2013-09-11_15-49_Best2i2Struc2ndN195_m17_cor0.0_r500.0.txt
ULSA2i2_Cluster_N195_BW180.0PW0.001_FR0.95_r500.0.txt
Compression Ratio 0.477365 indEntropy 10.0471
.......Cand Size=1
Tried to Join 10-th head:10 to 16-th Cluster
Estimate Gain -0.182475 first tier gain=0.000718502Second tier cost=-0.183194
with estimate payoff=9.65839
..Cand Size=1
Tried to Join 16-th head:80 to 8-th Cluster
Estimate Gain -0.180613 first tier gain=0.00421532Second tier cost=-0.184828
with estimate payoff=9.80094
Tried to Isolate 148 from 0-th head to be 10-th head
Estimate Gain -0.00407437 first tier Cost=-0.00454169;second tier gain=0.000467315
with estimate payoff=10.3527
Cand Size=1
Tried to Join 10-th head:148 to 8-th Cluster
Estimate Gain -0.195959 first tier gain=0.024567Second tier cost=-0.220526
with estimate payoff=10.5012
.Tried to Isolate 143 from 12-th head to be 10-th head
Estimate Gain -0.000778895 first tier Cost=-0.00454169;second tier gain=0.00376279
with estimate payoff=13.6233
..Tried to Isolate 139 from 3-th head to be 16-th head
Estimate Gain -0.00454053 first tier Cost=-0.00454169;second tier gain=1.15221e-06
with estimate payoff=11.5354
.......Cand Size=1
Tried to Join 7-th head:69 to 4-th Cluster
Estimate Gain -0.245716 first tier gain=0.0330519Second tier cost=-0.278768
with estimate payoff=9.61597
Cand Size=1
Tried to Join 7-th head:69 to 4-th Cluster
Estimate Gain -0.239454 first tier gain=0.033056Second tier cost=-0.27251
with estimate payoff=9.47065
...Cand Size=1
Tried to Join 7-th head:69 to 8-th Cluster
Estimate Gain -0.301752 first tier gain=0.0351948Second tier cost=-0.336946
with estimate payoff=10.2711
Tried to Isolate 104 from 5-th head to be 7-th head
Estimate Gain 0.0126741 first tier Cost=-0.00588713;second tier gain=0.0185612
with estimate payoff=41.1906
................Cand Size=1
Tried to Join 1-th head:52 to 8-th Cluster
Estimate Gain -0.223527 first tier gain=0.00486695Second tier cost=-0.228394
with estimate payoff=9.65636
....Cand Size=3
Tried to Join 3-th head:190 to 4-th Cluster
Estimate Gain -0.359054 first tier gain=0.0180892Second tier cost=-0.377144
with estimate payoff=10.0902
Cand Size=1
Tried to Join 8-th head:63 to 2-th Cluster
Estimate Gain -0.55122 first tier gain=-0.000228323Second tier cost=-0.550992
with estimate payoff=12.0077
..Cand Size=2
Tried to Join 0-th head:10 to 2-th Cluster
Estimate Gain -0.422264 first tier gain=0.00324004Second tier cost=-0.425504
with estimate payoff=9.17186
.Tried to Isolate 135 from 16-th head to be 0-th head
Estimate Gain -0.00393078 first tier Cost=-0.00454169;second tier gain=0.000610904
with estimate payoff=8.38149
.Tried to Isolate 99 from 5-th head to be 1-th head
Estimate Gain -0.00539295 first tier Cost=-0.00642836;second tier gain=0.00103541
with estimate payoff=8.32647
Tried to Isolate 134 from 15-th head to be 3-th head
Estimate Gain -0.00430713 first tier Cost=-0.00454169;second tier gain=0.000234556
with estimate payoff=8.70076
.Tried to Isolate 135 from 0-th head to be 8-th head
Estimate Gain -0.00429895 first tier Cost=-0.00454169;second tier gain=0.000242739
with estimate payoff=9.5728
.Cand Size=2
Tried to Join 3-th head:134 to 15-th Cluster
Estimate Gain -0.176204 first tier gain=0.0911395Second tier cost=-0.267344
with estimate payoff=9.20887
.Tried to Isolate 132 from 15-th head to be 3-th head
Estimate Gain -0.00449733 first tier Cost=-0.00454169;second tier gain=4.43532e-05
with estimate payoff=10.2639
...........Cand Size=3
Tried to Join 9-th head:67 to 2-th Cluster
Estimate Gain -0.313688 first tier gain=0.00765084Second tier cost=-0.321338
with estimate payoff=12.1622
.Tried to Isolate 135 from 0-th head to be 9-th head
Estimate Gain -0.00454025 first tier Cost=-0.00454169;second tier gain=1.43833e-06
with estimate payoff=14.5697
..Cand Size=1
Tried to Join 13-th head:98 to 4-th Cluster
Estimate Gain -0.264034 first tier gain=0.00217278Second tier cost=-0.266206
with estimate payoff=12.1628
...Cand Size=2
Tried to Join 16-th head:2 to 4-th Cluster
Estimate Gain -0.250736 first tier gain=0.0266294Second tier cost=-0.277365
with estimate payoff=11.7914
Tried to Isolate 133 from 10-th head to be 13-th head
Estimate Gain -0.00452673 first tier Cost=-0.00454169;second tier gain=1.4958e-05
with estimate payoff=12.358
Tried to Isolate 132 from 3-th head to be 16-th head
Estimate Gain -0.004243 first tier Cost=-0.00454169;second tier gain=0.000298689
with estimate payoff=13.291
.Cand Size=1
Tried to Join 2-th head:67 to 12-th Cluster
Estimate Gain -0.467271 first tier gain=0.000160538Second tier cost=-0.467431
with estimate payoff=13.2154
.Tried to Isolate 131 from 1-th head to be 2-th head
Estimate Gain -0.00453158 first tier Cost=-0.00454169;second tier gain=1.01094e-05
with estimate payoff=13.7034
..Tried to Isolate 194 from 16-th head to be 2-th head
Estimate Gain -0.00473155 first tier Cost=-0.0054564;second tier gain=0.000724848
with estimate payoff=15.3438
Cand Size=2
Tried to Join 2-th head:194 to 4-th Cluster
Estimate Gain -0.302177 first tier gain=0.214097Second tier cost=-0.516274
with estimate payoff=15.2893
..Tried to Isolate 12 from 10-th head to be 2-th head
Estimate Gain 0.144222 first tier Cost=-0.00743979;second tier gain=0.151662
with estimate payoff=42.3661
Tried to Isolate 131 from 1-th head to be 2-th head
Estimate Gain -0.00454019 first tier Cost=-0.00454169;second tier gain=1.49905e-06
with estimate payoff=45.6192
.........Cand Size=2
Tried to Join 0-th head:29 to 4-th Cluster
Estimate Gain -0.62931 first tier gain=0.0149215Second tier cost=-0.644231
with estimate payoff=15.8664
Tried to Isolate 134 from 3-th head to be 0-th head
Estimate Gain -0.00441054 first tier Cost=-0.00454169;second tier gain=0.000131151
with estimate payoff=15.2788
Cand Size=2
Tried to Join 0-th head:134 to 4-th Cluster
Estimate Gain -0.528143 first tier gain=0.0988151Second tier cost=-0.626958
with estimate payoff=15.5913
Tried to Isolate 165 from 3-th head to be 0-th head
Estimate Gain 0.0198661 first tier Cost=-0.0101165;second tier gain=0.0299825
with estimate payoff=54.1654
.Cand Size=2
Tried to Join 0-th head:165 to 15-th Cluster
Estimate Gain -4.00684 first tier gain=0.361263Second tier cost=-4.3681
with estimate payoff=57.1775
.Tried to Isolate 103 from 11-th head to be 0-th head
Estimate Gain -0.00570885 first tier Cost=-0.00588713;second tier gain=0.000178286
with estimate payoff=28.1188
.Cand Size=2
Tried to Join 12-th head:10 to 13-th Cluster
Estimate Gain -1.71273 first tier gain=-0.0027589Second tier cost=-1.70997
with estimate payoff=28.8689
..Tried to Isolate 130 from 15-th head to be 0-th head
Estimate Gain -0.00261037 first tier Cost=-0.00454169;second tier gain=0.00193131
with estimate payoff=13.9245
.Cand Size=1
Tried to Join 0-th head:130 to 4-th Cluster
Estimate Gain -0.497813 first tier gain=0.0848028Second tier cost=-0.582616
with estimate payoff=13.2221
.Tried to Isolate 146 from 15-th head to be 0-th head
Estimate Gain 0.00500256 first tier Cost=-0.00681387;second tier gain=0.0118164
with estimate payoff=29.533
Cand Size=2
Tried to Join 0-th head:146 to 14-th Cluster
Estimate Gain -1.21385 first tier gain=0.0470595Second tier cost=-1.26091
with estimate payoff=20.9105
Cand Size=1
Tried to Join 0-th head:146 to 5-th Cluster
Estimate Gain -1.22016 first tier gain=0.0412277Second tier cost=-1.26138
with estimate payoff=20.8107
.Cand Size=1
Tried to Join 0-th head:146 to 5-th Cluster
Estimate Gain -1.2232 first tier gain=0.0412277Second tier cost=-1.26443
with estimate payoff=20.9851
Tried to Isolate 194 from 3-th head to be 12-th head
Estimate Gain -0.00192277 first tier Cost=-0.0054564;second tier gain=0.00353363
with estimate payoff=19.0166
Cand Size=2
Tried to Join 12-th head:194 to 4-th Cluster
Estimate Gain -0.976287 first tier gain=0.214097Second tier cost=-1.19038
with estimate payoff=20.2044
Cand Size=1
Tried to Join 0-th head:146 to 5-th Cluster
Estimate Gain -1.16636 first tier gain=0.0412277Second tier cost=-1.20759
with estimate payoff=20.4622
Cand Size=1
Tried to Join 5-th head:67 to 4-th Cluster
Estimate Gain -1.22474 first tier gain=0.00784897Second tier cost=-1.23259
with estimate payoff=20.4815
.Tried to Isolate 68 from 3-th head to be 5-th head
Estimate Gain -0.00353908 first tier Cost=-0.00653705;second tier gain=0.00299798
with estimate payoff=19.8259
Tried to Isolate 134 from 3-th head to be 12-th head
Estimate Gain 0.000807527 first tier Cost=-0.00454169;second tier gain=0.00534921
with estimate payoff=17.9988
.Cand Size=1
Tried to Join 5-th head:68 to 13-th Cluster
Estimate Gain -0.702559 first tier gain=0.344151Second tier cost=-1.04671
with estimate payoff=17.7379
...Tried to Isolate 51 from 3-th head to be 5-th head
Estimate Gain 0.0213708 first tier Cost=-0.0140079;second tier gain=0.0353787
with estimate payoff=15.0497
Tried to Isolate 68 from 13-th head to be 5-th head
Estimate Gain 0.0637188 first tier Cost=-0.00653705;second tier gain=0.0702558
with estimate payoff=14.8703
best 186   Information Ratio:0.989106
SA end up correctly
Add Times=2194
Discard Times=2202
HR Times=591
2013-09-11_15-57_Best2i2Struc2ndN195_m17_cor0.0_r500.0.txt
ULSA2i2_Cluster_N195_BW180.0PW0.001_FR0.95_r500.0.txt
Compression Ratio 0.477365 indEntropy 10.0471
.....................Cand Size=3
Tried to Join 2-th head:111 to 10-th Cluster
Estimate Gain -0.175522 first tier gain=-0.000805531Second tier cost=-0.174717
with estimate payoff=9.43786
Cand Size=1
Tried to Join 4-th head:185 to 8-th Cluster
Estimate Gain -0.165826 first tier gain=0.00120175Second tier cost=-0.167028
with estimate payoff=9.36126
..Tried to Isolate 138 from 13-th head to be 2-th head
Estimate Gain -0.00432097 first tier Cost=-0.00454169;second tier gain=0.000220716
with estimate payoff=10.3642
.Tried to Isolate 136 from 1-th head to be 4-th head
Estimate Gain -0.00454157 first tier Cost=-0.00454169;second tier gain=1.13755e-07
with estimate payoff=12.0601
.......................Cand Size=1
Tried to Join 6-th head:8 to 8-th Cluster
Estimate Gain -0.214042 first tier gain=0.0116648Second tier cost=-0.225706
with estimate payoff=9.65511
....Tried to Isolate 104 from 5-th head to be 6-th head
Estimate Gain -0.00580719 first tier Cost=-0.00588713;second tier gain=7.99439e-05
with estimate payoff=8.48555
..Cand Size=1
Tried to Join 3-th head:2 to 8-th Cluster
Estimate Gain -0.344213 first tier gain=0.0275007Second tier cost=-0.371714
with estimate payoff=11.5821
Tried to Isolate 66 from 1-th head to be 3-th head
Estimate Gain -0.00652531 first tier Cost=-0.00653705;second tier gain=1.17394e-05
with estimate payoff=13.8726
.........Cand Size=1
Tried to Join 10-th head:10 to 8-th Cluster
Estimate Gain -0.318607 first tier gain=0.00158523Second tier cost=-0.320192
with estimate payoff=12.0064
.Tried to Isolate 135 from 2-th head to be 10-th head
Estimate Gain -0.00327937 first tier Cost=-0.00454169;second tier gain=0.00126232
with estimate payoff=10.3463
Cand Size=1
Tried to Join 10-th head:135 to 16-th Cluster
Estimate Gain -0.2117 first tier gain=0.0896347Second tier cost=-0.301334
with estimate payoff=10.5528
.Tried to Isolate 113 from 15-th head to be 10-th head
Estimate Gain -0.00520496 first tier Cost=-0.0133261;second tier gain=0.00812114
with estimate payoff=15.5197
.Cand Size=1
Tried to Join 14-th head:52 to 8-th Cluster
Estimate Gain -0.928691 first tier gain=0.00543516Second tier cost=-0.934126
with estimate payoff=17.2156
..Tried to Isolate 105 from 7-th head to be 10-th head
Estimate Gain -0.00363296 first tier Cost=-0.00588713;second tier gain=0.00225418
with estimate payoff=11.9817
Tried to Isolate 134 from 4-th head to be 14-th head
Estimate Gain -0.00444968 first tier Cost=-0.00454169;second tier gain=9.20106e-05
with estimate payoff=12.0106
.Cand Size=2
Tried to Join 14-th head:134 to 8-th Cluster
Estimate Gain -0.376635 first tier gain=0.0992013Second tier cost=-0.475836
with estimate payoff=12.4112
Cand Size=2
Tried to Join 10-th head:105 to 16-th Cluster
Estimate Gain -0.453788 first tier gain=0.0218079Second tier cost=-0.475596
with estimate payoff=12.7536
..Tried to Isolate 136 from 4-th head to be 10-th head
Estimate Gain -0.0041383 first tier Cost=-0.00454169;second tier gain=0.000403383
with estimate payoff=10.7364
.Cand Size=1
Tried to Join 10-th head:136 to 8-th Cluster
Estimate Gain -0.0785936 first tier gain=0.290303Second tier cost=-0.368897
with estimate payoff=10.9173
Cand Size=1
Tried to Join 10-th head:136 to 8-th Cluster
Estimate Gain -0.0797627 first tier gain=0.290303Second tier cost=-0.370066
with estimate payoff=10.9678
.Cand Size=1
Tried to Join 10-th head:136 to 8-th Cluster
Estimate Gain -0.0455821 first tier gain=0.290303Second tier cost=-0.335885
with estimate payoff=10.3034
Tried to Isolate 132 from 14-th head to be 10-th head
Estimate Gain -0.00382433 first tier Cost=-0.00454169;second tier gain=0.000717354
with estimate payoff=9.99357
Tried to Isolate 132 from 14-th head to be 10-th head
Estimate Gain -0.00439195 first tier Cost=-0.00454169;second tier gain=0.000149733
with estimate payoff=9.99414
Tried to Isolate 105 from 7-th head to be 10-th head
Estimate Gain -0.00586514 first tier Cost=-0.00588713;second tier gain=2.1992e-05
with estimate payoff=10.0211
..Cand Size=1
Tried to Join 10-th head:105 to 8-th Cluster
Estimate Gain -0.347309 first tier gain=0.0217493Second tier cost=-0.369058
with estimate payoff=10.7577
.Tried to Isolate 114 from 7-th head to be 10-th head
Estimate Gain 0.0658556 first tier Cost=-0.250032;second tier gain=0.315888
with estimate payoff=68.6474
Cand Size=1
Tried to Join 10-th head:114 to 16-th Cluster
Estimate Gain -4.45293 first tier gain=0.370874Second tier cost=-4.8238
with estimate payoff=59.3665
..Tried to Isolate 134 from 14-th head to be 10-th head
Estimate Gain -0.00451758 first tier Cost=-0.00454169;second tier gain=2.41031e-05
with estimate payoff=20.6252
.Cand Size=1
Tried to Join 11-th head:10 to 16-th Cluster
Estimate Gain -1.26592 first tier gain=0.00275939Second tier cost=-1.26868
with estimate payoff=20.8488
..Cand Size=1
Tried to Join 11-th head:10 to 8-th Cluster
Estimate Gain -0.555111 first tier gain=0.00346718Second tier cost=-0.558579
with estimate payoff=13.3995
..Tried to Isolate 12 from 12-th head to be 11-th head
Estimate Gain -0.00505082 first tier Cost=-0.00743979;second tier gain=0.00238896
with estimate payoff=9.85022
.Cand Size=1
Tried to Join 8-th head:92 to 16-th Cluster
Estimate Gain -0.404474 first tier gain=0.00126661Second tier cost=-0.40574
with estimate payoff=10.7704
Cand Size=1
Tried to Join 13-th head:111 to 8-th Cluster
Estimate Gain -0.548075 first tier gain=0.00530153Second tier cost=-0.553377
with estimate payoff=11.8272
.Tried to Isolate 86 from 14-th head to be 11-th head
Estimate Gain 0.0154337 first tier Cost=-0.0105885;second tier gain=0.0260223
with estimate payoff=57.5904
Tried to Isolate 132 from 14-th head to be 13-th head
Estimate Gain 0.0542253 first tier Cost=-0.0461948;second tier gain=0.10042
with estimate payoff=53.5028
..Cand Size=2
Tried to Join 1-th head:57 to 16-th Cluster
Estimate Gain -0.41382 first tier gain=0.0242033Second tier cost=-0.438023
with estimate payoff=12.1086
.Cand Size=2
Tried to Join 1-th head:57 to 8-th Cluster
Estimate Gain -0.379209 first tier gain=0.0252232Second tier cost=-0.404432
with estimate payoff=12.0831
Cand Size=1
Tried to Join 3-th head:10 to 8-th Cluster
Estimate Gain -0.466771 first tier gain=0.00357118Second tier cost=-0.470342
with estimate payoff=13.1395
..Cand Size=1
Tried to Join 1-th head:57 to 16-th Cluster
Estimate Gain -0.438398 first tier gain=0.0242032Second tier cost=-0.462601
with estimate payoff=13.4112
.Tried to Isolate 66 from 4-th head to be 1-th head
Estimate Gain -0.000232101 first tier Cost=-0.00653705;second tier gain=0.00630495
with estimate payoff=22.7977
.Cand Size=1
Tried to Join 1-th head:66 to 8-th Cluster
Estimate Gain -1.00054 first tier gain=0.0338029Second tier cost=-1.03434
with estimate payoff=19.611
best 186   Information Ratio:0.976581
SA end up correctly
Add Times=2194
Discard Times=2203
HR Times=600
2013-09-11_16-05_Best2i2Struc2ndN195_m17_cor0.0_r500.0.txt
ULSA2i2_Cluster_N195_BW180.0PW0.001_FR0.95_r500.0.txt
Compression Ratio 0.477365 indEntropy 10.0471
.........Cand Size=1
Tried to Join 10-th head:10 to 16-th Cluster
Estimate Gain -0.303834 first tier gain=-0.00295632Second tier cost=-0.300878
with estimate payoff=11.423
.Tried to Isolate 157 from 0-th head to be 10-th head
Estimate Gain -0.00418183 first tier Cost=-0.00681387;second tier gain=0.00263204
with estimate payoff=11.3041
Cand Size=2
Tried to Join 10-th head:157 to 4-th Cluster
Estimate Gain -0.211593 first tier gain=0.184319Second tier cost=-0.395912
with estimate payoff=11.5331
...Tried to Isolate 10 from 16-th head to be 10-th head
Estimate Gain -0.00222457 first tier Cost=-0.00743979;second tier gain=0.00521522
with estimate payoff=11.4595
Cand Size=1
Tried to Join 10-th head:10 to 16-th Cluster
Estimate Gain -0.364456 first tier gain=-0.00295534Second tier cost=-0.361501
with estimate payoff=11.1106
.Tried to Isolate 64 from 9-th head to be 10-th head
Estimate Gain -0.00426907 first tier Cost=-0.00653705;second tier gain=0.00226799
with estimate payoff=11.6571
....Cand Size=1
Tried to Join 16-th head:80 to 4-th Cluster
Estimate Gain -0.26952 first tier gain=0.00324265Second tier cost=-0.272763
with estimate payoff=9.79684
.Tried to Isolate 137 from 14-th head to be 16-th head
Estimate Gain -0.00441112 first tier Cost=-0.00454169;second tier gain=0.000130567
with estimate payoff=10.0052
.......Cand Size=1
Tried to Join 8-th head:63 to 4-th Cluster
Estimate Gain -0.247068 first tier gain=0.00107654Second tier cost=-0.248145
with estimate payoff=9.56313
Tried to Isolate 108 from 10-th head to be 8-th head
Estimate Gain -0.00559933 first tier Cost=-0.00588713;second tier gain=0.000287798
with estimate payoff=9.33645
.Cand Size=1
Tried to Join 8-th head:108 to 2-th Cluster
Estimate Gain 0.257797 first tier gain=0.449237Second tier cost=-0.19144
with estimate payoff=8.59003
.Tried to Isolate 99 from 10-th head to be 8-th head
Estimate Gain 0.0192041 first tier Cost=-0.00642836;second tier gain=0.0256324
with estimate payoff=13.3653
Cand Size=1
Tried to Join 8-th head:99 to 1-th Cluster
Estimate Gain -0.213834 first tier gain=0.404671Second tier cost=-0.618505
with estimate payoff=13.0905
Tried to Isolate 132 from 15-th head to be 8-th head
Estimate Gain -0.00452856 first tier Cost=-0.00454169;second tier gain=1.31282e-05
with estimate payoff=12.5146
Cand Size=1
Tried to Join 8-th head:132 to 1-th Cluster
Estimate Gain -0.31514 first tier gain=0.305808Second tier cost=-0.620948
with estimate payoff=13.0726
.Tried to Isolate 137 from 16-th head to be 8-th head
Estimate Gain -0.00409045 first tier Cost=-0.00454169;second tier gain=0.000451237
with estimate payoff=8.96174
.....Cand Size=1
Tried to Join 3-th head:2 to 4-th Cluster
Estimate Gain -0.244325 first tier gain=0.0252268Second tier cost=-0.269552
with estimate payoff=9.85737
...Tried to Isolate 132 from 15-th head to be 3-th head
Estimate Gain -0.00431815 first tier Cost=-0.00454169;second tier gain=0.000223536
with estimate payoff=10.5267
...Cand Size=1
Tried to Join 0-th head:193 to 2-th Cluster
Estimate Gain -0.305754 first tier gain=0.007804Second tier cost=-0.313558
with estimate payoff=11.2996
.Tried to Isolate 145 from 13-th head to be 0-th head
Estimate Gain -0.003983 first tier Cost=-0.00454169;second tier gain=0.000558688
with estimate payoff=11.0639
...Cand Size=1
Tried to Join 14-th head:177 to 2-th Cluster
Estimate Gain -0.279688 first tier gain=0.0695634Second tier cost=-0.349252
with estimate payoff=11.1664
.Tried to Isolate 65 from 13-th head to be 14-th head
Estimate Gain -0.00606766 first tier Cost=-0.00653705;second tier gain=0.000469397
with estimate payoff=11.183
.Cand Size=1
Tried to Join 14-th head:65 to 4-th Cluster
Estimate Gain -0.0624232 first tier gain=0.311534Second tier cost=-0.373958
with estimate payoff=10.8355
Tried to Isolate 104 from 10-th head to be 14-th head
Estimate Gain -0.00569553 first tier Cost=-0.00588713;second tier gain=0.000191602
with estimate payoff=10.5661
Cand Size=1
Tried to Join 1-th head:74 to 9-th Cluster
Estimate Gain -12.6642 first tier gain=-0.00955699Second tier cost=-12.6547
with estimate payoff=146.703
.....Tried to Isolate 100 from 14-th head to be 1-th head
Estimate Gain 0.150502 first tier Cost=-0.328196;second tier gain=0.478699
with estimate payoff=77.4507
.Cand Size=1
Tried to Join 1-th head:100 to 4-th Cluster
Estimate Gain -5.34364 first tier gain=0.300978Second tier cost=-5.64461
with estimate payoff=69.6802
.Tried to Isolate 102 from 13-th head to be 1-th head
Estimate Gain 0.0228103 first tier Cost=-0.00588713;second tier gain=0.0286974
with estimate payoff=23.4376
..Cand Size=2
Tried to Join 1-th head:102 to 14-th Cluster
Estimate Gain -1.23568 first tier gain=0.22595Second tier cost=-1.46163
with estimate payoff=24.396
Tried to Isolate 62 from 13-th head to be 1-th head
Estimate Gain 0.161547 first tier Cost=-0.0283734;second tier gain=0.189921
with estimate payoff=23.7509
....Cand Size=1
Tried to Join 16-th head:74 to 2-th Cluster
Estimate Gain -0.553923 first tier gain=0.00176035Second tier cost=-0.555683
with estimate payoff=13.0806
..Cand Size=1
Tried to Join 1-th head:62 to 2-th Cluster
Estimate Gain -0.103548 first tier gain=0.411328Second tier cost=-0.514875
with estimate payoff=11.6061
Tried to Isolate 62 from 2-th head to be 1-th head
Estimate Gain 0.0133065 first tier Cost=-0.0296596;second tier gain=0.0429661
with estimate payoff=11.2546
Tried to Isolate 134 from 15-th head to be 16-th head
Estimate Gain -0.00452927 first tier Cost=-0.00454169;second tier gain=1.24173e-05
with estimate payoff=11.9979
..Cand Size=1
Tried to Join 5-th head:69 to 2-th Cluster
Estimate Gain -0.401757 first tier gain=0.0333081Second tier cost=-0.435066
with estimate payoff=12.694
.Cand Size=1
Tried to Join 11-th head:10 to 4-th Cluster
Estimate Gain -0.670434 first tier gain=0.00153662Second tier cost=-0.67197
with estimate payoff=15.6963
.Tried to Isolate 132 from 15-th head to be 5-th head
Estimate Gain -0.00432318 first tier Cost=-0.00454169;second tier gain=0.000218506
with estimate payoff=12.7454
...Cand Size=1
Tried to Join 4-th head:98 to 2-th Cluster
Estimate Gain -0.46177 first tier gain=9.24387e-05Second tier cost=-0.461862
with estimate payoff=12.3705
.Cand Size=1
Tried to Join 9-th head:67 to 2-th Cluster
Estimate Gain -1.21345 first tier gain=0.00577614Second tier cost=-1.21923
with estimate payoff=22.4552
..Cand Size=2
Tried to Join 16-th head:188 to 15-th Cluster
Estimate Gain -0.298525 first tier gain=0.146924Second tier cost=-0.445449
with estimate payoff=15.3345
Tried to Isolate 194 from 15-th head to be 4-th head
Estimate Gain 0.00140808 first tier Cost=-0.0054564;second tier gain=0.00686448
with estimate payoff=15.1588
Cand Size=2
Tried to Join 4-th head:194 to 2-th Cluster
Estimate Gain -0.130668 first tier gain=0.215011Second tier cost=-0.345679
with estimate payoff=12.9347
Tried to Isolate 10 from 2-th head to be 4-th head
Estimate Gain -0.00359436 first tier Cost=-0.00743979;second tier gain=0.00384543
with estimate payoff=12.532
Cand Size=2
Tried to Join 13-th head:190 to 8-th Cluster
Estimate Gain -0.526855 first tier gain=0.00720902Second tier cost=-0.534064
with estimate payoff=12.6632
.Cand Size=1
Tried to Join 4-th head:10 to 12-th Cluster
Estimate Gain -0.558544 first tier gain=-0.00117943Second tier cost=-0.557364
with estimate payoff=13.3032
Tried to Isolate 194 from 2-th head to be 4-th head
Estimate Gain 0.00948384 first tier Cost=-0.0054564;second tier gain=0.0149402
with estimate payoff=12.3631
Cand Size=1
Tried to Join 4-th head:194 to 2-th Cluster
Estimate Gain -0.212615 first tier gain=0.215011Second tier cost=-0.427626
with estimate payoff=11.6603
Cand Size=1
Tried to Join 4-th head:194 to 2-th Cluster
Estimate Gain -0.212864 first tier gain=0.215011Second tier cost=-0.427875
with estimate payoff=11.9349
..Tried to Isolate 133 from 12-th head to be 5-th head
Estimate Gain -0.00427884 first tier Cost=-0.00454169;second tier gain=0.000262848
with estimate payoff=11.0387
.Tried to Isolate 135 from 0-th head to be 9-th head
Estimate Gain -0.00439277 first tier Cost=-0.00454169;second tier gain=0.000148916
with estimate payoff=11.1387
Cand Size=1
Tried to Join 2-th head:126 to 7-th Cluster
Estimate Gain -0.63803 first tier gain=-0.00452629Second tier cost=-0.633503
with estimate payoff=14.1981
.Tried to Isolate 136 from 4-th head to be 2-th head
Estimate Gain -0.00454159 first tier Cost=-0.00454169;second tier gain=9.69556e-08
with estimate payoff=16.6774
.Tried to Isolate 118 from 5-th head to be 9-th head
Estimate Gain 0.138751 first tier Cost=-0.131046;second tier gain=0.269797
with estimate payoff=41.2994
.Tried to Isolate 194 from 4-th head to be 11-th head
Estimate Gain -0.00545535 first tier Cost=-0.0054564;second tier gain=1.04503e-06
with estimate payoff=12.3851
Tried to Isolate 134 from 4-th head to be 11-th head
Estimate Gain -0.00454028 first tier Cost=-0.00454169;second tier gain=1.40918e-06
with estimate payoff=13.355
.Cand Size=1
Tried to Join 11-th head:134 to 3-th Cluster
Estimate Gain -0.610337 first tier gain=0.0593313Second tier cost=-0.669669
with estimate payoff=13.9076
.Tried to Isolate 132 from 2-th head to be 11-th head
Estimate Gain -0.00452615 first tier Cost=-0.00454169;second tier gain=1.55367e-05
with estimate payoff=11.7569
..Tried to Isolate 133 from 5-th head to be 11-th head
Estimate Gain -0.00410909 first tier Cost=-0.00454169;second tier gain=0.000432593
with estimate payoff=12.0481
.Tried to Isolate 135 from 1-th head to be 13-th head
Estimate Gain -0.00441149 first tier Cost=-0.00454169;second tier gain=0.000130198
with estimate payoff=12.4712
Cand Size=2
Tried to Join 13-th head:135 to 0-th Cluster
Estimate Gain -0.336351 first tier gain=0.0771472Second tier cost=-0.413498
with estimate payoff=11.4505
...Tried to Isolate 134 from 2-th head to be 13-th head
Estimate Gain -0.00445868 first tier Cost=-0.00454169;second tier gain=8.30107e-05
with estimate payoff=11.8134
Cand Size=1
Tried to Join 13-th head:134 to 8-th Cluster
Estimate Gain -0.269822 first tier gain=0.0923035Second tier cost=-0.362126
with estimate payoff=12.1498
Tried to Isolate 133 from 11-th head to be 13-th head
Estimate Gain -0.00452772 first tier Cost=-0.00454169;second tier gain=1.39711e-05
with estimate payoff=13.8811
..Tried to Isolate 70 from 11-th head to be 16-th head
Estimate Gain 0.00920036 first tier Cost=-0.0121724;second tier gain=0.0213728
with estimate payoff=23.6127
.....Cand Size=1
Tried to Join 13-th head:117 to 6-th Cluster
Estimate Gain -0.14252 first tier gain=0.187557Second tier cost=-0.330077
with estimate payoff=11.3654
Cand Size=1
Tried to Join 13-th head:117 to 6-th Cluster
Estimate Gain -0.140222 first tier gain=0.187557Second tier cost=-0.32778
with estimate payoff=11.3479
best 186   Information Ratio:0.979781
SA end up correctly
Add Times=2087
Discard Times=2096
HR Times=628
2013-09-11_16-29_Best2i2Struc2ndN195_m17_cor0.0_r500.0.txt
ULSA2i2_Cluster_N195_BW180.0PW0.001_FR0.95_r500.0.txt
Compression Ratio 0.477365 indEntropy 10.0471
.......Cand Size=1
Tried to Join 10-th head:89 to 4-th Cluster
Estimate Gain -0.166536 first tier gain=0.00148754Second tier cost=-0.168024
with estimate payoff=12.0404
..Tried to Isolate 151 from 11-th head to be 10-th head
Estimate Gain -0.00453284 first tier Cost=-0.00454169;second tier gain=8.8457e-06
with estimate payoff=10.9171
Cand Size=2
Tried to Join 2-th head:173 to 16-th Cluster
Estimate Gain -0.136134 first tier gain=0.020932Second tier cost=-0.157066
with estimate payoff=11.149
..Tried to Isolate 154 from 16-th head to be 2-th head
Estimate Gain -0.0043283 first tier Cost=-0.00454169;second tier gain=0.00021339
with estimate payoff=10.0605
..Cand Size=1
Tried to Join 2-th head:154 to 4-th Cluster
Estimate Gain -0.203113 first tier gain=0.00484103Second tier cost=-0.207954
with estimate payoff=10.708
Tried to Isolate 112 from 1-th head to be 2-th head
Estimate Gain -0.00584909 first tier Cost=-0.00588713;second tier gain=3.80383e-05
with estimate payoff=10.5764
Cand Size=2
Tried to Join 10-th head:151 to 4-th Cluster
Estimate Gain -0.232128 first tier gain=0.0172393Second tier cost=-0.249368
with estimate payoff=10.3407
.....Tried to Isolate 144 from 12-th head to be 10-th head
Estimate Gain -0.00440393 first tier Cost=-0.00454169;second tier gain=0.000137754
with estimate payoff=10.2364
Cand Size=1
Tried to Join 10-th head:144 to 0-th Cluster
Estimate Gain -0.1839 first tier gain=0.0229028Second tier cost=-0.206803
with estimate payoff=10.5613
Cand Size=1
Tried to Join 16-th head:80 to 4-th Cluster
Estimate Gain -0.15653 first tier gain=0.00305448Second tier cost=-0.159585
with estimate payoff=10.1204
.Tried to Isolate 146 from 15-th head to be 10-th head
Estimate Gain -0.00444529 first tier Cost=-0.00454169;second tier gain=9.63949e-05
with estimate payoff=9.87703
Cand Size=1
Tried to Join 10-th head:146 to 4-th Cluster
Estimate Gain -0.112556 first tier gain=0.0439118Second tier cost=-0.156467
with estimate payoff=9.96166
Tried to Isolate 129 from 15-th head to be 10-th head
Estimate Gain -0.00103527 first tier Cost=-0.0114893;second tier gain=0.010454
with estimate payoff=21.7748
.Cand Size=1
Tried to Join 10-th head:129 to 0-th Cluster
Estimate Gain -1.02058 first tier gain=0.340333Second tier cost=-1.36091
with estimate payoff=23.6341
....Tried to Isolate 140 from 13-th head to be 10-th head
Estimate Gain -0.00449926 first tier Cost=-0.00454169;second tier gain=4.24296e-05
with estimate payoff=10.7046
Tried to Isolate 141 from 4-th head to be 16-th head
Estimate Gain -0.00453855 first tier Cost=-0.00454169;second tier gain=3.13911e-06
with estimate payoff=10.5799
.Cand Size=1
Tried to Join 16-th head:141 to 8-th Cluster
Estimate Gain -0.283036 first tier gain=0.00247651Second tier cost=-0.285513
with estimate payoff=10.7105
Tried to Isolate 149 from 15-th head to be 16-th head
Estimate Gain -0.00451075 first tier Cost=-0.00454169;second tier gain=3.09326e-05
with estimate payoff=10.416
....Cand Size=1
Tried to Join 7-th head:69 to 8-th Cluster
Estimate Gain -0.152485 first tier gain=0.0351948Second tier cost=-0.187679
with estimate payoff=9.64612
.Tried to Isolate 194 from 16-th head to be 7-th head
Estimate Gain -0.00533139 first tier Cost=-0.0054564;second tier gain=0.000125005
with estimate payoff=14.5666
.Cand Size=1
Tried to Join 7-th head:194 to 0-th Cluster
Estimate Gain -0.180367 first tier gain=0.207243Second tier cost=-0.38761
with estimate payoff=11.4113
Cand Size=1
Tried to Join 15-th head:122 to 1-th Cluster
Estimate Gain -0.349082 first tier gain=0.0306742Second tier cost=-0.379756
with estimate payoff=11.9032
.Tried to Isolate 134 from 2-th head to be 7-th head
Estimate Gain -0.0044654 first tier Cost=-0.00454169;second tier gain=7.62874e-05
with estimate payoff=10.4999
....Tried to Isolate 137 from 14-th head to be 15-th head
Estimate Gain -0.00407727 first tier Cost=-0.00454169;second tier gain=0.000464417
with estimate payoff=10.3161
..Cand Size=2
Tried to Join 11-th head:153 to 1-th Cluster
Estimate Gain -0.383784 first tier gain=0.0208164Second tier cost=-0.404601
with estimate payoff=10.9708
.Tried to Isolate 142 from 12-th head to be 11-th head
Estimate Gain -0.00452934 first tier Cost=-0.00454169;second tier gain=1.23491e-05
with estimate payoff=11.7727
Cand Size=1
Tried to Join 11-th head:142 to 4-th Cluster
Estimate Gain -0.361046 first tier gain=0.104358Second tier cost=-0.465404
with estimate payoff=12.045
Tried to Isolate 12 from 12-th head to be 11-th head
Estimate Gain 0.00125769 first tier Cost=-0.00743979;second tier gain=0.00869748
with estimate payoff=14.6007
.Cand Size=1
Tried to Join 8-th head:107 to 0-th Cluster
Estimate Gain -0.813123 first tier gain=0.0010162Second tier cost=-0.814139
with estimate payoff=15.4151
Tried to Isolate 134 from 7-th head to be 11-th head
Estimate Gain -0.00453335 first tier Cost=-0.00454169;second tier gain=8.33827e-06
with estimate payoff=27.044
.Cand Size=1
Tried to Join 11-th head:134 to 0-th Cluster
Estimate Gain -2.81989 first tier gain=0.0933188Second tier cost=-2.91321
with estimate payoff=38.0052
...Cand Size=1
Tried to Join 11-th head:134 to 1-th Cluster
Estimate Gain -0.203157 first tier gain=0.0990919Second tier cost=-0.302249
with estimate payoff=9.68857
..Cand Size=1
Tried to Join 11-th head:194 to 1-th Cluster
Estimate Gain -0.121089 first tier gain=0.215011Second tier cost=-0.3361
with estimate payoff=10.0434
Tried to Isolate 118 from 2-th head to be 11-th head
Estimate Gain -0.000364405 first tier Cost=-0.0114893;second tier gain=0.0111249
with estimate payoff=10.4989
.Cand Size=1
Tried to Join 11-th head:118 to 0-th Cluster
Estimate Gain -0.00685854 first tier gain=0.329679Second tier cost=-0.336538
with estimate payoff=10.2742
Tried to Isolate 133 from 12-th head to be 11-th head
Estimate Gain -0.00354588 first tier Cost=-0.00454169;second tier gain=0.000995807
with estimate payoff=10.2405
Cand Size=1
Tried to Join 11-th head:133 to 8-th Cluster
Estimate Gain -0.299564 first tier gain=0.0462345Second tier cost=-0.345798
with estimate payoff=10.4921
.....Tried to Isolate 136 from 7-th head to be 11-th head
Estimate Gain -0.00450687 first tier Cost=-0.00454169;second tier gain=3.48176e-05
with estimate payoff=9.44055
.Cand Size=2
Tried to Join 3-th head:42 to 8-th Cluster
Estimate Gain -0.3064 first tier gain=0.0189183Second tier cost=-0.325319
with estimate payoff=10.7234
..Tried to Isolate 194 from 11-th head to be 3-th head
Estimate Gain 0.0110872 first tier Cost=-0.0054564;second tier gain=0.0165436
with estimate payoff=17.7859
..Cand Size=2
Tried to Join 3-th head:194 to 8-th Cluster
Estimate Gain -0.0157412 first tier gain=0.208064Second tier cost=-0.223805
with estimate payoff=9.48914
.Cand Size=1
Tried to Join 1-th head:63 to 0-th Cluster
Estimate Gain -0.28735 first tier gain=-0.00539611Second tier cost=-0.281954
with estimate payoff=9.58285
..Cand Size=1
Tried to Join 1-th head:63 to 8-th Cluster
Estimate Gain -0.320717 first tier gain=-0.000294938Second tier cost=-0.320422
with estimate payoff=12.1506
......Tried to Isolate 132 from 11-th head to be 1-th head
Estimate Gain -0.00439227 first tier Cost=-0.00454169;second tier gain=0.000149413
with estimate payoff=9.75019
Tried to Isolate 134 from 7-th head to be 1-th head
Estimate Gain -0.00452524 first tier Cost=-0.00454169;second tier gain=1.64503e-05
with estimate payoff=10.8769
.Tried to Isolate 96 from 15-th head to be 3-th head
Estimate Gain -0.00296508 first tier Cost=-0.00642836;second tier gain=0.00346328
with estimate payoff=10.9242
Tried to Isolate 135 from 10-th head to be 3-th head
Estimate Gain -0.00444277 first tier Cost=-0.00454169;second tier gain=9.89215e-05
with estimate payoff=11.4925
.Cand Size=1
Tried to Join 3-th head:135 to 8-th Cluster
Estimate Gain -0.352947 first tier gain=0.0886619Second tier cost=-0.441609
with estimate payoff=11.6582
..Tried to Isolate 116 from 15-th head to be 3-th head
Estimate Gain 0.00306508 first tier Cost=-0.0114893;second tier gain=0.0145544
with estimate payoff=19.9654
....Cand Size=1
Tried to Join 0-th head:25 to 4-th Cluster
Estimate Gain -0.440959 first tier gain=0.0040953Second tier cost=-0.445055
with estimate payoff=14.176
Tried to Isolate 134 from 1-th head to be 0-th head
Estimate Gain -0.00453949 first tier Cost=-0.00454169;second tier gain=2.2004e-06
with estimate payoff=13.8019
..Cand Size=2
Tried to Join 1-th head:38 to 6-th Cluster
Estimate Gain -0.35694 first tier gain=0.0872631Second tier cost=-0.444203
with estimate payoff=12.1058
Tried to Isolate 133 from 9-th head to be 1-th head
Estimate Gain -0.00445186 first tier Cost=-0.00454169;second tier gain=8.98224e-05
with estimate payoff=11.6017
...Cand Size=1
Tried to Join 16-th head:122 to 4-th Cluster
Estimate Gain -0.308339 first tier gain=0.035645Second tier cost=-0.343984
with estimate payoff=10.3263
.......Cand Size=1
Tried to Join 16-th head:122 to 8-th Cluster
Estimate Gain -0.231827 first tier gain=0.0417182Second tier cost=-0.273545
with estimate payoff=9.83882
....Cand Size=1
Tried to Join 8-th head:126 to 6-th Cluster
Estimate Gain -0.256892 first tier gain=-0.00471808Second tier cost=-0.252174
with estimate payoff=9.24437
Tried to Isolate 134 from 0-th head to be 8-th head
Estimate Gain -0.00445401 first tier Cost=-0.00454169;second tier gain=8.76811e-05
with estimate payoff=9.00411
.Tried to Isolate 135 from 15-th head to be 8-th head
Estimate Gain -0.00447994 first tier Cost=-0.00454169;second tier gain=6.17449e-05
with estimate payoff=8.5016
Tried to Isolate 135 from 15-th head to be 8-th head
Estimate Gain -0.00447994 first tier Cost=-0.00454169;second tier gain=6.17449e-05
with estimate payoff=8.5016
Tried to Isolate 135 from 15-th head to be 8-th head
Estimate Gain -0.00447802 first tier Cost=-0.00454169;second tier gain=6.36668e-05
with estimate payoff=8.46805
...best 186   Information Ratio:0.982388
SA end up correctly
Add Times=2110
Discard Times=2120
HR Times=610
2013-09-11_16-38_Best2i2Struc2ndN195_m17_cor0.0_r500.0.txt
ULSA2i2_Cluster_N195_BW180.0PW0.001_FR0.95_r500.0.txt
Compression Ratio 0.477365 indEntropy 10.0471
......Cand Size=1
Tried to Join 10-th head:10 to 16-th Cluster
Estimate Gain -0.127467 first tier gain=0.00171861Second tier cost=-0.129185
with estimate payoff=14.4705
.Tried to Isolate 134 from 15-th head to be 10-th head
Estimate Gain -0.00432419 first tier Cost=-0.00454169;second tier gain=0.000217493
with estimate payoff=14.2886
.....................Cand Size=1
Tried to Join 1-th head:8 to 16-th Cluster
Estimate Gain -0.159909 first tier gain=0.00892207Second tier cost=-0.168831
with estimate payoff=10.5932
...Tried to Isolate 152 from 3-th head to be 1-th head
Estimate Gain -0.00547625 first tier Cost=-0.00681387;second tier gain=0.00133762
with estimate payoff=11.3404
......Cand Size=2
Tried to Join 16-th head:141 to 4-th Cluster
Estimate Gain -0.629528 first tier gain=-0.00167359Second tier cost=-0.627855
with estimate payoff=15.4076
..Cand Size=1
Tried to Join 11-th head:10 to 8-th Cluster
Estimate Gain -0.439702 first tier gain=0.00193476Second tier cost=-0.441637
with estimate payoff=13.8812
Tried to Isolate 133 from 12-th head to be 11-th head
Estimate Gain -0.00358891 first tier Cost=-0.00454169;second tier gain=0.000952772
with estimate payoff=13.226
Cand Size=2
Tried to Join 11-th head:133 to 0-th Cluster
Estimate Gain -0.317426 first tier gain=0.0416137Second tier cost=-0.359039
with estimate payoff=13.4867
Cand Size=2
Tried to Join 11-th head:133 to 12-th Cluster
Estimate Gain -0.322234 first tier gain=0.049155Second tier cost=-0.371389
with estimate payoff=13.5906
.......Tried to Isolate 135 from 1-th head to be 11-th head
Estimate Gain -0.00449644 first tier Cost=-0.00454169;second tier gain=4.52492e-05
with estimate payoff=11.6631
.Tried to Isolate 133 from 12-th head to be 16-th head
Estimate Gain -0.00350111 first tier Cost=-0.00454169;second tier gain=0.00104058
with estimate payoff=11.2603
Cand Size=1
Tried to Join 2-th head:185 to 7-th Cluster
Estimate Gain -0.245947 first tier gain=-0.00289446Second tier cost=-0.243052
with estimate payoff=10.8197
.....Tried to Isolate 141 from 7-th head to be 2-th head
Estimate Gain -0.00453881 first tier Cost=-0.00454169;second tier gain=2.87987e-06
with estimate payoff=11.5307
............Cand Size=1
Tried to Join 1-th head:29 to 8-th Cluster
Estimate Gain -0.224463 first tier gain=0.0145104Second tier cost=-0.238973
with estimate payoff=10.3969
Tried to Isolate 145 from 11-th head to be 1-th head
Estimate Gain -0.00433762 first tier Cost=-0.00681387;second tier gain=0.00247625
with estimate payoff=14.1027
.....Cand Size=1
Tried to Join 5-th head:105 to 2-th Cluster
Estimate Gain -0.244257 first tier gain=0.0230852Second tier cost=-0.267342
with estimate payoff=9.90915
Cand Size=1
Tried to Join 5-th head:105 to 2-th Cluster
Estimate Gain -0.222992 first tier gain=0.0230852Second tier cost=-0.246077
with estimate payoff=9.77089
.........................best 186   Information Ratio:0.983797
SA end up correctly
Add Times=2222
Discard Times=2232
HR Times=610
2013-09-11_16-46_Best2i2Struc2ndN195_m17_cor0.0_r500.0.txt
ULSA2i2_Cluster_N195_BW180.0PW0.001_FR0.95_r500.0.txt
Computing Time -455.077296 
End time is 三 9月 11 16:46:45 CST 2013
Computing time is 3853 sec
